UNIPROT:Q9BQB6:S74Y
UNIPROT:Q9BQB6:W101P
UNIPROT:Q9BQB6:W101Q
UNIPROT:Q9BQB6:W101T
UNIPROT:Q9BQB6:S74W
UNIPROT:Q9BQB6:W101V
UNIPROT:Q9BQB6:S74V
UNIPROT:Q9BQB6:W101H
UNIPROT:Q9BQB6:W101I
UNIPROT:Q9BQB6:W101K
UNIPROT:Q9BQB6:W101M
UNIPROT:Q9BQB6:W101N
UNIPROT:Q9BQB6:S74K
UNIPROT:Q9BQB6:S74E
UNIPROT:Q9BQB6:S74D
UNIPROT:Q9BQB6:S74F
UNIPROT:Q9BQB6:S74Q
UNIPROT:Q9BQB6:S74P
UNIPROT:Q9BQB6:W101Y
UNIPROT:Q9BQB6:S74S
UNIPROT:Q9BQB6:S74M
UNIPROT:Q9BQB6:S74L
UNIPROT:Q9BQB6:R40V
UNIPROT:Q9BQB6:D38K
UNIPROT:Q9BQB6:R40W
UNIPROT:Q9BQB6:D38L
UNIPROT:Q9BQB6:D38I
UNIPROT:Q9BQB6:R40R
UNIPROT:Q9BQB6:R40T
UNIPROT:Q9BQB6:S74A
UNIPROT:Q9BQB6:D38C
UNIPROT:Q9BQB6:R40F
UNIPROT:Q9BQB6:W101A
UNIPROT:Q9BQB6:R40I
UNIPROT:Q9BQB6:W101D
UNIPROT:Q9BQB6:W101E
UNIPROT:Q9BQB6:R40D
UNIPROT:Q9BQB6:W101F
UNIPROT:Q9BQB6:R40E
UNIPROT:Q9BQB6:R40N
UNIPROT:Q9BQB6:D38S
UNIPROT:Q9BQB6:D38T
UNIPROT:Q9BQB6:R40Q
UNIPROT:Q9BQB6:D38R
UNIPROT:Q9BQB6:R40K
UNIPROT:Q9BQB6:D38P
UNIPROT:Q9BQB6:D38M
UNIPROT:Q9BQB6:R40M
UNIPROT:Q9BQB6:W147Q
UNIPROT:Q9BQB6:F55H
UNIPROT:Q9BQB6:F55G
UNIPROT:Q9BQB6:W147T
UNIPROT:Q9BQB6:F55F
UNIPROT:Q9BQB6:F55E
UNIPROT:Q9BQB6:W147V
UNIPROT:Q9BQB6:W147I
UNIPROT:Q9BQB6:W147K
UNIPROT:Q9BQB6:R40A
UNIPROT:Q9BQB6:W147M
UNIPROT:Q9BQB6:W147N
UNIPROT:Q9BQB6:W147P
UNIPROT:Q9BQB6:F55W
UNIPROT:Q9BQB6:F55R
UNIPROT:Q9BQB6:W147Y
UNIPROT:Q9BQB6:F55P
UNIPROT:Q9BQB6:F55N
UNIPROT:Q9BQB6:D36I
UNIPROT:Q9BQB6:D36C
UNIPROT:Q9BQB6:D36D
UNIPROT:Q9BQB6:W147A
UNIPROT:Q9BQB6:W147D
UNIPROT:Q9BQB6:W147E
UNIPROT:Q9BQB6:W147F
UNIPROT:Q9BQB6:D36S
UNIPROT:Q9BQB6:W147H
UNIPROT:Q9BQB6:D36T
UNIPROT:Q9BQB6:D36R
UNIPROT:Q9BQB6:D36P
UNIPROT:Q9BQB6:D36M
UNIPROT:Q9BQB6:D36L
UNIPROT:Q9BQB6:G46L
UNIPROT:Q9BQB6:I123W
UNIPROT:Q9BQB6:G46K
UNIPROT:Q9BQB6:G46I
UNIPROT:Q9BQB6:G46H
UNIPROT:Q9BQB6:G46G
UNIPROT:Q9BQB6:G46F
UNIPROT:Q9BQB6:I123Y
UNIPROT:Q9BQB6:G46E
UNIPROT:Q9BQB6:S79E
UNIPROT:Q9BQB6:S79H
UNIPROT:Q9BQB6:S79G
UNIPROT:Q9BQB6:S79D
UNIPROT:Q9BQB6:G46T
UNIPROT:Q9BQB6:G46P
UNIPROT:Q9BQB6:G46N
UNIPROT:Q9BQB6:A115R
UNIPROT:Q9BQB6:A115Q
UNIPROT:Q9BQB6:A115W
UNIPROT:Q9BQB6:A115Y
UNIPROT:Q9BQB6:I123D
UNIPROT:Q9BQB6:I123C
UNIPROT:Q9BQB6:I123A
UNIPROT:Q9BQB6:I123H
UNIPROT:Q9BQB6:I123G
UNIPROT:Q9BQB6:A115C
UNIPROT:Q9BQB6:I123E
UNIPROT:Q9BQB6:A115A
UNIPROT:Q9BQB6:A115F
UNIPROT:Q9BQB6:I123K
UNIPROT:Q9BQB6:I123I
UNIPROT:Q9BQB6:A115E
UNIPROT:Q9BQB6:I123P
UNIPROT:Q9BQB6:A115K
UNIPROT:Q9BQB6:A115H
UNIPROT:Q9BQB6:A115I
UNIPROT:Q9BQB6:A115L
UNIPROT:Q9BQB6:I123R
UNIPROT:Q9BQB6:A115M
UNIPROT:Q9BQB6:I123Q
UNIPROT:Q9BQB6:L108Y
UNIPROT:Q9BQB6:L70Y
UNIPROT:Q9BQB6:L70K
UNIPROT:Q9BQB6:L70L
UNIPROT:Q9BQB6:L70I
UNIPROT:Q9BQB6:L70N
UNIPROT:Q9BQB6:L70S
UNIPROT:Q9BQB6:L70T
UNIPROT:Q9BQB6:L70W
UNIPROT:Q9BQB6:L70C
UNIPROT:Q9BQB6:L70D
UNIPROT:Q9BQB6:L70A
UNIPROT:Q9BQB6:L70G
UNIPROT:Q9BQB6:L70H
UNIPROT:Q9BQB6:L70E
UNIPROT:Q9BQB6:V127F
UNIPROT:Q9BQB6:L107E
UNIPROT:Q9BQB6:L107D
UNIPROT:Q9BQB6:V127D
UNIPROT:Q9BQB6:L107G
UNIPROT:Q9BQB6:L107A
UNIPROT:Q9BQB6:V127H
UNIPROT:Q9BQB6:L107C
UNIPROT:Q9BQB6:V127I
UNIPROT:Q9BQB6:P8C
UNIPROT:Q9BQB6:V127C
UNIPROT:Q9BQB6:P8G
UNIPROT:Q9BQB6:L107T
UNIPROT:Q9BQB6:P8F
UNIPROT:Q9BQB6:P8E
UNIPROT:Q9BQB6:P8D
UNIPROT:Q9BQB6:P8K
UNIPROT:Q9BQB6:L107S
UNIPROT:Q9BQB6:P8I
UNIPROT:Q9BQB6:R162A
UNIPROT:Q9BQB6:L107L
UNIPROT:Q9BQB6:P8N
UNIPROT:Q9BQB6:P8M
UNIPROT:Q9BQB6:L107N
UNIPROT:Q9BQB6:R162E
UNIPROT:Q9BQB6:L107I
UNIPROT:Q9BQB6:L107H
UNIPROT:Q9BQB6:R162C
UNIPROT:Q9BQB6:L107K
UNIPROT:Q9BQB6:P8Q
UNIPROT:Q9BQB6:R162D
UNIPROT:Q9BQB6:P8P
UNIPROT:Q9BQB6:L108F
UNIPROT:Q9BQB6:L108E
UNIPROT:Q9BQB6:P8V
UNIPROT:Q9BQB6:L108H
UNIPROT:Q9BQB6:L108G
UNIPROT:Q9BQB6:L108D
UNIPROT:Q9BQB6:P8Y
UNIPROT:Q9BQB6:L108C
UNIPROT:Q9BQB6:L107Y
UNIPROT:Q9BQB6:V127V
UNIPROT:Q9BQB6:S79N
UNIPROT:Q9BQB6:S79M
UNIPROT:Q9BQB6:V127T
UNIPROT:Q9BQB6:S79I
UNIPROT:Q9BQB6:L108T
UNIPROT:Q9BQB6:S79L
UNIPROT:Q9BQB6:L108S
UNIPROT:Q9BQB6:S79K
UNIPROT:Q9BQB6:L108N
UNIPROT:Q9BQB6:V127N
UNIPROT:Q9BQB6:S79V
UNIPROT:Q9BQB6:S79R
UNIPROT:Q9BQB6:L108I
UNIPROT:Q9BQB6:V127S
UNIPROT:Q9BQB6:L108L
UNIPROT:Q9BQB6:V127P
UNIPROT:Q9BQB6:L108K
UNIPROT:Q9BQB6:S79S
UNIPROT:Q9BQB6:L105C
UNIPROT:Q9BQB6:L105E
UNIPROT:Q9BQB6:L105D
UNIPROT:Q9BQB6:L105A
UNIPROT:Q9BQB6:S144A
UNIPROT:Q9BQB6:S144D
UNIPROT:Q9BQB6:S144E
UNIPROT:Q9BQB6:S144F
UNIPROT:Q9BQB6:S144H
UNIPROT:Q9BQB6:L105S
UNIPROT:Q9BQB6:L105T
UNIPROT:Q9BQB6:L105N
UNIPROT:Q9BQB6:L105K
UNIPROT:Q9BQB6:L105L
UNIPROT:Q9BQB6:L105G
UNIPROT:Q9BQB6:L105F
UNIPROT:Q9BQB6:L105I
UNIPROT:Q9BQB6:R162I
UNIPROT:Q9BQB6:R162H
UNIPROT:Q9BQB6:R162N
UNIPROT:Q9BQB6:R162Q
UNIPROT:Q9BQB6:R162R
UNIPROT:Q9BQB6:R162P
UNIPROT:Q9BQB6:L105W
UNIPROT:Q9BQB6:R162V
UNIPROT:Q9BQB6:L105Y
UNIPROT:Q9BQB6:R162Y
UNIPROT:Q9BQB6:S144K
UNIPROT:Q9BQB6:S144L
UNIPROT:Q9BQB6:S144M
UNIPROT:Q9BQB6:S144P
UNIPROT:Q9BQB6:S144Q
UNIPROT:Q9BQB6:S144S
UNIPROT:Q9BQB6:S144V
UNIPROT:Q9BQB6:S144Y
UNIPROT:Q9BQB6:A32A
UNIPROT:Q9BQB6:A31W
UNIPROT:Q9BQB6:A31Y
UNIPROT:Q9BQB6:V45Q
UNIPROT:Q9BQB6:A32Q
UNIPROT:Q9BQB6:V45R
UNIPROT:Q9BQB6:V45P
UNIPROT:Q9BQB6:A32R
UNIPROT:Q9BQB6:A32M
UNIPROT:Q9BQB6:V45N
UNIPROT:Q9BQB6:A32L
UNIPROT:Q9BQB6:V45K
UNIPROT:Q9BQB6:A32N
UNIPROT:Q9BQB6:A32I
UNIPROT:Q9BQB6:A32H
UNIPROT:Q9BQB6:A32K
UNIPROT:Q9BQB6:V45V
UNIPROT:Q9BQB6:V45S
UNIPROT:Q9BQB6:V45T
UNIPROT:Q9BQB6:L114A
UNIPROT:Q9BQB6:L114C
UNIPROT:Q9BQB6:A31A
UNIPROT:Q9BQB6:V45I
UNIPROT:Q9BQB6:V45H
UNIPROT:Q9BQB6:C96V
UNIPROT:Q9BQB6:C96T
UNIPROT:Q9BQB6:V45C
UNIPROT:Q9BQB6:V45D
UNIPROT:Q9BQB6:A31R
UNIPROT:Q9BQB6:A31Q
UNIPROT:Q9BQB6:L114M
UNIPROT:Q9BQB6:A31L
UNIPROT:Q9BQB6:L114L
UNIPROT:Q9BQB6:A31K
UNIPROT:Q9BQB6:A31N
UNIPROT:Q9BQB6:L114N
UNIPROT:Q9BQB6:A31M
UNIPROT:Q9BQB6:A31H
UNIPROT:Q9BQB6:L114K
UNIPROT:Q9BQB6:A31I
UNIPROT:Q9BQB6:L114E
UNIPROT:Q9BQB6:A31D
UNIPROT:Q9BQB6:L114D
UNIPROT:Q9BQB6:A31C
UNIPROT:Q9BQB6:L114G
UNIPROT:Q9BQB6:C96C
UNIPROT:Q9BQB6:C96A
UNIPROT:Q9BQB6:L111N
UNIPROT:Q9BQB6:C96P
UNIPROT:Q9BQB6:C96N
UNIPROT:Q9BQB6:L111I
UNIPROT:Q9BQB6:L111L
UNIPROT:Q9BQB6:C96L
UNIPROT:Q9BQB6:L111K
UNIPROT:Q9BQB6:C96M
UNIPROT:Q9BQB6:L111F
UNIPROT:Q9BQB6:L111E
UNIPROT:Q9BQB6:C96K
UNIPROT:Q9BQB6:L111H
UNIPROT:Q9BQB6:C96H
UNIPROT:Q9BQB6:L111G
UNIPROT:Q9BQB6:C96I
UNIPROT:Q9BQB6:L111A
UNIPROT:Q9BQB6:L111D
UNIPROT:Q9BQB6:L111C
UNIPROT:Q9BQB6:C96E
UNIPROT:Q9BQB6:L76Q
UNIPROT:Q9BQB6:L111Y
UNIPROT:Q9BQB6:L76S
UNIPROT:Q9BQB6:L76T
UNIPROT:Q9BQB6:L76Y
UNIPROT:Q9BQB6:L76W
UNIPROT:Q9BQB6:L111W
UNIPROT:Q9BQB6:L111T
UNIPROT:Q9BQB6:L111S
UNIPROT:Q9BQB6:L76A
UNIPROT:Q9BQB6:L76E
UNIPROT:Q9BQB6:L76C
UNIPROT:Q9BQB6:L76D
UNIPROT:Q9BQB6:L76G
UNIPROT:Q9BQB6:L76M
UNIPROT:Q9BQB6:L76N
UNIPROT:Q9BQB6:L76K
UNIPROT:Q9BQB6:L76L
UNIPROT:Q9BQB6:A160H
UNIPROT:Q9BQB6:A160I
UNIPROT:Q9BQB6:A160F
UNIPROT:Q9BQB6:A160L
UNIPROT:Q9BQB6:A160M
UNIPROT:Q9BQB6:A160K
UNIPROT:Q9BQB6:A160Q
UNIPROT:Q9BQB6:A160N
UNIPROT:Q9BQB6:A160R
UNIPROT:Q9BQB6:A160A
UNIPROT:Q9BQB6:A160E
UNIPROT:Q9BQB6:A160C
UNIPROT:Q9BQB6:C51T
UNIPROT:Q9BQB6:C51V
UNIPROT:Q9BQB6:A34R
UNIPROT:Q9BQB6:A34Q
UNIPROT:Q9BQB6:A34L
UNIPROT:Q9BQB6:A34F
UNIPROT:Q9BQB6:A34I
UNIPROT:Q9BQB6:A34H
UNIPROT:Q9BQB6:C51P
UNIPROT:Q9BQB6:A160Y
UNIPROT:Q9BQB6:A160W
UNIPROT:Q9BQB6:C51Q
UNIPROT:Q9BQB6:C51L
UNIPROT:Q9BQB6:C51N
UNIPROT:Q9BQB6:C51M
UNIPROT:Q9BQB6:C51H
UNIPROT:Q9BQB6:C51I
UNIPROT:Q9BQB6:C51D
UNIPROT:Q9BQB6:C51E
UNIPROT:Q9BQB6:P156D
UNIPROT:Q9BQB6:P156E
UNIPROT:Q9BQB6:P156C
UNIPROT:Q9BQB6:P156M
UNIPROT:Q9BQB6:P156K
UNIPROT:Q9BQB6:P156I
UNIPROT:Q9BQB6:P156F
UNIPROT:Q9BQB6:P156G
UNIPROT:Q9BQB6:P156P
UNIPROT:Q9BQB6:P156N
UNIPROT:Q9BQB6:P156Y
UNIPROT:Q9BQB6:P156V
UNIPROT:Q9BQB6:R98A
UNIPROT:Q9BQB6:R98C
UNIPROT:Q9BQB6:R98D
UNIPROT:Q9BQB6:S81W
UNIPROT:Q9BQB6:S81V
UNIPROT:Q9BQB6:S81Q
UNIPROT:Q9BQB6:S81P
UNIPROT:Q9BQB6:S81S
UNIPROT:Q9BQB6:S81Y
UNIPROT:Q9BQB6:F63W
UNIPROT:Q9BQB6:S81E
UNIPROT:Q9BQB6:S81D
UNIPROT:Q9BQB6:S81F
UNIPROT:Q9BQB6:S81A
UNIPROT:Q9BQB6:S81M
UNIPROT:Q9BQB6:S81L
UNIPROT:Q9BQB6:S81H
UNIPROT:Q9BQB6:S81K
UNIPROT:Q9BQB6:F63F
UNIPROT:Q9BQB6:F63E
UNIPROT:Q9BQB6:F63D
UNIPROT:Q9BQB6:F63A
UNIPROT:Q9BQB6:F63T
UNIPROT:Q9BQB6:F63R
UNIPROT:Q9BQB6:F63Q
UNIPROT:Q9BQB6:F63P
UNIPROT:Q9BQB6:F63N
UNIPROT:Q9BQB6:F63M
UNIPROT:Q9BQB6:F63K
UNIPROT:Q9BQB6:F63H
UNIPROT:Q9BQB6:F63G
UNIPROT:Q9BQB6:G95F
UNIPROT:Q9BQB6:D44F
UNIPROT:Q9BQB6:G95E
UNIPROT:Q9BQB6:D44C
UNIPROT:Q9BQB6:G95T
UNIPROT:Q9BQB6:D44T
UNIPROT:Q9BQB6:D44R
UNIPROT:Q9BQB6:G95Q
UNIPROT:Q9BQB6:D44S
UNIPROT:Q9BQB6:G95P
UNIPROT:Q9BQB6:D44P
UNIPROT:Q9BQB6:D44Q
UNIPROT:Q9BQB6:G95N
UNIPROT:Q9BQB6:G95M
UNIPROT:Q9BQB6:G95L
UNIPROT:Q9BQB6:D44L
UNIPROT:Q9BQB6:D44M
UNIPROT:Q9BQB6:G95H
UNIPROT:Q9BQB6:G95G
UNIPROT:Q9BQB6:D44I
UNIPROT:Q9BQB6:F150K
UNIPROT:Q9BQB6:F150M
UNIPROT:Q9BQB6:S3M
UNIPROT:Q9BQB6:S3L
UNIPROT:Q9BQB6:S3S
UNIPROT:Q9BQB6:F150N
UNIPROT:Q9BQB6:F150Q
UNIPROT:Q9BQB6:F150P
UNIPROT:Q9BQB6:S3P
UNIPROT:Q9BQB6:S3W
UNIPROT:Q9BQB6:S3V
UNIPROT:Q9BQB6:F150E
UNIPROT:Q9BQB6:F150D
UNIPROT:Q9BQB6:F150G
UNIPROT:Q9BQB6:F150F
UNIPROT:Q9BQB6:S3Y
UNIPROT:Q9BQB6:F150H
UNIPROT:Q9BQB6:F150A
UNIPROT:Q9BQB6:V134C
UNIPROT:Q9BQB6:V134E
UNIPROT:Q9BQB6:Y39W
UNIPROT:Q9BQB6:Y39V
UNIPROT:Q9BQB6:Y39T
UNIPROT:Q9BQB6:Y39G
UNIPROT:Q9BQB6:Y39E
UNIPROT:Q9BQB6:Y39R
UNIPROT:Q9BQB6:Y39Q
UNIPROT:Q9BQB6:Y39P
UNIPROT:Q9BQB6:Y39M
UNIPROT:Q9BQB6:Y39L
UNIPROT:Q9BQB6:Y39A
UNIPROT:Q9BQB6:S7A
UNIPROT:Q9BQB6:S7F
UNIPROT:Q9BQB6:S7E
UNIPROT:Q9BQB6:S7D
UNIPROT:Q9BQB6:S7K
UNIPROT:Q9BQB6:S7H
UNIPROT:Q9BQB6:S7M
UNIPROT:Q9BQB6:S7L
UNIPROT:Q9BQB6:S7S
UNIPROT:Q9BQB6:S7Q
UNIPROT:Q9BQB6:S7P
UNIPROT:Q9BQB6:T99Y
UNIPROT:Q9BQB6:R33V
UNIPROT:Q9BQB6:S7W
UNIPROT:Q9BQB6:S7V
UNIPROT:Q9BQB6:R33Y
UNIPROT:Q9BQB6:I136A
UNIPROT:Q9BQB6:S7Y
UNIPROT:Q9BQB6:I136E
UNIPROT:Q9BQB6:I136D
UNIPROT:Q9BQB6:I136C
UNIPROT:Q9BQB6:Y119A
UNIPROT:Q9BQB6:T99M
UNIPROT:Q9BQB6:I136I
UNIPROT:Q9BQB6:T99L
UNIPROT:Q9BQB6:R33K
UNIPROT:Q9BQB6:I136H
UNIPROT:Q9BQB6:I136G
UNIPROT:Q9BQB6:T99N
UNIPROT:Q9BQB6:R33M
UNIPROT:Q9BQB6:R33F
UNIPROT:Q9BQB6:T99H
UNIPROT:Q9BQB6:I136K
UNIPROT:Q9BQB6:R33I
UNIPROT:Q9BQB6:I136R
UNIPROT:Q9BQB6:Y119I
UNIPROT:Q9BQB6:R33R
UNIPROT:Q9BQB6:I136Q
UNIPROT:Q9BQB6:T99T
UNIPROT:Q9BQB6:I136P
UNIPROT:Q9BQB6:Y119K
UNIPROT:Q9BQB6:R33T
UNIPROT:Q9BQB6:T99V
UNIPROT:Q9BQB6:Y119E
UNIPROT:Q9BQB6:R33N
UNIPROT:Q9BQB6:Y119G
UNIPROT:Q9BQB6:R33Q
UNIPROT:Q9BQB6:Y119Q
UNIPROT:Q9BQB6:Y119P
UNIPROT:Q9BQB6:Y119R
UNIPROT:Q9BQB6:Y119M
UNIPROT:Q9BQB6:Y119L
UNIPROT:Q9BQB6:Y119Y
UNIPROT:Q9BQB6:T99E
UNIPROT:Q9BQB6:T99D
UNIPROT:Q9BQB6:T99G
UNIPROT:Q9BQB6:R33D
UNIPROT:Q9BQB6:R33E
UNIPROT:Q9BQB6:Y119T
UNIPROT:Q9BQB6:Y119W
UNIPROT:Q9BQB6:T99C
UNIPROT:Q9BQB6:Y119V
UNIPROT:Q9BQB6:R33A
UNIPROT:Q9BQB6:V134Y
UNIPROT:Q9BQB6:V134R
UNIPROT:Q9BQB6:V134S
UNIPROT:Q9BQB6:V134P
UNIPROT:Q9BQB6:V134Q
UNIPROT:Q9BQB6:V134V
UNIPROT:Q9BQB6:V134W
UNIPROT:Q9BQB6:V134T
UNIPROT:Q9BQB6:V134K
UNIPROT:Q9BQB6:V134H
UNIPROT:Q9BQB6:V134N
UNIPROT:Q9BQB6:V134M
UNIPROT:Q9BQB6:I136Y
UNIPROT:Q9BQB6:I136W
UNIPROT:Q9BQB6:F150R
UNIPROT:Q9BQB6:F150T
UNIPROT:Q9BQB6:F150W
UNIPROT:Q9BQB6:S23D
UNIPROT:Q9BQB6:S23G
UNIPROT:Q9BQB6:S23F
UNIPROT:Q9BQB6:R37V
UNIPROT:Q9BQB6:R37Y
UNIPROT:Q9BQB6:R37R
UNIPROT:Q9BQB6:R37S
UNIPROT:Q9BQB6:R37T
UNIPROT:Q9BQB6:R37A
UNIPROT:Q9BQB6:R37I
UNIPROT:Q9BQB6:R35M
UNIPROT:Q9BQB6:R35V
UNIPROT:Q9BQB6:R35R
UNIPROT:Q9BQB6:R35S
UNIPROT:Q9BQB6:H68S
UNIPROT:Q9BQB6:H68T
UNIPROT:Q9BQB6:H68V
UNIPROT:Q9BQB6:I133C
UNIPROT:Q9BQB6:I133G
UNIPROT:Q9BQB6:I133E
UNIPROT:Q9BQB6:I133D
UNIPROT:Q9BQB6:H68A
UNIPROT:Q9BQB6:I133K
UNIPROT:Q9BQB6:H68C
UNIPROT:Q9BQB6:I133H
UNIPROT:Q9BQB6:H68E
UNIPROT:Q9BQB6:H68G
UNIPROT:Q9BQB6:H68I
UNIPROT:Q9BQB6:I133R
UNIPROT:Q9BQB6:H68K
UNIPROT:Q9BQB6:I133Q
UNIPROT:Q9BQB6:I133P
UNIPROT:Q9BQB6:H68M
UNIPROT:Q9BQB6:K30L
UNIPROT:Q9BQB6:K30P
UNIPROT:Q9BQB6:K30S
UNIPROT:Q9BQB6:K30V
UNIPROT:Q9BQB6:K30Y
UNIPROT:Q9BQB6:H28A
UNIPROT:Q9BQB6:K30D
UNIPROT:Q9BQB6:K30G
UNIPROT:Q9BQB6:N80M
UNIPROT:Q9BQB6:N80L
UNIPROT:Q9BQB6:N80Q
UNIPROT:Q9BQB6:N80P
UNIPROT:Q9BQB6:N80N
UNIPROT:Q9BQB6:N80R
UNIPROT:Q9BQB6:N80W
UNIPROT:Q9BQB6:N80V
UNIPROT:Q9BQB6:N80A
UNIPROT:Q9BQB6:N80E
UNIPROT:Q9BQB6:N80C
UNIPROT:Q9BQB6:N80G
UNIPROT:Q9BQB6:N80F
UNIPROT:Q9BQB6:T138L
UNIPROT:Q9BQB6:T138M
UNIPROT:Q9BQB6:T138K
UNIPROT:Q9BQB6:T138H
UNIPROT:Q9BQB6:T138F
UNIPROT:Q9BQB6:T138G
UNIPROT:Q9BQB6:T138D
UNIPROT:Q9BQB6:L114Y
UNIPROT:Q9BQB6:T138C
UNIPROT:Q9BQB6:L114T
UNIPROT:Q9BQB6:S110G
UNIPROT:Q9BQB6:S110H
UNIPROT:Q9BQB6:T137Y
UNIPROT:Q9BQB6:T137W
UNIPROT:Q9BQB6:T137V
UNIPROT:Q9BQB6:T137T
UNIPROT:Q9BQB6:T137Q
UNIPROT:Q9BQB6:T137R
UNIPROT:Q9BQB6:T137M
UNIPROT:Q9BQB6:A121M
UNIPROT:Q9BQB6:T137L
UNIPROT:Q9BQB6:A121N
UNIPROT:Q9BQB6:A121K
UNIPROT:Q9BQB6:A121L
UNIPROT:Q9BQB6:T137G
UNIPROT:Q9BQB6:A121Q
UNIPROT:Q9BQB6:T137H
UNIPROT:Q9BQB6:A121R
UNIPROT:Q9BQB6:T137E
UNIPROT:Q9BQB6:T137F
UNIPROT:Q9BQB6:T137C
UNIPROT:Q9BQB6:T137D
UNIPROT:Q9BQB6:A121Y
UNIPROT:Q9BQB6:S23M
UNIPROT:Q9BQB6:A121A
UNIPROT:Q9BQB6:A121E
UNIPROT:Q9BQB6:A121F
UNIPROT:Q9BQB6:A121C
UNIPROT:Q9BQB6:S23V
UNIPROT:Q9BQB6:A121I
UNIPROT:Q9BQB6:S23S
UNIPROT:Q9BQB6:A121H
UNIPROT:Q9BQB6:L124Y
UNIPROT:Q9BQB6:L124T
UNIPROT:Q9BQB6:C85V
UNIPROT:Q9BQB6:L124S
UNIPROT:Q9BQB6:C85T
UNIPROT:Q9BQB6:M106Q
UNIPROT:Q9BQB6:M106P
UNIPROT:Q9BQB6:C85C
UNIPROT:Q9BQB6:M106N
UNIPROT:Q9BQB6:C85A
UNIPROT:Q9BQB6:M106S
UNIPROT:Q9BQB6:M106H
UNIPROT:Q9BQB6:M106G
UNIPROT:Q9BQB6:M106F
UNIPROT:Q9BQB6:M106A
UNIPROT:Q9BQB6:C85P
UNIPROT:Q9BQB6:C85Q
UNIPROT:Q9BQB6:M106E
UNIPROT:Q9BQB6:C85N
UNIPROT:Q9BQB6:M106D
UNIPROT:Q9BQB6:M106C
UNIPROT:Q9BQB6:C85L
UNIPROT:Q9BQB6:C85M
UNIPROT:Q9BQB6:C85K
UNIPROT:Q9BQB6:C85H
UNIPROT:Q9BQB6:C85I
UNIPROT:Q9BQB6:C85D
UNIPROT:Q9BQB6:C85E
UNIPROT:Q9BQB6:L65S
UNIPROT:Q9BQB6:L65T
UNIPROT:Q9BQB6:L65Y
UNIPROT:Q9BQB6:L65W
UNIPROT:Q9BQB6:L65A
UNIPROT:Q9BQB6:S149P
UNIPROT:Q9BQB6:S149S
UNIPROT:Q9BQB6:L65E
UNIPROT:Q9BQB6:L65F
UNIPROT:Q9BQB6:L65C
UNIPROT:Q9BQB6:L65D
UNIPROT:Q9BQB6:L65I
UNIPROT:Q9BQB6:S149Y
UNIPROT:Q9BQB6:L65G
UNIPROT:Q9BQB6:L65H
UNIPROT:Q9BQB6:L65N
UNIPROT:Q9BQB6:L65K
UNIPROT:Q9BQB6:L65L
UNIPROT:Q9BQB6:H28S
UNIPROT:Q9BQB6:S149A
UNIPROT:Q9BQB6:H28T
UNIPROT:Q9BQB6:L124A
UNIPROT:Q9BQB6:H28V
UNIPROT:Q9BQB6:S149D
UNIPROT:Q9BQB6:S149E
UNIPROT:Q9BQB6:S149H
UNIPROT:Q9BQB6:S149K
UNIPROT:Q9BQB6:S149L
UNIPROT:Q9BQB6:S149M
UNIPROT:Q9BQB6:H28E
UNIPROT:Q9BQB6:L124L
UNIPROT:Q9BQB6:L124K
UNIPROT:Q9BQB6:H28G
UNIPROT:Q9BQB6:L124N
UNIPROT:Q9BQB6:H28H
UNIPROT:Q9BQB6:H28I
UNIPROT:Q9BQB6:L124H
UNIPROT:Q9BQB6:L124G
UNIPROT:Q9BQB6:H28K
UNIPROT:Q9BQB6:L124I
UNIPROT:Q9BQB6:L124D
UNIPROT:Q9BQB6:L124C
UNIPROT:Q9BQB6:L124F
UNIPROT:Q9BQB6:L124E
UNIPROT:Q9BQB6:L120W
UNIPROT:Q9BQB6:L120Y
UNIPROT:Q9BQB6:L120T
UNIPROT:Q9BQB6:L120S
UNIPROT:Q9BQB6:L24A
UNIPROT:Q9BQB6:S103M
UNIPROT:Q9BQB6:S103N
UNIPROT:Q9BQB6:Y88V
UNIPROT:Q9BQB6:Y88W
UNIPROT:Q9BQB6:S103Q
UNIPROT:Q9BQB6:Y88Y
UNIPROT:Q9BQB6:S103R
UNIPROT:Q9BQB6:S103S
UNIPROT:Q9BQB6:Y88M
UNIPROT:Q9BQB6:S103V
UNIPROT:Q9BQB6:S103W
UNIPROT:Q9BQB6:Y88P
UNIPROT:Q9BQB6:Y88Q
UNIPROT:Q9BQB6:Y88R
UNIPROT:Q9BQB6:Y88T
UNIPROT:Q9BQB6:Y88E
UNIPROT:Q9BQB6:L22S
UNIPROT:Q9BQB6:Q91S
UNIPROT:Q9BQB6:Y88G
UNIPROT:Q9BQB6:L22Q
UNIPROT:Q9BQB6:Q91M
UNIPROT:Q9BQB6:Y88I
UNIPROT:Q9BQB6:Q91N
UNIPROT:Q9BQB6:Y88K
UNIPROT:Q9BQB6:L22T
UNIPROT:Q9BQB6:S103D
UNIPROT:Q9BQB6:Y88L
UNIPROT:Q9BQB6:S103E
UNIPROT:Q9BQB6:Q91Y
UNIPROT:Q9BQB6:S103G
UNIPROT:Q9BQB6:S103H
UNIPROT:Q9BQB6:L22Y
UNIPROT:Q9BQB6:S103I
UNIPROT:Q9BQB6:Y88A
UNIPROT:Q9BQB6:Q91V
UNIPROT:Q9BQB6:D73W
UNIPROT:Q9BQB6:S103K
UNIPROT:Q9BQB6:D73T
UNIPROT:Q9BQB6:S103L
UNIPROT:Q9BQB6:Q91A
UNIPROT:Q9BQB6:T18T
UNIPROT:Q9BQB6:L22C
UNIPROT:Q9BQB6:T18V
UNIPROT:Q9BQB6:Q91D
UNIPROT:Q9BQB6:L22A
UNIPROT:Q9BQB6:L22G
UNIPROT:Q9BQB6:L22D
UNIPROT:Q9BQB6:L22E
UNIPROT:Q9BQB6:T18Q
UNIPROT:Q9BQB6:Q91G
UNIPROT:Q9BQB6:L22L
UNIPROT:Q9BQB6:L22M
UNIPROT:Q9BQB6:T18Y
UNIPROT:Q9BQB6:T18D
UNIPROT:Q9BQB6:D73C
UNIPROT:Q9BQB6:T18C
UNIPROT:Q9BQB6:T18E
UNIPROT:Q9BQB6:T18L
UNIPROT:Q9BQB6:T18N
UNIPROT:Q9BQB6:G2F
UNIPROT:Q9BQB6:T18G
UNIPROT:Q9BQB6:G2E
UNIPROT:Q9BQB6:T18I
UNIPROT:Q9BQB6:D73R
UNIPROT:Q9BQB6:D73S
UNIPROT:Q9BQB6:G2I
UNIPROT:Q9BQB6:D73P
UNIPROT:Q9BQB6:D73Q
UNIPROT:Q9BQB6:G2G
UNIPROT:Q9BQB6:G2N
UNIPROT:Q9BQB6:D73L
UNIPROT:Q9BQB6:D73M
UNIPROT:Q9BQB6:D73K
UNIPROT:Q9BQB6:M146S
UNIPROT:Q9BQB6:D73I
UNIPROT:Q9BQB6:M146Y
UNIPROT:Q9BQB6:M146W
UNIPROT:Q9BQB6:D73D
UNIPROT:Q9BQB6:C132H
UNIPROT:Q9BQB6:L20P
UNIPROT:Q9BQB6:G2Y
UNIPROT:Q9BQB6:L20N
UNIPROT:Q9BQB6:C132E
UNIPROT:Q9BQB6:C132D
UNIPROT:Q9BQB6:L20T
UNIPROT:Q9BQB6:C132C
UNIPROT:Q9BQB6:L20R
UNIPROT:Q9BQB6:C132A
UNIPROT:Q9BQB6:L20Y
UNIPROT:Q9BQB6:L20W
UNIPROT:Q9BQB6:L120L
UNIPROT:Q9BQB6:L120K
UNIPROT:Q9BQB6:L20A
UNIPROT:Q9BQB6:C132V
UNIPROT:Q9BQB6:L120N
UNIPROT:Q9BQB6:C132T
UNIPROT:Q9BQB6:L120H
UNIPROT:Q9BQB6:L20D
UNIPROT:Q9BQB6:L120G
UNIPROT:Q9BQB6:L20E
UNIPROT:Q9BQB6:C132Q
UNIPROT:Q9BQB6:L120I
UNIPROT:Q9BQB6:C132P
UNIPROT:Q9BQB6:L120D
UNIPROT:Q9BQB6:L20H
UNIPROT:Q9BQB6:L120C
UNIPROT:Q9BQB6:C132N
UNIPROT:Q9BQB6:L120F
UNIPROT:Q9BQB6:C132M
UNIPROT:Q9BQB6:L120E
UNIPROT:Q9BQB6:L20G
UNIPROT:Q9BQB6:C132L
UNIPROT:Q9BQB6:L20L
UNIPROT:Q9BQB6:C132K
UNIPROT:Q9BQB6:C132I
UNIPROT:Q9BQB6:L120A
UNIPROT:Q9BQB6:L20K
UNIPROT:Q9BQB6:L27G
UNIPROT:Q9BQB6:L27E
UNIPROT:Q9BQB6:L27L
UNIPROT:Q9BQB6:L27I
UNIPROT:Q9BQB6:L27N
UNIPROT:Q9BQB6:L27S
UNIPROT:Q9BQB6:M146Q
UNIPROT:Q9BQB6:M146P
UNIPROT:Q9BQB6:M146N
UNIPROT:Q9BQB6:M146E
UNIPROT:Q9BQB6:M146D
UNIPROT:Q9BQB6:M146C
UNIPROT:Q9BQB6:L27C
UNIPROT:Q9BQB6:M146H
UNIPROT:Q9BQB6:L27D
UNIPROT:Q9BQB6:A26Y
UNIPROT:Q9BQB6:M146G
UNIPROT:Q9BQB6:L27A
UNIPROT:Q9BQB6:M146F
UNIPROT:Q9BQB6:M146A
UNIPROT:Q9BQB6:A26F
UNIPROT:Q9BQB6:A26H
UNIPROT:Q9BQB6:A26A
UNIPROT:Q9BQB6:A26D
UNIPROT:Q9BQB6:G6F
UNIPROT:Q9BQB6:G6D
UNIPROT:Q9BQB6:G6C
UNIPROT:Q9BQB6:C43V
UNIPROT:Q9BQB6:G6I
UNIPROT:Q9BQB6:G6H
UNIPROT:Q9BQB6:G6G
UNIPROT:Q9BQB6:S109S
UNIPROT:Q9BQB6:G6N
UNIPROT:Q9BQB6:G6M
UNIPROT:Q9BQB6:G6L
UNIPROT:Q9BQB6:S109V
UNIPROT:Q9BQB6:G6K
UNIPROT:Q9BQB6:S109W
UNIPROT:Q9BQB6:A26R
UNIPROT:Q9BQB6:A26Q
UNIPROT:Q9BQB6:G6Q
UNIPROT:Q9BQB6:G6P
UNIPROT:Q9BQB6:A26N
UNIPROT:Q9BQB6:G6T
UNIPROT:Q9BQB6:G6S
UNIPROT:Q9BQB6:A26I
UNIPROT:Q9BQB6:G6Y
UNIPROT:Q9BQB6:A26L
UNIPROT:Q9BQB6:A26K
UNIPROT:Q9BQB6:L24T
UNIPROT:Q9BQB6:C43C
UNIPROT:Q9BQB6:S109D
UNIPROT:Q9BQB6:S109E
UNIPROT:Q9BQB6:C43E
UNIPROT:Q9BQB6:S109F
UNIPROT:Q9BQB6:L24S
UNIPROT:Q9BQB6:C43D
UNIPROT:Q9BQB6:C43A
UNIPROT:Q9BQB6:S109K
UNIPROT:Q9BQB6:S109L
UNIPROT:Q9BQB6:S109M
UNIPROT:Q9BQB6:S109P
UNIPROT:Q9BQB6:S109Q
UNIPROT:Q9BQB6:L24D
UNIPROT:Q9BQB6:L24E
UNIPROT:Q9BQB6:C43Q
UNIPROT:Q9BQB6:L24G
UNIPROT:Q9BQB6:C43P
UNIPROT:Q9BQB6:C43K
UNIPROT:Q9BQB6:C43M
UNIPROT:Q9BQB6:C43L
UNIPROT:Q9BQB6:L24Q
UNIPROT:Q9BQB6:S109A
UNIPROT:Q9BQB6:C43I
UNIPROT:Q9BQB6:C43H
UNIPROT:Q9BQB6:E67H
UNIPROT:Q9BQB6:E67I
UNIPROT:Q9BQB6:E67F
UNIPROT:Q9BQB6:G9E
UNIPROT:Q9BQB6:E67C
UNIPROT:Q9BQB6:G9I
UNIPROT:Q9BQB6:G9H
UNIPROT:Q9BQB6:G9G
UNIPROT:Q9BQB6:G9F
UNIPROT:Q9BQB6:G9M
UNIPROT:Q9BQB6:G84Y
UNIPROT:Q9BQB6:G9L
UNIPROT:Q9BQB6:G9K
UNIPROT:Q9BQB6:G84W
UNIPROT:Q9BQB6:G9Q
UNIPROT:Q9BQB6:E67Y
UNIPROT:Q9BQB6:G9P
UNIPROT:Q9BQB6:G9N
UNIPROT:Q9BQB6:E67T
UNIPROT:Q9BQB6:G9T
UNIPROT:Q9BQB6:E67R
UNIPROT:Q9BQB6:E67S
UNIPROT:Q9BQB6:E67P
UNIPROT:Q9BQB6:E67N
UNIPROT:Q9BQB6:E67L
UNIPROT:Q9BQB6:E67M
UNIPROT:Q9BQB6:G84F
UNIPROT:Q9BQB6:G84E
UNIPROT:Q9BQB6:G84T
UNIPROT:Q9BQB6:T4C
UNIPROT:Q9BQB6:G84Q
UNIPROT:Q9BQB6:G84P
UNIPROT:Q9BQB6:G84N
UNIPROT:Q9BQB6:T4G
UNIPROT:Q9BQB6:G84M
UNIPROT:Q9BQB6:T4F
UNIPROT:Q9BQB6:G84L
UNIPROT:Q9BQB6:T4E
UNIPROT:Q9BQB6:G84K
UNIPROT:Q9BQB6:T4D
UNIPROT:Q9BQB6:T4K
UNIPROT:Q9BQB6:G84I
UNIPROT:Q9BQB6:G84H
UNIPROT:Q9BQB6:G84G
UNIPROT:Q9BQB6:T4H
UNIPROT:Q9BQB6:T4M
UNIPROT:Q9BQB6:T4L
UNIPROT:Q9BQB6:T4R
UNIPROT:Q9BQB6:T4Q
UNIPROT:Q9BQB6:T4W
UNIPROT:Q9BQB6:T4V
UNIPROT:Q9BQB6:T4T
UNIPROT:Q9BQB6:T4Y
UNIPROT:Q9BQB6:S50W
UNIPROT:Q9BQB6:S50V
UNIPROT:Q9BQB6:S50Y
UNIPROT:Q9BQB6:S50S
UNIPROT:Q9BQB6:S50F
UNIPROT:Q9BQB6:S50H
UNIPROT:Q9BQB6:S50E
UNIPROT:Q9BQB6:S50D
UNIPROT:Q9BQB6:S50Q
UNIPROT:Q9BQB6:S50P
UNIPROT:Q9BQB6:S50K
UNIPROT:Q9BQB6:S50M
UNIPROT:Q9BQB6:S50L
UNIPROT:Q9BQB6:S50A
UNIPROT:Q9BQB6:G64Y
UNIPROT:Q9BQB6:I82W
UNIPROT:Q9BQB6:I82Y
UNIPROT:Q9BQB6:I82G
UNIPROT:Q9BQB6:G64G
UNIPROT:Q9BQB6:I82H
UNIPROT:Q9BQB6:I82I
UNIPROT:Q9BQB6:V143D
UNIPROT:Q9BQB6:G64D
UNIPROT:Q9BQB6:Q78V
UNIPROT:Q9BQB6:G64C
UNIPROT:Q9BQB6:Q78W
UNIPROT:Q9BQB6:V143C
UNIPROT:Q9BQB6:I82N
UNIPROT:Q9BQB6:Q78Y
UNIPROT:Q9BQB6:I82P
UNIPROT:Q9BQB6:I82Q
UNIPROT:Q9BQB6:I82S
UNIPROT:Q9BQB6:Q78M
UNIPROT:Q9BQB6:G64T
UNIPROT:Q9BQB6:Q78F
UNIPROT:Q9BQB6:G64S
UNIPROT:Q9BQB6:Q78G
UNIPROT:Q9BQB6:G64Q
UNIPROT:Q9BQB6:Q78I
UNIPROT:Q9BQB6:G64P
UNIPROT:Q9BQB6:Q78S
UNIPROT:Q9BQB6:G64N
UNIPROT:Q9BQB6:Q78T
UNIPROT:Q9BQB6:I82A
UNIPROT:Q9BQB6:G64M
UNIPROT:Q9BQB6:G64L
UNIPROT:Q9BQB6:Q78N
UNIPROT:Q9BQB6:I82C
UNIPROT:Q9BQB6:G64K
UNIPROT:Q9BQB6:I82D
UNIPROT:Q9BQB6:I82E
UNIPROT:Q9BQB6:G64I
UNIPROT:Q9BQB6:I82F
UNIPROT:Q9BQB6:Q78Q
UNIPROT:Q9BQB6:W122N
UNIPROT:Q9BQB6:W122P
UNIPROT:Q9BQB6:W122Q
UNIPROT:Q9BQB6:W122T
UNIPROT:Q9BQB6:W122F
UNIPROT:Q9BQB6:V143Y
UNIPROT:Q9BQB6:Q78C
UNIPROT:Q9BQB6:W122H
UNIPROT:Q9BQB6:V143V
UNIPROT:Q9BQB6:Q78D
UNIPROT:Q9BQB6:W122I
UNIPROT:Q9BQB6:V143W
UNIPROT:Q9BQB6:W122K
UNIPROT:Q9BQB6:G62Y
UNIPROT:Q9BQB6:W122M
UNIPROT:Q9BQB6:G62W
UNIPROT:Q9BQB6:Q78A
UNIPROT:Q9BQB6:V143P
UNIPROT:Q9BQB6:V143Q
UNIPROT:Q9BQB6:Y25V
UNIPROT:Q9BQB6:V143N
UNIPROT:Q9BQB6:Y25T
UNIPROT:Q9BQB6:V143T
UNIPROT:Q9BQB6:V143R
UNIPROT:Q9BQB6:Y25Q
UNIPROT:Q9BQB6:V143S
UNIPROT:Q9BQB6:Y25P
UNIPROT:Q9BQB6:W122V
UNIPROT:Q9BQB6:V143H
UNIPROT:Q9BQB6:V143I
UNIPROT:Q9BQB6:V143F
UNIPROT:Q9BQB6:W122Y
UNIPROT:Q9BQB6:V143K
UNIPROT:Q9BQB6:L90Y
UNIPROT:Q9BQB6:L90W
UNIPROT:Q9BQB6:L90G
UNIPROT:Q9BQB6:L90H
UNIPROT:Q9BQB6:L90N
UNIPROT:Q9BQB6:L90L
UNIPROT:Q9BQB6:L90S
UNIPROT:Q9BQB6:L90T
UNIPROT:Q9BQB6:L90A
UNIPROT:Q9BQB6:L90F
UNIPROT:Q9BQB6:L90C
UNIPROT:Q9BQB6:L90D
UNIPROT:Q9BQB6:S52Y
UNIPROT:Q9BQB6:I86P
UNIPROT:Q9BQB6:I86Q
UNIPROT:Q9BQB6:I86R
UNIPROT:Q9BQB6:S52V
UNIPROT:Q9BQB6:I86Y
UNIPROT:Q9BQB6:S52I
UNIPROT:Q9BQB6:S52H
UNIPROT:Q9BQB6:S52K
UNIPROT:Q9BQB6:S52E
UNIPROT:Q9BQB6:S52D
UNIPROT:Q9BQB6:I86A
UNIPROT:Q9BQB6:S52G
UNIPROT:Q9BQB6:S52F
UNIPROT:Q9BQB6:I86C
UNIPROT:Q9BQB6:S52Q
UNIPROT:Q9BQB6:I86E
UNIPROT:Q9BQB6:S52S
UNIPROT:Q9BQB6:S52R
UNIPROT:Q9BQB6:I86G
UNIPROT:Q9BQB6:S52M
UNIPROT:Q9BQB6:I86H
UNIPROT:Q9BQB6:I86I
UNIPROT:Q9BQB6:S52N
UNIPROT:Q9BQB6:S52C
UNIPROT:Q9BQB6:H163G
UNIPROT:Q9BQB6:H163F
UNIPROT:Q9BQB6:H163H
UNIPROT:Q9BQB6:H163C
UNIPROT:Q9BQB6:H163E
UNIPROT:Q9BQB6:H163K
UNIPROT:Q9BQB6:V104V
UNIPROT:Q9BQB6:V104S
UNIPROT:Q9BQB6:V104T
UNIPROT:Q9BQB6:V104Y
UNIPROT:Q9BQB6:V104W
UNIPROT:Q9BQB6:V104M
UNIPROT:Q9BQB6:V104N
UNIPROT:Q9BQB6:V104K
UNIPROT:Q9BQB6:V104Q
UNIPROT:Q9BQB6:V104R
UNIPROT:Q9BQB6:V104P
UNIPROT:Q9BQB6:L94N
UNIPROT:Q9BQB6:L94K
UNIPROT:Q9BQB6:L94L
UNIPROT:Q9BQB6:L94Q
UNIPROT:Q9BQB6:L94R
UNIPROT:Q9BQB6:L94P
UNIPROT:Q9BQB6:L94T
UNIPROT:Q9BQB6:S57N
UNIPROT:Q9BQB6:H163V
UNIPROT:Q9BQB6:S57M
UNIPROT:Q9BQB6:L94A
UNIPROT:Q9BQB6:S57I
UNIPROT:Q9BQB6:S57L
UNIPROT:Q9BQB6:S57K
UNIPROT:Q9BQB6:L94E
UNIPROT:Q9BQB6:S57V
UNIPROT:Q9BQB6:L94D
UNIPROT:Q9BQB6:S57W
UNIPROT:Q9BQB6:S57R
UNIPROT:Q9BQB6:S57Q
UNIPROT:Q9BQB6:L94G
UNIPROT:Q9BQB6:L94H
UNIPROT:Q9BQB6:S57S
UNIPROT:Q9BQB6:C135K
UNIPROT:Q9BQB6:C135I
UNIPROT:Q9BQB6:C135H
UNIPROT:Q9BQB6:C135E
UNIPROT:Q9BQB6:C135D
UNIPROT:Q9BQB6:S57E
UNIPROT:Q9BQB6:C135A
UNIPROT:Q9BQB6:S57H
UNIPROT:Q9BQB6:S57G
UNIPROT:Q9BQB6:S57D
UNIPROT:Q9BQB6:T89N
UNIPROT:Q9BQB6:S56M
UNIPROT:Q9BQB6:T89M
UNIPROT:Q9BQB6:S56L
UNIPROT:Q9BQB6:S56N
UNIPROT:Q9BQB6:S56I
UNIPROT:Q9BQB6:C135V
UNIPROT:Q9BQB6:S56H
UNIPROT:Q9BQB6:T89L
UNIPROT:Q9BQB6:C135T
UNIPROT:Q9BQB6:T89V
UNIPROT:Q9BQB6:C135Q
UNIPROT:Q9BQB6:S56W
UNIPROT:Q9BQB6:C135P
UNIPROT:Q9BQB6:S56V
UNIPROT:Q9BQB6:S56Q
UNIPROT:Q9BQB6:C135N
UNIPROT:Q9BQB6:T89Q
UNIPROT:Q9BQB6:C135M
UNIPROT:Q9BQB6:T89T
UNIPROT:Q9BQB6:S56S
UNIPROT:Q9BQB6:C135L
UNIPROT:Q9BQB6:L93G
UNIPROT:Q9BQB6:S56R
UNIPROT:Q9BQB6:V104E
UNIPROT:Q9BQB6:L92L
UNIPROT:Q9BQB6:V104C
UNIPROT:Q9BQB6:L92M
UNIPROT:Q9BQB6:V104H
UNIPROT:Q9BQB6:L92N
UNIPROT:Q9BQB6:L92S
UNIPROT:Q9BQB6:T89F
UNIPROT:Q9BQB6:S56E
UNIPROT:Q9BQB6:L92T
UNIPROT:Q9BQB6:T89E
UNIPROT:Q9BQB6:S56D
UNIPROT:Q9BQB6:T89H
UNIPROT:Q9BQB6:S56G
UNIPROT:Q9BQB6:T89G
UNIPROT:Q9BQB6:T89D
UNIPROT:Q9BQB6:T89C
UNIPROT:Q9BQB6:L92C
UNIPROT:Q9BQB6:L92D
UNIPROT:Q9BQB6:L92A
UNIPROT:Q9BQB6:L92G
UNIPROT:Q9BQB6:L92E
UNIPROT:Q9BQB6:L92F
UNIPROT:Q9BQB6:V66H
UNIPROT:Q9BQB6:V66I
UNIPROT:Q9BQB6:V66F
UNIPROT:Q9BQB6:V66D
UNIPROT:Q9BQB6:L128W
UNIPROT:Q9BQB6:L128Y
UNIPROT:Q9BQB6:T47R
UNIPROT:Q9BQB6:T47Q
UNIPROT:Q9BQB6:T47L
UNIPROT:Q9BQB6:T47K
UNIPROT:Q9BQB6:T47M
UNIPROT:Q9BQB6:T47W
UNIPROT:Q9BQB6:T47Y
UNIPROT:Q9BQB6:T47T
UNIPROT:Q9BQB6:T47V
UNIPROT:Q9BQB6:T47H
UNIPROT:Q9BQB6:T47G
UNIPROT:Q9BQB6:T47C
UNIPROT:Q9BQB6:T47F
UNIPROT:Q9BQB6:T47E
UNIPROT:Q9BQB6:I141R
UNIPROT:Q9BQB6:L97N
UNIPROT:Q9BQB6:I141Q
UNIPROT:Q9BQB6:L97T
UNIPROT:Q9BQB6:L97S
UNIPROT:Q9BQB6:L97Y
UNIPROT:Q9BQB6:I141Y
UNIPROT:Q9BQB6:L97A
UNIPROT:Q9BQB6:L97D
UNIPROT:Q9BQB6:L97E
UNIPROT:Q9BQB6:L97C
UNIPROT:Q9BQB6:M106Y
UNIPROT:Q9BQB6:L97H
UNIPROT:Q9BQB6:L97I
UNIPROT:Q9BQB6:L97F
UNIPROT:Q9BQB6:L97G
UNIPROT:Q9BQB6:L97L
UNIPROT:Q9BQB6:L97K
UNIPROT:Q9BQB6:L128D
UNIPROT:Q9BQB6:L128C
UNIPROT:Q9BQB6:L128E
UNIPROT:Q9BQB6:L128A
UNIPROT:Q9BQB6:I141D
UNIPROT:Q9BQB6:L128T
UNIPROT:Q9BQB6:I141C
UNIPROT:Q9BQB6:L128S
UNIPROT:Q9BQB6:I141A
UNIPROT:Q9BQB6:I141H
UNIPROT:Q9BQB6:I141G
UNIPROT:Q9BQB6:I141E
UNIPROT:Q9BQB6:L128L
UNIPROT:Q9BQB6:I141K
UNIPROT:Q9BQB6:L128N
UNIPROT:Q9BQB6:I141I
UNIPROT:Q9BQB6:L128M
UNIPROT:Q9BQB6:I141P
UNIPROT:Q9BQB6:L128G
UNIPROT:Q9BQB6:V21Y
UNIPROT:Q9BQB6:V69S
UNIPROT:Q9BQB6:V69T
UNIPROT:Q9BQB6:V21P
UNIPROT:Q9BQB6:V69Q
UNIPROT:Q9BQB6:V69R
UNIPROT:Q9BQB6:V69P
UNIPROT:Q9BQB6:V21I
UNIPROT:Q9BQB6:V69N
UNIPROT:Q9BQB6:V69Y
UNIPROT:Q9BQB6:V21V
UNIPROT:Q9BQB6:V69W
UNIPROT:Q9BQB6:V21S
UNIPROT:Q9BQB6:V21T
UNIPROT:Q9BQB6:V69V
UNIPROT:Q9BQB6:V21R
UNIPROT:Q9BQB6:V69C
UNIPROT:Q9BQB6:V69D
UNIPROT:Q9BQB6:V21H
UNIPROT:Q9BQB6:V69I
UNIPROT:Q9BQB6:V21F
UNIPROT:Q9BQB6:V69H
UNIPROT:Q9BQB6:V69F
UNIPROT:Q9BQB6:S110I
UNIPROT:Q9BQB6:S110L
UNIPROT:Q9BQB6:S110M
UNIPROT:Q9BQB6:T138Y
UNIPROT:Q9BQB6:S110N
UNIPROT:Q9BQB6:T138V
UNIPROT:Q9BQB6:T138W
UNIPROT:Q9BQB6:T138T
UNIPROT:Q9BQB6:S110Q
UNIPROT:Q9BQB6:S110R
UNIPROT:Q9BQB6:T138R
UNIPROT:Q9BQB6:S110S
UNIPROT:Q9BQB6:T138Q
UNIPROT:Q9BQB6:S110V
UNIPROT:Q9BQB6:S113L
UNIPROT:Q9BQB6:S113Q
UNIPROT:Q9BQB6:I49R
UNIPROT:Q9BQB6:Q154A
UNIPROT:Q9BQB6:I49Y
UNIPROT:Q9BQB6:Q154G
UNIPROT:Q9BQB6:Q154I
UNIPROT:Q9BQB6:S113G
UNIPROT:Q9BQB6:Q154C
UNIPROT:Q9BQB6:Q154D
UNIPROT:Q9BQB6:Q154F
UNIPROT:Q9BQB6:S113K
UNIPROT:Q9BQB6:V66P
UNIPROT:Q9BQB6:V66Q
UNIPROT:Q9BQB6:I49C
UNIPROT:Q9BQB6:V66N
UNIPROT:Q9BQB6:I49D
UNIPROT:Q9BQB6:I49G
UNIPROT:Q9BQB6:I49H
UNIPROT:Q9BQB6:V66K
UNIPROT:Q9BQB6:I49I
UNIPROT:Q9BQB6:V66Y
UNIPROT:Q9BQB6:I49K
UNIPROT:Q9BQB6:V66V
UNIPROT:Q9BQB6:V66W
UNIPROT:Q9BQB6:V66T
UNIPROT:Q9BQB6:V66R
UNIPROT:Q9BQB6:I49P
UNIPROT:Q9BQB6:V66S
UNIPROT:Q9BQB6:I49Q
UNIPROT:Q9BQB6:W59F
UNIPROT:Q9BQB6:W59E
UNIPROT:Q9BQB6:K152L
UNIPROT:Q9BQB6:N77R
UNIPROT:Q9BQB6:W59D
UNIPROT:Q9BQB6:K152I
UNIPROT:Q9BQB6:W59A
UNIPROT:Q9BQB6:K152H
UNIPROT:Q9BQB6:N77V
UNIPROT:Q9BQB6:K152G
UNIPROT:Q9BQB6:N77W
UNIPROT:Q9BQB6:K152F
UNIPROT:Q9BQB6:W59N
UNIPROT:Q9BQB6:W59M
UNIPROT:Q9BQB6:K152D
UNIPROT:Q9BQB6:K152C
UNIPROT:Q9BQB6:W59K
UNIPROT:Q9BQB6:K152A
UNIPROT:Q9BQB6:W59I
UNIPROT:Q9BQB6:W59H
UNIPROT:Q9BQB6:W10P
UNIPROT:Q9BQB6:N77E
UNIPROT:Q9BQB6:W10Q
UNIPROT:Q9BQB6:Q154Q
UNIPROT:Q9BQB6:W10N
UNIPROT:Q9BQB6:N77C
UNIPROT:Q9BQB6:W10M
UNIPROT:Q9BQB6:Q154M
UNIPROT:Q9BQB6:N77F
UNIPROT:Q9BQB6:Q154N
UNIPROT:Q9BQB6:N77G
UNIPROT:Q9BQB6:W10K
UNIPROT:Q9BQB6:Q154W
UNIPROT:Q9BQB6:N77L
UNIPROT:Q9BQB6:N77M
UNIPROT:Q9BQB6:W10Y
UNIPROT:Q9BQB6:Q154Y
UNIPROT:Q9BQB6:W10V
UNIPROT:Q9BQB6:Q154S
UNIPROT:Q9BQB6:N77P
UNIPROT:Q9BQB6:W10T
UNIPROT:Q9BQB6:Q154T
UNIPROT:Q9BQB6:N77Q
UNIPROT:Q9BQB6:Q154V
UNIPROT:Q9BQB6:W10H
UNIPROT:Q9BQB6:W10I
UNIPROT:Q9BQB6:W10F
UNIPROT:Q9BQB6:W10D
UNIPROT:Q9BQB6:N77A
UNIPROT:Q9BQB6:W10E
UNIPROT:Q9BQB6:Q157C
UNIPROT:Q9BQB6:Q157D
UNIPROT:Q9BQB6:Q157A
UNIPROT:Q9BQB6:Q157M
UNIPROT:Q9BQB6:Q157F
UNIPROT:Q9BQB6:Q157G
UNIPROT:Q9BQB6:Q157I
UNIPROT:Q9BQB6:S117Q
UNIPROT:Q9BQB6:S117R
UNIPROT:Q9BQB6:S117S
UNIPROT:Q9BQB6:S117V
UNIPROT:Q9BQB6:S117D
UNIPROT:Q9BQB6:S117E
UNIPROT:Q9BQB6:S117G
UNIPROT:Q9BQB6:S117H
UNIPROT:Q9BQB6:S117I
UNIPROT:Q9BQB6:S117K
UNIPROT:Q9BQB6:S117L
UNIPROT:Q9BQB6:S117M
UNIPROT:Q9BQB6:S117N
UNIPROT:Q9BQB6:Q157S
UNIPROT:Q9BQB6:Q157T
UNIPROT:Q9BQB6:Q157N
UNIPROT:Q9BQB6:K152Y
UNIPROT:Q9BQB6:K152V
UNIPROT:Q9BQB6:K152S
UNIPROT:Q9BQB6:Q157V
UNIPROT:Q9BQB6:Q157W
UNIPROT:Q9BQB6:K152P
UNIPROT:Q9BQB6:Q157Y
UNIPROT:Q9BQB6:L15T
UNIPROT:Q9BQB6:L15W
UNIPROT:Q9BQB6:V29W
UNIPROT:Q9BQB6:L15E
UNIPROT:Q9BQB6:L15G
UNIPROT:Q9BQB6:V29V
UNIPROT:Q9BQB6:V29S
UNIPROT:Q9BQB6:V29T
UNIPROT:Q9BQB6:V29Q
UNIPROT:Q9BQB6:L15K
UNIPROT:Q9BQB6:V29R
UNIPROT:Q9BQB6:L15M
UNIPROT:Q9BQB6:L15N
UNIPROT:Q9BQB6:L15Q
UNIPROT:Q9BQB6:V29Y
UNIPROT:Q9BQB6:L15S
UNIPROT:Q9BQB6:V29H
UNIPROT:Q9BQB6:V29F
UNIPROT:Q9BQB6:V29C
UNIPROT:Q9BQB6:V29D
UNIPROT:Q9BQB6:V29P
UNIPROT:Q9BQB6:V29N
UNIPROT:Q9BQB6:L15A
UNIPROT:Q9BQB6:A14Y
UNIPROT:Q9BQB6:V29I
UNIPROT:Q9BQB6:L15C
UNIPROT:Q9BQB6:W5A
UNIPROT:Q9BQB6:W5E
UNIPROT:Q9BQB6:W5D
UNIPROT:Q9BQB6:W5I
UNIPROT:Q9BQB6:W5H
UNIPROT:Q9BQB6:W5F
UNIPROT:Q9BQB6:F83D
UNIPROT:Q9BQB6:L13S
UNIPROT:Q9BQB6:W5M
UNIPROT:Q9BQB6:A14F
UNIPROT:Q9BQB6:W5K
UNIPROT:Q9BQB6:F83A
UNIPROT:Q9BQB6:L13T
UNIPROT:Q9BQB6:W5Q
UNIPROT:Q9BQB6:W5P
UNIPROT:Q9BQB6:L13Y
UNIPROT:Q9BQB6:A14C
UNIPROT:Q9BQB6:W5N
UNIPROT:Q9BQB6:W5T
UNIPROT:Q9BQB6:W5Y
UNIPROT:Q9BQB6:W5V
UNIPROT:Q9BQB6:F83T
UNIPROT:Q9BQB6:L13C
UNIPROT:Q9BQB6:F83R
UNIPROT:Q9BQB6:L13E
UNIPROT:Q9BQB6:Y129A
UNIPROT:Q9BQB6:F83Q
UNIPROT:Q9BQB6:L13D
UNIPROT:Q9BQB6:F83P
UNIPROT:Q9BQB6:L13G
UNIPROT:Q9BQB6:A14Q
UNIPROT:Q9BQB6:F83N
UNIPROT:Q9BQB6:A14R
UNIPROT:Q9BQB6:F83M
UNIPROT:Q9BQB6:A14L
UNIPROT:Q9BQB6:L13K
UNIPROT:Q9BQB6:Y129G
UNIPROT:Q9BQB6:F83K
UNIPROT:Q9BQB6:A14M
UNIPROT:Q9BQB6:A14N
UNIPROT:Q9BQB6:L13M
UNIPROT:Q9BQB6:Y129I
UNIPROT:Q9BQB6:L13L
UNIPROT:Q9BQB6:F83H
UNIPROT:Q9BQB6:F83G
UNIPROT:Q9BQB6:A14I
UNIPROT:Q9BQB6:L13N
UNIPROT:Q9BQB6:F83F
UNIPROT:Q9BQB6:L13Q
UNIPROT:Q9BQB6:Y129E
UNIPROT:Q9BQB6:F83E
UNIPROT:Q9BQB6:A14K
UNIPROT:Q9BQB6:Y129P
UNIPROT:Q9BQB6:Y129R
UNIPROT:Q9BQB6:Y129Q
UNIPROT:Q9BQB6:Y129L
UNIPROT:Q9BQB6:Y129K
UNIPROT:Q9BQB6:Y129M
UNIPROT:Q9BQB6:Y129W
UNIPROT:Q9BQB6:Y129T
UNIPROT:Q9BQB6:Y129V
UNIPROT:Q9BQB6:L13A
UNIPROT:Q9BQB6:W59V
UNIPROT:Q9BQB6:W59T
UNIPROT:Q9BQB6:W59Q
UNIPROT:Q9BQB6:W59P
UNIPROT:Q9BQB6:W59Y
UNIPROT:Q9BQB6:F126T
UNIPROT:Q9BQB6:F126K
UNIPROT:Q9BQB6:F126N
UNIPROT:Q9BQB6:F126M
UNIPROT:Q9BQB6:F126P
UNIPROT:Q9BQB6:F126R
UNIPROT:Q9BQB6:F126Q
UNIPROT:Q9BQB6:F126D
UNIPROT:Q9BQB6:F126F
UNIPROT:Q9BQB6:W122A
UNIPROT:Q9BQB6:F126E
UNIPROT:Q9BQB6:F126H
UNIPROT:Q9BQB6:F126G
UNIPROT:Q9BQB6:W122D
UNIPROT:Q9BQB6:W122E
UNIPROT:Q9BQB6:F126A
UNIPROT:Q9BQB6:F125R
UNIPROT:Q9BQB6:F125T
UNIPROT:Q9BQB6:F125K
UNIPROT:Q9BQB6:F125M
UNIPROT:Q9BQB6:F125N
UNIPROT:Q9BQB6:F125Q
UNIPROT:Q9BQB6:F125P
UNIPROT:Q9BQB6:F125E
UNIPROT:Q9BQB6:F125D
UNIPROT:Q9BQB6:F125G
UNIPROT:Q9BQB6:F125F
UNIPROT:Q9BQB6:F125H
UNIPROT:Q9BQB6:F125A
UNIPROT:Q9BQB6:F87H
UNIPROT:Q9BQB6:L17W
UNIPROT:Q9BQB6:F87G
UNIPROT:Q9BQB6:F87F
UNIPROT:Q9BQB6:L17Y
UNIPROT:Q9BQB6:F87E
UNIPROT:Q9BQB6:F87D
UNIPROT:Q9BQB6:F87A
UNIPROT:Q9BQB6:G71Y
UNIPROT:Q9BQB6:G71W
UNIPROT:Q9BQB6:L17G
UNIPROT:Q9BQB6:F87W
UNIPROT:Q9BQB6:L17F
UNIPROT:Q9BQB6:L17I
UNIPROT:Q9BQB6:L17H
UNIPROT:Q9BQB6:F87T
UNIPROT:Q9BQB6:L17K
UNIPROT:Q9BQB6:F87R
UNIPROT:Q9BQB6:F87Q
UNIPROT:Q9BQB6:L17L
UNIPROT:Q9BQB6:F87P
UNIPROT:Q9BQB6:L17N
UNIPROT:Q9BQB6:F87N
UNIPROT:Q9BQB6:F87M
UNIPROT:Q9BQB6:L17S
UNIPROT:Q9BQB6:F87K
UNIPROT:Q9BQB6:L17T
UNIPROT:Q9BQB6:G71D
UNIPROT:Q9BQB6:L17A
UNIPROT:Q9BQB6:L17C
UNIPROT:Q9BQB6:L17E
UNIPROT:Q9BQB6:L17D
UNIPROT:Q9BQB6:G71T
UNIPROT:Q9BQB6:G71S
UNIPROT:Q9BQB6:G71Q
UNIPROT:Q9BQB6:G71P
UNIPROT:Q9BQB6:G71N
UNIPROT:Q9BQB6:S3A
UNIPROT:Q9BQB6:G71M
UNIPROT:Q9BQB6:G71L
UNIPROT:Q9BQB6:G71K
UNIPROT:Q9BQB6:S3F
UNIPROT:Q9BQB6:S3E
UNIPROT:Q9BQB6:G71I
UNIPROT:Q9BQB6:S3D
UNIPROT:Q9BQB6:G71H
UNIPROT:Q9BQB6:S3K
UNIPROT:Q9BQB6:G71G
UNIPROT:Q9BQB6:S3H
UNIPROT:Q9BQB6:R53Y
UNIPROT:Q9BQB6:R53T
UNIPROT:Q9BQB6:R53V
UNIPROT:Q9BQB6:N142G
UNIPROT:Q9BQB6:R53I
UNIPROT:Q9BQB6:N142E
UNIPROT:Q9BQB6:N142F
UNIPROT:Q9BQB6:R53D
UNIPROT:Q9BQB6:N142L
UNIPROT:Q9BQB6:R53E
UNIPROT:Q9BQB6:R53F
UNIPROT:Q9BQB6:R53Q
UNIPROT:Q9BQB6:R53R
UNIPROT:Q9BQB6:N142C
UNIPROT:Q9BQB6:R53M
UNIPROT:Q9BQB6:N142A
UNIPROT:Q9BQB6:R53N
UNIPROT:Q9BQB6:R53A
UNIPROT:Q9BQB6:C16I
UNIPROT:Q9BQB6:A102Q
UNIPROT:Q9BQB6:C16H
UNIPROT:Q9BQB6:C16E
UNIPROT:Q9BQB6:C16D
UNIPROT:Q9BQB6:A102R
UNIPROT:Q9BQB6:C16A
UNIPROT:Q9BQB6:A102Y
UNIPROT:Q9BQB6:C16C
UNIPROT:Q9BQB6:A102W
UNIPROT:Q9BQB6:A102A
UNIPROT:Q9BQB6:A102E
UNIPROT:Q9BQB6:C16T
UNIPROT:Q9BQB6:A102C
UNIPROT:Q9BQB6:C16V
UNIPROT:Q9BQB6:A102H
UNIPROT:Q9BQB6:C16Q
UNIPROT:Q9BQB6:A102I
UNIPROT:Q9BQB6:C16P
UNIPROT:Q9BQB6:A102F
UNIPROT:Q9BQB6:A102L
UNIPROT:Q9BQB6:C16M
UNIPROT:Q9BQB6:A102M
UNIPROT:Q9BQB6:C16L
UNIPROT:Q9BQB6:A102K
UNIPROT:Q9BQB6:C16N
UNIPROT:Q9BQB6:R98Y
UNIPROT:Q9BQB6:R98V
UNIPROT:Q9BQB6:G158H
UNIPROT:Q9BQB6:G158G
UNIPROT:Q9BQB6:G158F
UNIPROT:Q9BQB6:G158E
UNIPROT:Q9BQB6:G158P
UNIPROT:Q9BQB6:R98I
UNIPROT:Q9BQB6:G158N
UNIPROT:Q9BQB6:R98K
UNIPROT:Q9BQB6:G158M
UNIPROT:Q9BQB6:G158L
UNIPROT:Q9BQB6:R98E
UNIPROT:Q9BQB6:G158K
UNIPROT:Q9BQB6:R98F
UNIPROT:Q9BQB6:G158I
UNIPROT:Q9BQB6:R98H
UNIPROT:Q9BQB6:G158W
UNIPROT:Q9BQB6:R98R
UNIPROT:Q9BQB6:R98S
UNIPROT:Q9BQB6:R98T
UNIPROT:Q9BQB6:G158T
UNIPROT:Q9BQB6:R98M
UNIPROT:Q9BQB6:R98N
UNIPROT:Q9BQB6:G158Q
UNIPROT:Q9BQB6:R58E
UNIPROT:Q9BQB6:R58F
UNIPROT:Q9BQB6:V112Y
UNIPROT:Q9BQB6:R58H
UNIPROT:Q9BQB6:R58A
UNIPROT:Q9BQB6:R58C
UNIPROT:Q9BQB6:R58D
UNIPROT:Q9BQB6:V112S
UNIPROT:Q9BQB6:V112V
UNIPROT:Q9BQB6:I75K
UNIPROT:Q9BQB6:I75P
UNIPROT:Q9BQB6:I75Q
UNIPROT:Q9BQB6:I75R
UNIPROT:Q9BQB6:I75W
UNIPROT:Q9BQB6:I75Y
UNIPROT:Q9BQB6:I75A
UNIPROT:Q9BQB6:I75C
UNIPROT:Q9BQB6:I75D
UNIPROT:Q9BQB6:I75E
UNIPROT:Q9BQB6:I75G
UNIPROT:Q9BQB6:I75H
UNIPROT:Q9BQB6:I75I
UNIPROT:Q9BQB6:V112C
UNIPROT:Q9BQB6:V112D
UNIPROT:Q9BQB6:A140K
UNIPROT:Q9BQB6:A140H
UNIPROT:Q9BQB6:A140I
UNIPROT:Q9BQB6:A140N
UNIPROT:Q9BQB6:A140L
UNIPROT:Q9BQB6:A140M
UNIPROT:Q9BQB6:A140R
UNIPROT:Q9BQB6:A140Q
UNIPROT:Q9BQB6:A140W
UNIPROT:Q9BQB6:A140C
UNIPROT:Q9BQB6:A140A
UNIPROT:Q9BQB6:A140F
UNIPROT:Q9BQB6:A140E
UNIPROT:Q9BQB6:V118H
UNIPROT:Q9BQB6:V118M
UNIPROT:Q9BQB6:R12Y
UNIPROT:Q9BQB6:V118K
UNIPROT:Q9BQB6:V118E
UNIPROT:Q9BQB6:R12K
UNIPROT:Q9BQB6:R12M
UNIPROT:Q9BQB6:R12N
UNIPROT:Q9BQB6:R12H
UNIPROT:Q9BQB6:R12I
UNIPROT:Q9BQB6:R12S
UNIPROT:Q9BQB6:R12T
UNIPROT:Q9BQB6:R12V
UNIPROT:Q9BQB6:R12R
UNIPROT:Q9BQB6:R12C
UNIPROT:Q9BQB6:R12D
UNIPROT:Q9BQB6:R12E
UNIPROT:Q9BQB6:R12A
UNIPROT:Q9BQB6:R58Y
UNIPROT:Q9BQB6:R58N
UNIPROT:Q9BQB6:A140Y
UNIPROT:Q9BQB6:R58P
UNIPROT:Q9BQB6:R58I
UNIPROT:Q9BQB6:R58L
UNIPROT:Q9BQB6:R58V
UNIPROT:Q9BQB6:R58Q
UNIPROT:Q9BQB6:R58R
UNIPROT:Q9BQB6:R151I
UNIPROT:Q9BQB6:R151H
UNIPROT:Q9BQB6:R151M
UNIPROT:Q9BQB6:R151N
UNIPROT:Q9BQB6:R151K
UNIPROT:Q9BQB6:R151R
UNIPROT:Q9BQB6:R151V
UNIPROT:Q9BQB6:R151S
UNIPROT:Q9BQB6:R151T
UNIPROT:Q9BQB6:R151Y
UNIPROT:Q9BQB6:K159Y
UNIPROT:Q9BQB6:K159W
UNIPROT:Q9BQB6:K159V
UNIPROT:Q9BQB6:K159S
UNIPROT:Q9BQB6:K159P
UNIPROT:Q9BQB6:K159L
UNIPROT:Q9BQB6:K159I
UNIPROT:Q9BQB6:K159H
UNIPROT:Q9BQB6:K159G
UNIPROT:Q9BQB6:K159F
UNIPROT:Q9BQB6:K159D
UNIPROT:Q9BQB6:K159C
UNIPROT:Q9BQB6:K159A
UNIPROT:Q9BQB6:R151A
UNIPROT:Q9BQB6:R151E
UNIPROT:Q9BQB6:R151F
UNIPROT:Q9BQB6:R151C
UNIPROT:Q9BQB6:R151D
UNIPROT:Q9BQB6:V118Y
UNIPROT:Q9BQB6:V118V
UNIPROT:Q9BQB6:V118W
UNIPROT:Q9BQB6:V118P
UNIPROT:Q9BQB6:V118Q
UNIPROT:Q9BQB6:V118N
UNIPROT:Q9BQB6:V118T
UNIPROT:Q9BQB6:V118R
UNIPROT:Q9BQB6:V118S
UNIPROT:Q9BQB6:L148Y
UNIPROT:Q9BQB6:L148W
UNIPROT:Q9BQB6:L42N
UNIPROT:Q9BQB6:L42T
UNIPROT:Q9BQB6:L42S
UNIPROT:Q9BQB6:L42Y
UNIPROT:Q9BQB6:L42A
UNIPROT:Q9BQB6:L42D
UNIPROT:Q9BQB6:L42E
UNIPROT:Q9BQB6:L42G
UNIPROT:Q9BQB6:L42L
UNIPROT:Q9BQB6:L42M
UNIPROT:Q9BQB6:A41R
UNIPROT:Q9BQB6:L148A
UNIPROT:Q9BQB6:L148D
UNIPROT:Q9BQB6:G19P
UNIPROT:Q9BQB6:L148C
UNIPROT:Q9BQB6:G19N
UNIPROT:Q9BQB6:V54Y
UNIPROT:Q9BQB6:G19L
UNIPROT:Q9BQB6:G19K
UNIPROT:Q9BQB6:G19H
UNIPROT:Q9BQB6:G19G
UNIPROT:Q9BQB6:G19E
UNIPROT:Q9BQB6:L148Q
UNIPROT:Q9BQB6:V54P
UNIPROT:Q9BQB6:L148T
UNIPROT:Q9BQB6:V54M
UNIPROT:Q9BQB6:A41Q
UNIPROT:Q9BQB6:L148S
UNIPROT:Q9BQB6:V54N
UNIPROT:Q9BQB6:L148N
UNIPROT:Q9BQB6:V54K
UNIPROT:Q9BQB6:L148M
UNIPROT:Q9BQB6:A41M
UNIPROT:Q9BQB6:A41L
UNIPROT:Q9BQB6:A41F
UNIPROT:Q9BQB6:G19Y
UNIPROT:Q9BQB6:L148L
UNIPROT:Q9BQB6:L148K
UNIPROT:Q9BQB6:V54V
UNIPROT:Q9BQB6:V54S
UNIPROT:Q9BQB6:L148E
UNIPROT:Q9BQB6:V54T
UNIPROT:Q9BQB6:V54Q
UNIPROT:Q9BQB6:G19T
UNIPROT:Q9BQB6:L148G
UNIPROT:Q9BQB6:V54R
UNIPROT:Q9BQB6:A41D
UNIPROT:Q9BQB6:A48F
UNIPROT:Q9BQB6:A48E
UNIPROT:Q9BQB6:L145A
UNIPROT:Q9BQB6:A48H
UNIPROT:Q9BQB6:A48A
UNIPROT:Q9BQB6:A48C
UNIPROT:Q9BQB6:L145N
UNIPROT:Q9BQB6:A48W
UNIPROT:Q9BQB6:L145K
UNIPROT:Q9BQB6:R100A
UNIPROT:Q9BQB6:A48R
UNIPROT:Q9BQB6:A48Q
UNIPROT:Q9BQB6:L145L
UNIPROT:Q9BQB6:L145G
UNIPROT:Q9BQB6:R100E
UNIPROT:Q9BQB6:A48N
UNIPROT:Q9BQB6:L145F
UNIPROT:Q9BQB6:A48M
UNIPROT:Q9BQB6:L145I
UNIPROT:Q9BQB6:R100D
UNIPROT:Q9BQB6:L145C
UNIPROT:Q9BQB6:R100I
UNIPROT:Q9BQB6:A48I
UNIPROT:Q9BQB6:L145E
UNIPROT:Q9BQB6:A48L
UNIPROT:Q9BQB6:L145D
UNIPROT:Q9BQB6:A48K
UNIPROT:Q9BQB6:L145W
UNIPROT:Q9BQB6:L145Y
UNIPROT:Q9BQB6:L145S
UNIPROT:Q9BQB6:L145T
UNIPROT:Q9BQB6:V11Q
UNIPROT:Q9BQB6:V11N
UNIPROT:Q9BQB6:V11K
UNIPROT:Q9BQB6:V11Y
UNIPROT:Q9BQB6:V11V
UNIPROT:Q9BQB6:V11W
UNIPROT:Q9BQB6:V11T
UNIPROT:Q9BQB6:V11R
UNIPROT:Q9BQB6:V11S
UNIPROT:Q9BQB6:R100M
UNIPROT:Q9BQB6:R100N
UNIPROT:Q9BQB6:R100K
UNIPROT:Q9BQB6:R100R
UNIPROT:Q9BQB6:V11H
UNIPROT:Q9BQB6:R100V
UNIPROT:Q9BQB6:V11I
UNIPROT:Q9BQB6:V11F
UNIPROT:Q9BQB6:R100T
UNIPROT:Q9BQB6:V11D
UNIPROT:Q9BQB6:V11C
UNIPROT:Q9BQB6:Q72T
UNIPROT:Q9BQB6:Q72V
UNIPROT:Q9BQB6:Q72S
UNIPROT:Q9BQB6:Q72Y
UNIPROT:Q9BQB6:Q72D
UNIPROT:Q9BQB6:Y139A
UNIPROT:Q9BQB6:Q72G
UNIPROT:Q9BQB6:Q72A
UNIPROT:Q9BQB6:Q72C
UNIPROT:Q9BQB6:Y139G
UNIPROT:Q9BQB6:Q72M
UNIPROT:Q9BQB6:Y139I
UNIPROT:Q9BQB6:Q72N
UNIPROT:Q9BQB6:Q72I
UNIPROT:Q9BQB6:Y139E
UNIPROT:Q9BQB6:Y139Q
UNIPROT:Q9BQB6:Y139K
UNIPROT:Q9BQB6:Y139M
UNIPROT:Q9BQB6:Y139L
UNIPROT:Q9BQB6:Y139W
UNIPROT:Q9BQB6:Y139V
UNIPROT:Q9BQB6:G116I
UNIPROT:Q9BQB6:G116H
UNIPROT:Q9BQB6:G116G
UNIPROT:Q9BQB6:G116F
UNIPROT:Q9BQB6:Y139R
UNIPROT:Q9BQB6:G116E
UNIPROT:Q9BQB6:Y139T
UNIPROT:Q9BQB6:G116Q
UNIPROT:Q9BQB6:G116P
UNIPROT:Q9BQB6:G116N
UNIPROT:Q9BQB6:G116M
UNIPROT:Q9BQB6:G116L
UNIPROT:Q9BQB6:G116K
UNIPROT:Q9BQB6:G116Y
UNIPROT:Q9BQB6:G116W
UNIPROT:Q9BQB6:G116T
UNIPROT:Q9BQB6:K161Y
UNIPROT:Q9BQB6:K161W
UNIPROT:Q9BQB6:K161V
UNIPROT:Q9BQB6:K161S
UNIPROT:Q9BQB6:F131W
UNIPROT:Q9BQB6:K161P
UNIPROT:Q9BQB6:K161L
UNIPROT:Q9BQB6:F131N
UNIPROT:Q9BQB6:F131M
UNIPROT:Q9BQB6:F131P
UNIPROT:Q9BQB6:K161I
UNIPROT:Q9BQB6:K161H
UNIPROT:Q9BQB6:F131R
UNIPROT:Q9BQB6:K161G
UNIPROT:Q9BQB6:F131Q
UNIPROT:Q9BQB6:K161F
UNIPROT:Q9BQB6:F131T
UNIPROT:Q9BQB6:K161D
UNIPROT:Q9BQB6:F131F
UNIPROT:Q9BQB6:K161C
UNIPROT:Q9BQB6:F131E
UNIPROT:Q9BQB6:F131H
UNIPROT:Q9BQB6:K161A
UNIPROT:Q9BQB6:F131G
UNIPROT:Q9BQB6:A48Y
UNIPROT:Q9BQB6:F131K
UNIPROT:Q9BQB6:F131A
UNIPROT:Q9BQB6:F131D
UNIPROT:Q9BQB6:G62F
UNIPROT:Q9BQB6:Y25G
UNIPROT:Q9BQB6:G62E
UNIPROT:Q9BQB6:R61V
UNIPROT:Q9BQB6:Y25E
UNIPROT:Q9BQB6:V153C
UNIPROT:Q9BQB6:R61Q
UNIPROT:Q9BQB6:R61R
UNIPROT:Q9BQB6:Y25A
UNIPROT:Q9BQB6:G158Y
UNIPROT:Q9BQB6:Y25L
UNIPROT:Q9BQB6:R61Y
UNIPROT:Q9BQB6:Y25K
UNIPROT:Q9BQB6:Y25I
UNIPROT:Q9BQB6:R61E
UNIPROT:Q9BQB6:R61F
UNIPROT:Q9BQB6:G62T
UNIPROT:Q9BQB6:R61H
UNIPROT:Q9BQB6:R61A
UNIPROT:Q9BQB6:G62Q
UNIPROT:Q9BQB6:G62P
UNIPROT:Q9BQB6:R61C
UNIPROT:Q9BQB6:R61D
UNIPROT:Q9BQB6:G62N
UNIPROT:Q9BQB6:R61N
UNIPROT:Q9BQB6:G62L
UNIPROT:Q9BQB6:G62K
UNIPROT:Q9BQB6:R61P
UNIPROT:Q9BQB6:R61I
UNIPROT:Q9BQB6:G62I
UNIPROT:Q9BQB6:G62H
UNIPROT:Q9BQB6:G62G
UNIPROT:Q9BQB6:R61L
UNIPROT:Q9BQB6:D130S
UNIPROT:Q9BQB6:D130R
UNIPROT:Q9BQB6:D130T
UNIPROT:Q9BQB6:D130Q
UNIPROT:Q9BQB6:D130P
UNIPROT:Q9BQB6:D130K
UNIPROT:Q9BQB6:V153W
UNIPROT:Q9BQB6:D130M
UNIPROT:Q9BQB6:D130L
UNIPROT:Q9BQB6:V153V
UNIPROT:Q9BQB6:G60Y
UNIPROT:Q9BQB6:D130F
UNIPROT:Q9BQB6:G60W
UNIPROT:Q9BQB6:D130I
UNIPROT:Q9BQB6:V153Y
UNIPROT:Q9BQB6:D130C
UNIPROT:Q9BQB6:V153P
UNIPROT:Q9BQB6:V153M
UNIPROT:Q9BQB6:V153N
UNIPROT:Q9BQB6:V153S
UNIPROT:Q9BQB6:V153T
UNIPROT:Q9BQB6:V153R
UNIPROT:Q9BQB6:V153H
UNIPROT:Q9BQB6:V153E
UNIPROT:Q9BQB6:V153K
UNIPROT:Q9BQB6:G60T
UNIPROT:Q9BQB6:G60Q
UNIPROT:Q9BQB6:G60P
UNIPROT:Q9BQB6:G60N
UNIPROT:Q9BQB6:G60M
UNIPROT:Q9BQB6:G60L
UNIPROT:Q9BQB6:G60K
UNIPROT:Q9BQB6:G60I
UNIPROT:Q9BQB6:G60H
UNIPROT:Q9BQB6:G60G
UNIPROT:Q9BQB6:G60F
UNIPROT:Q9BQB6:G60E
UNIPROT:Q9BQB6:E155C
UNIPROT:Q9BQB6:N142V
UNIPROT:Q9BQB6:E155E
UNIPROT:Q9BQB6:N142P
UNIPROT:Q9BQB6:N142M
UNIPROT:Q9BQB6:N142N
UNIPROT:Q9BQB6:N142Q
UNIPROT:Q9BQB6:N142R
UNIPROT:Q9BQB6:E155S
UNIPROT:Q9BQB6:E155R
UNIPROT:Q9BQB6:E155T
UNIPROT:Q9BQB6:E155I
UNIPROT:Q9BQB6:E155H
UNIPROT:Q9BQB6:E155N
UNIPROT:Q9BQB6:E155M
Total 1953 SNP(s) are not found.
