UNIPROT:P51681:L205E
UNIPROT:P51681:L205F
UNIPROT:P51681:L205C
UNIPROT:P51681:L205D
UNIPROT:P51681:L205A
UNIPROT:P51681:L205N
UNIPROT:P51681:L205K
UNIPROT:P51681:L205I
UNIPROT:P51681:L205G
UNIPROT:P51681:L205H
UNIPROT:P51681:L205S
UNIPROT:P51681:L205T
UNIPROT:P51681:L205Y
UNIPROT:P51681:L205W
UNIPROT:P51681:L207G
UNIPROT:P51681:L70E
UNIPROT:P51681:L207H
UNIPROT:P51681:Y244I
UNIPROT:P51681:L207E
UNIPROT:P51681:Y244L
UNIPROT:P51681:L70G
UNIPROT:P51681:L207F
UNIPROT:P51681:Y244K
UNIPROT:P51681:L207C
UNIPROT:P51681:L70A
UNIPROT:P51681:L207D
UNIPROT:P51681:Y244E
UNIPROT:P51681:L70D
UNIPROT:P51681:L207A
UNIPROT:P51681:L70C
UNIPROT:P51681:Y244G
UNIPROT:P51681:L70N
UNIPROT:P51681:L70M
UNIPROT:P51681:Y244A
UNIPROT:P51681:L207N
UNIPROT:P51681:L207K
UNIPROT:P51681:L207I
UNIPROT:P51681:L70K
UNIPROT:P51681:L207W
UNIPROT:P51681:L207S
UNIPROT:P51681:L207T
UNIPROT:P51681:P162Y
UNIPROT:P51681:P162W
UNIPROT:P51681:L208A
UNIPROT:P51681:P162V
UNIPROT:P51681:L207Y
UNIPROT:P51681:L70W
UNIPROT:P51681:Y244V
UNIPROT:P51681:L70Q
UNIPROT:P51681:L70T
UNIPROT:P51681:L70S
UNIPROT:P51681:Y244W
UNIPROT:P51681:Y244R
UNIPROT:P51681:Y244Q
UNIPROT:P51681:Y244T
UNIPROT:P51681:L70Y
UNIPROT:P51681:Y244M
UNIPROT:P51681:Y244P
UNIPROT:P51681:Q102C
UNIPROT:P51681:Q102D
UNIPROT:P51681:Q102A
UNIPROT:P51681:Q102S
UNIPROT:P51681:F109H
UNIPROT:P51681:Q102T
UNIPROT:P51681:F109K
UNIPROT:P51681:Q102N
UNIPROT:P51681:F109M
UNIPROT:P51681:F109N
UNIPROT:P51681:F109P
UNIPROT:P51681:Q102M
UNIPROT:P51681:F109R
UNIPROT:P51681:Q102F
UNIPROT:P51681:Q102G
UNIPROT:P51681:F109T
UNIPROT:P51681:F109W
UNIPROT:P51681:Q102I
UNIPROT:P51681:L208G
UNIPROT:P51681:L208D
UNIPROT:P51681:L208E
UNIPROT:P51681:L208C
UNIPROT:P51681:L208Q
UNIPROT:P51681:L208N
UNIPROT:P51681:L208M
UNIPROT:P51681:L208K
UNIPROT:P51681:L208Y
UNIPROT:P51681:L208W
UNIPROT:P51681:L208T
UNIPROT:P51681:L208S
UNIPROT:P51681:F109A
UNIPROT:P51681:F109E
UNIPROT:P51681:F109D
UNIPROT:P51681:F109G
UNIPROT:P51681:H289M
UNIPROT:P51681:S149A
UNIPROT:P51681:H289K
UNIPROT:P51681:H289I
UNIPROT:P51681:S149D
UNIPROT:P51681:S149E
UNIPROT:P51681:H289G
UNIPROT:P51681:S149F
UNIPROT:P51681:H289E
UNIPROT:P51681:H289F
UNIPROT:P51681:H289C
UNIPROT:P51681:H289A
UNIPROT:P51681:S149P
UNIPROT:P51681:S149Q
UNIPROT:P51681:H289W
UNIPROT:P51681:S149V
UNIPROT:P51681:S149H
UNIPROT:P51681:H289V
UNIPROT:P51681:H289S
UNIPROT:P51681:H289T
UNIPROT:P51681:S149K
UNIPROT:P51681:S149L
UNIPROT:P51681:S149M
UNIPROT:P51681:S149W
UNIPROT:P51681:S149Y
UNIPROT:P51681:L201A
UNIPROT:P51681:P294N
UNIPROT:P51681:P294M
UNIPROT:P51681:P294K
UNIPROT:P51681:P294I
UNIPROT:P51681:L201I
UNIPROT:P51681:P294G
UNIPROT:P51681:L201G
UNIPROT:P51681:P294F
UNIPROT:P51681:L201H
UNIPROT:P51681:P294E
UNIPROT:P51681:L201E
UNIPROT:P51681:P294D
UNIPROT:P51681:P294C
UNIPROT:P51681:L201C
UNIPROT:P51681:L201D
UNIPROT:P51681:L201Q
UNIPROT:P51681:T340V
UNIPROT:P51681:L201R
UNIPROT:P51681:L201P
UNIPROT:P51681:T340R
UNIPROT:P51681:L201N
UNIPROT:P51681:T340Q
UNIPROT:P51681:L201K
UNIPROT:P51681:L201Y
UNIPROT:P51681:T340Y
UNIPROT:P51681:L201T
UNIPROT:P51681:T340W
UNIPROT:P51681:P162M
UNIPROT:P51681:P162N
UNIPROT:P51681:P162K
UNIPROT:P51681:P162I
UNIPROT:P51681:P162G
UNIPROT:P51681:P162H
UNIPROT:P51681:P162E
UNIPROT:P51681:P162F
UNIPROT:P51681:P162C
UNIPROT:P51681:P162D
UNIPROT:P51681:P294Y
UNIPROT:P51681:P294W
UNIPROT:P51681:P294V
UNIPROT:P51681:P294Q
UNIPROT:P51681:L203C
UNIPROT:P51681:L203D
UNIPROT:P51681:T343H
UNIPROT:P51681:L203A
UNIPROT:P51681:T343G
UNIPROT:P51681:T343F
UNIPROT:P51681:T343E
UNIPROT:P51681:T343D
UNIPROT:P51681:T343C
UNIPROT:P51681:L203K
UNIPROT:P51681:T343Q
UNIPROT:P51681:L203I
UNIPROT:P51681:L203G
UNIPROT:P51681:T343M
UNIPROT:P51681:L203H
UNIPROT:P51681:T343L
UNIPROT:P51681:L203E
UNIPROT:P51681:T343K
UNIPROT:P51681:L203F
UNIPROT:P51681:L203S
UNIPROT:P51681:L203T
UNIPROT:P51681:L203N
UNIPROT:P51681:L203Y
UNIPROT:P51681:L203W
UNIPROT:P51681:K138W
UNIPROT:P51681:K138Y
UNIPROT:P51681:K138P
UNIPROT:P51681:K138S
UNIPROT:P51681:K138V
UNIPROT:P51681:K138G
UNIPROT:P51681:T343Y
UNIPROT:P51681:K138H
UNIPROT:P51681:T343W
UNIPROT:P51681:T343V
UNIPROT:P51681:K138L
UNIPROT:P51681:K138M
UNIPROT:P51681:T343R
UNIPROT:P51681:K138A
UNIPROT:P51681:K138C
UNIPROT:P51681:K138D
UNIPROT:P51681:K138F
UNIPROT:P51681:S271V
UNIPROT:P51681:S271W
UNIPROT:P51681:S271Y
UNIPROT:P51681:S271M
UNIPROT:P51681:S271P
UNIPROT:P51681:S271Q
UNIPROT:P51681:S272G
UNIPROT:P51681:S272I
UNIPROT:P51681:S272H
UNIPROT:P51681:S272K
UNIPROT:P51681:S272M
UNIPROT:P51681:S272L
UNIPROT:P51681:S272E
UNIPROT:P51681:S272D
UNIPROT:P51681:S272W
UNIPROT:P51681:S272V
UNIPROT:P51681:S272N
UNIPROT:P51681:S272Q
UNIPROT:P51681:S272R
UNIPROT:P51681:I217W
UNIPROT:P51681:I217Y
UNIPROT:P51681:I217P
UNIPROT:P51681:I217Q
UNIPROT:P51681:I217R
UNIPROT:P51681:I217K
UNIPROT:P51681:I217G
UNIPROT:P51681:I217H
UNIPROT:P51681:I217C
UNIPROT:P51681:I217D
UNIPROT:P51681:I217E
UNIPROT:P51681:T340F
UNIPROT:P51681:T340E
UNIPROT:P51681:I217A
UNIPROT:P51681:T340D
UNIPROT:P51681:T340C
UNIPROT:P51681:T340M
UNIPROT:P51681:T340L
UNIPROT:P51681:T340K
UNIPROT:P51681:T340H
UNIPROT:P51681:T340G
UNIPROT:P51681:I348W
UNIPROT:P51681:I348Y
UNIPROT:P51681:I348S
UNIPROT:P51681:I348N
UNIPROT:P51681:I348P
UNIPROT:P51681:I348Q
UNIPROT:P51681:I348F
UNIPROT:P51681:I348G
UNIPROT:P51681:I348H
UNIPROT:P51681:I348C
UNIPROT:P51681:I348D
UNIPROT:P51681:I348E
UNIPROT:P51681:I348A
UNIPROT:P51681:L69K
UNIPROT:P51681:L69N
UNIPROT:P51681:L69W
UNIPROT:P51681:L69Y
UNIPROT:P51681:L69T
UNIPROT:P51681:L69S
UNIPROT:P51681:A335D
UNIPROT:P51681:A335F
UNIPROT:P51681:L69A
UNIPROT:P51681:A335C
UNIPROT:P51681:L69H
UNIPROT:P51681:L69G
UNIPROT:P51681:L69I
UNIPROT:P51681:L69D
UNIPROT:P51681:L69C
UNIPROT:P51681:L69F
UNIPROT:P51681:L69E
UNIPROT:P51681:A335W
UNIPROT:P51681:P8M
UNIPROT:P51681:A335Q
UNIPROT:P51681:A335R
UNIPROT:P51681:P8N
UNIPROT:P51681:P8Y
UNIPROT:P51681:A335L
UNIPROT:P51681:A335M
UNIPROT:P51681:A335N
UNIPROT:P51681:A335H
UNIPROT:P51681:A335I
UNIPROT:P51681:P8W
UNIPROT:P51681:P8V
UNIPROT:P51681:A335K
UNIPROT:P51681:S270E
UNIPROT:P51681:S270D
UNIPROT:P51681:P8C
UNIPROT:P51681:S270F
UNIPROT:P51681:S270H
UNIPROT:P51681:S270K
UNIPROT:P51681:P8I
UNIPROT:P51681:P8H
UNIPROT:P51681:P8K
UNIPROT:P51681:P8E
UNIPROT:P51681:S270A
UNIPROT:P51681:P8D
UNIPROT:P51681:A335Y
UNIPROT:P51681:P8G
UNIPROT:P51681:P8F
UNIPROT:P51681:S270W
UNIPROT:P51681:S270V
UNIPROT:P51681:S270Y
UNIPROT:P51681:I212W
UNIPROT:P51681:I212Y
UNIPROT:P51681:I212R
UNIPROT:P51681:S270M
UNIPROT:P51681:S270L
UNIPROT:P51681:S270Q
UNIPROT:P51681:S270P
UNIPROT:P51681:I212P
UNIPROT:P51681:I212Q
UNIPROT:P51681:S271F
UNIPROT:P51681:I212K
UNIPROT:P51681:S271E
UNIPROT:P51681:S271H
UNIPROT:P51681:I212G
UNIPROT:P51681:I212H
UNIPROT:P51681:S271L
UNIPROT:P51681:S271K
UNIPROT:P51681:I212C
UNIPROT:P51681:I212D
UNIPROT:P51681:I212E
UNIPROT:P51681:S271A
UNIPROT:P51681:S271D
UNIPROT:P51681:I212A
UNIPROT:P51681:F238W
UNIPROT:P51681:F238G
UNIPROT:P51681:F238H
UNIPROT:P51681:F238E
UNIPROT:P51681:F238K
UNIPROT:P51681:F238P
UNIPROT:P51681:F238M
UNIPROT:P51681:F238N
UNIPROT:P51681:Y108T
UNIPROT:P51681:F238T
UNIPROT:P51681:Y108W
UNIPROT:P51681:F238Q
UNIPROT:P51681:Y108V
UNIPROT:P51681:F238R
UNIPROT:P51681:V254R
UNIPROT:P51681:V254Q
UNIPROT:P51681:V254P
UNIPROT:P51681:V254T
UNIPROT:P51681:V254S
UNIPROT:P51681:V254Y
UNIPROT:P51681:V254W
UNIPROT:P51681:Y108Q
UNIPROT:P51681:Y108P
UNIPROT:P51681:G301C
UNIPROT:P51681:Y108R
UNIPROT:P51681:G301D
UNIPROT:P51681:Y108M
UNIPROT:P51681:Y108L
UNIPROT:P51681:V254E
UNIPROT:P51681:G301F
UNIPROT:P51681:V254C
UNIPROT:P51681:G301H
UNIPROT:P51681:Y108I
UNIPROT:P51681:G301I
UNIPROT:P51681:Y108K
UNIPROT:P51681:G301K
UNIPROT:P51681:G301L
UNIPROT:P51681:Y108E
UNIPROT:P51681:G301M
UNIPROT:P51681:F238D
UNIPROT:P51681:V254M
UNIPROT:P51681:G301N
UNIPROT:P51681:Y108G
UNIPROT:P51681:F238A
UNIPROT:P51681:V254K
UNIPROT:P51681:G301P
UNIPROT:P51681:Y108A
UNIPROT:P51681:G301Q
UNIPROT:P51681:G301S
UNIPROT:P51681:G301T
UNIPROT:P51681:G301Y
UNIPROT:P51681:L61H
UNIPROT:P51681:L61G
UNIPROT:P51681:L61I
UNIPROT:P51681:L61D
UNIPROT:P51681:L61C
UNIPROT:P51681:L61F
UNIPROT:P51681:L61E
UNIPROT:P51681:L61K
UNIPROT:P51681:L61N
UNIPROT:P51681:L61A
UNIPROT:P51681:L61W
UNIPROT:P51681:L61Y
UNIPROT:P51681:L61T
UNIPROT:P51681:L61S
UNIPROT:P51681:C269M
UNIPROT:P51681:C269L
UNIPROT:P51681:C269K
UNIPROT:P51681:C269I
UNIPROT:P51681:C269H
UNIPROT:P51681:C269T
UNIPROT:P51681:C269Q
UNIPROT:P51681:C269P
UNIPROT:P51681:C269N
UNIPROT:P51681:C269V
UNIPROT:P51681:E18H
UNIPROT:P51681:E18I
UNIPROT:P51681:E18N
UNIPROT:P51681:E18L
UNIPROT:P51681:E18M
UNIPROT:P51681:E18R
UNIPROT:P51681:E18S
UNIPROT:P51681:E18P
UNIPROT:P51681:E18W
UNIPROT:P51681:E18T
UNIPROT:P51681:C269E
UNIPROT:P51681:E18C
UNIPROT:P51681:C269D
UNIPROT:P51681:E18F
UNIPROT:P51681:C269A
UNIPROT:P51681:P19C
UNIPROT:P51681:E18Y
UNIPROT:P51681:L218G
UNIPROT:P51681:L218H
UNIPROT:P51681:P19Y
UNIPROT:P51681:L218E
UNIPROT:P51681:L218F
UNIPROT:P51681:P19W
UNIPROT:P51681:L218C
UNIPROT:P51681:P19V
UNIPROT:P51681:L218D
UNIPROT:P51681:L218A
UNIPROT:P51681:L218M
UNIPROT:P51681:L218N
UNIPROT:P51681:L218K
UNIPROT:P51681:P19K
UNIPROT:P51681:L218W
UNIPROT:P51681:P19I
UNIPROT:P51681:P19G
UNIPROT:P51681:L218S
UNIPROT:P51681:P19F
UNIPROT:P51681:L218T
UNIPROT:P51681:P19E
UNIPROT:P51681:P19D
UNIPROT:P51681:P19Q
UNIPROT:P51681:P19N
UNIPROT:P51681:P19M
UNIPROT:P51681:L218Y
UNIPROT:P51681:F45T
UNIPROT:P51681:F45W
UNIPROT:P51681:Y251V
UNIPROT:P51681:Y251W
UNIPROT:P51681:Y251R
UNIPROT:P51681:Y251Q
UNIPROT:P51681:Y251T
UNIPROT:P51681:Y251M
UNIPROT:P51681:Y251P
UNIPROT:P51681:Y251I
UNIPROT:P51681:Y251L
UNIPROT:P51681:Y251K
UNIPROT:P51681:F41R
UNIPROT:P51681:F41Q
UNIPROT:P51681:F41P
UNIPROT:P51681:F41T
UNIPROT:P51681:F41W
UNIPROT:P51681:F43D
UNIPROT:P51681:Y251E
UNIPROT:P51681:F43A
UNIPROT:P51681:Y251G
UNIPROT:P51681:F43H
UNIPROT:P51681:F43G
UNIPROT:P51681:Y251A
UNIPROT:P51681:F43E
UNIPROT:P51681:F43K
UNIPROT:P51681:F43P
UNIPROT:P51681:F43N
UNIPROT:P51681:F43M
UNIPROT:P51681:F43T
UNIPROT:P51681:F43R
UNIPROT:P51681:F43Q
UNIPROT:P51681:F43W
UNIPROT:P51681:F45E
UNIPROT:P51681:F45D
UNIPROT:P51681:F45H
UNIPROT:P51681:F45G
UNIPROT:P51681:F45N
UNIPROT:P51681:F45M
UNIPROT:P51681:F45K
UNIPROT:P51681:F45R
UNIPROT:P51681:F45Q
UNIPROT:P51681:F45P
UNIPROT:P51681:F45A
UNIPROT:P51681:T220G
UNIPROT:P51681:T220F
UNIPROT:P51681:T220E
UNIPROT:P51681:T220D
UNIPROT:P51681:T220C
UNIPROT:P51681:T220M
UNIPROT:P51681:T220L
UNIPROT:P51681:T220K
UNIPROT:P51681:T220H
UNIPROT:P51681:T220W
UNIPROT:P51681:T220V
UNIPROT:P51681:T220R
UNIPROT:P51681:T220Q
UNIPROT:P51681:T220Y
UNIPROT:P51681:F41A
UNIPROT:P51681:F41E
UNIPROT:P51681:F41D
UNIPROT:P51681:F41H
UNIPROT:P51681:F41G
UNIPROT:P51681:F41N
UNIPROT:P51681:F41M
UNIPROT:P51681:F41K
UNIPROT:P51681:Q4N
UNIPROT:P51681:Q4M
UNIPROT:P51681:N258A
UNIPROT:P51681:Q4G
UNIPROT:P51681:Q4I
UNIPROT:P51681:Q4T
UNIPROT:P51681:N258E
UNIPROT:P51681:Q4S
UNIPROT:P51681:N258F
UNIPROT:P51681:Q4V
UNIPROT:P51681:N258C
UNIPROT:P51681:N258G
UNIPROT:P51681:N258M
UNIPROT:P51681:N258L
UNIPROT:P51681:N258Q
UNIPROT:P51681:N258R
UNIPROT:P51681:N258P
UNIPROT:P51681:Q4D
UNIPROT:P51681:Q4C
UNIPROT:P51681:N258V
UNIPROT:P51681:Q4F
UNIPROT:P51681:N258W
UNIPROT:P51681:Q4A
UNIPROT:P51681:Q4W
UNIPROT:P51681:Q4Y
UNIPROT:P51681:L55Y
UNIPROT:P51681:K22W
UNIPROT:P51681:K22Y
UNIPROT:P51681:V134S
UNIPROT:P51681:V134R
UNIPROT:P51681:V134Q
UNIPROT:P51681:V134P
UNIPROT:P51681:V134W
UNIPROT:P51681:V134T
UNIPROT:P51681:V134Y
UNIPROT:P51681:V25C
UNIPROT:P51681:V25D
UNIPROT:P51681:K26P
UNIPROT:P51681:K26L
UNIPROT:P51681:V25W
UNIPROT:P51681:E172F
UNIPROT:P51681:K26W
UNIPROT:P51681:K26Y
UNIPROT:P51681:E172C
UNIPROT:P51681:K26S
UNIPROT:P51681:E172I
UNIPROT:P51681:V25Y
UNIPROT:P51681:K26V
UNIPROT:P51681:E172H
UNIPROT:P51681:E172N
UNIPROT:P51681:V25P
UNIPROT:P51681:E172M
UNIPROT:P51681:E172L
UNIPROT:P51681:V25N
UNIPROT:P51681:K26A
UNIPROT:P51681:V25S
UNIPROT:P51681:E172R
UNIPROT:P51681:V25T
UNIPROT:P51681:V25Q
UNIPROT:P51681:E172P
UNIPROT:P51681:V25R
UNIPROT:P51681:K26H
UNIPROT:P51681:V25H
UNIPROT:P51681:K26G
UNIPROT:P51681:E172T
UNIPROT:P51681:V25F
UNIPROT:P51681:K26I
UNIPROT:P51681:E172S
UNIPROT:P51681:V25K
UNIPROT:P51681:K26D
UNIPROT:P51681:K26C
UNIPROT:P51681:E172Y
UNIPROT:P51681:V25I
UNIPROT:P51681:K26F
UNIPROT:P51681:E172W
UNIPROT:P51681:F117W
UNIPROT:P51681:F118A
UNIPROT:P51681:F118E
UNIPROT:P51681:F118D
UNIPROT:P51681:V131P
UNIPROT:P51681:F117H
UNIPROT:P51681:V131N
UNIPROT:P51681:F117G
UNIPROT:P51681:V131M
UNIPROT:P51681:V131T
UNIPROT:P51681:V131S
UNIPROT:P51681:V131R
UNIPROT:P51681:F117K
UNIPROT:P51681:V131Q
UNIPROT:P51681:F117N
UNIPROT:P51681:F117M
UNIPROT:P51681:V131W
UNIPROT:P51681:F117P
UNIPROT:P51681:F117R
UNIPROT:P51681:F117Q
UNIPROT:P51681:F117T
UNIPROT:P51681:V131Y
UNIPROT:P51681:L53K
UNIPROT:P51681:F118W
UNIPROT:P51681:L53M
UNIPROT:P51681:L53G
UNIPROT:P51681:V131C
UNIPROT:P51681:L53S
UNIPROT:P51681:L53T
UNIPROT:P51681:V131E
UNIPROT:P51681:L53N
UNIPROT:P51681:V131K
UNIPROT:P51681:L53Q
UNIPROT:P51681:F118G
UNIPROT:P51681:V130N
UNIPROT:P51681:V130M
UNIPROT:P51681:F118H
UNIPROT:P51681:F118K
UNIPROT:P51681:V130S
UNIPROT:P51681:V130R
UNIPROT:P51681:F118M
UNIPROT:P51681:V130Q
UNIPROT:P51681:V130P
UNIPROT:P51681:L53C
UNIPROT:P51681:V130W
UNIPROT:P51681:F118N
UNIPROT:P51681:L53E
UNIPROT:P51681:F118Q
UNIPROT:P51681:L53D
UNIPROT:P51681:F118P
UNIPROT:P51681:V130T
UNIPROT:P51681:F118R
UNIPROT:P51681:L53A
UNIPROT:P51681:V130Y
UNIPROT:P51681:F118T
UNIPROT:P51681:V134C
UNIPROT:P51681:V134F
UNIPROT:P51681:V134D
UNIPROT:P51681:V134K
UNIPROT:P51681:V134I
UNIPROT:P51681:V134H
UNIPROT:P51681:V134N
UNIPROT:P51681:L53W
UNIPROT:P51681:L53Y
UNIPROT:P51681:K22L
UNIPROT:P51681:K22M
UNIPROT:P51681:L55N
UNIPROT:P51681:K22H
UNIPROT:P51681:L55I
UNIPROT:P51681:K22G
UNIPROT:P51681:L55H
UNIPROT:P51681:L55K
UNIPROT:P51681:K22S
UNIPROT:P51681:L55T
UNIPROT:P51681:K22V
UNIPROT:P51681:L55W
UNIPROT:P51681:K22P
UNIPROT:P51681:Q102V
UNIPROT:P51681:Q102W
UNIPROT:P51681:F117A
UNIPROT:P51681:L55S
UNIPROT:P51681:F117D
UNIPROT:P51681:Q102Y
UNIPROT:P51681:K22D
UNIPROT:P51681:L55E
UNIPROT:P51681:K22C
UNIPROT:P51681:L55D
UNIPROT:P51681:K22F
UNIPROT:P51681:L55G
UNIPROT:P51681:L55F
UNIPROT:P51681:L55A
UNIPROT:P51681:L55C
UNIPROT:P51681:K22A
UNIPROT:P51681:F113R
UNIPROT:P51681:F113Q
UNIPROT:P51681:F113T
UNIPROT:P51681:F113W
UNIPROT:P51681:F247A
UNIPROT:P51681:F113A
UNIPROT:P51681:F113D
UNIPROT:P51681:F113E
UNIPROT:P51681:F113H
UNIPROT:P51681:F113G
UNIPROT:P51681:F113K
UNIPROT:P51681:F113N
UNIPROT:P51681:F113M
UNIPROT:P51681:F113P
UNIPROT:P51681:F247T
UNIPROT:P51681:F247W
UNIPROT:P51681:F247E
UNIPROT:P51681:F247D
UNIPROT:P51681:F247G
UNIPROT:P51681:F247H
UNIPROT:P51681:F247M
UNIPROT:P51681:F247N
UNIPROT:P51681:F247K
UNIPROT:P51681:F247Q
UNIPROT:P51681:F247R
UNIPROT:P51681:F247P
UNIPROT:P51681:L50H
UNIPROT:P51681:L50G
UNIPROT:P51681:L50I
UNIPROT:P51681:L50D
UNIPROT:P51681:V130C
UNIPROT:P51681:L50C
UNIPROT:P51681:L50F
UNIPROT:P51681:L50E
UNIPROT:P51681:V130E
UNIPROT:P51681:V130K
UNIPROT:P51681:N252C
UNIPROT:P51681:L50K
UNIPROT:P51681:L50N
UNIPROT:P51681:N252A
UNIPROT:P51681:V130H
UNIPROT:P51681:N252G
UNIPROT:P51681:N252E
UNIPROT:P51681:N252F
UNIPROT:P51681:N252L
UNIPROT:P51681:N252P
UNIPROT:P51681:N252M
UNIPROT:P51681:L50A
UNIPROT:P51681:N252Q
UNIPROT:P51681:N252R
UNIPROT:P51681:F112Q
UNIPROT:P51681:N252W
UNIPROT:P51681:F112P
UNIPROT:P51681:F245T
UNIPROT:P51681:F245Q
UNIPROT:P51681:F112R
UNIPROT:P51681:F245R
UNIPROT:P51681:N252V
UNIPROT:P51681:F245W
UNIPROT:P51681:R305Y
UNIPROT:P51681:F112T
UNIPROT:P51681:F112W
UNIPROT:P51681:R305W
UNIPROT:P51681:R305V
UNIPROT:P51681:R305M
UNIPROT:P51681:R305L
UNIPROT:P51681:R305Q
UNIPROT:P51681:R305P
UNIPROT:P51681:R305N
UNIPROT:P51681:F112A
UNIPROT:P51681:R305E
UNIPROT:P51681:L50W
UNIPROT:P51681:F245D
UNIPROT:P51681:R305D
UNIPROT:P51681:F245A
UNIPROT:P51681:R305C
UNIPROT:P51681:L50Y
UNIPROT:P51681:L50T
UNIPROT:P51681:F112E
UNIPROT:P51681:F245G
UNIPROT:P51681:L50S
UNIPROT:P51681:F112D
UNIPROT:P51681:F245H
UNIPROT:P51681:R305H
UNIPROT:P51681:F112G
UNIPROT:P51681:F245E
UNIPROT:P51681:R305F
UNIPROT:P51681:F245K
UNIPROT:P51681:F112H
UNIPROT:P51681:F112M
UNIPROT:P51681:R305A
UNIPROT:P51681:F245P
UNIPROT:P51681:F245M
UNIPROT:P51681:F112N
UNIPROT:P51681:F245N
UNIPROT:P51681:A92W
UNIPROT:P51681:A92Y
UNIPROT:P51681:A92F
UNIPROT:P51681:A92H
UNIPROT:P51681:A92I
UNIPROT:P51681:A92K
UNIPROT:P51681:A92L
UNIPROT:P51681:A92M
UNIPROT:P51681:A92N
UNIPROT:P51681:C101A
UNIPROT:P51681:A92Q
UNIPROT:P51681:A92R
UNIPROT:P51681:K62H
UNIPROT:P51681:K62G
UNIPROT:P51681:W94Y
UNIPROT:P51681:C101I
UNIPROT:P51681:W94V
UNIPROT:P51681:C101H
UNIPROT:P51681:K62I
UNIPROT:P51681:K62D
UNIPROT:P51681:K62C
UNIPROT:P51681:C101E
UNIPROT:P51681:K62F
UNIPROT:P51681:C101D
UNIPROT:P51681:K62P
UNIPROT:P51681:W94P
UNIPROT:P51681:W94Q
UNIPROT:P51681:C101Q
UNIPROT:P51681:W94N
UNIPROT:P51681:C101P
UNIPROT:P51681:K62L
UNIPROT:P51681:W94T
UNIPROT:P51681:C101N
UNIPROT:P51681:C101M
UNIPROT:P51681:C101L
UNIPROT:P51681:C101K
UNIPROT:P51681:W94H
UNIPROT:P51681:W94I
UNIPROT:P51681:W94F
UNIPROT:P51681:C101V
UNIPROT:P51681:W94M
UNIPROT:P51681:C101T
UNIPROT:P51681:W94K
UNIPROT:P51681:W94A
UNIPROT:P51681:K62A
UNIPROT:P51681:W94D
UNIPROT:P51681:W94E
UNIPROT:P51681:A90C
UNIPROT:P51681:A90W
UNIPROT:P51681:A90Y
UNIPROT:P51681:A91C
UNIPROT:P51681:A90E
UNIPROT:P51681:A90F
UNIPROT:P51681:A90H
UNIPROT:P51681:A90I
UNIPROT:P51681:A90K
UNIPROT:P51681:A90L
UNIPROT:P51681:A90M
UNIPROT:P51681:A90N
UNIPROT:P51681:A90Q
UNIPROT:P51681:A90R
UNIPROT:P51681:A91W
UNIPROT:P51681:A91Y
UNIPROT:P51681:A92C
UNIPROT:P51681:A92E
UNIPROT:P51681:A91E
UNIPROT:P51681:A91F
UNIPROT:P51681:A91H
UNIPROT:P51681:A91I
UNIPROT:P51681:A91K
UNIPROT:P51681:A91L
UNIPROT:P51681:A91M
UNIPROT:P51681:A91N
UNIPROT:P51681:A91Q
UNIPROT:P51681:A91R
UNIPROT:P51681:F78E
UNIPROT:P51681:F78D
UNIPROT:P51681:F78H
UNIPROT:P51681:F78G
UNIPROT:P51681:F78N
UNIPROT:P51681:F78M
UNIPROT:P51681:F78K
UNIPROT:P51681:F78R
UNIPROT:P51681:F78Q
UNIPROT:P51681:F78P
UNIPROT:P51681:D11R
UNIPROT:P51681:D11S
UNIPROT:P51681:D11P
UNIPROT:P51681:D11Q
UNIPROT:P51681:D11W
UNIPROT:P51681:D11T
UNIPROT:P51681:F78A
UNIPROT:P51681:F79G
UNIPROT:P51681:F79E
UNIPROT:P51681:F79D
UNIPROT:P51681:F79K
UNIPROT:P51681:F79H
UNIPROT:P51681:F79N
UNIPROT:P51681:F79M
UNIPROT:P51681:F79R
UNIPROT:P51681:F79Q
UNIPROT:P51681:F79P
UNIPROT:P51681:F78T
UNIPROT:P51681:F78W
UNIPROT:P51681:F79A
UNIPROT:P51681:H132I
UNIPROT:P51681:H132K
UNIPROT:P51681:H132E
UNIPROT:P51681:H132G
UNIPROT:P51681:H132F
UNIPROT:P51681:H132A
UNIPROT:P51681:H132C
UNIPROT:P51681:F79W
UNIPROT:P51681:F79T
UNIPROT:P51681:H132T
UNIPROT:P51681:H132W
UNIPROT:P51681:H132V
UNIPROT:P51681:H132S
UNIPROT:P51681:H132M
UNIPROT:P51681:D11C
UNIPROT:P51681:D11F
UNIPROT:P51681:D11I
UNIPROT:P51681:D11L
UNIPROT:P51681:D11M
UNIPROT:P51681:M287Y
UNIPROT:P51681:I326W
UNIPROT:P51681:I326Y
UNIPROT:P51681:I326R
UNIPROT:P51681:I326P
UNIPROT:P51681:I326Q
UNIPROT:P51681:I326K
UNIPROT:P51681:I326G
UNIPROT:P51681:I326H
UNIPROT:P51681:I326C
UNIPROT:P51681:I326D
UNIPROT:P51681:I326E
UNIPROT:P51681:I326A
UNIPROT:P51681:A317H
UNIPROT:P51681:A317I
UNIPROT:P51681:A317K
UNIPROT:P51681:A317E
UNIPROT:P51681:A317F
UNIPROT:P51681:A317C
UNIPROT:P51681:K59P
UNIPROT:P51681:K59L
UNIPROT:P51681:N226C
UNIPROT:P51681:K59M
UNIPROT:P51681:N226A
UNIPROT:P51681:N226F
UNIPROT:P51681:K59W
UNIPROT:P51681:N226G
UNIPROT:P51681:K59Y
UNIPROT:P51681:N226E
UNIPROT:P51681:K59S
UNIPROT:P51681:K59V
UNIPROT:P51681:N226L
UNIPROT:P51681:K59A
UNIPROT:P51681:N226M
UNIPROT:P51681:N226R
UNIPROT:P51681:N226P
UNIPROT:P51681:N226Q
UNIPROT:P51681:K59H
UNIPROT:P51681:N226V
UNIPROT:P51681:K59G
UNIPROT:P51681:N226W
UNIPROT:P51681:K59D
UNIPROT:P51681:K59C
UNIPROT:P51681:K59F
UNIPROT:P51681:V234T
UNIPROT:P51681:V234S
UNIPROT:P51681:V234R
UNIPROT:P51681:V234Q
UNIPROT:P51681:V234W
UNIPROT:P51681:V234Y
UNIPROT:P51681:V234D
UNIPROT:P51681:V234C
UNIPROT:P51681:V234H
UNIPROT:P51681:V234F
UNIPROT:P51681:V234K
UNIPROT:P51681:V234I
UNIPROT:P51681:V234P
UNIPROT:P51681:V234N
UNIPROT:P51681:L309K
UNIPROT:P51681:L309H
UNIPROT:P51681:L309G
UNIPROT:P51681:L309E
UNIPROT:P51681:L309D
UNIPROT:P51681:L309R
UNIPROT:P51681:L309Q
UNIPROT:P51681:L309P
UNIPROT:P51681:L309N
UNIPROT:P51681:L309M
UNIPROT:P51681:L309Y
UNIPROT:P51681:L309W
UNIPROT:P51681:L309T
UNIPROT:P51681:Y214M
UNIPROT:P51681:Y214L
UNIPROT:P51681:A317Y
UNIPROT:P51681:Y214I
UNIPROT:P51681:Y214K
UNIPROT:P51681:A317W
UNIPROT:P51681:Y214E
UNIPROT:P51681:A317Q
UNIPROT:P51681:Y214G
UNIPROT:P51681:A317R
UNIPROT:P51681:Y214A
UNIPROT:P51681:A317L
UNIPROT:P51681:A317M
UNIPROT:P51681:A317N
UNIPROT:P51681:V51Y
UNIPROT:P51681:V51W
UNIPROT:P51681:V51P
UNIPROT:P51681:V51Q
UNIPROT:P51681:V51N
UNIPROT:P51681:V51T
UNIPROT:P51681:V51R
UNIPROT:P51681:V51S
UNIPROT:P51681:V51H
UNIPROT:P51681:V51M
UNIPROT:P51681:V51K
UNIPROT:P51681:Y214T
UNIPROT:P51681:Y214W
UNIPROT:P51681:Y214V
UNIPROT:P51681:Y214Q
UNIPROT:P51681:V51E
UNIPROT:P51681:Y214P
UNIPROT:P51681:V51C
UNIPROT:P51681:Y214R
UNIPROT:P51681:M287N
UNIPROT:P51681:M287H
UNIPROT:P51681:A87C
UNIPROT:P51681:A87E
UNIPROT:P51681:A87F
UNIPROT:P51681:M287W
UNIPROT:P51681:A87H
UNIPROT:P51681:M287P
UNIPROT:P51681:A87I
UNIPROT:P51681:M287Q
UNIPROT:P51681:A87K
UNIPROT:P51681:M287S
UNIPROT:P51681:M287D
UNIPROT:P51681:M287E
UNIPROT:P51681:M287F
UNIPROT:P51681:M287G
UNIPROT:P51681:M287A
UNIPROT:P51681:M287C
UNIPROT:P51681:W86Y
UNIPROT:P51681:W86T
UNIPROT:P51681:W86Q
UNIPROT:P51681:W86V
UNIPROT:P51681:W86K
UNIPROT:P51681:A87L
UNIPROT:P51681:A87M
UNIPROT:P51681:W86I
UNIPROT:P51681:A87N
UNIPROT:P51681:W86P
UNIPROT:P51681:A87Q
UNIPROT:P51681:W86M
UNIPROT:P51681:A87R
UNIPROT:P51681:W86D
UNIPROT:P51681:W86A
UNIPROT:P51681:A87W
UNIPROT:P51681:W86H
UNIPROT:P51681:A87Y
UNIPROT:P51681:W86E
UNIPROT:P51681:W86F
UNIPROT:P51681:L80E
UNIPROT:P51681:L80D
UNIPROT:P51681:L80G
UNIPROT:P51681:L80A
UNIPROT:P51681:L80C
UNIPROT:P51681:L80M
UNIPROT:P51681:L80N
UNIPROT:P51681:L80K
UNIPROT:P51681:L81E
UNIPROT:P51681:L81G
UNIPROT:P51681:L81A
UNIPROT:P51681:L81D
UNIPROT:P51681:L81C
UNIPROT:P51681:L81N
UNIPROT:P51681:L81M
UNIPROT:P51681:L81K
UNIPROT:P51681:L80T
UNIPROT:P51681:L80W
UNIPROT:P51681:L80Q
UNIPROT:P51681:L80S
UNIPROT:P51681:L80Y
UNIPROT:P51681:L81W
UNIPROT:P51681:L81Q
UNIPROT:P51681:L81T
UNIPROT:P51681:L81S
UNIPROT:P51681:L81Y
UNIPROT:P51681:A331C
UNIPROT:P51681:A331Q
UNIPROT:P51681:A331R
UNIPROT:P51681:P34Q
UNIPROT:P51681:A331L
UNIPROT:P51681:A331M
UNIPROT:P51681:P34N
UNIPROT:P51681:A331N
UNIPROT:P51681:P34M
UNIPROT:P51681:A331H
UNIPROT:P51681:A331I
UNIPROT:P51681:P34Y
UNIPROT:P51681:A331K
UNIPROT:P51681:P34W
UNIPROT:P51681:A331E
UNIPROT:P51681:P34V
UNIPROT:P51681:A331F
UNIPROT:P51681:P34D
UNIPROT:P51681:P34C
UNIPROT:P51681:P34K
UNIPROT:P51681:A331Y
UNIPROT:P51681:P34I
UNIPROT:P51681:P34G
UNIPROT:P51681:P34F
UNIPROT:P51681:P34E
UNIPROT:P51681:A331W
UNIPROT:P51681:P35N
UNIPROT:P51681:P35Y
UNIPROT:P51681:P35W
UNIPROT:P51681:P35V
UNIPROT:P51681:P35E
UNIPROT:P51681:P35D
UNIPROT:P51681:P35C
UNIPROT:P51681:P35M
UNIPROT:P51681:P35K
UNIPROT:P51681:P35I
UNIPROT:P51681:P35H
UNIPROT:P51681:P35G
UNIPROT:P51681:P35F
UNIPROT:P51681:G97D
UNIPROT:P51681:G97C
UNIPROT:P51681:G97H
UNIPROT:P51681:G97F
UNIPROT:P51681:G97L
UNIPROT:P51681:G97K
UNIPROT:P51681:G97I
UNIPROT:P51681:G97P
UNIPROT:P51681:G97N
UNIPROT:P51681:G97M
UNIPROT:P51681:G97T
UNIPROT:P51681:G97S
UNIPROT:P51681:G97Q
UNIPROT:P51681:G97W
UNIPROT:P51681:G97Y
UNIPROT:P51681:V46W
UNIPROT:P51681:V46T
UNIPROT:P51681:V46Y
UNIPROT:P51681:V46N
UNIPROT:P51681:V46R
UNIPROT:P51681:V46S
UNIPROT:P51681:V46P
UNIPROT:P51681:V46Q
UNIPROT:P51681:V46F
UNIPROT:P51681:V46D
UNIPROT:P51681:V46K
UNIPROT:P51681:V46H
UNIPROT:P51681:V46I
UNIPROT:P51681:E283C
UNIPROT:P51681:E283H
UNIPROT:P51681:E283I
UNIPROT:P51681:E283F
UNIPROT:P51681:V243R
UNIPROT:P51681:E283P
UNIPROT:P51681:V243Q
UNIPROT:P51681:V243P
UNIPROT:P51681:E283R
UNIPROT:P51681:E283S
UNIPROT:P51681:E283L
UNIPROT:P51681:E283M
UNIPROT:P51681:V243T
UNIPROT:P51681:E283N
UNIPROT:P51681:V243S
UNIPROT:P51681:V243Y
UNIPROT:P51681:E283Y
UNIPROT:P51681:V243W
UNIPROT:P51681:E283T
UNIPROT:P51681:E283W
UNIPROT:P51681:I200Y
UNIPROT:P51681:I200W
UNIPROT:P51681:I200Q
UNIPROT:P51681:I200R
UNIPROT:P51681:I200K
UNIPROT:P51681:I200E
UNIPROT:P51681:I200G
UNIPROT:P51681:I200H
UNIPROT:P51681:I200A
UNIPROT:P51681:I200C
UNIPROT:P51681:I200D
UNIPROT:P51681:L77N
UNIPROT:P51681:L77I
UNIPROT:P51681:L77H
UNIPROT:P51681:L77K
UNIPROT:P51681:L77T
UNIPROT:P51681:L77W
UNIPROT:P51681:Q346Y
UNIPROT:P51681:L77S
UNIPROT:P51681:L77E
UNIPROT:P51681:L77D
UNIPROT:P51681:L77G
UNIPROT:P51681:L77F
UNIPROT:P51681:L77A
UNIPROT:P51681:L77C
UNIPROT:P51681:Q346D
UNIPROT:P51681:Q346G
UNIPROT:P51681:Q346F
UNIPROT:P51681:Q346A
UNIPROT:P51681:V243E
UNIPROT:P51681:Q346C
UNIPROT:P51681:V243C
UNIPROT:P51681:V243H
UNIPROT:P51681:V243N
UNIPROT:P51681:V243M
UNIPROT:P51681:V243K
UNIPROT:P51681:Q346T
UNIPROT:P51681:Q346W
UNIPROT:P51681:Q346V
UNIPROT:P51681:L77Y
UNIPROT:P51681:Q346S
UNIPROT:P51681:Q346M
UNIPROT:P51681:Q346N
UNIPROT:P51681:Q346I
UNIPROT:P51681:V46C
UNIPROT:P51681:L72H
UNIPROT:P51681:L72G
UNIPROT:P51681:L72I
UNIPROT:P51681:L72D
UNIPROT:P51681:L72C
UNIPROT:P51681:L72F
UNIPROT:P51681:L72E
UNIPROT:P51681:A73C
UNIPROT:P51681:A73E
UNIPROT:P51681:L72K
UNIPROT:P51681:A73F
UNIPROT:P51681:L72N
UNIPROT:P51681:A73H
UNIPROT:P51681:L72A
UNIPROT:P51681:A73Y
UNIPROT:P51681:A73I
UNIPROT:P51681:L72W
UNIPROT:P51681:A73K
UNIPROT:P51681:L72Y
UNIPROT:P51681:A73L
UNIPROT:P51681:L72T
UNIPROT:P51681:A73M
UNIPROT:P51681:L72S
UNIPROT:P51681:A73N
UNIPROT:P51681:A73Q
UNIPROT:P51681:A73R
UNIPROT:P51681:A73W
UNIPROT:P51681:V40Y
UNIPROT:P51681:V40W
UNIPROT:P51681:V40P
UNIPROT:P51681:V40Q
UNIPROT:P51681:V40N
UNIPROT:P51681:V40T
UNIPROT:P51681:V40R
UNIPROT:P51681:V40S
UNIPROT:P51681:V40H
UNIPROT:P51681:V40I
UNIPROT:P51681:V40F
UNIPROT:P51681:V40K
UNIPROT:P51681:V40D
UNIPROT:P51681:V40C
UNIPROT:P51681:G47I
UNIPROT:P51681:G47H
UNIPROT:P51681:P250N
UNIPROT:P51681:G47F
UNIPROT:P51681:P250M
UNIPROT:P51681:G47M
UNIPROT:P51681:G47L
UNIPROT:P51681:P250K
UNIPROT:P51681:G47K
UNIPROT:P51681:P250I
UNIPROT:P51681:G47Q
UNIPROT:P51681:G47P
UNIPROT:P51681:P250G
UNIPROT:P51681:P250F
UNIPROT:P51681:G47N
UNIPROT:P51681:P250E
UNIPROT:P51681:P250D
UNIPROT:P51681:G47T
UNIPROT:P51681:P250C
UNIPROT:P51681:G47E
UNIPROT:P51681:G47Y
UNIPROT:P51681:G47W
UNIPROT:P51681:P250Y
UNIPROT:P51681:P250W
UNIPROT:P51681:P250V
UNIPROT:P51681:P250Q
UNIPROT:P51681:S75V
UNIPROT:P51681:K228Y
UNIPROT:P51681:S75W
UNIPROT:P51681:F327W
UNIPROT:P51681:K229A
UNIPROT:P51681:S75N
UNIPROT:P51681:S75M
UNIPROT:P51681:K228S
UNIPROT:P51681:S75R
UNIPROT:P51681:S75Q
UNIPROT:P51681:K228V
UNIPROT:P51681:K228W
UNIPROT:P51681:K228I
UNIPROT:P51681:F327H
UNIPROT:P51681:S75E
UNIPROT:P51681:S75H
UNIPROT:P51681:S75G
UNIPROT:P51681:K228L
UNIPROT:P51681:F327G
UNIPROT:P51681:S75I
UNIPROT:P51681:F327M
UNIPROT:P51681:S75L
UNIPROT:P51681:S75K
UNIPROT:P51681:K228P
UNIPROT:P51681:F327K
UNIPROT:P51681:K228A
UNIPROT:P51681:F327P
UNIPROT:P51681:F327Q
UNIPROT:P51681:K228C
UNIPROT:P51681:F327N
UNIPROT:P51681:K228D
UNIPROT:P51681:F327T
UNIPROT:P51681:K228F
UNIPROT:P51681:S75D
UNIPROT:P51681:K228G
UNIPROT:P51681:F327R
UNIPROT:P51681:K228H
UNIPROT:P51681:G44F
UNIPROT:P51681:G44E
UNIPROT:P51681:G44I
UNIPROT:P51681:G44H
UNIPROT:P51681:G44N
UNIPROT:P51681:G44M
UNIPROT:P51681:K229S
UNIPROT:P51681:G44L
UNIPROT:P51681:G44K
UNIPROT:P51681:K229V
UNIPROT:P51681:G44Q
UNIPROT:P51681:K229W
UNIPROT:P51681:G44P
UNIPROT:P51681:K229Y
UNIPROT:P51681:K229L
UNIPROT:P51681:K229P
UNIPROT:P51681:K229C
UNIPROT:P51681:K229D
UNIPROT:P51681:K229F
UNIPROT:P51681:K229G
UNIPROT:P51681:K229H
UNIPROT:P51681:K229I
UNIPROT:P51681:G44T
UNIPROT:P51681:G44Y
UNIPROT:P51681:G44W
UNIPROT:P51681:F327A
UNIPROT:P51681:F327D
UNIPROT:P51681:F327E
UNIPROT:P51681:W190F
UNIPROT:P51681:W190E
UNIPROT:P51681:W190H
UNIPROT:P51681:W190I
UNIPROT:P51681:W190K
UNIPROT:P51681:W190N
UNIPROT:P51681:W190M
UNIPROT:P51681:W190P
UNIPROT:P51681:W190Q
UNIPROT:P51681:W190T
UNIPROT:P51681:W190V
UNIPROT:P51681:W190Y
UNIPROT:P51681:A29D
UNIPROT:P51681:G173Y
UNIPROT:P51681:C213L
UNIPROT:P51681:C213K
UNIPROT:P51681:G173W
UNIPROT:P51681:C213I
UNIPROT:P51681:A29H
UNIPROT:P51681:C213H
UNIPROT:P51681:A29I
UNIPROT:P51681:G173T
UNIPROT:P51681:A29K
UNIPROT:P51681:C213E
UNIPROT:P51681:A29L
UNIPROT:P51681:G173Q
UNIPROT:P51681:C213T
UNIPROT:P51681:A29M
UNIPROT:P51681:G173P
UNIPROT:P51681:A29N
UNIPROT:P51681:G173N
UNIPROT:P51681:C213Q
UNIPROT:P51681:G173M
UNIPROT:P51681:C213P
UNIPROT:P51681:A29Q
UNIPROT:P51681:G173L
UNIPROT:P51681:A29R
UNIPROT:P51681:G173K
UNIPROT:P51681:C213N
UNIPROT:P51681:C213M
UNIPROT:P51681:G173I
UNIPROT:P51681:G173H
UNIPROT:P51681:G173F
UNIPROT:P51681:G173E
UNIPROT:P51681:C213V
UNIPROT:P51681:A29C
UNIPROT:P51681:A29W
UNIPROT:P51681:A29Y
UNIPROT:P51681:R168W
UNIPROT:P51681:C213D
UNIPROT:P51681:R168V
UNIPROT:P51681:C213A
UNIPROT:P51681:W190A
UNIPROT:P51681:R168Y
UNIPROT:P51681:W190D
UNIPROT:P51681:R168P
UNIPROT:P51681:R168M
UNIPROT:P51681:R168N
UNIPROT:P51681:R168Q
UNIPROT:P51681:R168H
UNIPROT:P51681:R168E
UNIPROT:P51681:R168F
UNIPROT:P51681:R168L
UNIPROT:P51681:R168C
UNIPROT:P51681:R168D
UNIPROT:P51681:R168A
UNIPROT:P51681:Y89W
UNIPROT:P51681:Y89V
UNIPROT:P51681:Y89Q
UNIPROT:P51681:Y89P
UNIPROT:P51681:Y89T
UNIPROT:P51681:Y89R
UNIPROT:P51681:Y89I
UNIPROT:P51681:Y89G
UNIPROT:P51681:Y89M
UNIPROT:P51681:Y89L
UNIPROT:P51681:Y89K
UNIPROT:P51681:V211S
UNIPROT:P51681:V211R
UNIPROT:P51681:V211Q
UNIPROT:P51681:V211P
UNIPROT:P51681:V211W
UNIPROT:P51681:V211T
UNIPROT:P51681:V211Y
UNIPROT:P51681:V211C
UNIPROT:P51681:V211E
UNIPROT:P51681:V211K
UNIPROT:P51681:V211H
UNIPROT:P51681:V211N
UNIPROT:P51681:V211M
UNIPROT:P51681:Y89A
UNIPROT:P51681:Y89E
UNIPROT:P51681:L196D
UNIPROT:P51681:L196E
UNIPROT:P51681:L196C
UNIPROT:P51681:L196A
UNIPROT:P51681:L196M
UNIPROT:P51681:L196K
UNIPROT:P51681:L196H
UNIPROT:P51681:L196G
UNIPROT:P51681:L196T
UNIPROT:P51681:L196R
UNIPROT:P51681:L196P
UNIPROT:P51681:L196Q
UNIPROT:P51681:L196N
UNIPROT:P51681:F320Q
UNIPROT:P51681:F320R
UNIPROT:P51681:F320P
UNIPROT:P51681:F320T
UNIPROT:P51681:F320W
UNIPROT:P51681:F320A
UNIPROT:P51681:F320E
UNIPROT:P51681:F320D
UNIPROT:P51681:F320G
UNIPROT:P51681:F320H
UNIPROT:P51681:F320M
UNIPROT:P51681:F320N
UNIPROT:P51681:F320K
UNIPROT:P51681:Q313Y
UNIPROT:P51681:Q313D
UNIPROT:P51681:Q313G
UNIPROT:P51681:Q313F
UNIPROT:P51681:Q313A
UNIPROT:P51681:L196Y
UNIPROT:P51681:Q313C
UNIPROT:P51681:L196W
UNIPROT:P51681:Q313T
UNIPROT:P51681:Q313W
UNIPROT:P51681:Q313V
UNIPROT:P51681:Q313S
UNIPROT:P51681:Q313M
UNIPROT:P51681:Q313N
UNIPROT:P51681:Q313I
UNIPROT:P51681:C224D
UNIPROT:P51681:C224A
UNIPROT:P51681:S63W
UNIPROT:P51681:S63V
UNIPROT:P51681:S63Y
UNIPROT:P51681:S63M
UNIPROT:P51681:S63L
UNIPROT:P51681:S114V
UNIPROT:P51681:S114W
UNIPROT:P51681:S63Q
UNIPROT:P51681:S63P
UNIPROT:P51681:S63E
UNIPROT:P51681:S63D
UNIPROT:P51681:S63F
UNIPROT:P51681:S63H
UNIPROT:P51681:S63K
UNIPROT:P51681:S63A
UNIPROT:P51681:R31T
UNIPROT:P51681:R31V
UNIPROT:P51681:R31W
UNIPROT:P51681:R31Y
UNIPROT:P51681:R31M
UNIPROT:P51681:R31N
UNIPROT:P51681:R31Q
UNIPROT:P51681:R31D
UNIPROT:P51681:R31E
UNIPROT:P51681:R31F
UNIPROT:P51681:R31I
UNIPROT:P51681:R31K
UNIPROT:P51681:R31A
UNIPROT:P51681:L308G
UNIPROT:P51681:L308E
UNIPROT:P51681:L308D
UNIPROT:P51681:L308C
UNIPROT:P51681:L308Q
UNIPROT:P51681:L308N
UNIPROT:P51681:L308M
UNIPROT:P51681:L308K
UNIPROT:P51681:L308Y
UNIPROT:P51681:L308W
UNIPROT:P51681:L308T
UNIPROT:P51681:L308S
UNIPROT:P51681:L309C
UNIPROT:P51681:L309A
UNIPROT:P51681:V5H
UNIPROT:P51681:V5I
UNIPROT:P51681:V5D
UNIPROT:P51681:V5C
UNIPROT:P51681:V5F
UNIPROT:P51681:V5P
UNIPROT:P51681:T99Q
UNIPROT:P51681:V5R
UNIPROT:P51681:V5Q
UNIPROT:P51681:V5K
UNIPROT:P51681:V5N
UNIPROT:P51681:T99W
UNIPROT:P51681:T99V
UNIPROT:P51681:T99H
UNIPROT:P51681:T99M
UNIPROT:P51681:T99L
UNIPROT:P51681:T99N
UNIPROT:P51681:L308A
UNIPROT:P51681:T99C
UNIPROT:P51681:T99E
UNIPROT:P51681:T99D
UNIPROT:P51681:T99G
UNIPROT:P51681:T99F
UNIPROT:P51681:S114D
UNIPROT:P51681:S114M
UNIPROT:P51681:S114N
UNIPROT:P51681:S114Q
UNIPROT:P51681:S114R
UNIPROT:P51681:S114E
UNIPROT:P51681:S114G
UNIPROT:P51681:S114H
UNIPROT:P51681:S114I
UNIPROT:P51681:S114L
UNIPROT:P51681:M49S
UNIPROT:P51681:M49P
UNIPROT:P51681:M49Q
UNIPROT:P51681:M49N
UNIPROT:P51681:M49Y
UNIPROT:P51681:M49W
UNIPROT:P51681:M49D
UNIPROT:P51681:M49E
UNIPROT:P51681:M49C
UNIPROT:P51681:M49A
UNIPROT:P51681:M49H
UNIPROT:P51681:M49F
UNIPROT:P51681:M49G
UNIPROT:P51681:C224L
UNIPROT:P51681:C224K
UNIPROT:P51681:C224I
UNIPROT:P51681:C224H
UNIPROT:P51681:C224E
UNIPROT:P51681:C224T
UNIPROT:P51681:C224Q
UNIPROT:P51681:C224P
UNIPROT:P51681:C224N
UNIPROT:P51681:C224M
UNIPROT:P51681:C224V
UNIPROT:P51681:E262C
UNIPROT:P51681:E262I
UNIPROT:P51681:I316W
UNIPROT:P51681:I316Y
UNIPROT:P51681:E262L
UNIPROT:P51681:E262F
UNIPROT:P51681:E262H
UNIPROT:P51681:E262R
UNIPROT:P51681:I316P
UNIPROT:P51681:E262S
UNIPROT:P51681:I316Q
UNIPROT:P51681:E262T
UNIPROT:P51681:I316R
UNIPROT:P51681:E262M
UNIPROT:P51681:I316K
UNIPROT:P51681:E262N
UNIPROT:P51681:E262P
UNIPROT:P51681:E262Y
UNIPROT:P51681:I316G
UNIPROT:P51681:I316H
UNIPROT:P51681:I316C
UNIPROT:P51681:I316D
UNIPROT:P51681:E262W
UNIPROT:P51681:I316E
UNIPROT:P51681:I316A
UNIPROT:P51681:M279P
UNIPROT:P51681:M279Q
UNIPROT:P51681:M279N
UNIPROT:P51681:M279W
UNIPROT:P51681:M279Y
UNIPROT:P51681:M279S
UNIPROT:P51681:M279A
UNIPROT:P51681:M279G
UNIPROT:P51681:M279H
UNIPROT:P51681:M279C
UNIPROT:P51681:M279D
UNIPROT:P51681:M279E
UNIPROT:P51681:M279F
UNIPROT:P51681:Q329I
UNIPROT:P51681:Q329F
UNIPROT:P51681:Q329G
UNIPROT:P51681:Q329A
UNIPROT:P51681:Q329D
UNIPROT:P51681:Q329C
UNIPROT:P51681:Q329Y
UNIPROT:P51681:Q329V
UNIPROT:P51681:Q329W
UNIPROT:P51681:Q329T
UNIPROT:P51681:Q329S
UNIPROT:P51681:Q329N
UNIPROT:P51681:Q329M
UNIPROT:P51681:D2W
UNIPROT:P51681:Y339R
UNIPROT:P51681:Y339P
UNIPROT:P51681:Y339Q
UNIPROT:P51681:V350C
UNIPROT:P51681:D2S
UNIPROT:P51681:D2R
UNIPROT:P51681:Y339L
UNIPROT:P51681:D2T
UNIPROT:P51681:Y339M
UNIPROT:P51681:V350H
UNIPROT:P51681:Y339K
UNIPROT:P51681:V350I
UNIPROT:P51681:Y339I
UNIPROT:P51681:V350K
UNIPROT:P51681:V350D
UNIPROT:P51681:Y339G
UNIPROT:P51681:V350F
UNIPROT:P51681:Y339E
UNIPROT:P51681:D2F
UNIPROT:P51681:D2I
UNIPROT:P51681:Y339A
UNIPROT:P51681:D2C
UNIPROT:P51681:D2Q
UNIPROT:P51681:D2P
UNIPROT:P51681:D2K
UNIPROT:P51681:D2M
UNIPROT:P51681:D2L
UNIPROT:P51681:N71F
UNIPROT:P51681:N71G
UNIPROT:P51681:N71E
UNIPROT:P51681:N71R
UNIPROT:P51681:N71P
UNIPROT:P51681:N71Q
UNIPROT:P51681:N71L
UNIPROT:P51681:N71M
UNIPROT:P51681:N71C
UNIPROT:P51681:N71A
UNIPROT:P51681:Y339V
UNIPROT:P51681:Y339W
UNIPROT:P51681:Y339T
UNIPROT:P51681:N71V
UNIPROT:P51681:N71W
UNIPROT:P51681:V350P
UNIPROT:P51681:V350Q
UNIPROT:P51681:V350R
UNIPROT:P51681:V350S
UNIPROT:P51681:V350N
UNIPROT:P51681:V350Y
UNIPROT:P51681:V350T
UNIPROT:P51681:V350W
UNIPROT:P51681:Q328I
UNIPROT:P51681:Q328G
UNIPROT:P51681:Q328F
UNIPROT:P51681:Q328A
UNIPROT:P51681:Q328C
UNIPROT:P51681:Q328Y
UNIPROT:P51681:Q328T
UNIPROT:P51681:Q328W
UNIPROT:P51681:Q328V
UNIPROT:P51681:Q328S
UNIPROT:P51681:Q328M
UNIPROT:P51681:Q328N
UNIPROT:P51681:S349D
UNIPROT:P51681:S349E
UNIPROT:P51681:S349H
UNIPROT:P51681:S349G
UNIPROT:P51681:S215Y
UNIPROT:P51681:S349R
UNIPROT:P51681:S349Q
UNIPROT:P51681:S349V
UNIPROT:P51681:S349W
UNIPROT:P51681:S349I
UNIPROT:P51681:S349L
UNIPROT:P51681:S349K
UNIPROT:P51681:S349N
UNIPROT:P51681:S349M
UNIPROT:P51681:C321A
UNIPROT:P51681:I198W
UNIPROT:P51681:I198Y
UNIPROT:P51681:I198S
UNIPROT:P51681:I198P
UNIPROT:P51681:I198Q
UNIPROT:P51681:F304D
UNIPROT:P51681:F304A
UNIPROT:P51681:I198N
UNIPROT:P51681:I198G
UNIPROT:P51681:I198H
UNIPROT:P51681:I198C
UNIPROT:P51681:I198D
UNIPROT:P51681:I198E
UNIPROT:P51681:I198F
UNIPROT:P51681:I198A
UNIPROT:P51681:F304W
UNIPROT:P51681:F304G
UNIPROT:P51681:F304H
UNIPROT:P51681:F304E
UNIPROT:P51681:F304K
UNIPROT:P51681:F304P
UNIPROT:P51681:F304M
UNIPROT:P51681:F304N
UNIPROT:P51681:F304T
UNIPROT:P51681:F304Q
UNIPROT:P51681:F304R
UNIPROT:P51681:S215D
UNIPROT:P51681:S215C
UNIPROT:P51681:S215F
UNIPROT:P51681:S215E
UNIPROT:P51681:S215R
UNIPROT:P51681:S215Q
UNIPROT:P51681:S215V
UNIPROT:P51681:S215H
UNIPROT:P51681:S215G
UNIPROT:P51681:S215I
UNIPROT:P51681:S215K
UNIPROT:P51681:S215N
UNIPROT:P51681:S215M
UNIPROT:P51681:R274Y
UNIPROT:P51681:R274Q
UNIPROT:P51681:R274V
UNIPROT:P51681:R274L
UNIPROT:P51681:R274I
UNIPROT:P51681:R274P
UNIPROT:P51681:R274N
UNIPROT:P51681:G286C
UNIPROT:P51681:G286D
UNIPROT:P51681:R274D
UNIPROT:P51681:R274C
UNIPROT:P51681:G286F
UNIPROT:P51681:R274A
UNIPROT:P51681:G286H
UNIPROT:P51681:R274H
UNIPROT:P51681:G286I
UNIPROT:P51681:R274F
UNIPROT:P51681:G286K
UNIPROT:P51681:R274E
UNIPROT:P51681:G286L
UNIPROT:P51681:R140Y
UNIPROT:P51681:G286M
UNIPROT:P51681:S342K
UNIPROT:P51681:G286N
UNIPROT:P51681:S342M
UNIPROT:P51681:G286P
UNIPROT:P51681:S342L
UNIPROT:P51681:G286Q
UNIPROT:P51681:S342N
UNIPROT:P51681:G286S
UNIPROT:P51681:S342Q
UNIPROT:P51681:G286T
UNIPROT:P51681:R140Q
UNIPROT:P51681:S342E
UNIPROT:P51681:R140P
UNIPROT:P51681:S342D
UNIPROT:P51681:G286Y
UNIPROT:P51681:S342G
UNIPROT:P51681:R140V
UNIPROT:P51681:S342I
UNIPROT:P51681:S342H
UNIPROT:P51681:R140I
UNIPROT:P51681:R140H
UNIPROT:P51681:R140N
UNIPROT:P51681:R140L
UNIPROT:P51681:R140A
UNIPROT:P51681:S342R
UNIPROT:P51681:R140E
UNIPROT:P51681:S342W
UNIPROT:P51681:R140F
UNIPROT:P51681:S342V
UNIPROT:P51681:R140C
UNIPROT:P51681:R140D
UNIPROT:P51681:C323A
UNIPROT:P51681:C323D
UNIPROT:P51681:C321K
UNIPROT:P51681:C321L
UNIPROT:P51681:C321M
UNIPROT:P51681:C321N
UNIPROT:P51681:C321P
UNIPROT:P51681:C321Q
UNIPROT:P51681:C321D
UNIPROT:P51681:C321E
UNIPROT:P51681:C321H
UNIPROT:P51681:C321I
UNIPROT:P51681:C321T
UNIPROT:P51681:C321V
UNIPROT:P51681:R60P
UNIPROT:P51681:C324N
UNIPROT:P51681:R60Q
UNIPROT:P51681:C324P
UNIPROT:P51681:C324Q
UNIPROT:P51681:R60V
UNIPROT:P51681:C324T
UNIPROT:P51681:R60H
UNIPROT:P51681:R60I
UNIPROT:P51681:C324H
UNIPROT:P51681:C324I
UNIPROT:P51681:R60L
UNIPROT:P51681:C324K
UNIPROT:P51681:R60N
UNIPROT:P51681:C324L
UNIPROT:P51681:C324M
UNIPROT:P51681:R60A
UNIPROT:P51681:R60C
UNIPROT:P51681:R60D
UNIPROT:P51681:R60E
UNIPROT:P51681:R60F
UNIPROT:P51681:C324V
UNIPROT:P51681:C323M
UNIPROT:P51681:C323N
UNIPROT:P51681:C323P
UNIPROT:P51681:C323Q
UNIPROT:P51681:C323T
UNIPROT:P51681:C323E
UNIPROT:P51681:C323H
UNIPROT:P51681:C323I
UNIPROT:P51681:C323K
UNIPROT:P51681:C323L
UNIPROT:P51681:C324A
UNIPROT:P51681:C324D
UNIPROT:P51681:C324E
UNIPROT:P51681:R60Y
UNIPROT:P51681:C323V
UNIPROT:P51681:M241F
UNIPROT:P51681:M241G
UNIPROT:P51681:M241H
UNIPROT:P51681:M241S
UNIPROT:P51681:M241N
UNIPROT:P51681:M241P
UNIPROT:P51681:M241Q
UNIPROT:P51681:M241C
UNIPROT:P51681:M241D
UNIPROT:P51681:M241E
UNIPROT:P51681:M241A
UNIPROT:P51681:L174Y
UNIPROT:P51681:L174W
UNIPROT:P51681:M241W
UNIPROT:P51681:M241Y
UNIPROT:P51681:Y307T
UNIPROT:P51681:Y307Q
UNIPROT:P51681:Y307R
UNIPROT:P51681:G145Y
UNIPROT:P51681:Y307P
UNIPROT:P51681:Y307M
UNIPROT:P51681:Y307K
UNIPROT:P51681:Y307L
UNIPROT:P51681:G145T
UNIPROT:P51681:Y307I
UNIPROT:P51681:G145S
UNIPROT:P51681:Y307G
UNIPROT:P51681:G145P
UNIPROT:P51681:Y307E
UNIPROT:P51681:G145N
UNIPROT:P51681:G145M
UNIPROT:P51681:G145L
UNIPROT:P51681:Y307A
UNIPROT:P51681:G145K
UNIPROT:P51681:G145I
UNIPROT:P51681:G145H
UNIPROT:P51681:G145F
UNIPROT:P51681:G145D
UNIPROT:P51681:G145C
UNIPROT:P51681:Y307W
UNIPROT:P51681:Y307V
UNIPROT:P51681:L174D
UNIPROT:P51681:L174E
UNIPROT:P51681:L174C
UNIPROT:P51681:L174A
UNIPROT:P51681:L174M
UNIPROT:P51681:L174K
UNIPROT:P51681:L174G
UNIPROT:P51681:L174T
UNIPROT:P51681:L174S
UNIPROT:P51681:L174Q
UNIPROT:P51681:L174N
UNIPROT:P51681:Q27A
UNIPROT:P51681:Q27S
UNIPROT:P51681:Q27T
UNIPROT:P51681:Q27V
UNIPROT:P51681:Q27W
UNIPROT:P51681:Q27Y
UNIPROT:P51681:Q27M
UNIPROT:P51681:Q27N
UNIPROT:P51681:Q27C
UNIPROT:P51681:Q27D
UNIPROT:P51681:Q27F
UNIPROT:P51681:Q27G
UNIPROT:P51681:Q27I
UNIPROT:P51681:Q21T
UNIPROT:P51681:H88I
UNIPROT:P51681:Q21V
UNIPROT:P51681:Q21W
UNIPROT:P51681:H88K
UNIPROT:P51681:Q21Y
UNIPROT:P51681:H88E
UNIPROT:P51681:H88F
UNIPROT:P51681:H88G
UNIPROT:P51681:Q21M
UNIPROT:P51681:Q21N
UNIPROT:P51681:H88S
UNIPROT:P51681:H88M
UNIPROT:P51681:Q21S
UNIPROT:P51681:Q21D
UNIPROT:P51681:Q21F
UNIPROT:P51681:Q21G
UNIPROT:P51681:Q21I
UNIPROT:P51681:H88A
UNIPROT:P51681:H88C
UNIPROT:P51681:Q21A
UNIPROT:P51681:Q21C
UNIPROT:P51681:H88T
UNIPROT:P51681:H88V
UNIPROT:P51681:H88W
UNIPROT:P51681:K219A
UNIPROT:P51681:K219S
UNIPROT:P51681:K219V
UNIPROT:P51681:K219W
UNIPROT:P51681:K219Y
UNIPROT:P51681:K219L
UNIPROT:P51681:K219M
UNIPROT:P51681:K219P
UNIPROT:P51681:K219C
UNIPROT:P51681:K219D
UNIPROT:P51681:K219F
UNIPROT:P51681:K219G
UNIPROT:P51681:K219H
UNIPROT:P51681:V209K
UNIPROT:P51681:H231K
UNIPROT:P51681:H231I
UNIPROT:P51681:V209P
UNIPROT:P51681:H231F
UNIPROT:P51681:H231G
UNIPROT:P51681:V209N
UNIPROT:P51681:V209M
UNIPROT:P51681:H231E
UNIPROT:P51681:V209T
UNIPROT:P51681:V209S
UNIPROT:P51681:H231C
UNIPROT:P51681:V209R
UNIPROT:P51681:V209Q
UNIPROT:P51681:H231A
UNIPROT:P51681:V209W
UNIPROT:P51681:H231V
UNIPROT:P51681:H231W
UNIPROT:P51681:H231T
UNIPROT:P51681:V209C
UNIPROT:P51681:H231S
UNIPROT:P51681:V209H
UNIPROT:P51681:V209E
UNIPROT:P51681:H231M
UNIPROT:P51681:G163Y
UNIPROT:P51681:G163W
UNIPROT:P51681:G163T
UNIPROT:P51681:G163S
UNIPROT:P51681:G163Q
UNIPROT:P51681:G163P
UNIPROT:P51681:G163N
UNIPROT:P51681:G163M
UNIPROT:P51681:G163L
UNIPROT:P51681:G163K
UNIPROT:P51681:G163I
UNIPROT:P51681:G163H
UNIPROT:P51681:G163F
UNIPROT:P51681:G163D
UNIPROT:P51681:G163C
UNIPROT:P51681:V209Y
UNIPROT:P51681:V338K
UNIPROT:P51681:V338M
UNIPROT:P51681:V338H
UNIPROT:P51681:V338R
UNIPROT:P51681:V338S
UNIPROT:P51681:V338T
UNIPROT:P51681:V338N
UNIPROT:P51681:V338Q
UNIPROT:P51681:V204W
UNIPROT:P51681:V204T
UNIPROT:P51681:V204Y
UNIPROT:P51681:V338C
UNIPROT:P51681:V338E
UNIPROT:P51681:V204E
UNIPROT:P51681:V204K
UNIPROT:P51681:V204H
UNIPROT:P51681:V204N
UNIPROT:P51681:V204M
UNIPROT:P51681:V204S
UNIPROT:P51681:V204R
UNIPROT:P51681:V204Q
UNIPROT:P51681:V204P
UNIPROT:P51681:V204C
UNIPROT:P51681:V338W
UNIPROT:P51681:V338Y
UNIPROT:P51681:L36Q
UNIPROT:P51681:L36K
UNIPROT:P51681:L36N
UNIPROT:P51681:L36M
UNIPROT:P51681:L36W
UNIPROT:P51681:L36Y
UNIPROT:P51681:L36T
UNIPROT:P51681:L36S
UNIPROT:P51681:L36A
UNIPROT:P51681:S7Y
UNIPROT:P51681:L36G
UNIPROT:P51681:L36D
UNIPROT:P51681:L36C
UNIPROT:P51681:L36E
UNIPROT:P51681:L39S
UNIPROT:P51681:L39T
UNIPROT:P51681:L39N
UNIPROT:P51681:L39W
UNIPROT:P51681:L39Y
UNIPROT:P51681:L39C
UNIPROT:P51681:L39E
UNIPROT:P51681:L39D
UNIPROT:P51681:L39A
UNIPROT:P51681:L39K
UNIPROT:P51681:L39G
UNIPROT:P51681:L39F
UNIPROT:P51681:L39I
UNIPROT:P51681:L39H
UNIPROT:P51681:L32K
UNIPROT:P51681:N98P
UNIPROT:P51681:L32N
UNIPROT:P51681:N98M
UNIPROT:P51681:L32M
UNIPROT:P51681:L32G
UNIPROT:P51681:N98L
UNIPROT:P51681:L32T
UNIPROT:P51681:N98W
UNIPROT:P51681:L32S
UNIPROT:P51681:N98V
UNIPROT:P51681:N98Q
UNIPROT:P51681:L32Q
UNIPROT:P51681:N98R
UNIPROT:P51681:M64Y
UNIPROT:P51681:M64W
UNIPROT:P51681:L32D
UNIPROT:P51681:N98G
UNIPROT:P51681:L32C
UNIPROT:P51681:N98E
UNIPROT:P51681:L32E
UNIPROT:P51681:N98F
UNIPROT:P51681:N98C
UNIPROT:P51681:N98A
UNIPROT:P51681:L32A
UNIPROT:P51681:L33N
UNIPROT:P51681:L33I
UNIPROT:P51681:L33H
UNIPROT:P51681:L33K
UNIPROT:P51681:L33T
UNIPROT:P51681:L33W
UNIPROT:P51681:L33S
UNIPROT:P51681:L32W
UNIPROT:P51681:L32Y
UNIPROT:P51681:L33E
UNIPROT:P51681:L33D
UNIPROT:P51681:L33G
UNIPROT:P51681:L33F
UNIPROT:P51681:L33A
UNIPROT:P51681:L33C
UNIPROT:P51681:L33Y
UNIPROT:P51681:T195D
UNIPROT:P51681:T195C
UNIPROT:P51681:F311T
UNIPROT:P51681:F311Q
UNIPROT:P51681:F311R
UNIPROT:P51681:F311W
UNIPROT:P51681:T195L
UNIPROT:P51681:T195H
UNIPROT:P51681:T195G
UNIPROT:P51681:F312A
UNIPROT:P51681:T195F
UNIPROT:P51681:T195E
UNIPROT:P51681:F311D
UNIPROT:P51681:F311A
UNIPROT:P51681:F311G
UNIPROT:P51681:F311H
UNIPROT:P51681:F311E
UNIPROT:P51681:F311K
UNIPROT:P51681:F311P
UNIPROT:P51681:F311M
UNIPROT:P51681:F311N
UNIPROT:P51681:F312T
UNIPROT:P51681:F312R
UNIPROT:P51681:F312W
UNIPROT:P51681:A30C
UNIPROT:P51681:A30E
UNIPROT:P51681:A30F
UNIPROT:P51681:A30H
UNIPROT:P51681:A30I
UNIPROT:P51681:F312D
UNIPROT:P51681:F312E
UNIPROT:P51681:T195Q
UNIPROT:P51681:F312H
UNIPROT:P51681:T195N
UNIPROT:P51681:T195M
UNIPROT:P51681:F312G
UNIPROT:P51681:F312M
UNIPROT:P51681:T195Y
UNIPROT:P51681:F312K
UNIPROT:P51681:F312P
UNIPROT:P51681:T195W
UNIPROT:P51681:F312Q
UNIPROT:P51681:T195V
UNIPROT:P51681:F312N
UNIPROT:P51681:A30K
UNIPROT:P51681:A30L
UNIPROT:P51681:A30M
UNIPROT:P51681:A30N
UNIPROT:P51681:A30Q
UNIPROT:P51681:A30R
UNIPROT:P51681:A30W
UNIPROT:P51681:A30Y
UNIPROT:P51681:M64N
UNIPROT:P51681:M64G
UNIPROT:P51681:M64H
UNIPROT:P51681:M64S
UNIPROT:P51681:M64Q
UNIPROT:P51681:M64P
UNIPROT:P51681:M64E
UNIPROT:P51681:M64F
UNIPROT:P51681:M64C
UNIPROT:P51681:M64D
UNIPROT:P51681:M64A
UNIPROT:P51681:S6K
UNIPROT:P51681:S6N
UNIPROT:P51681:S6M
UNIPROT:P51681:S6H
UNIPROT:P51681:S6G
UNIPROT:P51681:S6I
UNIPROT:P51681:S6V
UNIPROT:P51681:S6R
UNIPROT:P51681:S6Q
UNIPROT:P51681:S6D
UNIPROT:P51681:S6C
UNIPROT:P51681:S6F
UNIPROT:P51681:S6E
UNIPROT:P51681:S7M
UNIPROT:P51681:S7L
UNIPROT:P51681:S7H
UNIPROT:P51681:S7K
UNIPROT:P51681:S7W
UNIPROT:P51681:S7V
UNIPROT:P51681:S7Q
UNIPROT:P51681:S7P
UNIPROT:P51681:S6W
UNIPROT:P51681:S6Y
UNIPROT:P51681:S7E
UNIPROT:P51681:S7D
UNIPROT:P51681:S7F
UNIPROT:P51681:S7A
UNIPROT:P51681:R126Q
UNIPROT:P51681:R126P
UNIPROT:P51681:S325D
UNIPROT:P51681:R126V
UNIPROT:P51681:S325E
UNIPROT:P51681:R126I
UNIPROT:P51681:R126H
UNIPROT:P51681:R126N
UNIPROT:P51681:R126L
UNIPROT:P51681:R126A
UNIPROT:P51681:Y3R
UNIPROT:P51681:S325R
UNIPROT:P51681:Y3T
UNIPROT:P51681:S325Q
UNIPROT:P51681:R126E
UNIPROT:P51681:W153A
UNIPROT:P51681:R126F
UNIPROT:P51681:Y3Q
UNIPROT:P51681:R126C
UNIPROT:P51681:S325V
UNIPROT:P51681:Y3P
UNIPROT:P51681:R126D
UNIPROT:P51681:W153E
UNIPROT:P51681:S325H
UNIPROT:P51681:W153D
UNIPROT:P51681:S325G
UNIPROT:P51681:W153F
UNIPROT:P51681:S325I
UNIPROT:P51681:Y3W
UNIPROT:P51681:W153I
UNIPROT:P51681:S325L
UNIPROT:P51681:Y3V
UNIPROT:P51681:W153H
UNIPROT:P51681:S325K
UNIPROT:P51681:W153K
UNIPROT:P51681:S325N
UNIPROT:P51681:S325M
UNIPROT:P51681:W153M
UNIPROT:P51681:T65W
UNIPROT:P51681:T65Y
UNIPROT:P51681:W153N
UNIPROT:P51681:W153Q
UNIPROT:P51681:W153P
UNIPROT:P51681:W153T
UNIPROT:P51681:S325W
UNIPROT:P51681:T65R
UNIPROT:P51681:T65Q
UNIPROT:P51681:W153V
UNIPROT:P51681:W153Y
UNIPROT:P51681:T65V
UNIPROT:P51681:T65H
UNIPROT:P51681:T65G
UNIPROT:P51681:T65L
UNIPROT:P51681:A298C
UNIPROT:P51681:T65K
UNIPROT:P51681:T65M
UNIPROT:P51681:T65D
UNIPROT:P51681:T65C
UNIPROT:P51681:T65F
UNIPROT:P51681:T65E
UNIPROT:P51681:I67K
UNIPROT:P51681:A298N
UNIPROT:P51681:A298M
UNIPROT:P51681:A298L
UNIPROT:P51681:I67G
UNIPROT:P51681:A298R
UNIPROT:P51681:I67H
UNIPROT:P51681:A298Q
UNIPROT:P51681:I67R
UNIPROT:P51681:A298F
UNIPROT:P51681:A298E
UNIPROT:P51681:A298K
UNIPROT:P51681:I67P
UNIPROT:P51681:A298I
UNIPROT:P51681:I67Q
UNIPROT:P51681:A298H
UNIPROT:P51681:A298W
UNIPROT:P51681:I67C
UNIPROT:P51681:I67D
UNIPROT:P51681:I67E
UNIPROT:P51681:A298Y
UNIPROT:P51681:I67A
UNIPROT:P51681:I67W
UNIPROT:P51681:I67Y
UNIPROT:P51681:E347I
UNIPROT:P51681:E347L
UNIPROT:P51681:E347F
UNIPROT:P51681:E347H
UNIPROT:P51681:E347R
UNIPROT:P51681:E347S
UNIPROT:P51681:E347T
UNIPROT:P51681:E347M
UNIPROT:P51681:E347N
UNIPROT:P51681:E347P
UNIPROT:P51681:E347Y
UNIPROT:P51681:E347W
UNIPROT:P51681:K314W
UNIPROT:P51681:K314Y
UNIPROT:P51681:K314P
UNIPROT:P51681:K314S
UNIPROT:P51681:K314V
UNIPROT:P51681:K314H
UNIPROT:P51681:K314G
UNIPROT:P51681:K314I
UNIPROT:P51681:K314L
UNIPROT:P51681:K314A
UNIPROT:P51681:K314D
UNIPROT:P51681:K314C
UNIPROT:P51681:K314F
UNIPROT:P51681:E345H
UNIPROT:P51681:E345I
UNIPROT:P51681:E345C
UNIPROT:P51681:E345F
UNIPROT:P51681:E345P
UNIPROT:P51681:E345R
UNIPROT:P51681:E345L
UNIPROT:P51681:E345M
UNIPROT:P51681:E345N
UNIPROT:P51681:E345W
UNIPROT:P51681:E345Y
UNIPROT:P51681:E345S
UNIPROT:P51681:E345T
UNIPROT:P51681:R126Y
UNIPROT:P51681:E347C
UNIPROT:P51681:Q186A
UNIPROT:P51681:Q186N
UNIPROT:P51681:Q186M
UNIPROT:P51681:Q186F
UNIPROT:P51681:Q186G
UNIPROT:P51681:Q186I
UNIPROT:P51681:Q186C
UNIPROT:P51681:Q186D
UNIPROT:P51681:F193K
UNIPROT:P51681:F193N
UNIPROT:P51681:F193M
UNIPROT:P51681:F193P
UNIPROT:P51681:F193R
UNIPROT:P51681:F193Q
UNIPROT:P51681:F193T
UNIPROT:P51681:F193W
UNIPROT:P51681:F193A
UNIPROT:P51681:F193D
UNIPROT:P51681:F193E
UNIPROT:P51681:F193H
UNIPROT:P51681:F193G
UNIPROT:P51681:Q188Y
UNIPROT:P51681:Q188V
UNIPROT:P51681:Q188W
UNIPROT:P51681:V300W
UNIPROT:P51681:V300Q
UNIPROT:P51681:V300R
UNIPROT:P51681:V300S
UNIPROT:P51681:V300T
UNIPROT:P51681:V300Y
UNIPROT:P51681:Q188A
UNIPROT:P51681:N48R
UNIPROT:P51681:Q188C
UNIPROT:P51681:N48P
UNIPROT:P51681:N48Q
UNIPROT:P51681:N48V
UNIPROT:P51681:N48W
UNIPROT:P51681:N48E
UNIPROT:P51681:N48C
UNIPROT:P51681:Q188S
UNIPROT:P51681:N48A
UNIPROT:P51681:Q188M
UNIPROT:P51681:Q188N
UNIPROT:P51681:N48L
UNIPROT:P51681:N48M
UNIPROT:P51681:Q188I
UNIPROT:P51681:Q188D
UNIPROT:P51681:N48F
UNIPROT:P51681:Q188F
UNIPROT:P51681:N48G
UNIPROT:P51681:Q188G
UNIPROT:P51681:Y3E
UNIPROT:P51681:Y3A
UNIPROT:P51681:Y3K
UNIPROT:P51681:Q186V
UNIPROT:P51681:Q186W
UNIPROT:P51681:Y3M
UNIPROT:P51681:Y3L
UNIPROT:P51681:Q186Y
UNIPROT:P51681:Y3G
UNIPROT:P51681:Q186S
UNIPROT:P51681:Y3I
UNIPROT:P51681:Q186T
UNIPROT:P51681:T167H
UNIPROT:P51681:T167G
UNIPROT:P51681:P206Y
UNIPROT:P51681:T167F
UNIPROT:P51681:T167E
UNIPROT:P51681:P206W
UNIPROT:P51681:D76F
UNIPROT:P51681:T167D
UNIPROT:P51681:P206V
UNIPROT:P51681:D76C
UNIPROT:P51681:T167C
UNIPROT:P51681:D76I
UNIPROT:P51681:T167Q
UNIPROT:P51681:L285E
UNIPROT:P51681:L285C
UNIPROT:P51681:L285D
UNIPROT:P51681:D76M
UNIPROT:P51681:T167M
UNIPROT:P51681:L285A
UNIPROT:P51681:T167L
UNIPROT:P51681:P206N
UNIPROT:P51681:D76K
UNIPROT:P51681:T167K
UNIPROT:P51681:P206M
UNIPROT:P51681:D76L
UNIPROT:P51681:P206K
UNIPROT:P51681:L285M
UNIPROT:P51681:L285N
UNIPROT:P51681:P206I
UNIPROT:P51681:L285K
UNIPROT:P51681:P206H
UNIPROT:P51681:P206G
UNIPROT:P51681:P206F
UNIPROT:P51681:P206E
UNIPROT:P51681:L285G
UNIPROT:P51681:P206D
UNIPROT:P51681:P206C
UNIPROT:P51681:L285S
UNIPROT:P51681:L285T
UNIPROT:P51681:L285Q
UNIPROT:P51681:D76Q
UNIPROT:P51681:T167Y
UNIPROT:P51681:D76R
UNIPROT:P51681:T167W
UNIPROT:P51681:D76P
UNIPROT:P51681:T167V
UNIPROT:P51681:D76S
UNIPROT:P51681:D76T
UNIPROT:P51681:T167R
UNIPROT:P51681:D76W
UNIPROT:P51681:V300E
UNIPROT:P51681:V300H
UNIPROT:P51681:V300C
UNIPROT:P51681:V300M
UNIPROT:P51681:V300N
UNIPROT:P51681:V300P
UNIPROT:P51681:V300K
UNIPROT:P51681:L285Y
UNIPROT:P51681:L285W
UNIPROT:P51681:F189Q
UNIPROT:P51681:F189P
UNIPROT:P51681:F189R
UNIPROT:P51681:F189T
UNIPROT:P51681:F189W
UNIPROT:P51681:F189A
UNIPROT:P51681:F189E
UNIPROT:P51681:F189D
UNIPROT:P51681:F189G
UNIPROT:P51681:F189H
UNIPROT:P51681:F189K
UNIPROT:P51681:F189M
UNIPROT:P51681:D276W
UNIPROT:P51681:D276S
UNIPROT:P51681:P332Q
UNIPROT:P51681:D276T
UNIPROT:P51681:D276Q
UNIPROT:P51681:D276R
UNIPROT:P51681:P332N
UNIPROT:P51681:P332M
UNIPROT:P51681:P332K
UNIPROT:P51681:P332I
UNIPROT:P51681:P332G
UNIPROT:P51681:P332F
UNIPROT:P51681:P332E
UNIPROT:P51681:P332D
UNIPROT:P51681:P332C
UNIPROT:P51681:D276F
UNIPROT:P51681:D276C
UNIPROT:P51681:D276P
UNIPROT:P51681:D276M
UNIPROT:P51681:D276K
UNIPROT:P51681:D276L
UNIPROT:P51681:D276I
UNIPROT:P51681:I56W
UNIPROT:P51681:I56Y
UNIPROT:P51681:P332Y
UNIPROT:P51681:P332W
UNIPROT:P51681:P332V
UNIPROT:P51681:S337C
UNIPROT:P51681:S337E
UNIPROT:P51681:S337D
UNIPROT:P51681:S337G
UNIPROT:P51681:S337F
UNIPROT:P51681:S336W
UNIPROT:P51681:S336Y
UNIPROT:P51681:S337Q
UNIPROT:P51681:I52W
UNIPROT:P51681:I52Y
UNIPROT:P51681:S337R
UNIPROT:P51681:I52R
UNIPROT:P51681:S337W
UNIPROT:P51681:S337V
UNIPROT:P51681:S337I
UNIPROT:P51681:S337H
UNIPROT:P51681:S337K
UNIPROT:P51681:S337M
UNIPROT:P51681:S337N
UNIPROT:P51681:I54H
UNIPROT:P51681:K322W
UNIPROT:P51681:I54K
UNIPROT:P51681:K322V
UNIPROT:P51681:I54D
UNIPROT:P51681:K322Y
UNIPROT:P51681:I54E
UNIPROT:P51681:I54G
UNIPROT:P51681:I54P
UNIPROT:P51681:K322M
UNIPROT:P51681:S337Y
UNIPROT:P51681:I54Q
UNIPROT:P51681:K322L
UNIPROT:P51681:I54R
UNIPROT:P51681:K322P
UNIPROT:P51681:K322S
UNIPROT:P51681:K322D
UNIPROT:P51681:K322G
UNIPROT:P51681:K322F
UNIPROT:P51681:K322H
UNIPROT:P51681:I54A
UNIPROT:P51681:I54C
UNIPROT:P51681:K322A
UNIPROT:P51681:K322C
UNIPROT:P51681:I54Y
UNIPROT:P51681:I54W
UNIPROT:P51681:I56F
UNIPROT:P51681:I56G
UNIPROT:P51681:I56H
UNIPROT:P51681:I56S
UNIPROT:P51681:I56N
UNIPROT:P51681:I56P
UNIPROT:P51681:I56Q
UNIPROT:P51681:I56C
UNIPROT:P51681:I56D
UNIPROT:P51681:I56E
UNIPROT:P51681:I56A
UNIPROT:P51681:I9A
UNIPROT:P51681:I9C
UNIPROT:P51681:E227C
UNIPROT:P51681:I9Y
UNIPROT:P51681:E227L
UNIPROT:P51681:E227M
UNIPROT:P51681:E227F
UNIPROT:P51681:I9W
UNIPROT:P51681:E227H
UNIPROT:P51681:E227I
UNIPROT:P51681:E227R
UNIPROT:P51681:E227S
UNIPROT:P51681:E227T
UNIPROT:P51681:E227N
UNIPROT:P51681:E227P
UNIPROT:P51681:I9H
UNIPROT:P51681:I9K
UNIPROT:P51681:I9E
UNIPROT:P51681:I9D
UNIPROT:P51681:E227W
UNIPROT:P51681:I9G
UNIPROT:P51681:E227Y
UNIPROT:P51681:I9Q
UNIPROT:P51681:I9P
UNIPROT:P51681:I9R
UNIPROT:P51681:I52G
UNIPROT:P51681:I52H
UNIPROT:P51681:S336A
UNIPROT:P51681:S336D
UNIPROT:P51681:I52C
UNIPROT:P51681:I52D
UNIPROT:P51681:S336F
UNIPROT:P51681:I52E
UNIPROT:P51681:S336E
UNIPROT:P51681:I52P
UNIPROT:P51681:I52Q
UNIPROT:P51681:I52K
UNIPROT:P51681:S336P
UNIPROT:P51681:S336Q
UNIPROT:P51681:S336V
UNIPROT:P51681:S336H
UNIPROT:P51681:I52A
UNIPROT:P51681:S336L
UNIPROT:P51681:S336K
UNIPROT:P51681:S336M
UNIPROT:P51681:Y37T
UNIPROT:P51681:Y37R
UNIPROT:P51681:Y37Q
UNIPROT:P51681:Y37W
UNIPROT:P51681:Y37V
UNIPROT:P51681:Y37L
UNIPROT:P51681:Y37K
UNIPROT:P51681:Y37I
UNIPROT:P51681:Y37P
UNIPROT:P51681:Y37M
UNIPROT:P51681:Q194W
UNIPROT:P51681:Q194Y
UNIPROT:P51681:Q194S
UNIPROT:P51681:Q194T
UNIPROT:P51681:Q194V
UNIPROT:P51681:N306A
UNIPROT:P51681:Y37A
UNIPROT:P51681:N306F
UNIPROT:P51681:Y37G
UNIPROT:P51681:N306E
UNIPROT:P51681:Y37E
UNIPROT:P51681:N306C
UNIPROT:P51681:N306G
UNIPROT:P51681:N306M
UNIPROT:P51681:N306L
UNIPROT:P51681:N306R
UNIPROT:P51681:N306Q
UNIPROT:P51681:N306P
UNIPROT:P51681:N306V
UNIPROT:P51681:N306W
UNIPROT:P51681:V310E
UNIPROT:P51681:V310C
UNIPROT:P51681:V310M
UNIPROT:P51681:V310N
UNIPROT:P51681:V310H
UNIPROT:P51681:V310K
UNIPROT:P51681:D66C
UNIPROT:P51681:D66F
UNIPROT:P51681:D66K
UNIPROT:P51681:D66I
UNIPROT:P51681:D66L
UNIPROT:P51681:D66M
UNIPROT:P51681:D66R
UNIPROT:P51681:V310T
UNIPROT:P51681:D66S
UNIPROT:P51681:D66P
UNIPROT:P51681:D66Q
UNIPROT:P51681:V310W
UNIPROT:P51681:V310P
UNIPROT:P51681:D66W
UNIPROT:P51681:V310Q
UNIPROT:P51681:D66T
UNIPROT:P51681:V310R
UNIPROT:P51681:V310S
UNIPROT:P51681:V310Y
UNIPROT:P51681:M100N
UNIPROT:P51681:M100H
UNIPROT:P51681:M100W
UNIPROT:P51681:M100P
UNIPROT:P51681:M100Q
UNIPROT:P51681:M100S
UNIPROT:P51681:Q194M
UNIPROT:P51681:Q194N
UNIPROT:P51681:Q194G
UNIPROT:P51681:Q194I
UNIPROT:P51681:M100D
UNIPROT:P51681:Q194C
UNIPROT:P51681:M100E
UNIPROT:P51681:Q194D
UNIPROT:P51681:M100F
UNIPROT:P51681:M100G
UNIPROT:P51681:Q194F
UNIPROT:P51681:M100A
UNIPROT:P51681:Q194A
UNIPROT:P51681:M100C
UNIPROT:P51681:T177H
UNIPROT:P51681:T177G
UNIPROT:P51681:T177F
UNIPROT:P51681:T177E
UNIPROT:P51681:T177D
UNIPROT:P51681:T177C
UNIPROT:P51681:G265E
UNIPROT:P51681:G265F
UNIPROT:P51681:G265H
UNIPROT:P51681:T177M
UNIPROT:P51681:G265I
UNIPROT:P51681:T177L
UNIPROT:P51681:T177K
UNIPROT:P51681:G265K
UNIPROT:P51681:G265L
UNIPROT:P51681:G265M
UNIPROT:P51681:G265N
UNIPROT:P51681:G265P
UNIPROT:P51681:G265Q
UNIPROT:P51681:G265T
UNIPROT:P51681:G265W
UNIPROT:P51681:G265Y
UNIPROT:P51681:T177W
UNIPROT:P51681:T177V
UNIPROT:P51681:M100Y
UNIPROT:P51681:T177R
UNIPROT:P51681:T177Q
UNIPROT:P51681:T177Y
UNIPROT:P51681:K318A
UNIPROT:P51681:S17D
UNIPROT:P51681:S17C
UNIPROT:P51681:K318S
UNIPROT:P51681:K318V
UNIPROT:P51681:K318W
UNIPROT:P51681:K318Y
UNIPROT:P51681:K318L
UNIPROT:P51681:K318M
UNIPROT:P51681:K318P
UNIPROT:P51681:K318D
UNIPROT:P51681:K318C
UNIPROT:P51681:K318F
UNIPROT:P51681:K318H
UNIPROT:P51681:K318G
UNIPROT:P51681:S17V
UNIPROT:P51681:S17Y
UNIPROT:P51681:S17N
UNIPROT:P51681:S17M
UNIPROT:P51681:S17R
UNIPROT:P51681:S17Q
UNIPROT:P51681:S17F
UNIPROT:P51681:S17E
UNIPROT:P51681:S17H
UNIPROT:P51681:S17G
UNIPROT:P51681:S17I
UNIPROT:P51681:S17K
UNIPROT:P51681:L161Y
UNIPROT:P51681:L161W
UNIPROT:P51681:L161T
UNIPROT:P51681:L161C
UNIPROT:P51681:L161A
UNIPROT:P51681:L161K
UNIPROT:P51681:L161G
UNIPROT:P51681:L161D
UNIPROT:P51681:L161E
UNIPROT:P51681:L161S
UNIPROT:P51681:L161Q
UNIPROT:P51681:L161N
UNIPROT:P51681:L161M
UNIPROT:P51681:R235Q
UNIPROT:P51681:R235P
UNIPROT:P51681:R235N
UNIPROT:P51681:R235I
UNIPROT:P51681:R235H
UNIPROT:P51681:R235F
UNIPROT:P51681:R235L
UNIPROT:P51681:R235A
UNIPROT:P51681:R235E
UNIPROT:P51681:R235D
UNIPROT:P51681:R235C
UNIPROT:P51681:R232V
UNIPROT:P51681:I151Y
UNIPROT:P51681:R232Y
UNIPROT:P51681:R232N
UNIPROT:P51681:R232L
UNIPROT:P51681:I151W
UNIPROT:P51681:I151P
UNIPROT:P51681:I151Q
UNIPROT:P51681:R232Q
UNIPROT:P51681:I151R
UNIPROT:P51681:R232P
UNIPROT:P51681:R232F
UNIPROT:P51681:R232E
UNIPROT:P51681:R232D
UNIPROT:P51681:R232C
UNIPROT:P51681:I151H
UNIPROT:P51681:R232I
UNIPROT:P51681:R232H
UNIPROT:P51681:I151K
UNIPROT:P51681:I151D
UNIPROT:P51681:I151E
UNIPROT:P51681:I151G
UNIPROT:P51681:I151A
UNIPROT:P51681:R232A
UNIPROT:P51681:I151C
UNIPROT:P51681:D125C
UNIPROT:P51681:D125T
UNIPROT:P51681:D125W
UNIPROT:P51681:D125I
UNIPROT:P51681:D125K
UNIPROT:P51681:D125F
UNIPROT:P51681:R235Y
UNIPROT:P51681:D125P
UNIPROT:P51681:D125S
UNIPROT:P51681:D125R
UNIPROT:P51681:R235V
UNIPROT:P51681:D125M
UNIPROT:P51681:D125L
UNIPROT:P51681:Y176W
UNIPROT:P51681:Y176T
UNIPROT:P51681:Y176V
UNIPROT:P51681:Y176P
UNIPROT:P51681:Y176R
UNIPROT:P51681:Y176Q
UNIPROT:P51681:Y176L
UNIPROT:P51681:Y176K
UNIPROT:P51681:Y176M
UNIPROT:P51681:T82R
UNIPROT:P51681:T82W
UNIPROT:P51681:T82V
UNIPROT:P51681:T82Y
UNIPROT:P51681:T82K
UNIPROT:P51681:T82M
UNIPROT:P51681:T82L
UNIPROT:P51681:T82Q
UNIPROT:P51681:T82C
UNIPROT:P51681:T82E
UNIPROT:P51681:T82D
UNIPROT:P51681:T82G
UNIPROT:P51681:T82F
UNIPROT:P51681:T82H
UNIPROT:P51681:L137C
UNIPROT:P51681:L137D
UNIPROT:P51681:Y176G
UNIPROT:P51681:L137A
UNIPROT:P51681:Y176I
UNIPROT:P51681:Y176E
UNIPROT:P51681:L137K
UNIPROT:P51681:Y176A
UNIPROT:P51681:L137G
UNIPROT:P51681:L137H
UNIPROT:P51681:L137E
UNIPROT:P51681:L137T
UNIPROT:P51681:L137Q
UNIPROT:P51681:L137R
UNIPROT:P51681:L137P
UNIPROT:P51681:L137M
UNIPROT:P51681:L137N
UNIPROT:P51681:L137Y
UNIPROT:P51681:L137W
UNIPROT:P51681:R230Y
UNIPROT:P51681:R230Q
UNIPROT:P51681:R230V
UNIPROT:P51681:T148L
UNIPROT:P51681:R230L
UNIPROT:P51681:R230I
UNIPROT:P51681:T148H
UNIPROT:P51681:R230P
UNIPROT:P51681:T148G
UNIPROT:P51681:T148F
UNIPROT:P51681:R230N
UNIPROT:P51681:T148E
UNIPROT:P51681:R230D
UNIPROT:P51681:R230C
UNIPROT:P51681:T148Q
UNIPROT:P51681:R230A
UNIPROT:P51681:R230H
UNIPROT:P51681:T148N
UNIPROT:P51681:R230F
UNIPROT:P51681:T148M
UNIPROT:P51681:R230E
UNIPROT:P51681:A278E
UNIPROT:P51681:A278C
UNIPROT:P51681:T148D
UNIPROT:P51681:T148C
UNIPROT:P51681:A278Q
UNIPROT:P51681:A278N
UNIPROT:P51681:A278R
UNIPROT:P51681:A278I
UNIPROT:P51681:A278H
UNIPROT:P51681:A278F
UNIPROT:P51681:A278M
UNIPROT:P51681:A278L
UNIPROT:P51681:A278K
UNIPROT:P51681:T148Y
UNIPROT:P51681:T148W
UNIPROT:P51681:T148V
UNIPROT:P51681:A278Y
UNIPROT:P51681:A278W
UNIPROT:P51681:T143G
UNIPROT:P51681:T143F
UNIPROT:P51681:T143D
UNIPROT:P51681:T143C
UNIPROT:P51681:T143M
UNIPROT:P51681:T143L
UNIPROT:P51681:T143K
UNIPROT:P51681:T143H
UNIPROT:P51681:T143W
UNIPROT:P51681:T143V
UNIPROT:P51681:T143R
UNIPROT:P51681:T143Y
UNIPROT:P51681:K197P
UNIPROT:P51681:Y68A
UNIPROT:P51681:K197S
UNIPROT:P51681:Y68E
UNIPROT:P51681:K197V
UNIPROT:P51681:K197W
UNIPROT:P51681:K197H
UNIPROT:P51681:K197I
UNIPROT:P51681:K197L
UNIPROT:P51681:K197A
UNIPROT:P51681:K197C
UNIPROT:P51681:K197D
UNIPROT:P51681:K197F
UNIPROT:P51681:K197G
UNIPROT:P51681:Y68W
UNIPROT:P51681:Y68R
UNIPROT:P51681:Y68Q
UNIPROT:P51681:Y68P
UNIPROT:P51681:Y68V
UNIPROT:P51681:Y68T
UNIPROT:P51681:Y68I
UNIPROT:P51681:K197Y
UNIPROT:P51681:Y68G
UNIPROT:P51681:Y68M
UNIPROT:P51681:Y68L
UNIPROT:P51681:Y68K
UNIPROT:P51681:A139R
UNIPROT:P51681:A139Y
UNIPROT:P51681:A139W
UNIPROT:P51681:A139M
UNIPROT:P51681:A139L
UNIPROT:P51681:A139K
UNIPROT:P51681:A139Q
UNIPROT:P51681:A139N
UNIPROT:P51681:D95L
UNIPROT:P51681:D95M
UNIPROT:P51681:D95R
UNIPROT:P51681:D95S
UNIPROT:P51681:D95P
UNIPROT:P51681:D95Q
UNIPROT:P51681:D95W
UNIPROT:P51681:D95T
UNIPROT:P51681:F166P
UNIPROT:P51681:F299R
UNIPROT:P51681:F166R
UNIPROT:P51681:F299P
UNIPROT:P51681:F166Q
UNIPROT:P51681:F299Q
UNIPROT:P51681:F166T
UNIPROT:P51681:F299W
UNIPROT:P51681:F299T
UNIPROT:P51681:F166W
UNIPROT:P51681:F166A
UNIPROT:P51681:F299A
UNIPROT:P51681:F166D
UNIPROT:P51681:F299G
UNIPROT:P51681:F299D
UNIPROT:P51681:F166E
UNIPROT:P51681:F299E
UNIPROT:P51681:F166H
UNIPROT:P51681:F166G
UNIPROT:P51681:F299K
UNIPROT:P51681:F299H
UNIPROT:P51681:F299N
UNIPROT:P51681:F166K
UNIPROT:P51681:F166N
UNIPROT:P51681:F166M
UNIPROT:P51681:F299M
UNIPROT:P51681:T141E
UNIPROT:P51681:T141D
UNIPROT:P51681:T141C
UNIPROT:P51681:T141L
UNIPROT:P51681:T141I
UNIPROT:P51681:T141H
UNIPROT:P51681:T141G
UNIPROT:P51681:T141F
UNIPROT:P51681:L266A
UNIPROT:P51681:L266H
UNIPROT:P51681:L266I
UNIPROT:P51681:L266F
UNIPROT:P51681:L266G
UNIPROT:P51681:L266D
UNIPROT:P51681:L266E
UNIPROT:P51681:L266C
UNIPROT:P51681:L266N
UNIPROT:P51681:T141Q
UNIPROT:P51681:T141N
UNIPROT:P51681:L266K
UNIPROT:P51681:L266Y
UNIPROT:P51681:L266W
UNIPROT:P51681:T141Y
UNIPROT:P51681:L266T
UNIPROT:P51681:T141W
UNIPROT:P51681:T141V
UNIPROT:P51681:L266S
UNIPROT:P51681:V5W
UNIPROT:P51681:V5Y
UNIPROT:P51681:V5T
UNIPROT:P51681:V5S
UNIPROT:P51681:D95C
UNIPROT:P51681:D95F
UNIPROT:P51681:D95K
UNIPROT:P51681:D95I
UNIPROT:P51681:G106C
UNIPROT:P51681:K191L
UNIPROT:P51681:K191P
UNIPROT:P51681:K191C
UNIPROT:P51681:K191D
UNIPROT:P51681:K191F
UNIPROT:P51681:K191G
UNIPROT:P51681:K191H
UNIPROT:P51681:K191I
UNIPROT:P51681:K191A
UNIPROT:P51681:G106Y
UNIPROT:P51681:G106T
UNIPROT:P51681:G106S
UNIPROT:P51681:G106Q
UNIPROT:P51681:G106P
UNIPROT:P51681:G106N
UNIPROT:P51681:G106M
UNIPROT:P51681:G106L
UNIPROT:P51681:G106K
UNIPROT:P51681:K191S
UNIPROT:P51681:G106I
UNIPROT:P51681:K191V
UNIPROT:P51681:G106F
UNIPROT:P51681:K191W
UNIPROT:P51681:G106D
UNIPROT:P51681:K191Y
UNIPROT:P51681:N192R
UNIPROT:P51681:N192P
UNIPROT:P51681:N192V
UNIPROT:P51681:N192W
UNIPROT:P51681:I165W
UNIPROT:P51681:I165Y
UNIPROT:P51681:I165P
UNIPROT:P51681:I165Q
UNIPROT:P51681:I165R
UNIPROT:P51681:I165K
UNIPROT:P51681:I165G
UNIPROT:P51681:I165H
UNIPROT:P51681:I165C
UNIPROT:P51681:I165D
UNIPROT:P51681:I165E
UNIPROT:P51681:I165A
UNIPROT:P51681:I164W
UNIPROT:P51681:I164Y
UNIPROT:P51681:I164R
UNIPROT:P51681:I164P
UNIPROT:P51681:I164Q
UNIPROT:P51681:I164K
UNIPROT:P51681:I164G
UNIPROT:P51681:I164H
UNIPROT:P51681:I164C
UNIPROT:P51681:I164D
UNIPROT:P51681:I164E
UNIPROT:P51681:I164A
UNIPROT:P51681:I296W
UNIPROT:P51681:I296Y
UNIPROT:P51681:I296R
UNIPROT:P51681:I296P
UNIPROT:P51681:I296Q
UNIPROT:P51681:I296K
UNIPROT:P51681:N192C
UNIPROT:P51681:I296G
UNIPROT:P51681:I296H
UNIPROT:P51681:N192A
UNIPROT:P51681:N192F
UNIPROT:P51681:N192G
UNIPROT:P51681:I296C
UNIPROT:P51681:I296D
UNIPROT:P51681:N192E
UNIPROT:P51681:I296E
UNIPROT:P51681:I296A
UNIPROT:P51681:I295Y
UNIPROT:P51681:N192L
UNIPROT:P51681:N192M
UNIPROT:P51681:I295W
UNIPROT:P51681:I295Q
UNIPROT:P51681:I295R
UNIPROT:P51681:I295P
UNIPROT:P51681:I295K
UNIPROT:P51681:I295G
UNIPROT:P51681:I295H
UNIPROT:P51681:I295A
UNIPROT:P51681:I295C
UNIPROT:P51681:I295D
UNIPROT:P51681:I74G
UNIPROT:P51681:I74H
UNIPROT:P51681:I74C
UNIPROT:P51681:I74D
UNIPROT:P51681:I74E
UNIPROT:P51681:I74P
UNIPROT:P51681:I74Q
UNIPROT:P51681:I74K
UNIPROT:P51681:I74A
UNIPROT:P51681:E333F
UNIPROT:P51681:K303W
UNIPROT:P51681:E333H
UNIPROT:P51681:K303Y
UNIPROT:P51681:E333I
UNIPROT:P51681:E333C
UNIPROT:P51681:K303P
UNIPROT:P51681:E333N
UNIPROT:P51681:E333P
UNIPROT:P51681:K303S
UNIPROT:P51681:K303V
UNIPROT:P51681:E333L
UNIPROT:P51681:E333M
UNIPROT:P51681:K303H
UNIPROT:P51681:I74W
UNIPROT:P51681:K303G
UNIPROT:P51681:E333W
UNIPROT:P51681:I74Y
UNIPROT:P51681:K303I
UNIPROT:P51681:E333Y
UNIPROT:P51681:I74R
UNIPROT:P51681:K303L
UNIPROT:P51681:E333R
UNIPROT:P51681:E333S
UNIPROT:P51681:E333T
UNIPROT:P51681:K303A
UNIPROT:P51681:K303D
UNIPROT:P51681:I292W
UNIPROT:P51681:K303C
UNIPROT:P51681:K303F
UNIPROT:P51681:I292Y
UNIPROT:P51681:I292R
UNIPROT:P51681:I292P
UNIPROT:P51681:I292Q
UNIPROT:P51681:I292K
UNIPROT:P51681:I292G
UNIPROT:P51681:I292H
UNIPROT:P51681:I292C
UNIPROT:P51681:I292D
UNIPROT:P51681:I292E
UNIPROT:P51681:I292A
UNIPROT:P51681:A159R
UNIPROT:P51681:A159Q
UNIPROT:P51681:A159W
UNIPROT:P51681:A159K
UNIPROT:P51681:A159H
UNIPROT:P51681:A159N
UNIPROT:P51681:A159M
UNIPROT:P51681:A159L
UNIPROT:P51681:A159Y
UNIPROT:P51681:Y187G
UNIPROT:P51681:Y187I
UNIPROT:P51681:Y187E
UNIPROT:P51681:Y187A
UNIPROT:P51681:Q170Y
UNIPROT:P51681:Q170V
UNIPROT:P51681:Q170W
UNIPROT:P51681:Q170S
UNIPROT:P51681:Q170M
UNIPROT:P51681:Q170N
UNIPROT:P51681:Y187W
UNIPROT:P51681:Y187T
UNIPROT:P51681:Y187V
UNIPROT:P51681:Y187P
UNIPROT:P51681:Y187R
UNIPROT:P51681:Y187Q
UNIPROT:P51681:Y187L
UNIPROT:P51681:Y187K
UNIPROT:P51681:Y187M
UNIPROT:P51681:Y184T
UNIPROT:P51681:Y184W
UNIPROT:P51681:C58T
UNIPROT:P51681:Y184V
UNIPROT:P51681:Y184Q
UNIPROT:P51681:C58V
UNIPROT:P51681:A156C
UNIPROT:P51681:Y184P
UNIPROT:P51681:Y184R
UNIPROT:P51681:Y184M
UNIPROT:P51681:Y184L
UNIPROT:P51681:Y184I
UNIPROT:P51681:Y184K
UNIPROT:P51681:A156N
UNIPROT:P51681:A156M
UNIPROT:P51681:F182K
UNIPROT:P51681:F182N
UNIPROT:P51681:F182M
UNIPROT:P51681:A156R
UNIPROT:P51681:F182P
UNIPROT:P51681:A156Q
UNIPROT:P51681:A156H
UNIPROT:P51681:F182R
UNIPROT:P51681:F182Q
UNIPROT:P51681:A156F
UNIPROT:P51681:F182T
UNIPROT:P51681:A156E
UNIPROT:P51681:A156L
UNIPROT:P51681:A156K
UNIPROT:P51681:A156I
UNIPROT:P51681:F182W
UNIPROT:P51681:A156W
UNIPROT:P51681:F182A
UNIPROT:P51681:F182D
UNIPROT:P51681:F182E
UNIPROT:P51681:F182H
UNIPROT:P51681:A156Y
UNIPROT:P51681:F182G
UNIPROT:P51681:Y184E
UNIPROT:P51681:Y184G
UNIPROT:P51681:Y184A
UNIPROT:P51681:A159C
UNIPROT:P51681:A159F
UNIPROT:P51681:A159D
UNIPROT:P51681:T288I
UNIPROT:P51681:T288H
UNIPROT:P51681:T288G
UNIPROT:P51681:T288F
UNIPROT:P51681:T288E
UNIPROT:P51681:T288D
UNIPROT:P51681:T288C
UNIPROT:P51681:T288Q
UNIPROT:P51681:T288N
UNIPROT:P51681:T288L
UNIPROT:P51681:T288Y
UNIPROT:P51681:T288W
UNIPROT:P51681:T288V
UNIPROT:P51681:G111Y
UNIPROT:P51681:G111W
UNIPROT:P51681:G111T
UNIPROT:P51681:L275G
UNIPROT:P51681:L275D
UNIPROT:P51681:L275E
UNIPROT:P51681:G111Q
UNIPROT:P51681:G111P
UNIPROT:P51681:L275C
UNIPROT:P51681:G111N
UNIPROT:P51681:L275A
UNIPROT:P51681:G111M
UNIPROT:P51681:L275N
UNIPROT:P51681:G111L
UNIPROT:P51681:G111K
UNIPROT:P51681:G111I
UNIPROT:P51681:G111H
UNIPROT:P51681:L275K
UNIPROT:P51681:L275H
UNIPROT:P51681:G111F
UNIPROT:P51681:L275I
UNIPROT:P51681:G111E
UNIPROT:P51681:L275T
UNIPROT:P51681:L275R
UNIPROT:P51681:L275P
UNIPROT:P51681:L275Q
UNIPROT:P51681:N57R
UNIPROT:P51681:N57P
UNIPROT:P51681:C58E
UNIPROT:P51681:N57Q
UNIPROT:P51681:C58D
UNIPROT:P51681:N57L
UNIPROT:P51681:C58I
UNIPROT:P51681:N57M
UNIPROT:P51681:C58H
UNIPROT:P51681:C58K
UNIPROT:P51681:C58M
UNIPROT:P51681:C58L
UNIPROT:P51681:N57V
UNIPROT:P51681:N57W
UNIPROT:P51681:C58N
UNIPROT:P51681:C58Q
UNIPROT:P51681:C58P
UNIPROT:P51681:N57C
UNIPROT:P51681:N57A
UNIPROT:P51681:N57F
UNIPROT:P51681:N57G
UNIPROT:P51681:C58A
UNIPROT:P51681:N57E
UNIPROT:P51681:T284E
UNIPROT:P51681:T284D
UNIPROT:P51681:T284C
UNIPROT:P51681:T284M
UNIPROT:P51681:T284L
UNIPROT:P51681:T284K
UNIPROT:P51681:T284H
UNIPROT:P51681:T284G
UNIPROT:P51681:T284F
UNIPROT:P51681:Q170I
UNIPROT:P51681:Q170F
UNIPROT:P51681:Q170G
UNIPROT:P51681:Q170A
UNIPROT:P51681:Q170C
UNIPROT:P51681:Q170D
UNIPROT:P51681:T152E
UNIPROT:P51681:T152D
UNIPROT:P51681:T152C
UNIPROT:P51681:L275Y
UNIPROT:P51681:T152M
UNIPROT:P51681:T152L
UNIPROT:P51681:T152K
UNIPROT:P51681:T152H
UNIPROT:P51681:T152G
UNIPROT:P51681:T152F
UNIPROT:P51681:T284R
UNIPROT:P51681:T284Q
UNIPROT:P51681:T284Y
UNIPROT:P51681:T284W
UNIPROT:P51681:T284V
UNIPROT:P51681:T152R
UNIPROT:P51681:T152Q
UNIPROT:P51681:T152Y
UNIPROT:P51681:T152W
UNIPROT:P51681:T152V
UNIPROT:P51681:M210N
UNIPROT:P51681:M210W
UNIPROT:P51681:M210P
UNIPROT:P51681:M210Q
UNIPROT:P51681:M210S
UNIPROT:P51681:M210E
UNIPROT:P51681:M210F
UNIPROT:P51681:M210G
UNIPROT:P51681:M210A
UNIPROT:P51681:T282C
UNIPROT:P51681:T282H
UNIPROT:P51681:T282G
UNIPROT:P51681:T282F
UNIPROT:P51681:T282E
UNIPROT:P51681:T282D
UNIPROT:P51681:E330C
UNIPROT:P51681:E330F
UNIPROT:P51681:E330L
UNIPROT:P51681:E330M
UNIPROT:P51681:E330N
UNIPROT:P51681:E330H
UNIPROT:P51681:E330I
UNIPROT:P51681:E330S
UNIPROT:P51681:E330T
UNIPROT:P51681:T282Q
UNIPROT:P51681:T282N
UNIPROT:P51681:E330P
UNIPROT:P51681:T282M
UNIPROT:P51681:T282L
UNIPROT:P51681:E330R
UNIPROT:P51681:T282Y
UNIPROT:P51681:T282W
UNIPROT:P51681:E330W
UNIPROT:P51681:T282V
UNIPROT:P51681:E330Y
UNIPROT:P51681:V199R
UNIPROT:P51681:V199Q
UNIPROT:P51681:V199P
UNIPROT:P51681:V199T
UNIPROT:P51681:V199S
UNIPROT:P51681:V199Y
UNIPROT:P51681:V199W
UNIPROT:P51681:H315M
UNIPROT:P51681:V199E
UNIPROT:P51681:H315K
UNIPROT:P51681:V199C
UNIPROT:P51681:H315I
UNIPROT:P51681:V199H
UNIPROT:P51681:H315G
UNIPROT:P51681:V199N
UNIPROT:P51681:H315E
UNIPROT:P51681:V199M
UNIPROT:P51681:H315F
UNIPROT:P51681:H315C
UNIPROT:P51681:V199K
UNIPROT:P51681:H315W
UNIPROT:P51681:H315V
UNIPROT:P51681:H315S
UNIPROT:P51681:H315T
UNIPROT:P51681:S38C
UNIPROT:P51681:G115Y
UNIPROT:P51681:G115W
UNIPROT:P51681:G115T
UNIPROT:P51681:G115S
UNIPROT:P51681:G115Q
UNIPROT:P51681:H315A
UNIPROT:P51681:G115P
UNIPROT:P51681:G115N
UNIPROT:P51681:G115M
UNIPROT:P51681:G115L
UNIPROT:P51681:G115K
UNIPROT:P51681:G115I
UNIPROT:P51681:G115H
UNIPROT:P51681:G115F
UNIPROT:P51681:G115D
UNIPROT:P51681:G115C
UNIPROT:P51681:S38W
UNIPROT:P51681:S38V
UNIPROT:P51681:S38Y
UNIPROT:P51681:S38M
UNIPROT:P51681:S38N
UNIPROT:P51681:S38Q
UNIPROT:P51681:S38R
UNIPROT:P51681:S38E
UNIPROT:P51681:S38D
UNIPROT:P51681:S38G
UNIPROT:P51681:S38F
UNIPROT:P51681:S38I
UNIPROT:P51681:S38H
UNIPROT:P51681:S38K
UNIPROT:P51681:V83W
UNIPROT:P51681:V83Y
UNIPROT:P51681:V83P
UNIPROT:P51681:Q277Y
UNIPROT:P51681:V83M
UNIPROT:P51681:V83N
UNIPROT:P51681:V83S
UNIPROT:P51681:Q277V
UNIPROT:P51681:V83T
UNIPROT:P51681:V83Q
UNIPROT:P51681:V83R
UNIPROT:P51681:Q277W
UNIPROT:P51681:V83H
UNIPROT:P51681:V83E
UNIPROT:P51681:V83K
UNIPROT:P51681:V83C
UNIPROT:P51681:Q277A
UNIPROT:P51681:Q277D
UNIPROT:P51681:Q277C
UNIPROT:P51681:Q277T
UNIPROT:P51681:Q277S
UNIPROT:P51681:Q277N
UNIPROT:P51681:Q277M
UNIPROT:P51681:Q277I
UNIPROT:P51681:R341T
UNIPROT:P51681:R341S
UNIPROT:P51681:E302C
UNIPROT:P51681:Q277F
UNIPROT:P51681:R341Y
UNIPROT:P51681:R341W
UNIPROT:P51681:Q277G
UNIPROT:P51681:R341V
UNIPROT:P51681:E302H
UNIPROT:P51681:R341M
UNIPROT:P51681:E302I
UNIPROT:P51681:R341K
UNIPROT:P51681:E302F
UNIPROT:P51681:R341N
UNIPROT:P51681:E302P
UNIPROT:P51681:R341E
UNIPROT:P51681:R341D
UNIPROT:P51681:E302R
UNIPROT:P51681:R341C
UNIPROT:P51681:E302S
UNIPROT:P51681:E302L
UNIPROT:P51681:R341I
UNIPROT:P51681:E302M
UNIPROT:P51681:R341H
UNIPROT:P51681:E302N
UNIPROT:P51681:R341F
UNIPROT:P51681:E302Y
UNIPROT:P51681:E302T
UNIPROT:P51681:R341A
UNIPROT:P51681:E302W
UNIPROT:P51681:N293R
UNIPROT:P51681:N293W
UNIPROT:P51681:N293V
UNIPROT:P51681:N293A
UNIPROT:P51681:N293E
UNIPROT:P51681:N293C
UNIPROT:P51681:N293G
UNIPROT:P51681:N293F
UNIPROT:P51681:N293M
UNIPROT:P51681:N293L
UNIPROT:P51681:N293Q
UNIPROT:P51681:N293P
UNIPROT:P51681:T259Y
UNIPROT:P51681:T259W
UNIPROT:P51681:T259V
UNIPROT:P51681:L246C
UNIPROT:P51681:L246A
UNIPROT:P51681:L246K
UNIPROT:P51681:L246G
UNIPROT:P51681:L246D
UNIPROT:P51681:L246E
UNIPROT:P51681:L246S
UNIPROT:P51681:L246Q
UNIPROT:P51681:L246N
UNIPROT:P51681:L246M
UNIPROT:P51681:L246Y
UNIPROT:P51681:L246W
UNIPROT:P51681:L246T
UNIPROT:P51681:T123H
UNIPROT:P51681:T123G
UNIPROT:P51681:T123F
UNIPROT:P51681:T123E
UNIPROT:P51681:T123D
UNIPROT:P51681:T123C
UNIPROT:P51681:T123Q
UNIPROT:P51681:T123N
UNIPROT:P51681:T123M
UNIPROT:P51681:T123L
UNIPROT:P51681:T123Y
UNIPROT:P51681:T123W
UNIPROT:P51681:T123V
UNIPROT:P51681:T259M
UNIPROT:P51681:T259L
UNIPROT:P51681:T259K
UNIPROT:P51681:T259H
UNIPROT:P51681:T259G
UNIPROT:P51681:T259F
UNIPROT:P51681:T259R
UNIPROT:P51681:T259Q
UNIPROT:P51681:T259E
UNIPROT:P51681:T259D
UNIPROT:P51681:T259C
UNIPROT:P51681:K171L
UNIPROT:P51681:K171M
UNIPROT:P51681:G344C
UNIPROT:P51681:Q93S
UNIPROT:P51681:K171P
UNIPROT:P51681:G344D
UNIPROT:P51681:Q93T
UNIPROT:P51681:G344F
UNIPROT:P51681:Q93V
UNIPROT:P51681:K171S
UNIPROT:P51681:Q93G
UNIPROT:P51681:K171D
UNIPROT:P51681:G344H
UNIPROT:P51681:G344I
UNIPROT:P51681:Q93I
UNIPROT:P51681:K171F
UNIPROT:P51681:K171G
UNIPROT:P51681:G344K
UNIPROT:P51681:K171H
UNIPROT:P51681:G344L
UNIPROT:P51681:G344M
UNIPROT:P51681:Q93M
UNIPROT:P51681:G344N
UNIPROT:P51681:Q93N
UNIPROT:P51681:G344P
UNIPROT:P51681:G344Q
UNIPROT:P51681:Q93A
UNIPROT:P51681:G344S
UNIPROT:P51681:Q93C
UNIPROT:P51681:G344T
UNIPROT:P51681:Q93D
UNIPROT:P51681:K171A
UNIPROT:P51681:Q93F
UNIPROT:P51681:K171C
UNIPROT:P51681:G344Y
UNIPROT:P51681:Q93W
UNIPROT:P51681:Q93Y
UNIPROT:P51681:K171V
UNIPROT:P51681:K171W
UNIPROT:P51681:K171Y
UNIPROT:P51681:F96A
UNIPROT:P51681:C291D
UNIPROT:P51681:C291E
UNIPROT:P51681:F96E
UNIPROT:P51681:C291H
UNIPROT:P51681:F96D
UNIPROT:P51681:C291I
UNIPROT:P51681:F96H
UNIPROT:P51681:F96G
UNIPROT:P51681:F96N
UNIPROT:P51681:F96M
UNIPROT:P51681:C291A
UNIPROT:P51681:F96K
UNIPROT:P51681:C291T
UNIPROT:P51681:C291V
UNIPROT:P51681:C291K
UNIPROT:P51681:C291L
UNIPROT:P51681:C291M
UNIPROT:P51681:C291N
UNIPROT:P51681:C291P
UNIPROT:P51681:C291Q
UNIPROT:P51681:F144P
UNIPROT:P51681:F144R
UNIPROT:P51681:C290D
UNIPROT:P51681:F144Q
UNIPROT:P51681:C290E
UNIPROT:P51681:F144T
UNIPROT:P51681:C290H
UNIPROT:P51681:C290I
UNIPROT:P51681:F144W
UNIPROT:P51681:C290A
UNIPROT:P51681:F96R
UNIPROT:P51681:F96Q
UNIPROT:P51681:F96P
UNIPROT:P51681:C290T
UNIPROT:P51681:F144A
UNIPROT:P51681:F144D
UNIPROT:P51681:C290V
UNIPROT:P51681:F96T
UNIPROT:P51681:F144E
UNIPROT:P51681:F144H
UNIPROT:P51681:F144G
UNIPROT:P51681:C290K
UNIPROT:P51681:C290L
UNIPROT:P51681:F96W
UNIPROT:P51681:C290M
UNIPROT:P51681:C290N
UNIPROT:P51681:F144K
UNIPROT:P51681:C290P
UNIPROT:P51681:F144M
UNIPROT:P51681:T16V
UNIPROT:P51681:T16W
UNIPROT:P51681:T16Y
UNIPROT:P51681:T16N
UNIPROT:P51681:A249E
UNIPROT:P51681:T16M
UNIPROT:P51681:A249C
UNIPROT:P51681:A249I
UNIPROT:P51681:T16Q
UNIPROT:P51681:A249H
UNIPROT:P51681:A249F
UNIPROT:P51681:T16F
UNIPROT:P51681:T16E
UNIPROT:P51681:T16H
UNIPROT:P51681:T16G
UNIPROT:P51681:T16L
UNIPROT:P51681:A249R
UNIPROT:P51681:A249Y
UNIPROT:P51681:A249W
UNIPROT:P51681:A249M
UNIPROT:P51681:A249L
UNIPROT:P51681:A249K
UNIPROT:P51681:A249Q
UNIPROT:P51681:A249N
UNIPROT:P51681:S185H
UNIPROT:P51681:S185L
UNIPROT:P51681:S185K
UNIPROT:P51681:S185M
UNIPROT:P51681:S185A
UNIPROT:P51681:S185D
UNIPROT:P51681:S185F
UNIPROT:P51681:S185E
UNIPROT:P51681:S185W
UNIPROT:P51681:S185Y
UNIPROT:P51681:S185P
UNIPROT:P51681:S185Q
UNIPROT:P51681:S185V
UNIPROT:P51681:I12W
UNIPROT:P51681:I12Y
UNIPROT:P51681:S180E
UNIPROT:P51681:S180D
UNIPROT:P51681:S180G
UNIPROT:P51681:S180I
UNIPROT:P51681:S180R
UNIPROT:P51681:S180W
UNIPROT:P51681:S180V
UNIPROT:P51681:S180K
UNIPROT:P51681:S180M
UNIPROT:P51681:S180L
UNIPROT:P51681:S180N
UNIPROT:P51681:S180Q
UNIPROT:P51681:G216D
UNIPROT:P51681:G216F
UNIPROT:P51681:G216H
UNIPROT:P51681:G216I
UNIPROT:P51681:T16D
UNIPROT:P51681:T16C
UNIPROT:P51681:G216K
UNIPROT:P51681:G216L
UNIPROT:P51681:G216M
UNIPROT:P51681:G216N
UNIPROT:P51681:G216P
UNIPROT:P51681:G216Q
UNIPROT:P51681:G216S
UNIPROT:P51681:G216T
UNIPROT:P51681:G216W
UNIPROT:P51681:G216Y
UNIPROT:P51681:G216C
UNIPROT:P51681:I12K
UNIPROT:P51681:I12G
UNIPROT:P51681:I12H
UNIPROT:P51681:I12R
UNIPROT:P51681:I12P
UNIPROT:P51681:I12Q
UNIPROT:P51681:I12C
UNIPROT:P51681:I12D
UNIPROT:P51681:I12E
UNIPROT:P51681:I12A
UNIPROT:P51681:R223N
UNIPROT:P51681:R223M
UNIPROT:P51681:R223T
UNIPROT:P51681:R223S
UNIPROT:P51681:R223H
UNIPROT:P51681:R223F
UNIPROT:P51681:R223E
UNIPROT:P51681:R223K
UNIPROT:P51681:R223I
UNIPROT:P51681:R223D
UNIPROT:P51681:R223C
UNIPROT:P51681:R223A
UNIPROT:P51681:R225Y
UNIPROT:P51681:R225W
UNIPROT:P51681:R225V
UNIPROT:P51681:R225T
UNIPROT:P51681:R225S
UNIPROT:P51681:R225I
UNIPROT:P51681:R225H
UNIPROT:P51681:R225N
UNIPROT:P51681:R225M
UNIPROT:P51681:R225K
UNIPROT:P51681:R225A
UNIPROT:P51681:R225F
UNIPROT:P51681:R225E
UNIPROT:P51681:R225D
UNIPROT:P51681:R225C
UNIPROT:P51681:R223V
UNIPROT:P51681:R223Y
UNIPROT:P51681:L257C
UNIPROT:P51681:L257A
UNIPROT:P51681:L257K
UNIPROT:P51681:L257H
UNIPROT:P51681:L257I
UNIPROT:P51681:L257F
UNIPROT:P51681:L257G
UNIPROT:P51681:L257D
UNIPROT:P51681:L257E
UNIPROT:P51681:L257S
UNIPROT:P51681:Y297W
UNIPROT:P51681:A136F
UNIPROT:P51681:L257N
UNIPROT:P51681:A136E
UNIPROT:P51681:Y297V
UNIPROT:P51681:A136C
UNIPROT:P51681:Y297T
UNIPROT:P51681:Y297Q
UNIPROT:P51681:Y297R
UNIPROT:P51681:L257Y
UNIPROT:P51681:Y297P
UNIPROT:P51681:Y297M
UNIPROT:P51681:L257W
UNIPROT:P51681:L257T
UNIPROT:P51681:Y297K
UNIPROT:P51681:Y297L
UNIPROT:P51681:A136R
UNIPROT:P51681:L256A
UNIPROT:P51681:A136Q
UNIPROT:P51681:L122Y
UNIPROT:P51681:A136I
UNIPROT:P51681:A136H
UNIPROT:P51681:L256G
UNIPROT:P51681:A136N
UNIPROT:P51681:L256E
UNIPROT:P51681:A136M
UNIPROT:P51681:A136L
UNIPROT:P51681:L256C
UNIPROT:P51681:A136K
UNIPROT:P51681:L256D
UNIPROT:P51681:L256Q
UNIPROT:P51681:L256M
UNIPROT:P51681:L256N
UNIPROT:P51681:L256K
UNIPROT:P51681:L256Y
UNIPROT:P51681:A136Y
UNIPROT:P51681:L256W
UNIPROT:P51681:A136W
UNIPROT:P51681:L256S
UNIPROT:P51681:L256T
UNIPROT:P51681:Q280Y
UNIPROT:P51681:Q280V
UNIPROT:P51681:Q280W
UNIPROT:P51681:Q280T
UNIPROT:P51681:Q280S
UNIPROT:P51681:Q280N
UNIPROT:P51681:Q280M
UNIPROT:P51681:Y297I
UNIPROT:P51681:Y297G
UNIPROT:P51681:Y297E
UNIPROT:P51681:Y297A
UNIPROT:P51681:A139E
UNIPROT:P51681:Q280I
UNIPROT:P51681:A139C
UNIPROT:P51681:A139I
UNIPROT:P51681:Q280F
UNIPROT:P51681:A139H
UNIPROT:P51681:A139F
UNIPROT:P51681:Q280G
UNIPROT:P51681:Q280A
UNIPROT:P51681:Q280D
UNIPROT:P51681:Q280C
UNIPROT:P51681:L128E
UNIPROT:P51681:L128F
UNIPROT:P51681:L128C
UNIPROT:P51681:L128D
UNIPROT:P51681:L128A
UNIPROT:P51681:L128N
UNIPROT:P51681:L128K
UNIPROT:P51681:L128I
UNIPROT:P51681:L128G
UNIPROT:P51681:L128H
UNIPROT:P51681:F85R
UNIPROT:P51681:F85Q
UNIPROT:P51681:F85P
UNIPROT:P51681:L128S
UNIPROT:P51681:L128T
UNIPROT:P51681:F85T
UNIPROT:P51681:F85W
UNIPROT:P51681:L128Y
UNIPROT:P51681:L128W
UNIPROT:P51681:A133C
UNIPROT:P51681:A133N
UNIPROT:P51681:A133M
UNIPROT:P51681:A133L
UNIPROT:P51681:A133R
UNIPROT:P51681:A133Q
UNIPROT:P51681:A133F
UNIPROT:P51681:A133E
UNIPROT:P51681:A133K
UNIPROT:P51681:A133I
UNIPROT:P51681:A133H
UNIPROT:P51681:A133W
UNIPROT:P51681:A133Y
UNIPROT:P51681:F158A
UNIPROT:P51681:F158R
UNIPROT:P51681:F158T
UNIPROT:P51681:F158W
UNIPROT:P51681:F158E
UNIPROT:P51681:F158D
UNIPROT:P51681:F158G
UNIPROT:P51681:F158H
UNIPROT:P51681:F158K
UNIPROT:P51681:F158M
UNIPROT:P51681:F158N
UNIPROT:P51681:F158Q
UNIPROT:P51681:F158P
UNIPROT:P51681:F85A
UNIPROT:P51681:F85E
UNIPROT:P51681:F85D
UNIPROT:P51681:F85H
UNIPROT:P51681:F85G
UNIPROT:P51681:F85N
UNIPROT:P51681:F85M
UNIPROT:P51681:F85K
UNIPROT:P51681:G351E
UNIPROT:P51681:G351F
UNIPROT:P51681:G351H
UNIPROT:P51681:G351I
UNIPROT:P51681:G351K
UNIPROT:P51681:A129F
UNIPROT:P51681:G351L
UNIPROT:P51681:A129E
UNIPROT:P51681:G351M
UNIPROT:P51681:G351N
UNIPROT:P51681:A129C
UNIPROT:P51681:G351P
UNIPROT:P51681:A129I
UNIPROT:P51681:G351Q
UNIPROT:P51681:A129H
UNIPROT:P51681:G351T
UNIPROT:P51681:G351W
UNIPROT:P51681:G351Y
UNIPROT:P51681:L255A
UNIPROT:P51681:A129Y
UNIPROT:P51681:L121Y
UNIPROT:P51681:A129W
UNIPROT:P51681:L122G
UNIPROT:P51681:A129N
UNIPROT:P51681:L122H
UNIPROT:P51681:A129M
UNIPROT:P51681:L122E
UNIPROT:P51681:A129L
UNIPROT:P51681:L122F
UNIPROT:P51681:A129K
UNIPROT:P51681:L255G
UNIPROT:P51681:L122C
UNIPROT:P51681:A129R
UNIPROT:P51681:L255D
UNIPROT:P51681:L122D
UNIPROT:P51681:A129Q
UNIPROT:P51681:L255E
UNIPROT:P51681:L122A
UNIPROT:P51681:W248A
UNIPROT:P51681:L255C
UNIPROT:P51681:W248D
UNIPROT:P51681:L255Q
UNIPROT:P51681:W248F
UNIPROT:P51681:L255N
UNIPROT:P51681:L122N
UNIPROT:P51681:W248E
UNIPROT:P51681:L122K
UNIPROT:P51681:W248H
UNIPROT:P51681:L255M
UNIPROT:P51681:L122I
UNIPROT:P51681:W248I
UNIPROT:P51681:L255K
UNIPROT:P51681:L122W
UNIPROT:P51681:W248K
UNIPROT:P51681:L255Y
UNIPROT:P51681:W248N
UNIPROT:P51681:W248M
UNIPROT:P51681:L255W
UNIPROT:P51681:L122S
UNIPROT:P51681:W248P
UNIPROT:P51681:L255T
UNIPROT:P51681:L122T
UNIPROT:P51681:W248Q
UNIPROT:P51681:L255S
UNIPROT:P51681:W248T
UNIPROT:P51681:W248V
UNIPROT:P51681:W248Y
UNIPROT:P51681:L121G
UNIPROT:P51681:L121D
UNIPROT:P51681:L121E
UNIPROT:P51681:L121C
UNIPROT:P51681:L121A
UNIPROT:P51681:L121N
UNIPROT:P51681:L121M
UNIPROT:P51681:L121K
UNIPROT:P51681:L121W
UNIPROT:P51681:L121T
UNIPROT:P51681:L121S
UNIPROT:P51681:L121Q
UNIPROT:P51681:C178I
UNIPROT:P51681:C178H
UNIPROT:P51681:C178E
UNIPROT:P51681:C178D
UNIPROT:P51681:C178Q
UNIPROT:P51681:C178P
UNIPROT:P51681:C178N
UNIPROT:P51681:C178M
UNIPROT:P51681:C178L
UNIPROT:P51681:C178K
UNIPROT:P51681:C178V
UNIPROT:P51681:C178T
UNIPROT:P51681:C178A
UNIPROT:P51681:K62W
UNIPROT:P51681:K62Y
UNIPROT:P51681:K62S
UNIPROT:P51681:K62V
UNIPROT:P51681:V281D
UNIPROT:P51681:V281C
UNIPROT:P51681:V281H
UNIPROT:P51681:V281F
UNIPROT:P51681:I42G
UNIPROT:P51681:I42H
UNIPROT:P51681:I42C
UNIPROT:P51681:I42D
UNIPROT:P51681:I42E
UNIPROT:P51681:I42P
UNIPROT:P51681:I42Q
UNIPROT:P51681:I42R
UNIPROT:P51681:I42K
UNIPROT:P51681:I42A
UNIPROT:P51681:V150D
UNIPROT:P51681:V150C
UNIPROT:P51681:V150I
UNIPROT:P51681:V150H
UNIPROT:P51681:V150F
UNIPROT:P51681:I42W
UNIPROT:P51681:I42Y
UNIPROT:P51681:V281Y
UNIPROT:P51681:V281K
UNIPROT:P51681:V281I
UNIPROT:P51681:V281P
UNIPROT:P51681:V281N
UNIPROT:P51681:V281T
UNIPROT:P51681:V281S
UNIPROT:P51681:V281R
UNIPROT:P51681:V281Q
UNIPROT:P51681:V281W
UNIPROT:P51681:T239Y
UNIPROT:P51681:L221G
UNIPROT:P51681:L221H
UNIPROT:P51681:L221E
UNIPROT:P51681:L221F
UNIPROT:P51681:L221C
UNIPROT:P51681:L221D
UNIPROT:P51681:L221A
UNIPROT:P51681:L221N
UNIPROT:P51681:L221K
UNIPROT:P51681:A233C
UNIPROT:P51681:L221I
UNIPROT:P51681:L221W
UNIPROT:P51681:L221S
UNIPROT:P51681:L221T
UNIPROT:P51681:A233N
UNIPROT:P51681:A233M
UNIPROT:P51681:A233R
UNIPROT:P51681:L352Y
UNIPROT:P51681:A233Q
UNIPROT:P51681:A233H
UNIPROT:P51681:A233F
UNIPROT:P51681:A233E
UNIPROT:P51681:A233L
UNIPROT:P51681:A233K
UNIPROT:P51681:A233I
UNIPROT:P51681:A233W
UNIPROT:P51681:A233Y
UNIPROT:P51681:T105M
UNIPROT:P51681:T105L
UNIPROT:P51681:T105H
UNIPROT:P51681:T105G
UNIPROT:P51681:T105F
UNIPROT:P51681:T105Q
UNIPROT:P51681:T105N
UNIPROT:P51681:T105E
UNIPROT:P51681:T105D
UNIPROT:P51681:T105C
UNIPROT:P51681:L222A
UNIPROT:P51681:T239M
UNIPROT:P51681:T239L
UNIPROT:P51681:T239K
UNIPROT:P51681:L221Y
UNIPROT:P51681:T239H
UNIPROT:P51681:T239W
UNIPROT:P51681:T239V
UNIPROT:P51681:L222G
UNIPROT:P51681:L222D
UNIPROT:P51681:L222E
UNIPROT:P51681:T239R
UNIPROT:P51681:T239Q
UNIPROT:P51681:L222C
UNIPROT:P51681:L222Q
UNIPROT:P51681:L222N
UNIPROT:P51681:T105Y
UNIPROT:P51681:L222M
UNIPROT:P51681:T105W
UNIPROT:P51681:T105V
UNIPROT:P51681:L222K
UNIPROT:P51681:T239G
UNIPROT:P51681:L222Y
UNIPROT:P51681:T239F
UNIPROT:P51681:T239E
UNIPROT:P51681:L222W
UNIPROT:P51681:T239D
UNIPROT:P51681:L222T
UNIPROT:P51681:T239C
UNIPROT:P51681:L222S
UNIPROT:P51681:I110W
UNIPROT:P51681:I110Y
UNIPROT:P51681:I110S
UNIPROT:P51681:I110P
UNIPROT:P51681:I110Q
UNIPROT:P51681:I110N
UNIPROT:P51681:I110G
UNIPROT:P51681:I110H
UNIPROT:P51681:I110C
UNIPROT:P51681:I110D
UNIPROT:P51681:I110E
UNIPROT:P51681:I110F
UNIPROT:P51681:I110A
UNIPROT:P51681:I242W
UNIPROT:P51681:I242Y
UNIPROT:P51681:I242P
UNIPROT:P51681:I242Q
UNIPROT:P51681:I242R
UNIPROT:P51681:I242K
UNIPROT:P51681:I242G
UNIPROT:P51681:I242H
UNIPROT:P51681:I242C
UNIPROT:P51681:I242D
UNIPROT:P51681:I242E
UNIPROT:P51681:I242A
UNIPROT:P51681:N24R
UNIPROT:P51681:P183N
UNIPROT:P51681:N24P
UNIPROT:P51681:N24Q
UNIPROT:P51681:P183M
UNIPROT:P51681:P183K
UNIPROT:P51681:N24L
UNIPROT:P51681:S169D
UNIPROT:P51681:P183H
UNIPROT:P51681:N24M
UNIPROT:P51681:P183I
UNIPROT:P51681:P183F
UNIPROT:P51681:P183G
UNIPROT:P51681:P183D
UNIPROT:P51681:P183E
UNIPROT:P51681:N24V
UNIPROT:P51681:N24W
UNIPROT:P51681:P183C
UNIPROT:P51681:S169N
UNIPROT:P51681:N24C
UNIPROT:P51681:S169M
UNIPROT:P51681:N24A
UNIPROT:P51681:S169R
UNIPROT:P51681:S169Q
UNIPROT:P51681:S169E
UNIPROT:P51681:S169H
UNIPROT:P51681:S169G
UNIPROT:P51681:N24F
UNIPROT:P51681:I240Y
UNIPROT:P51681:N24G
UNIPROT:P51681:S169I
UNIPROT:P51681:S169L
UNIPROT:P51681:N24E
UNIPROT:P51681:S169K
UNIPROT:P51681:H175I
UNIPROT:P51681:H175G
UNIPROT:P51681:I240W
UNIPROT:P51681:H175E
UNIPROT:P51681:I240Q
UNIPROT:P51681:H175F
UNIPROT:P51681:I240R
UNIPROT:P51681:H175C
UNIPROT:P51681:S169V
UNIPROT:P51681:H175A
UNIPROT:P51681:S169W
UNIPROT:P51681:I240P
UNIPROT:P51681:I240K
UNIPROT:P51681:I240E
UNIPROT:P51681:H175W
UNIPROT:P51681:I240G
UNIPROT:P51681:I240H
UNIPROT:P51681:I240A
UNIPROT:P51681:H175V
UNIPROT:P51681:H175S
UNIPROT:P51681:I240C
UNIPROT:P51681:H175T
UNIPROT:P51681:P183Y
UNIPROT:P51681:I240D
UNIPROT:P51681:P183V
UNIPROT:P51681:P183W
UNIPROT:P51681:H175M
UNIPROT:P51681:H175K
UNIPROT:P51681:P84N
UNIPROT:P51681:P84M
UNIPROT:P51681:P84K
UNIPROT:P51681:P84I
UNIPROT:P51681:P84W
UNIPROT:P51681:P84V
UNIPROT:P51681:P84Q
UNIPROT:P51681:P84G
UNIPROT:P51681:P84F
UNIPROT:P51681:P84E
UNIPROT:P51681:P84D
UNIPROT:P51681:P84C
UNIPROT:P51681:C20A
UNIPROT:P51681:C20D
UNIPROT:P51681:C20E
UNIPROT:P51681:C20H
UNIPROT:P51681:C20I
UNIPROT:P51681:C20L
UNIPROT:P51681:C20K
UNIPROT:P51681:P84Y
UNIPROT:P51681:N268A
UNIPROT:P51681:N268E
UNIPROT:P51681:N268C
UNIPROT:P51681:N268G
UNIPROT:P51681:N268F
UNIPROT:P51681:C20N
UNIPROT:P51681:N268M
UNIPROT:P51681:C20M
UNIPROT:P51681:N268L
UNIPROT:P51681:C20P
UNIPROT:P51681:N268Q
UNIPROT:P51681:C20Q
UNIPROT:P51681:N268P
UNIPROT:P51681:C20T
UNIPROT:P51681:C20V
UNIPROT:P51681:N268R
UNIPROT:P51681:N268W
UNIPROT:P51681:N268V
UNIPROT:P51681:V147T
UNIPROT:P51681:V147S
UNIPROT:P51681:V147R
UNIPROT:P51681:V147Y
UNIPROT:P51681:V147W
UNIPROT:P51681:V147D
UNIPROT:P51681:V147C
UNIPROT:P51681:V147I
UNIPROT:P51681:V147H
UNIPROT:P51681:V147F
UNIPROT:P51681:V147K
UNIPROT:P51681:V147Q
UNIPROT:P51681:V147P
UNIPROT:P51681:V147N
UNIPROT:P51681:V146T
UNIPROT:P51681:S160E
UNIPROT:P51681:V146S
UNIPROT:P51681:S160D
UNIPROT:P51681:V146R
UNIPROT:P51681:S160G
UNIPROT:P51681:V146Q
UNIPROT:P51681:S160I
UNIPROT:P51681:V146W
UNIPROT:P51681:S160H
UNIPROT:P51681:S160K
UNIPROT:P51681:V146Y
UNIPROT:P51681:S160W
UNIPROT:P51681:S160V
UNIPROT:P51681:I237Y
UNIPROT:P51681:S160M
UNIPROT:P51681:L352G
UNIPROT:P51681:S160L
UNIPROT:P51681:I237W
UNIPROT:P51681:L352E
UNIPROT:P51681:S160N
UNIPROT:P51681:L352D
UNIPROT:P51681:S160Q
UNIPROT:P51681:I237Q
UNIPROT:P51681:L352C
UNIPROT:P51681:I237R
UNIPROT:P51681:L352A
UNIPROT:P51681:S160R
UNIPROT:P51681:L352N
UNIPROT:P51681:I237P
UNIPROT:P51681:L352K
UNIPROT:P51681:I237K
UNIPROT:P51681:L352I
UNIPROT:P51681:L352H
UNIPROT:P51681:I237E
UNIPROT:P51681:I237G
UNIPROT:P51681:I237H
UNIPROT:P51681:L352T
UNIPROT:P51681:I237A
UNIPROT:P51681:L352R
UNIPROT:P51681:I237C
UNIPROT:P51681:L352Q
UNIPROT:P51681:I237D
UNIPROT:P51681:L352P
UNIPROT:P51681:V142P
UNIPROT:P51681:V142N
UNIPROT:P51681:V142M
UNIPROT:P51681:V142T
UNIPROT:P51681:V142S
UNIPROT:P51681:V142R
UNIPROT:P51681:V142Q
UNIPROT:P51681:V142W
UNIPROT:P51681:V142Y
UNIPROT:P51681:V146D
UNIPROT:P51681:V146C
UNIPROT:P51681:V146H
UNIPROT:P51681:V146F
UNIPROT:P51681:V146K
UNIPROT:P51681:V146I
UNIPROT:P51681:V146P
UNIPROT:P51681:V146N
UNIPROT:P51681:R319W
UNIPROT:P51681:R319V
UNIPROT:P51681:R319Y
UNIPROT:P51681:N267C
UNIPROT:P51681:R319N
UNIPROT:P51681:N267A
UNIPROT:P51681:R319M
UNIPROT:P51681:R319T
UNIPROT:P51681:N267G
UNIPROT:P51681:N267F
UNIPROT:P51681:N267E
UNIPROT:P51681:R319Q
UNIPROT:P51681:N267L
UNIPROT:P51681:R319F
UNIPROT:P51681:R319E
UNIPROT:P51681:N267P
UNIPROT:P51681:R319K
UNIPROT:P51681:N267M
UNIPROT:P51681:R319I
UNIPROT:P51681:N267R
UNIPROT:P51681:N267Q
UNIPROT:P51681:R319D
UNIPROT:P51681:N267W
UNIPROT:P51681:N267V
UNIPROT:P51681:R319A
UNIPROT:P51681:Y127M
UNIPROT:P51681:Y127P
UNIPROT:P51681:Y127I
UNIPROT:P51681:V142C
UNIPROT:P51681:Y127L
UNIPROT:P51681:Y127K
UNIPROT:P51681:V142H
UNIPROT:P51681:Y127E
UNIPROT:P51681:Y127G
UNIPROT:P51681:V142E
UNIPROT:P51681:Y127A
UNIPROT:P51681:V142K
UNIPROT:P51681:Y127V
UNIPROT:P51681:Y127W
UNIPROT:P51681:Y127R
UNIPROT:P51681:Y127Q
UNIPROT:P51681:Y127T
UNIPROT:P51681:L107G
UNIPROT:P51681:L107D
UNIPROT:P51681:L107E
UNIPROT:P51681:L107C
UNIPROT:P51681:L107A
UNIPROT:P51681:L107N
UNIPROT:P51681:L107M
UNIPROT:P51681:L107K
UNIPROT:P51681:L107W
UNIPROT:P51681:L107T
UNIPROT:P51681:L107S
UNIPROT:P51681:L107Q
UNIPROT:P51681:L107Y
UNIPROT:P51681:H181V
UNIPROT:P51681:H181W
UNIPROT:P51681:H181E
UNIPROT:P51681:H181C
UNIPROT:P51681:H181A
UNIPROT:P51681:H181T
UNIPROT:P51681:H181S
UNIPROT:P51681:R334Y
UNIPROT:P51681:H181M
UNIPROT:P51681:R334W
UNIPROT:P51681:R334V
UNIPROT:P51681:H181I
UNIPROT:P51681:H181F
UNIPROT:P51681:H181G
UNIPROT:P51681:R334N
UNIPROT:P51681:R334T
UNIPROT:P51681:R334S
UNIPROT:P51681:R334I
UNIPROT:P51681:R334H
UNIPROT:P51681:R334F
UNIPROT:P51681:R334M
UNIPROT:P51681:R334K
UNIPROT:P51681:R334A
UNIPROT:P51681:R334E
UNIPROT:P51681:R334D
UNIPROT:P51681:R334C
UNIPROT:P51681:Y14A
UNIPROT:P51681:Y14G
UNIPROT:P51681:Y14E
UNIPROT:P51681:Y15A
UNIPROT:P51681:Y15G
UNIPROT:P51681:Y15E
UNIPROT:P51681:Y14R
UNIPROT:P51681:Y14Q
UNIPROT:P51681:Y14P
UNIPROT:P51681:Y14W
UNIPROT:P51681:Y14V
UNIPROT:P51681:Y14T
UNIPROT:P51681:Y14K
UNIPROT:P51681:Y14I
UNIPROT:P51681:Y14M
UNIPROT:P51681:Y14L
UNIPROT:P51681:I124W
UNIPROT:P51681:I124Y
UNIPROT:P51681:I124R
UNIPROT:P51681:I124P
UNIPROT:P51681:I124Q
UNIPROT:P51681:Y15T
UNIPROT:P51681:I124K
UNIPROT:P51681:Y15R
UNIPROT:P51681:Y15Q
UNIPROT:P51681:Y15W
UNIPROT:P51681:I124G
UNIPROT:P51681:Y15V
UNIPROT:P51681:I124H
UNIPROT:P51681:Y15L
UNIPROT:P51681:Y15K
UNIPROT:P51681:I124C
UNIPROT:P51681:I124D
UNIPROT:P51681:Y15I
UNIPROT:P51681:I124E
UNIPROT:P51681:Y15P
UNIPROT:P51681:Y15M
UNIPROT:P51681:I124A
UNIPROT:P51681:L104C
UNIPROT:P51681:L104D
UNIPROT:P51681:L104A
UNIPROT:P51681:S179A
UNIPROT:P51681:Y10A
UNIPROT:P51681:L104K
UNIPROT:P51681:L104I
UNIPROT:P51681:L104G
UNIPROT:P51681:L104H
UNIPROT:P51681:L104E
UNIPROT:P51681:S179M
UNIPROT:P51681:L104T
UNIPROT:P51681:S179L
UNIPROT:P51681:L104Q
UNIPROT:P51681:L104R
UNIPROT:P51681:S179Q
UNIPROT:P51681:L104P
UNIPROT:P51681:S179P
UNIPROT:P51681:L104N
UNIPROT:P51681:S179E
UNIPROT:P51681:S179D
UNIPROT:P51681:L104Y
UNIPROT:P51681:S179F
UNIPROT:P51681:S179K
UNIPROT:P51681:L236C
UNIPROT:P51681:L103C
UNIPROT:P51681:L236D
UNIPROT:P51681:L236A
UNIPROT:P51681:L103A
UNIPROT:P51681:Q261Y
UNIPROT:P51681:Y10W
UNIPROT:P51681:L236K
UNIPROT:P51681:Y10V
UNIPROT:P51681:L103K
UNIPROT:P51681:Q261T
UNIPROT:P51681:S179W
UNIPROT:P51681:Q261W
UNIPROT:P51681:Y10T
UNIPROT:P51681:S179V
UNIPROT:P51681:Q261V
UNIPROT:P51681:S179Y
UNIPROT:P51681:L236G
UNIPROT:P51681:L103G
UNIPROT:P51681:L103D
UNIPROT:P51681:L236E
UNIPROT:P51681:Q261S
UNIPROT:P51681:L103E
UNIPROT:P51681:L236S
UNIPROT:P51681:L103S
UNIPROT:P51681:L236T
UNIPROT:P51681:Y10M
UNIPROT:P51681:L236Q
UNIPROT:P51681:Y10L
UNIPROT:P51681:L103Q
UNIPROT:P51681:L103N
UNIPROT:P51681:Y10R
UNIPROT:P51681:Y10Q
UNIPROT:P51681:L236M
UNIPROT:P51681:Y10P
UNIPROT:P51681:L236N
UNIPROT:P51681:Y10G
UNIPROT:P51681:Y10E
UNIPROT:P51681:L236Y
UNIPROT:P51681:L103Y
UNIPROT:P51681:Y10K
UNIPROT:P51681:L236W
UNIPROT:P51681:L103W
UNIPROT:P51681:Y10I
UNIPROT:P51681:L103T
UNIPROT:P51681:I253W
UNIPROT:P51681:I120W
UNIPROT:P51681:I253Y
UNIPROT:P51681:I120Y
UNIPROT:P51681:I120R
UNIPROT:P51681:I253P
UNIPROT:P51681:I120P
UNIPROT:P51681:I253Q
UNIPROT:P51681:I253R
UNIPROT:P51681:I253K
UNIPROT:P51681:I120K
UNIPROT:P51681:I253G
UNIPROT:P51681:Q261M
UNIPROT:P51681:I120G
UNIPROT:P51681:I253H
UNIPROT:P51681:I120H
UNIPROT:P51681:Q261N
UNIPROT:P51681:I253C
UNIPROT:P51681:Q261I
UNIPROT:P51681:I120C
UNIPROT:P51681:I253D
UNIPROT:P51681:I120D
UNIPROT:P51681:I253E
UNIPROT:P51681:I120E
UNIPROT:P51681:Q261D
UNIPROT:P51681:I253A
UNIPROT:P51681:Q261G
UNIPROT:P51681:I120A
UNIPROT:P51681:Q261F
UNIPROT:P51681:Q261A
UNIPROT:P51681:Q261C
UNIPROT:P51681:N13R
UNIPROT:P51681:N13P
UNIPROT:P51681:N13Q
UNIPROT:P51681:N13L
UNIPROT:P51681:N13M
UNIPROT:P51681:N13V
UNIPROT:P51681:N13W
UNIPROT:P51681:N13C
UNIPROT:P51681:N13A
UNIPROT:P51681:N13F
UNIPROT:P51681:N13G
UNIPROT:P51681:N13E
UNIPROT:P51681:F264P
UNIPROT:P51681:F264Q
UNIPROT:P51681:F264N
UNIPROT:P51681:F264T
UNIPROT:P51681:F264R
UNIPROT:P51681:F264W
UNIPROT:P51681:F264A
UNIPROT:P51681:F264D
UNIPROT:P51681:F264E
UNIPROT:P51681:F264H
UNIPROT:P51681:F264G
UNIPROT:P51681:F264M
UNIPROT:P51681:F264K
UNIPROT:P51681:I119Y
UNIPROT:P51681:I119W
UNIPROT:P51681:I119P
UNIPROT:P51681:I119Q
UNIPROT:P51681:I119R
UNIPROT:P51681:I119H
UNIPROT:P51681:I119K
UNIPROT:P51681:I119D
UNIPROT:P51681:I119E
UNIPROT:P51681:I119G
UNIPROT:P51681:I119A
UNIPROT:P51681:I119C
UNIPROT:P51681:F263P
UNIPROT:P51681:F263M
UNIPROT:P51681:F263N
UNIPROT:P51681:F263T
UNIPROT:P51681:F263Q
UNIPROT:P51681:F263R
UNIPROT:P51681:F263W
UNIPROT:P51681:F263D
UNIPROT:P51681:F263A
UNIPROT:P51681:F263G
UNIPROT:P51681:F263H
UNIPROT:P51681:F263E
UNIPROT:P51681:F263K
UNIPROT:P51681:F260M
UNIPROT:P51681:F260K
UNIPROT:P51681:I116Y
UNIPROT:P51681:F260P
UNIPROT:P51681:F260Q
UNIPROT:P51681:F260N
UNIPROT:P51681:F260T
UNIPROT:P51681:I116W
UNIPROT:P51681:F260R
UNIPROT:P51681:I116Q
UNIPROT:P51681:I116R
UNIPROT:P51681:F260W
UNIPROT:P51681:I116P
UNIPROT:P51681:F260A
UNIPROT:P51681:I116K
UNIPROT:P51681:F260D
UNIPROT:P51681:F260E
UNIPROT:P51681:I116G
UNIPROT:P51681:I116H
UNIPROT:P51681:I116A
UNIPROT:P51681:F260H
UNIPROT:P51681:I116C
UNIPROT:P51681:I116D
UNIPROT:P51681:F260G
UNIPROT:P51681:N273W
UNIPROT:P51681:N273V
UNIPROT:P51681:V155R
UNIPROT:P51681:V155Q
UNIPROT:P51681:V155P
UNIPROT:P51681:V155T
UNIPROT:P51681:V155S
UNIPROT:P51681:V155Y
UNIPROT:P51681:V155W
UNIPROT:P51681:V155F
UNIPROT:P51681:V155D
UNIPROT:P51681:V155C
UNIPROT:P51681:V155I
UNIPROT:P51681:V155H
UNIPROT:P51681:V155N
UNIPROT:P51681:V155K
UNIPROT:P51681:V154Q
UNIPROT:P51681:V154P
UNIPROT:P51681:V154N
UNIPROT:P51681:V154T
UNIPROT:P51681:V154S
UNIPROT:P51681:V154R
UNIPROT:P51681:V154Y
UNIPROT:P51681:V154W
UNIPROT:P51681:V157T
UNIPROT:P51681:V157S
UNIPROT:P51681:V157R
UNIPROT:P51681:V157Q
UNIPROT:P51681:V157W
UNIPROT:P51681:V157Y
UNIPROT:P51681:V157D
UNIPROT:P51681:I28P
UNIPROT:P51681:V157C
UNIPROT:P51681:I28Q
UNIPROT:P51681:I28R
UNIPROT:P51681:I28K
UNIPROT:P51681:V157H
UNIPROT:P51681:V157F
UNIPROT:P51681:I28W
UNIPROT:P51681:V157K
UNIPROT:P51681:I28Y
UNIPROT:P51681:V157I
UNIPROT:P51681:V157P
UNIPROT:P51681:N273C
UNIPROT:P51681:V157N
UNIPROT:P51681:N273A
UNIPROT:P51681:N273G
UNIPROT:P51681:N273F
UNIPROT:P51681:I28A
UNIPROT:P51681:N273E
UNIPROT:P51681:I28G
UNIPROT:P51681:I28H
UNIPROT:P51681:N273M
UNIPROT:P51681:N273L
UNIPROT:P51681:I28C
UNIPROT:P51681:I28D
UNIPROT:P51681:N273R
UNIPROT:P51681:I28E
UNIPROT:P51681:N273Q
UNIPROT:P51681:N273P
UNIPROT:P51681:G202C
UNIPROT:P51681:G202D
UNIPROT:P51681:G202F
UNIPROT:P51681:G202H
UNIPROT:P51681:G202I
UNIPROT:P51681:G202K
UNIPROT:P51681:G202L
UNIPROT:P51681:G202M
UNIPROT:P51681:G202N
UNIPROT:P51681:G202P
UNIPROT:P51681:G202Q
UNIPROT:P51681:V150K
UNIPROT:P51681:G202S
UNIPROT:P51681:G202T
UNIPROT:P51681:V150Q
UNIPROT:P51681:V150P
UNIPROT:P51681:V150N
UNIPROT:P51681:G202Y
UNIPROT:P51681:V150T
UNIPROT:P51681:V150S
UNIPROT:P51681:V150R
UNIPROT:P51681:V150Y
UNIPROT:P51681:V150W
UNIPROT:P51681:F135R
UNIPROT:P51681:I23K
UNIPROT:P51681:F135Q
UNIPROT:P51681:F135T
UNIPROT:P51681:I23G
UNIPROT:P51681:V154D
UNIPROT:P51681:I23H
UNIPROT:P51681:V154C
UNIPROT:P51681:F135W
UNIPROT:P51681:I23R
UNIPROT:P51681:V154I
UNIPROT:P51681:V154H
UNIPROT:P51681:V154F
UNIPROT:P51681:I23P
UNIPROT:P51681:V154K
UNIPROT:P51681:I23Q
UNIPROT:P51681:F135A
UNIPROT:P51681:F135D
UNIPROT:P51681:F135E
UNIPROT:P51681:F135H
UNIPROT:P51681:F135G
UNIPROT:P51681:I23C
UNIPROT:P51681:I23D
UNIPROT:P51681:I23E
UNIPROT:P51681:F135K
UNIPROT:P51681:F135N
UNIPROT:P51681:F135M
UNIPROT:P51681:F135P
UNIPROT:P51681:I23A
UNIPROT:P51681:I23W
UNIPROT:P51681:I23Y
Total 4558 SNP(s) are not found.
