UNIPROT:P11712:A149Y
UNIPROT:P11712:A149N
UNIPROT:P11712:A149L
UNIPROT:P11712:A149M
UNIPROT:P11712:A149R
UNIPROT:P11712:A149Q
UNIPROT:P11712:A149F
UNIPROT:P11712:T283F
UNIPROT:P11712:T283D
UNIPROT:P11712:A149E
UNIPROT:P11712:T283C
UNIPROT:P11712:A149K
UNIPROT:P11712:A149H
UNIPROT:P11712:A149I
UNIPROT:P11712:T283M
UNIPROT:P11712:T283L
UNIPROT:P11712:A149C
UNIPROT:P11712:T283H
UNIPROT:P11712:T283V
UNIPROT:P11712:T283R
UNIPROT:P11712:T283Y
UNIPROT:P11712:V113C
UNIPROT:P11712:Q214W
UNIPROT:P11712:Q214Y
UNIPROT:P11712:Q214S
UNIPROT:P11712:Q214T
UNIPROT:P11712:Q214V
UNIPROT:P11712:E281C
UNIPROT:P11712:F69Q
UNIPROT:P11712:F69P
UNIPROT:P11712:F482W
UNIPROT:P11712:F69N
UNIPROT:P11712:F69M
UNIPROT:P11712:F69K
UNIPROT:P11712:F69T
UNIPROT:P11712:G111Y
UNIPROT:P11712:F69R
UNIPROT:P11712:P35V
UNIPROT:P11712:P35Q
UNIPROT:P11712:V248F
UNIPROT:P11712:V248D
UNIPROT:P11712:P35G
UNIPROT:P11712:F69H
UNIPROT:P11712:V248H
UNIPROT:P11712:F69G
UNIPROT:P11712:V248N
UNIPROT:P11712:F69E
UNIPROT:P11712:P35C
UNIPROT:P11712:V248M
UNIPROT:P11712:F69D
UNIPROT:P11712:P35D
UNIPROT:P11712:P35F
UNIPROT:P11712:V113R
UNIPROT:P11712:R108D
UNIPROT:P11712:V113S
UNIPROT:P11712:R108E
UNIPROT:P11712:Q214M
UNIPROT:P11712:I205G
UNIPROT:P11712:Q214N
UNIPROT:P11712:I205H
UNIPROT:P11712:R108C
UNIPROT:P11712:Q214G
UNIPROT:P11712:Q214I
UNIPROT:P11712:Q214D
UNIPROT:P11712:Q214F
UNIPROT:P11712:V113Y
UNIPROT:P11712:I205Y
UNIPROT:P11712:R108Q
UNIPROT:P11712:Q214A
UNIPROT:P11712:R108N
UNIPROT:P11712:I205W
UNIPROT:P11712:I205R
UNIPROT:P11712:R108L
UNIPROT:P11712:R108M
UNIPROT:P11712:I205P
UNIPROT:P11712:I74S
UNIPROT:P11712:I74H
UNIPROT:P11712:I74G
UNIPROT:P11712:P37V
UNIPROT:P11712:E285Y
UNIPROT:P11712:P37M
UNIPROT:P11712:P279N
UNIPROT:P11712:I74C
UNIPROT:P11712:P37N
UNIPROT:P11712:I74E
UNIPROT:P11712:P37I
UNIPROT:P11712:P279H
UNIPROT:P11712:P37H
UNIPROT:P11712:E285L
UNIPROT:P11712:G111H
UNIPROT:P11712:V248P
UNIPROT:P11712:G111F
UNIPROT:P11712:P37C
UNIPROT:P11712:E285I
UNIPROT:P11712:P37D
UNIPROT:P11712:E285P
UNIPROT:P11712:G111D
UNIPROT:P11712:G111C
UNIPROT:P11712:E285N
UNIPROT:P11712:V248S
UNIPROT:P11712:E285M
UNIPROT:P11712:F482A
UNIPROT:P11712:E285T
UNIPROT:P11712:E285S
UNIPROT:P11712:R105V
UNIPROT:P11712:E285R
UNIPROT:P11712:F482E
UNIPROT:P11712:E285W
UNIPROT:P11712:F482D
UNIPROT:P11712:F482G
UNIPROT:P11712:F482H
UNIPROT:P11712:F482M
UNIPROT:P11712:G111T
UNIPROT:P11712:F482N
UNIPROT:P11712:G111S
UNIPROT:P11712:F482K
UNIPROT:P11712:G111Q
UNIPROT:P11712:F482Q
UNIPROT:P11712:G111P
UNIPROT:P11712:F482R
UNIPROT:P11712:E285C
UNIPROT:P11712:G111N
UNIPROT:P11712:F482P
UNIPROT:P11712:G111M
UNIPROT:P11712:S303W
UNIPROT:P11712:E285H
UNIPROT:P11712:G111L
UNIPROT:P11712:S303V
UNIPROT:P11712:G111K
UNIPROT:P11712:S303Y
UNIPROT:P11712:E285F
UNIPROT:P11712:F482T
UNIPROT:P11712:G111I
UNIPROT:P11712:L449S
UNIPROT:P11712:S303K
UNIPROT:P11712:F65M
UNIPROT:P11712:S303M
UNIPROT:P11712:K118A
UNIPROT:P11712:F65K
UNIPROT:P11712:K421A
UNIPROT:P11712:S303L
UNIPROT:P11712:K421D
UNIPROT:P11712:R105A
UNIPROT:P11712:L449N
UNIPROT:P11712:F65H
UNIPROT:P11712:K421F
UNIPROT:P11712:S303Q
UNIPROT:P11712:F65G
UNIPROT:P11712:S303P
UNIPROT:P11712:R97V
UNIPROT:P11712:F65T
UNIPROT:P11712:L449Y
UNIPROT:P11712:K420Y
UNIPROT:P11712:S303E
UNIPROT:P11712:G98I
UNIPROT:P11712:S303D
UNIPROT:P11712:F65R
UNIPROT:P11712:P31V
UNIPROT:P11712:S303F
UNIPROT:P11712:F65P
UNIPROT:P11712:R97Q
UNIPROT:P11712:P31Q
UNIPROT:P11712:S303H
UNIPROT:P11712:F65N
UNIPROT:P11712:L449C
UNIPROT:P11712:K421P
UNIPROT:P11712:K118S
UNIPROT:P11712:R105M
UNIPROT:P11712:R97N
UNIPROT:P11712:P31K
UNIPROT:P11712:R105N
UNIPROT:P11712:P31M
UNIPROT:P11712:R105L
UNIPROT:P11712:P31N
UNIPROT:P11712:P31G
UNIPROT:P11712:K421S
UNIPROT:P11712:K421V
UNIPROT:P11712:S303A
UNIPROT:P11712:R97L
UNIPROT:P11712:P31I
UNIPROT:P11712:R105P
UNIPROT:P11712:K421H
UNIPROT:P11712:R105E
UNIPROT:P11712:F65E
UNIPROT:P11712:R97F
UNIPROT:P11712:P31C
UNIPROT:P11712:K421G
UNIPROT:P11712:F65D
UNIPROT:P11712:R97E
UNIPROT:P11712:P31D
UNIPROT:P11712:L449I
UNIPROT:P11712:R105C
UNIPROT:P11712:P31E
UNIPROT:P11712:L449H
UNIPROT:P11712:L449G
UNIPROT:P11712:K421L
UNIPROT:P11712:F65A
UNIPROT:P11712:K118V
UNIPROT:P11712:R97A
UNIPROT:P11712:L449E
UNIPROT:P11712:R97D
UNIPROT:P11712:K421M
UNIPROT:P11712:R97C
UNIPROT:P11712:E328W
UNIPROT:P11712:K119D
UNIPROT:P11712:K119C
UNIPROT:P11712:E328Y
UNIPROT:P11712:K119A
UNIPROT:P11712:E328S
UNIPROT:P11712:P30V
UNIPROT:P11712:E328T
UNIPROT:P11712:K119L
UNIPROT:P11712:K421Y
UNIPROT:P11712:K119H
UNIPROT:P11712:P30N
UNIPROT:P11712:K119G
UNIPROT:P11712:K119F
UNIPROT:P11712:T159F
UNIPROT:P11712:E328H
UNIPROT:P11712:T159G
UNIPROT:P11712:K119S
UNIPROT:P11712:P30K
UNIPROT:P11712:E328I
UNIPROT:P11712:T159D
UNIPROT:P11712:T159E
UNIPROT:P11712:E328C
UNIPROT:P11712:K119P
UNIPROT:P11712:T159C
UNIPROT:P11712:P30G
UNIPROT:P11712:E328F
UNIPROT:P11712:K119M
UNIPROT:P11712:P30I
UNIPROT:P11712:E328P
UNIPROT:P11712:T159L
UNIPROT:P11712:P30D
UNIPROT:P11712:E328R
UNIPROT:P11712:T159M
UNIPROT:P11712:K119Y
UNIPROT:P11712:P30E
UNIPROT:P11712:G96Y
UNIPROT:P11712:E328L
UNIPROT:P11712:T159K
UNIPROT:P11712:K119W
UNIPROT:P11712:E328M
UNIPROT:P11712:T159H
UNIPROT:P11712:K119V
UNIPROT:P11712:E328N
UNIPROT:P11712:T159V
UNIPROT:P11712:K423A
UNIPROT:P11712:Q340I
UNIPROT:P11712:T159W
UNIPROT:P11712:Q340F
UNIPROT:P11712:T159R
UNIPROT:P11712:P33Y
UNIPROT:P11712:K423H
UNIPROT:P11712:K423G
UNIPROT:P11712:Q340G
UNIPROT:P11712:T159Q
UNIPROT:P11712:Q340A
UNIPROT:P11712:P33V
UNIPROT:P11712:Q340D
UNIPROT:P11712:P33Q
UNIPROT:P11712:T159Y
UNIPROT:P11712:P33M
UNIPROT:P11712:P33N
UNIPROT:P11712:K423S
UNIPROT:P11712:K423V
UNIPROT:P11712:P33I
UNIPROT:P11712:P33K
UNIPROT:P11712:P33E
UNIPROT:P11712:P33F
UNIPROT:P11712:K423L
UNIPROT:P11712:P33G
UNIPROT:P11712:K423P
UNIPROT:P11712:P33C
UNIPROT:P11712:P33D
UNIPROT:P11712:K423Y
UNIPROT:P11712:Q340Y
UNIPROT:P11712:Q340V
UNIPROT:P11712:Q340T
UNIPROT:P11712:Q340S
UNIPROT:P11712:Q340N
UNIPROT:P11712:Q340M
UNIPROT:P11712:I331C
UNIPROT:P11712:K247A
UNIPROT:P11712:L445N
UNIPROT:P11712:I331D
UNIPROT:P11712:I331E
UNIPROT:P11712:K247C
UNIPROT:P11712:L445K
UNIPROT:P11712:L445I
UNIPROT:P11712:I331A
UNIPROT:P11712:K247G
UNIPROT:P11712:K247H
UNIPROT:P11712:L445W
UNIPROT:P11712:L312S
UNIPROT:P11712:L445T
UNIPROT:P11712:L445S
UNIPROT:P11712:K247S
UNIPROT:P11712:I331P
UNIPROT:P11712:L311Y
UNIPROT:P11712:K247V
UNIPROT:P11712:I331Q
UNIPROT:P11712:I331R
UNIPROT:P11712:L445G
UNIPROT:P11712:I331K
UNIPROT:P11712:L445F
UNIPROT:P11712:L445E
UNIPROT:P11712:L312C
UNIPROT:P11712:L445D
UNIPROT:P11712:L312D
UNIPROT:P11712:K247L
UNIPROT:P11712:L445C
UNIPROT:P11712:I331G
UNIPROT:P11712:K247M
UNIPROT:P11712:I331H
UNIPROT:P11712:L445A
UNIPROT:P11712:K247P
UNIPROT:P11712:L313I
UNIPROT:P11712:L313W
UNIPROT:P11712:N56R
UNIPROT:P11712:N56Q
UNIPROT:P11712:N56P
UNIPROT:P11712:N56V
UNIPROT:P11712:Y189E
UNIPROT:P11712:Y189G
UNIPROT:P11712:L445Y
UNIPROT:P11712:N56M
UNIPROT:P11712:N56L
UNIPROT:P11712:L313F
UNIPROT:P11712:S127R
UNIPROT:P11712:N56C
UNIPROT:P11712:L313D
UNIPROT:P11712:N56A
UNIPROT:P11712:S127V
UNIPROT:P11712:N56G
UNIPROT:P11712:L313C
UNIPROT:P11712:S127W
UNIPROT:P11712:N56F
UNIPROT:P11712:N56E
UNIPROT:P11712:L447Q
UNIPROT:P11712:G96M
UNIPROT:P11712:L447P
UNIPROT:P11712:H396V
UNIPROT:P11712:S127K
UNIPROT:P11712:A321Y
UNIPROT:P11712:S127L
UNIPROT:P11712:L447N
UNIPROT:P11712:H396T
UNIPROT:P11712:L314N
UNIPROT:P11712:S127M
UNIPROT:P11712:G96P
UNIPROT:P11712:S127N
UNIPROT:P11712:G96Q
UNIPROT:P11712:L314I
UNIPROT:P11712:G96S
UNIPROT:P11712:S127Q
UNIPROT:P11712:G96T
UNIPROT:P11712:A321R
UNIPROT:P11712:G96F
UNIPROT:P11712:A321Q
UNIPROT:P11712:S127D
UNIPROT:P11712:S127E
UNIPROT:P11712:A321W
UNIPROT:P11712:G96I
UNIPROT:P11712:L447T
UNIPROT:P11712:L314T
UNIPROT:P11712:S127G
UNIPROT:P11712:H396G
UNIPROT:P11712:S127H
UNIPROT:P11712:G96K
UNIPROT:P11712:L447R
UNIPROT:P11712:S127I
UNIPROT:P11712:G96L
UNIPROT:P11712:A321I
UNIPROT:P11712:A321N
UNIPROT:P11712:A321M
UNIPROT:P11712:G96C
UNIPROT:P11712:A321L
UNIPROT:P11712:G96D
UNIPROT:P11712:A321C
UNIPROT:P11712:L314G
UNIPROT:P11712:L447H
UNIPROT:P11712:L447G
UNIPROT:P11712:L314E
UNIPROT:P11712:L314F
UNIPROT:P11712:L314C
UNIPROT:P11712:L447D
UNIPROT:P11712:A321F
UNIPROT:P11712:L314D
UNIPROT:P11712:K249P
UNIPROT:P11712:A321E
UNIPROT:P11712:L314A
UNIPROT:P11712:K420S
UNIPROT:P11712:K420I
UNIPROT:P11712:K420H
UNIPROT:P11712:K420L
UNIPROT:P11712:C372T
UNIPROT:P11712:L453H
UNIPROT:P11712:C372V
UNIPROT:P11712:L453G
UNIPROT:P11712:K121V
UNIPROT:P11712:L453E
UNIPROT:P11712:L453T
UNIPROT:P11712:C372K
UNIPROT:P11712:L453R
UNIPROT:P11712:C372L
UNIPROT:P11712:L453Q
UNIPROT:P11712:C372M
UNIPROT:P11712:L453N
UNIPROT:P11712:C372P
UNIPROT:P11712:L453M
UNIPROT:P11712:C372Q
UNIPROT:P11712:Y483A
UNIPROT:P11712:C372D
UNIPROT:P11712:C372E
UNIPROT:P11712:C372I
UNIPROT:P11712:L453C
UNIPROT:P11712:L453A
UNIPROT:P11712:C372A
UNIPROT:P11712:Y483T
UNIPROT:P11712:Y483Q
UNIPROT:P11712:Y483R
UNIPROT:P11712:Y483P
UNIPROT:P11712:Y483M
UNIPROT:P11712:Y483K
UNIPROT:P11712:Y483L
UNIPROT:P11712:Y483I
UNIPROT:P11712:Y483G
UNIPROT:P11712:Y483E
UNIPROT:P11712:L453Y
UNIPROT:P11712:L453W
UNIPROT:P11712:Y483W
UNIPROT:P11712:Y483V
UNIPROT:P11712:Y61E
UNIPROT:P11712:N107L
UNIPROT:P11712:Y61G
UNIPROT:P11712:Y61I
UNIPROT:P11712:N107P
UNIPROT:P11712:N107M
UNIPROT:P11712:Y61K
UNIPROT:P11712:Y61L
UNIPROT:P11712:Y61M
UNIPROT:P11712:K383S
UNIPROT:P11712:N107Q
UNIPROT:P11712:N107R
UNIPROT:P11712:Y61P
UNIPROT:P11712:K383V
UNIPROT:P11712:Y61Q
UNIPROT:P11712:Y61R
UNIPROT:P11712:K383Y
UNIPROT:P11712:N107V
UNIPROT:P11712:Y61T
UNIPROT:P11712:Y61V
UNIPROT:P11712:N107A
UNIPROT:P11712:N107G
UNIPROT:P11712:N107E
UNIPROT:P11712:N107F
UNIPROT:P11712:E203R
UNIPROT:P11712:E203P
UNIPROT:P11712:E203T
UNIPROT:P11712:E203S
UNIPROT:P11712:E203Y
UNIPROT:P11712:E203W
UNIPROT:P11712:E203F
UNIPROT:P11712:E203C
UNIPROT:P11712:E203I
UNIPROT:P11712:E203H
UNIPROT:P11712:E203N
UNIPROT:P11712:E203M
UNIPROT:P11712:E203L
UNIPROT:P11712:F401A
UNIPROT:P11712:F401D
UNIPROT:P11712:F401E
UNIPROT:P11712:F401H
UNIPROT:P11712:F401G
UNIPROT:P11712:F401M
UNIPROT:P11712:F401K
UNIPROT:P11712:F401P
UNIPROT:P11712:F401Q
UNIPROT:P11712:F401N
UNIPROT:P11712:F401T
UNIPROT:P11712:F401R
UNIPROT:P11712:F401W
UNIPROT:P11712:K59Y
UNIPROT:P11712:K121C
UNIPROT:P11712:K59S
UNIPROT:P11712:K121A
UNIPROT:P11712:K59V
UNIPROT:P11712:K121I
UNIPROT:P11712:K59H
UNIPROT:P11712:K121H
UNIPROT:P11712:K59I
UNIPROT:P11712:K121G
UNIPROT:P11712:K121F
UNIPROT:P11712:K59L
UNIPROT:P11712:K121D
UNIPROT:P11712:K121S
UNIPROT:P11712:K121P
UNIPROT:P11712:Y61A
UNIPROT:P11712:K59F
UNIPROT:P11712:K59D
UNIPROT:P11712:K121L
UNIPROT:P11712:E288N
UNIPROT:P11712:E288M
UNIPROT:P11712:L87T
UNIPROT:P11712:E288L
UNIPROT:P11712:N236G
UNIPROT:P11712:E288S
UNIPROT:P11712:N236L
UNIPROT:P11712:E288R
UNIPROT:P11712:N236M
UNIPROT:P11712:F487A
UNIPROT:P11712:E288P
UNIPROT:P11712:L87Y
UNIPROT:P11712:F487G
UNIPROT:P11712:F487D
UNIPROT:P11712:F487E
UNIPROT:P11712:E288T
UNIPROT:P11712:F487K
UNIPROT:P11712:E155Y
UNIPROT:P11712:L87S
UNIPROT:P11712:F487H
UNIPROT:P11712:E288Y
UNIPROT:P11712:N236R
UNIPROT:P11712:F487N
UNIPROT:P11712:Y225G
UNIPROT:P11712:L87G
UNIPROT:P11712:L87D
UNIPROT:P11712:F487M
UNIPROT:P11712:Y358I
UNIPROT:P11712:Y225I
UNIPROT:P11712:L87E
UNIPROT:P11712:F487R
UNIPROT:P11712:E288C
UNIPROT:P11712:Y358G
UNIPROT:P11712:L87K
UNIPROT:P11712:F487P
UNIPROT:P11712:L87H
UNIPROT:P11712:F487Q
UNIPROT:P11712:Y358E
UNIPROT:P11712:E155F
UNIPROT:P11712:F487W
UNIPROT:P11712:E288F
UNIPROT:P11712:N236A
UNIPROT:P11712:F487T
UNIPROT:P11712:Y225A
UNIPROT:P11712:E155I
UNIPROT:P11712:L87C
UNIPROT:P11712:E288I
UNIPROT:P11712:E288H
UNIPROT:P11712:N236C
UNIPROT:P11712:L87A
UNIPROT:P11712:E154M
UNIPROT:P11712:G117N
UNIPROT:P11712:E154L
UNIPROT:P11712:G117M
UNIPROT:P11712:G117L
UNIPROT:P11712:Y358V
UNIPROT:P11712:Y225T
UNIPROT:P11712:E154P
UNIPROT:P11712:G117I
UNIPROT:P11712:Y358T
UNIPROT:P11712:Y225V
UNIPROT:P11712:Y358R
UNIPROT:P11712:Y225P
UNIPROT:P11712:G117F
UNIPROT:P11712:E154T
UNIPROT:P11712:Y358P
UNIPROT:P11712:Y225R
UNIPROT:P11712:G117D
UNIPROT:P11712:Y225Q
UNIPROT:P11712:G117C
UNIPROT:P11712:Y225L
UNIPROT:P11712:Y225K
UNIPROT:P11712:Y358M
UNIPROT:P11712:Y225M
UNIPROT:P11712:S393R
UNIPROT:P11712:S393V
UNIPROT:P11712:A86Q
UNIPROT:P11712:G117Y
UNIPROT:P11712:A86R
UNIPROT:P11712:S393L
UNIPROT:P11712:E154C
UNIPROT:P11712:G117T
UNIPROT:P11712:K52Y
UNIPROT:P11712:G117S
UNIPROT:P11712:S393N
UNIPROT:P11712:E154I
UNIPROT:P11712:G117P
UNIPROT:P11712:V370H
UNIPROT:P11712:S393D
UNIPROT:P11712:S393H
UNIPROT:P11712:S393G
UNIPROT:P11712:D262F
UNIPROT:P11712:V370T
UNIPROT:P11712:V370S
UNIPROT:P11712:V370R
UNIPROT:P11712:D262C
UNIPROT:P11712:D262M
UNIPROT:P11712:D262P
UNIPROT:P11712:D262I
UNIPROT:P11712:D262L
UNIPROT:P11712:D262K
UNIPROT:P11712:D262R
UNIPROT:P11712:D262T
UNIPROT:P11712:D262S
UNIPROT:P11712:I207G
UNIPROT:P11712:I207H
UNIPROT:P11712:K383A
UNIPROT:P11712:I207C
UNIPROT:P11712:I207E
UNIPROT:P11712:I207A
UNIPROT:P11712:K383L
UNIPROT:P11712:N236V
UNIPROT:P11712:N236W
UNIPROT:P11712:K383P
UNIPROT:P11712:I207Y
UNIPROT:P11712:K383D
UNIPROT:P11712:K383F
UNIPROT:P11712:V370D
UNIPROT:P11712:K383G
UNIPROT:P11712:I207P
UNIPROT:P11712:K383H
UNIPROT:P11712:K383I
UNIPROT:P11712:I207R
UNIPROT:P11712:D397C
UNIPROT:P11712:S390V
UNIPROT:P11712:D397I
UNIPROT:P11712:D397F
UNIPROT:P11712:D397R
UNIPROT:P11712:D397S
UNIPROT:P11712:S390N
UNIPROT:P11712:D397P
UNIPROT:P11712:S390R
UNIPROT:P11712:D397L
UNIPROT:P11712:D397M
UNIPROT:P11712:S390G
UNIPROT:P11712:S390I
UNIPROT:P11712:S390H
UNIPROT:P11712:S390K
UNIPROT:P11712:D397T
UNIPROT:P11712:S390M
UNIPROT:P11712:S390L
UNIPROT:P11712:F226A
UNIPROT:P11712:N231G
UNIPROT:P11712:F226D
UNIPROT:P11712:S390E
UNIPROT:P11712:S390D
UNIPROT:P11712:F226H
UNIPROT:P11712:N231L
UNIPROT:P11712:F226G
UNIPROT:P11712:F226K
UNIPROT:P11712:F226N
UNIPROT:P11712:F226M
UNIPROT:P11712:F226P
UNIPROT:P11712:F226R
UNIPROT:P11712:F226Q
UNIPROT:P11712:F226T
UNIPROT:P11712:F226W
UNIPROT:P11712:A86E
UNIPROT:P11712:K52S
UNIPROT:P11712:K52V
UNIPROT:P11712:A86M
UNIPROT:P11712:H316V
UNIPROT:P11712:A86L
UNIPROT:P11712:K52L
UNIPROT:P11712:H316T
UNIPROT:P11712:A86N
UNIPROT:P11712:A86I
UNIPROT:P11712:A86H
UNIPROT:P11712:K52P
UNIPROT:P11712:K52M
UNIPROT:P11712:H316M
UNIPROT:P11712:K52C
UNIPROT:P11712:K52D
UNIPROT:P11712:K52A
UNIPROT:P11712:K52G
UNIPROT:P11712:K52H
UNIPROT:P11712:K52F
UNIPROT:P11712:H316F
UNIPROT:P11712:D265K
UNIPROT:P11712:D265L
UNIPROT:P11712:D265W
UNIPROT:P11712:I213G
UNIPROT:P11712:I213H
UNIPROT:P11712:I213C
UNIPROT:P11712:I213E
UNIPROT:P11712:I213A
UNIPROT:P11712:I213W
UNIPROT:P11712:I213Y
UNIPROT:P11712:I213R
UNIPROT:P11712:I213P
UNIPROT:P11712:I213Q
UNIPROT:P11712:I213K
UNIPROT:P11712:T66C
UNIPROT:P11712:G384H
UNIPROT:P11712:G384I
UNIPROT:P11712:G384K
UNIPROT:P11712:G384L
UNIPROT:P11712:G384M
UNIPROT:P11712:G384N
UNIPROT:P11712:P464W
UNIPROT:P11712:G384P
UNIPROT:P11712:P464V
UNIPROT:P11712:G384T
UNIPROT:P11712:G384E
UNIPROT:P11712:G384F
UNIPROT:P11712:G384Y
UNIPROT:P11712:T299D
UNIPROT:P11712:T299C
UNIPROT:P11712:T299L
UNIPROT:P11712:T299H
UNIPROT:P11712:T299G
UNIPROT:P11712:T299E
UNIPROT:P11712:T299Q
UNIPROT:P11712:T299N
UNIPROT:P11712:T299M
UNIPROT:P11712:T299Y
UNIPROT:P11712:T299V
UNIPROT:P11712:T167C
UNIPROT:P11712:P464N
UNIPROT:P11712:T470C
UNIPROT:P11712:P464M
UNIPROT:P11712:T470D
UNIPROT:P11712:T470E
UNIPROT:P11712:P464K
UNIPROT:P11712:T470F
UNIPROT:P11712:T470G
UNIPROT:P11712:P464I
UNIPROT:P11712:P464H
UNIPROT:P11712:P464G
UNIPROT:P11712:T167L
UNIPROT:P11712:P464F
UNIPROT:P11712:P464E
UNIPROT:P11712:P464D
UNIPROT:P11712:T167G
UNIPROT:P11712:P464C
UNIPROT:P11712:T167H
UNIPROT:P11712:T167F
UNIPROT:P11712:Q356N
UNIPROT:P11712:T470R
UNIPROT:P11712:T167R
UNIPROT:P11712:T470V
UNIPROT:P11712:Q356M
UNIPROT:P11712:T167M
UNIPROT:P11712:T470W
UNIPROT:P11712:T470H
UNIPROT:P11712:Q356G
UNIPROT:P11712:Q356F
UNIPROT:P11712:Q356I
UNIPROT:P11712:T167Y
UNIPROT:P11712:T470K
UNIPROT:P11712:T470L
UNIPROT:P11712:Q356C
UNIPROT:P11712:T470M
UNIPROT:P11712:Q356D
UNIPROT:P11712:T167V
UNIPROT:P11712:Q356A
UNIPROT:P11712:T470Y
UNIPROT:P11712:I215H
UNIPROT:P11712:I215D
UNIPROT:P11712:I215E
UNIPROT:P11712:I215G
UNIPROT:P11712:I215A
UNIPROT:P11712:I215C
UNIPROT:P11712:I215Y
UNIPROT:P11712:I215W
UNIPROT:P11712:I215P
UNIPROT:P11712:Q356V
UNIPROT:P11712:I215R
UNIPROT:P11712:Q356S
UNIPROT:P11712:Q356T
UNIPROT:P11712:F407G
UNIPROT:P11712:F407D
UNIPROT:P11712:I169C
UNIPROT:P11712:F407E
UNIPROT:P11712:F407H
UNIPROT:P11712:I169G
UNIPROT:P11712:F407N
UNIPROT:P11712:K432W
UNIPROT:P11712:K432Y
UNIPROT:P11712:F407M
UNIPROT:P11712:F407R
UNIPROT:P11712:I169A
UNIPROT:P11712:F407P
UNIPROT:P11712:F407Q
UNIPROT:P11712:F407T
UNIPROT:P11712:I169R
UNIPROT:P11712:I169P
UNIPROT:P11712:V436D
UNIPROT:P11712:N196R
UNIPROT:P11712:V436F
UNIPROT:P11712:N196P
UNIPROT:P11712:Q484V
UNIPROT:P11712:N196V
UNIPROT:P11712:Q484Y
UNIPROT:P11712:V436C
UNIPROT:P11712:Q484S
UNIPROT:P11712:V436N
UNIPROT:P11712:Q484T
UNIPROT:P11712:V436H
UNIPROT:P11712:Q484N
UNIPROT:P11712:N196A
UNIPROT:P11712:N196C
UNIPROT:P11712:N196G
UNIPROT:P11712:F407A
UNIPROT:P11712:N418M
UNIPROT:P11712:N418L
UNIPROT:P11712:F183W
UNIPROT:P11712:N418R
UNIPROT:P11712:N418Q
UNIPROT:P11712:N418P
UNIPROT:P11712:N418V
UNIPROT:P11712:N418C
UNIPROT:P11712:N418A
UNIPROT:P11712:N418G
UNIPROT:P11712:N418F
UNIPROT:P11712:N418E
UNIPROT:P11712:V436T
UNIPROT:P11712:Q484M
UNIPROT:P11712:R377Y
UNIPROT:P11712:L458N
UNIPROT:P11712:Q484G
UNIPROT:P11712:Q484F
UNIPROT:P11712:V436Q
UNIPROT:P11712:Q484I
UNIPROT:P11712:V436R
UNIPROT:P11712:V436S
UNIPROT:P11712:Q484C
UNIPROT:P11712:L458Y
UNIPROT:P11712:L458W
UNIPROT:P11712:Q484D
UNIPROT:P11712:R377P
UNIPROT:P11712:R377W
UNIPROT:P11712:V436Y
UNIPROT:P11712:L458T
UNIPROT:P11712:R377V
UNIPROT:P11712:Q484A
UNIPROT:P11712:L458S
UNIPROT:P11712:L458A
UNIPROT:P11712:L458I
UNIPROT:P11712:L458H
UNIPROT:P11712:L458G
UNIPROT:P11712:L458F
UNIPROT:P11712:L458C
UNIPROT:P11712:R377M
UNIPROT:P11712:R377L
UNIPROT:P11712:R377C
UNIPROT:P11712:R377A
UNIPROT:P11712:R377F
UNIPROT:P11712:R377E
UNIPROT:P11712:R377D
UNIPROT:P11712:H276V
UNIPROT:P11712:H276W
UNIPROT:P11712:H276T
UNIPROT:P11712:K432C
UNIPROT:P11712:H276S
UNIPROT:P11712:K432F
UNIPROT:P11712:H276M
UNIPROT:P11712:F183A
UNIPROT:P11712:F183D
UNIPROT:P11712:H276I
UNIPROT:P11712:K432P
UNIPROT:P11712:H276F
UNIPROT:P11712:H276G
UNIPROT:P11712:F183E
UNIPROT:P11712:F183H
UNIPROT:P11712:H276E
UNIPROT:P11712:F183G
UNIPROT:P11712:K432S
UNIPROT:P11712:H276C
UNIPROT:P11712:K432V
UNIPROT:P11712:H276A
UNIPROT:P11712:F183K
UNIPROT:P11712:F183N
UNIPROT:P11712:K432G
UNIPROT:P11712:F183M
UNIPROT:P11712:F183P
UNIPROT:P11712:K432L
UNIPROT:P11712:F183R
UNIPROT:P11712:F183Q
UNIPROT:P11712:F183T
UNIPROT:P11712:K432M
UNIPROT:P11712:L7A
UNIPROT:P11712:K399W
UNIPROT:P11712:K399Y
UNIPROT:P11712:L7G
UNIPROT:P11712:L7D
UNIPROT:P11712:L7E
UNIPROT:P11712:T469K
UNIPROT:P11712:T469L
UNIPROT:P11712:L7N
UNIPROT:P11712:T469M
UNIPROT:P11712:S451V
UNIPROT:P11712:L7M
UNIPROT:P11712:T469Q
UNIPROT:P11712:L7K
UNIPROT:P11712:S451M
UNIPROT:P11712:T469C
UNIPROT:P11712:S451L
UNIPROT:P11712:T469D
UNIPROT:P11712:T469E
UNIPROT:P11712:T469F
UNIPROT:P11712:T469G
UNIPROT:P11712:T469H
UNIPROT:P11712:S451R
UNIPROT:P11712:L7S
UNIPROT:P11712:S451E
UNIPROT:P11712:S451D
UNIPROT:P11712:S451G
UNIPROT:P11712:S451I
UNIPROT:P11712:F412D
UNIPROT:P11712:T469R
UNIPROT:P11712:F412H
UNIPROT:P11712:F412G
UNIPROT:P11712:T469V
UNIPROT:P11712:T469W
UNIPROT:P11712:F412M
UNIPROT:P11712:T469Y
UNIPROT:P11712:F412P
UNIPROT:P11712:F412Q
UNIPROT:P11712:F412N
UNIPROT:P11712:F412T
UNIPROT:P11712:F412R
UNIPROT:P11712:G437P
UNIPROT:P11712:D89L
UNIPROT:P11712:G437Q
UNIPROT:P11712:Y189T
UNIPROT:P11712:D89M
UNIPROT:P11712:L9C
UNIPROT:P11712:L467M
UNIPROT:P11712:Y189W
UNIPROT:P11712:G437S
UNIPROT:P11712:L9A
UNIPROT:P11712:G437T
UNIPROT:P11712:Y189Q
UNIPROT:P11712:L201H
UNIPROT:P11712:Y189P
UNIPROT:P11712:L201I
UNIPROT:P11712:D89I
UNIPROT:P11712:F239G
UNIPROT:P11712:Y189R
UNIPROT:P11712:L201G
UNIPROT:P11712:L201T
UNIPROT:P11712:D89T
UNIPROT:P11712:Y189L
UNIPROT:P11712:L9K
UNIPROT:P11712:L201R
UNIPROT:P11712:D89R
UNIPROT:P11712:L467T
UNIPROT:P11712:D89S
UNIPROT:P11712:F239N
UNIPROT:P11712:Y189I
UNIPROT:P11712:L201P
UNIPROT:P11712:D89P
UNIPROT:P11712:D89Q
UNIPROT:P11712:L9G
UNIPROT:P11712:F239P
UNIPROT:P11712:L201N
UNIPROT:P11712:L9D
UNIPROT:P11712:L9E
UNIPROT:P11712:F239R
UNIPROT:P11712:L9S
UNIPROT:P11712:G437C
UNIPROT:P11712:L9Q
UNIPROT:P11712:G437D
UNIPROT:P11712:L9M
UNIPROT:P11712:G437H
UNIPROT:P11712:G437I
UNIPROT:P11712:D89C
UNIPROT:P11712:L9Y
UNIPROT:P11712:G437L
UNIPROT:P11712:L467C
UNIPROT:P11712:G91T
UNIPROT:P11712:G437M
UNIPROT:P11712:L9W
UNIPROT:P11712:L467A
UNIPROT:P11712:L9T
UNIPROT:P11712:G91I
UNIPROT:P11712:L467Y
UNIPROT:P11712:L461I
UNIPROT:P11712:L461H
UNIPROT:P11712:L461G
UNIPROT:P11712:L461F
UNIPROT:P11712:L461E
UNIPROT:P11712:L461D
UNIPROT:P11712:L461C
UNIPROT:P11712:L461N
UNIPROT:P11712:L461K
UNIPROT:P11712:L461A
UNIPROT:P11712:L461T
UNIPROT:P11712:L461S
UNIPROT:P11712:K48Y
UNIPROT:P11712:K48S
UNIPROT:P11712:K48P
UNIPROT:P11712:K48V
UNIPROT:P11712:K48H
UNIPROT:P11712:K48I
UNIPROT:P11712:K48L
UNIPROT:P11712:K48F
UNIPROT:P11712:K48G
UNIPROT:P11712:K399A
UNIPROT:P11712:K399C
UNIPROT:P11712:K399D
UNIPROT:P11712:K399F
UNIPROT:P11712:K399P
UNIPROT:P11712:K399S
UNIPROT:P11712:K399V
UNIPROT:P11712:K399G
UNIPROT:P11712:K399H
UNIPROT:P11712:K399L
UNIPROT:P11712:K399M
UNIPROT:P11712:G431K
UNIPROT:P11712:L287K
UNIPROT:P11712:G431L
UNIPROT:P11712:L287H
UNIPROT:P11712:G431M
UNIPROT:P11712:L287I
UNIPROT:P11712:L287G
UNIPROT:P11712:L287D
UNIPROT:P11712:F100A
UNIPROT:P11712:L287E
UNIPROT:P11712:L287R
UNIPROT:P11712:S140Y
UNIPROT:P11712:G431S
UNIPROT:P11712:G431T
UNIPROT:P11712:L287P
UNIPROT:P11712:F100E
UNIPROT:P11712:F100D
UNIPROT:P11712:F100G
UNIPROT:P11712:F100H
UNIPROT:P11712:F100K
UNIPROT:P11712:F100M
UNIPROT:P11712:S140V
UNIPROT:P11712:F100N
UNIPROT:P11712:S140W
UNIPROT:P11712:F100P
UNIPROT:P11712:F100R
UNIPROT:P11712:G431D
UNIPROT:P11712:S140K
UNIPROT:P11712:S140L
UNIPROT:P11712:F100T
UNIPROT:P11712:S140M
UNIPROT:P11712:G431H
UNIPROT:P11712:G431I
UNIPROT:P11712:S140P
UNIPROT:P11712:S140A
UNIPROT:P11712:S140D
UNIPROT:P11712:S140E
UNIPROT:P11712:S140F
UNIPROT:P11712:S140H
UNIPROT:P11712:A297R
UNIPROT:P11712:A297H
UNIPROT:P11712:L287Y
UNIPROT:P11712:A297M
UNIPROT:P11712:L287T
UNIPROT:P11712:L77W
UNIPROT:P11712:L77Y
UNIPROT:P11712:L156G
UNIPROT:P11712:L77N
UNIPROT:P11712:L77S
UNIPROT:P11712:L77T
UNIPROT:P11712:L77G
UNIPROT:P11712:L77H
UNIPROT:P11712:L77E
UNIPROT:P11712:L77K
UNIPROT:P11712:L77I
UNIPROT:P11712:L77C
UNIPROT:P11712:L77A
UNIPROT:P11712:N116G
UNIPROT:P11712:N116M
UNIPROT:P11712:N116L
UNIPROT:P11712:N116R
UNIPROT:P11712:N116P
UNIPROT:P11712:L156Y
UNIPROT:P11712:N116A
UNIPROT:P11712:N116E
UNIPROT:P11712:N116F
UNIPROT:P11712:N116C
UNIPROT:P11712:A161R
UNIPROT:P11712:T290H
UNIPROT:P11712:T290G
UNIPROT:P11712:A161Y
UNIPROT:P11712:L71S
UNIPROT:P11712:T290D
UNIPROT:P11712:A161W
UNIPROT:P11712:L71T
UNIPROT:P11712:A161L
UNIPROT:P11712:A161M
UNIPROT:P11712:L71G
UNIPROT:P11712:A161K
UNIPROT:P11712:D143I
UNIPROT:P11712:L71H
UNIPROT:P11712:P337Y
UNIPROT:P11712:A161Q
UNIPROT:P11712:D143C
UNIPROT:P11712:L71N
UNIPROT:P11712:P337W
UNIPROT:P11712:T290M
UNIPROT:P11712:D143F
UNIPROT:P11712:P337V
UNIPROT:P11712:D143P
UNIPROT:P11712:A161E
UNIPROT:P11712:D143R
UNIPROT:P11712:A161C
UNIPROT:P11712:D143Q
UNIPROT:P11712:A161H
UNIPROT:P11712:D143L
UNIPROT:P11712:L71E
UNIPROT:P11712:A161I
UNIPROT:P11712:A161F
UNIPROT:P11712:L71C
UNIPROT:P11712:D143M
UNIPROT:P11712:D143T
UNIPROT:P11712:D143S
UNIPROT:P11712:T66V
UNIPROT:P11712:L4M
UNIPROT:P11712:L4N
UNIPROT:P11712:L4K
UNIPROT:P11712:T66R
UNIPROT:P11712:T66M
UNIPROT:P11712:L4G
UNIPROT:P11712:T66L
UNIPROT:P11712:L4S
UNIPROT:P11712:L4T
UNIPROT:P11712:T66G
UNIPROT:P11712:T66H
UNIPROT:P11712:L152E
UNIPROT:P11712:L152G
UNIPROT:P11712:L152D
UNIPROT:P11712:L152C
UNIPROT:P11712:L152K
UNIPROT:P11712:N378W
UNIPROT:P11712:N378V
UNIPROT:P11712:P337E
UNIPROT:P11712:N378G
UNIPROT:P11712:P337D
UNIPROT:P11712:A291R
UNIPROT:P11712:N378F
UNIPROT:P11712:P337C
UNIPROT:P11712:N378E
UNIPROT:P11712:N378L
UNIPROT:P11712:N378P
UNIPROT:P11712:A291K
UNIPROT:P11712:A291I
UNIPROT:P11712:N378M
UNIPROT:P11712:A291H
UNIPROT:P11712:A291N
UNIPROT:P11712:N378R
UNIPROT:P11712:N378Q
UNIPROT:P11712:A291L
UNIPROT:P11712:P337Q
UNIPROT:P11712:A291F
UNIPROT:P11712:L152Q
UNIPROT:P11712:P337N
UNIPROT:P11712:A291D
UNIPROT:P11712:L152S
UNIPROT:P11712:P337M
UNIPROT:P11712:P337K
UNIPROT:P11712:P337I
UNIPROT:P11712:N378C
UNIPROT:P11712:L152Y
UNIPROT:P11712:P337G
UNIPROT:P11712:N378A
UNIPROT:P11712:P337F
UNIPROT:P11712:M271S
UNIPROT:P11712:V352I
UNIPROT:P11712:V352P
UNIPROT:P11712:V352N
UNIPROT:P11712:M271P
UNIPROT:P11712:V352T
UNIPROT:P11712:V352S
UNIPROT:P11712:V352R
UNIPROT:P11712:D191C
UNIPROT:P11712:V352W
UNIPROT:P11712:M271Y
UNIPROT:P11712:D191I
UNIPROT:P11712:D191K
UNIPROT:P11712:V352Y
UNIPROT:P11712:D191F
UNIPROT:P11712:T392F
UNIPROT:P11712:D191Q
UNIPROT:P11712:T392E
UNIPROT:P11712:D191P
UNIPROT:P11712:T392D
UNIPROT:P11712:D191S
UNIPROT:P11712:T392C
UNIPROT:P11712:D191R
UNIPROT:P11712:D191M
UNIPROT:P11712:D191L
UNIPROT:P11712:T392M
UNIPROT:P11712:T392L
UNIPROT:P11712:V351I
UNIPROT:P11712:T392H
UNIPROT:P11712:T392G
UNIPROT:P11712:T392V
UNIPROT:P11712:V351S
UNIPROT:P11712:V351R
UNIPROT:P11712:T392R
UNIPROT:P11712:T392Q
UNIPROT:P11712:V351T
UNIPROT:P11712:V351Y
UNIPROT:P11712:M271E
UNIPROT:P11712:T392Y
UNIPROT:P11712:V352C
UNIPROT:P11712:I50W
UNIPROT:P11712:V352H
UNIPROT:P11712:M271F
UNIPROT:P11712:M271G
UNIPROT:P11712:I50Y
UNIPROT:P11712:V352F
UNIPROT:P11712:M271H
UNIPROT:P11712:Q324N
UNIPROT:P11712:Q324M
UNIPROT:P11712:Q324G
UNIPROT:P11712:Q324I
UNIPROT:P11712:Q324D
UNIPROT:P11712:Q324C
UNIPROT:P11712:Q324F
UNIPROT:P11712:Q324A
UNIPROT:P11712:V355C
UNIPROT:P11712:V355E
UNIPROT:P11712:V355H
UNIPROT:P11712:D191T
UNIPROT:P11712:D191W
UNIPROT:P11712:Q324Y
UNIPROT:P11712:Q324T
UNIPROT:P11712:Q324S
UNIPROT:P11712:Q324V
UNIPROT:P11712:Q44V
UNIPROT:P11712:Q44W
UNIPROT:P11712:Q44S
UNIPROT:P11712:Q44T
UNIPROT:P11712:Q44N
UNIPROT:P11712:Q454Y
UNIPROT:P11712:Q454V
UNIPROT:P11712:T130G
UNIPROT:P11712:Q44F
UNIPROT:P11712:Q44G
UNIPROT:P11712:Q44I
UNIPROT:P11712:Q44C
UNIPROT:P11712:Q454T
UNIPROT:P11712:Q44D
UNIPROT:P11712:Q454S
UNIPROT:P11712:Q44A
UNIPROT:P11712:V355S
UNIPROT:P11712:V355R
UNIPROT:P11712:T130L
UNIPROT:P11712:V355P
UNIPROT:P11712:V355T
UNIPROT:P11712:T130V
UNIPROT:P11712:V355Y
UNIPROT:P11712:I50P
UNIPROT:P11712:I50R
UNIPROT:P11712:I50Q
UNIPROT:P11712:I50E
UNIPROT:P11712:I50H
UNIPROT:P11712:I50G
UNIPROT:P11712:I50K
UNIPROT:P11712:I50A
UNIPROT:P11712:I50D
UNIPROT:P11712:I50C
UNIPROT:P11712:Q454N
UNIPROT:P11712:G79S
UNIPROT:P11712:G79T
UNIPROT:P11712:Q454I
UNIPROT:P11712:G79Y
UNIPROT:P11712:Q454F
UNIPROT:P11712:G79K
UNIPROT:P11712:G79L
UNIPROT:P11712:Q454G
UNIPROT:P11712:G79M
UNIPROT:P11712:G79N
UNIPROT:P11712:Q454D
UNIPROT:P11712:G79P
UNIPROT:P11712:G79Q
UNIPROT:P11712:G79C
UNIPROT:P11712:G79F
UNIPROT:P11712:G79H
UNIPROT:P11712:G79I
UNIPROT:P11712:E438Y
UNIPROT:P11712:E438S
UNIPROT:P11712:E438T
UNIPROT:P11712:G171Y
UNIPROT:P11712:G171T
UNIPROT:P11712:E438H
UNIPROT:P11712:E438I
UNIPROT:P11712:E438C
UNIPROT:P11712:E438R
UNIPROT:P11712:E438M
UNIPROT:P11712:E438N
UNIPROT:P11712:Q146M
UNIPROT:P11712:I264C
UNIPROT:P11712:Q146N
UNIPROT:P11712:Q146I
UNIPROT:P11712:Q146G
UNIPROT:P11712:Q146A
UNIPROT:P11712:Q146C
UNIPROT:P11712:Q146D
UNIPROT:P11712:I264R
UNIPROT:P11712:V5C
UNIPROT:P11712:Q278Y
UNIPROT:P11712:Q278V
UNIPROT:P11712:Q278W
UNIPROT:P11712:V5H
UNIPROT:P11712:I264G
UNIPROT:P11712:V5I
UNIPROT:P11712:I264H
UNIPROT:P11712:Q278S
UNIPROT:P11712:V5F
UNIPROT:P11712:Q278T
UNIPROT:P11712:V5T
UNIPROT:P11712:V5S
UNIPROT:P11712:V5N
UNIPROT:P11712:V5Y
UNIPROT:P11712:V6E
UNIPROT:P11712:V6C
UNIPROT:P11712:Q146Y
UNIPROT:P11712:V6M
UNIPROT:P11712:G171I
UNIPROT:P11712:Q146V
UNIPROT:P11712:V6N
UNIPROT:P11712:G171H
UNIPROT:P11712:V6K
UNIPROT:P11712:Q146S
UNIPROT:P11712:Q146T
UNIPROT:P11712:R342Y
UNIPROT:P11712:D414I
UNIPROT:P11712:V6S
UNIPROT:P11712:R342V
UNIPROT:P11712:G70L
UNIPROT:P11712:V6T
UNIPROT:P11712:G70M
UNIPROT:P11712:V6Q
UNIPROT:P11712:V6R
UNIPROT:P11712:V6P
UNIPROT:P11712:R342Q
UNIPROT:P11712:R342P
UNIPROT:P11712:C216A
UNIPROT:P11712:R342N
UNIPROT:P11712:V6W
UNIPROT:P11712:D414K
UNIPROT:P11712:P382G
UNIPROT:P11712:D414R
UNIPROT:P11712:P382E
UNIPROT:P11712:D414S
UNIPROT:P11712:P382D
UNIPROT:P11712:Q278N
UNIPROT:P11712:Q278I
UNIPROT:P11712:C216V
UNIPROT:P11712:P382V
UNIPROT:P11712:C216T
UNIPROT:P11712:Q278F
UNIPROT:P11712:Q278G
UNIPROT:P11712:Q278A
UNIPROT:P11712:Q278C
UNIPROT:P11712:Q278D
UNIPROT:P11712:R342I
UNIPROT:P11712:R342H
UNIPROT:P11712:C216I
UNIPROT:P11712:V8H
UNIPROT:P11712:C216H
UNIPROT:P11712:R342F
UNIPROT:P11712:V8F
UNIPROT:P11712:V8C
UNIPROT:P11712:R342L
UNIPROT:P11712:C216E
UNIPROT:P11712:V8D
UNIPROT:P11712:C216D
UNIPROT:P11712:R342A
UNIPROT:P11712:F282M
UNIPROT:P11712:C216Q
UNIPROT:P11712:V8P
UNIPROT:P11712:C216P
UNIPROT:P11712:V8N
UNIPROT:P11712:R342E
UNIPROT:P11712:C216N
UNIPROT:P11712:V8K
UNIPROT:P11712:R342D
UNIPROT:P11712:C216M
UNIPROT:P11712:R342C
UNIPROT:P11712:C216L
UNIPROT:P11712:V8I
UNIPROT:P11712:C216K
UNIPROT:P11712:V8S
UNIPROT:P11712:V8T
UNIPROT:P11712:V8R
UNIPROT:P11712:A430Q
UNIPROT:P11712:V8Y
UNIPROT:P11712:A430R
UNIPROT:P11712:A430M
UNIPROT:P11712:A430N
UNIPROT:P11712:A430I
UNIPROT:P11712:A430C
UNIPROT:P11712:N41V
UNIPROT:P11712:V38I
UNIPROT:P11712:V38F
UNIPROT:P11712:N41M
UNIPROT:P11712:N41L
UNIPROT:P11712:N41P
UNIPROT:P11712:N41G
UNIPROT:P11712:N41F
UNIPROT:P11712:N41E
UNIPROT:P11712:N41C
UNIPROT:P11712:K232C
UNIPROT:P11712:T301F
UNIPROT:P11712:K232M
UNIPROT:P11712:T301E
UNIPROT:P11712:T301D
UNIPROT:P11712:T301C
UNIPROT:P11712:K232P
UNIPROT:P11712:K232S
UNIPROT:P11712:T301N
UNIPROT:P11712:T301L
UNIPROT:P11712:K232G
UNIPROT:P11712:K232H
UNIPROT:P11712:T301I
UNIPROT:P11712:T301H
UNIPROT:P11712:T301G
UNIPROT:P11712:K232L
UNIPROT:P11712:T301V
UNIPROT:P11712:L128N
UNIPROT:P11712:L128K
UNIPROT:P11712:T301Q
UNIPROT:P11712:L128M
UNIPROT:P11712:K232V
UNIPROT:P11712:L128Y
UNIPROT:P11712:L128S
UNIPROT:P11712:T301Y
UNIPROT:P11712:T301W
UNIPROT:P11712:L128T
UNIPROT:P11712:T302G
UNIPROT:P11712:T302F
UNIPROT:P11712:T302E
UNIPROT:P11712:L128A
UNIPROT:P11712:T302D
UNIPROT:P11712:T302C
UNIPROT:P11712:L128G
UNIPROT:P11712:T302N
UNIPROT:P11712:T302M
UNIPROT:P11712:T302L
UNIPROT:P11712:L128C
UNIPROT:P11712:L128E
UNIPROT:P11712:A309N
UNIPROT:P11712:T302H
UNIPROT:P11712:L128D
UNIPROT:P11712:A309E
UNIPROT:P11712:T302W
UNIPROT:P11712:T302V
UNIPROT:P11712:A309C
UNIPROT:P11712:T302Q
UNIPROT:P11712:A309F
UNIPROT:P11712:T302Y
UNIPROT:P11712:S242Y
UNIPROT:P11712:V38T
UNIPROT:P11712:V38R
UNIPROT:P11712:S242Q
UNIPROT:P11712:V38N
UNIPROT:P11712:L388M
UNIPROT:P11712:L67Y
UNIPROT:P11712:L388K
UNIPROT:P11712:L67W
UNIPROT:P11712:L388H
UNIPROT:P11712:I141C
UNIPROT:P11712:I141A
UNIPROT:P11712:L388G
UNIPROT:P11712:L388T
UNIPROT:P11712:L388R
UNIPROT:P11712:L67N
UNIPROT:P11712:L388P
UNIPROT:P11712:L67T
UNIPROT:P11712:L388Q
UNIPROT:P11712:L388N
UNIPROT:P11712:L67S
UNIPROT:P11712:L67H
UNIPROT:P11712:T304H
UNIPROT:P11712:L67I
UNIPROT:P11712:T304G
UNIPROT:P11712:L67F
UNIPROT:P11712:T304F
UNIPROT:P11712:L67G
UNIPROT:P11712:T304E
UNIPROT:P11712:T304D
UNIPROT:P11712:I141R
UNIPROT:P11712:T304C
UNIPROT:P11712:I141Q
UNIPROT:P11712:I141P
UNIPROT:P11712:L67K
UNIPROT:P11712:L388D
UNIPROT:P11712:I141G
UNIPROT:P11712:L388E
UNIPROT:P11712:L67A
UNIPROT:P11712:I141E
UNIPROT:P11712:L388C
UNIPROT:P11712:T304N
UNIPROT:P11712:I141D
UNIPROT:P11712:T304M
UNIPROT:P11712:I141K
UNIPROT:P11712:L388A
UNIPROT:P11712:T304L
UNIPROT:P11712:L67E
UNIPROT:P11712:I141H
UNIPROT:P11712:L67C
UNIPROT:P11712:C486V
UNIPROT:P11712:T304Y
UNIPROT:P11712:T304W
UNIPROT:P11712:T304V
UNIPROT:P11712:C486P
UNIPROT:P11712:A439Y
UNIPROT:P11712:C486T
UNIPROT:P11712:C486H
UNIPROT:P11712:C486I
UNIPROT:P11712:T305G
UNIPROT:P11712:T305F
UNIPROT:P11712:L388Y
UNIPROT:P11712:T305E
UNIPROT:P11712:C486L
UNIPROT:P11712:T305D
UNIPROT:P11712:C486M
UNIPROT:P11712:L388W
UNIPROT:P11712:T305C
UNIPROT:P11712:A439L
UNIPROT:P11712:T305R
UNIPROT:P11712:A439M
UNIPROT:P11712:T305Q
UNIPROT:P11712:T305M
UNIPROT:P11712:T305L
UNIPROT:P11712:N218L
UNIPROT:P11712:T305Y
UNIPROT:P11712:N218M
UNIPROT:P11712:T305W
UNIPROT:P11712:T305V
UNIPROT:P11712:N218P
UNIPROT:P11712:N218Q
UNIPROT:P11712:A439C
UNIPROT:P11712:N218R
UNIPROT:P11712:N218V
UNIPROT:P11712:N218W
UNIPROT:P11712:N218C
UNIPROT:P11712:N218F
UNIPROT:P11712:N217L
UNIPROT:P11712:N217P
UNIPROT:P11712:N217M
UNIPROT:P11712:N217R
UNIPROT:P11712:N217W
UNIPROT:P11712:N217G
UNIPROT:P11712:N217F
UNIPROT:P11712:K185Y
UNIPROT:P11712:K185V
UNIPROT:P11712:K185S
UNIPROT:P11712:C172L
UNIPROT:P11712:C172H
UNIPROT:P11712:C172V
UNIPROT:P11712:V177C
UNIPROT:P11712:C172D
UNIPROT:P11712:V177I
UNIPROT:P11712:V177F
UNIPROT:P11712:N474E
UNIPROT:P11712:L380D
UNIPROT:P11712:S23A
UNIPROT:P11712:N474C
UNIPROT:P11712:S23D
UNIPROT:P11712:L380C
UNIPROT:P11712:N474G
UNIPROT:P11712:N474F
UNIPROT:P11712:N474M
UNIPROT:P11712:N474L
UNIPROT:P11712:D373I
UNIPROT:P11712:D373F
UNIPROT:P11712:T55Y
UNIPROT:P11712:N474Q
UNIPROT:P11712:L380G
UNIPROT:P11712:T55V
UNIPROT:P11712:D373P
UNIPROT:P11712:T55R
UNIPROT:P11712:D373L
UNIPROT:P11712:D373M
UNIPROT:P11712:T55M
UNIPROT:P11712:T55L
UNIPROT:P11712:D373T
UNIPROT:P11712:T55G
UNIPROT:P11712:D373R
UNIPROT:P11712:D373S
UNIPROT:P11712:T55F
UNIPROT:P11712:T55C
UNIPROT:P11712:T55D
UNIPROT:P11712:C175P
UNIPROT:P11712:V177K
UNIPROT:P11712:V177P
UNIPROT:P11712:C175N
UNIPROT:P11712:V177Q
UNIPROT:P11712:C175M
UNIPROT:P11712:C175L
UNIPROT:P11712:C175K
UNIPROT:P11712:V177T
UNIPROT:P11712:V177R
UNIPROT:P11712:V177S
UNIPROT:P11712:C175V
UNIPROT:P11712:C175T
UNIPROT:P11712:V177W
UNIPROT:P11712:L380T
UNIPROT:P11712:C175A
UNIPROT:P11712:L380S
UNIPROT:P11712:L380Q
UNIPROT:P11712:C175I
UNIPROT:P11712:C175H
UNIPROT:P11712:L380Y
UNIPROT:P11712:C175E
UNIPROT:P11712:C175D
UNIPROT:P11712:L380W
UNIPROT:P11712:S24V
UNIPROT:P11712:S24R
UNIPROT:P11712:S24N
UNIPROT:P11712:S24Q
UNIPROT:P11712:S24K
UNIPROT:P11712:S24L
UNIPROT:P11712:S24G
UNIPROT:P11712:V351F
UNIPROT:P11712:S24I
UNIPROT:P11712:V351D
UNIPROT:P11712:S24H
UNIPROT:P11712:S24E
UNIPROT:P11712:S24D
UNIPROT:P11712:S23Y
UNIPROT:P11712:S23V
UNIPROT:P11712:N474R
UNIPROT:P11712:K185F
UNIPROT:P11712:K185D
UNIPROT:P11712:S23M
UNIPROT:P11712:K185C
UNIPROT:P11712:S23P
UNIPROT:P11712:N474V
UNIPROT:P11712:S23L
UNIPROT:P11712:S23K
UNIPROT:P11712:G228S
UNIPROT:P11712:K185M
UNIPROT:P11712:S23F
UNIPROT:P11712:K185L
UNIPROT:P11712:K190A
UNIPROT:P11712:K190G
UNIPROT:P11712:K190F
UNIPROT:P11712:K190D
UNIPROT:P11712:K190S
UNIPROT:P11712:K190P
UNIPROT:P11712:K190M
UNIPROT:P11712:K190L
UNIPROT:P11712:K190W
UNIPROT:P11712:K190V
UNIPROT:P11712:I42P
UNIPROT:P11712:I42R
UNIPROT:P11712:I42K
UNIPROT:P11712:F295A
UNIPROT:P11712:F295D
UNIPROT:P11712:F295E
UNIPROT:P11712:I42A
UNIPROT:P11712:F295G
UNIPROT:P11712:I42C
UNIPROT:P11712:F295K
UNIPROT:P11712:I42D
UNIPROT:P11712:F295N
UNIPROT:P11712:I42G
UNIPROT:P11712:F295M
UNIPROT:P11712:S429Y
UNIPROT:P11712:F295T
UNIPROT:P11712:L391D
UNIPROT:P11712:L391E
UNIPROT:P11712:S429R
UNIPROT:P11712:S429Q
UNIPROT:P11712:L391C
UNIPROT:P11712:L391A
UNIPROT:P11712:S429H
UNIPROT:P11712:S429G
UNIPROT:P11712:S429I
UNIPROT:P11712:L391K
UNIPROT:P11712:L391H
UNIPROT:P11712:S429K
UNIPROT:P11712:L391I
UNIPROT:P11712:S429N
UNIPROT:P11712:L391F
UNIPROT:P11712:I452Y
UNIPROT:P11712:S429M
UNIPROT:P11712:L391G
UNIPROT:P11712:S429D
UNIPROT:P11712:S429F
UNIPROT:P11712:S429E
UNIPROT:P11712:I327K
UNIPROT:P11712:E272I
UNIPROT:P11712:E272H
UNIPROT:P11712:F168A
UNIPROT:P11712:I327G
UNIPROT:P11712:I327H
UNIPROT:P11712:E272L
UNIPROT:P11712:I327C
UNIPROT:P11712:I327D
UNIPROT:P11712:E272P
UNIPROT:P11712:F168G
UNIPROT:P11712:I327E
UNIPROT:P11712:F168H
UNIPROT:P11712:E272T
UNIPROT:P11712:I327A
UNIPROT:P11712:E272S
UNIPROT:P11712:F168M
UNIPROT:P11712:F168N
UNIPROT:P11712:F168Q
UNIPROT:P11712:F168P
UNIPROT:P11712:I327Y
UNIPROT:P11712:F168R
UNIPROT:P11712:I327R
UNIPROT:P11712:F168T
UNIPROT:P11712:E272F
UNIPROT:P11712:I327P
UNIPROT:P11712:I327Q
UNIPROT:P11712:E272C
UNIPROT:P11712:V237R
UNIPROT:P11712:V237Q
UNIPROT:P11712:V237P
UNIPROT:P11712:E274P
UNIPROT:P11712:V237T
UNIPROT:P11712:V237S
UNIPROT:P11712:E274S
UNIPROT:P11712:V237Y
UNIPROT:P11712:N176V
UNIPROT:P11712:N176G
UNIPROT:P11712:N176L
UNIPROT:P11712:V237E
UNIPROT:P11712:V237C
UNIPROT:P11712:V237H
UNIPROT:P11712:V237N
UNIPROT:P11712:V237M
UNIPROT:P11712:V237K
UNIPROT:P11712:G62L
UNIPROT:P11712:G62M
UNIPROT:P11712:G62N
UNIPROT:P11712:G62P
UNIPROT:P11712:G62Q
UNIPROT:P11712:G62E
UNIPROT:P11712:G62F
UNIPROT:P11712:G62H
UNIPROT:P11712:G62I
UNIPROT:P11712:R357Y
UNIPROT:P11712:S422Y
UNIPROT:P11712:T450C
UNIPROT:P11712:T450D
UNIPROT:P11712:T450F
UNIPROT:P11712:T450G
UNIPROT:P11712:T450H
UNIPROT:P11712:S422P
UNIPROT:P11712:S422V
UNIPROT:P11712:T450R
UNIPROT:P11712:S422H
UNIPROT:P11712:L306S
UNIPROT:P11712:S422M
UNIPROT:P11712:T450V
UNIPROT:P11712:L306N
UNIPROT:P11712:T450Y
UNIPROT:P11712:S422A
UNIPROT:P11712:T450K
UNIPROT:P11712:T450L
UNIPROT:P11712:T450M
UNIPROT:P11712:L306Y
UNIPROT:P11712:L306T
UNIPROT:P11712:S422F
UNIPROT:P11712:L306A
UNIPROT:P11712:R357C
UNIPROT:P11712:L306H
UNIPROT:P11712:L306I
UNIPROT:P11712:L306F
UNIPROT:P11712:L306G
UNIPROT:P11712:L306E
UNIPROT:P11712:E318T
UNIPROT:P11712:I141W
UNIPROT:P11712:S95V
UNIPROT:P11712:I141Y
UNIPROT:P11712:S95R
UNIPROT:P11712:E318H
UNIPROT:P11712:S95L
UNIPROT:P11712:S95N
UNIPROT:P11712:S95H
UNIPROT:P11712:E318F
UNIPROT:P11712:G62T
UNIPROT:P11712:S95D
UNIPROT:P11712:S95G
UNIPROT:P11712:E318L
UNIPROT:P11712:P260Y
UNIPROT:P11712:I452C
UNIPROT:P11712:K235A
UNIPROT:P11712:K235C
UNIPROT:P11712:K235D
UNIPROT:P11712:P260V
UNIPROT:P11712:K235F
UNIPROT:P11712:I452A
UNIPROT:P11712:K235G
UNIPROT:P11712:P260Q
UNIPROT:P11712:P260M
UNIPROT:P11712:P260N
UNIPROT:P11712:P260K
UNIPROT:P11712:K235P
UNIPROT:P11712:K235S
UNIPROT:P11712:I452P
UNIPROT:P11712:K235V
UNIPROT:P11712:I452Q
UNIPROT:P11712:K235H
UNIPROT:P11712:T320H
UNIPROT:P11712:I452H
UNIPROT:P11712:T320G
UNIPROT:P11712:K235L
UNIPROT:P11712:I452G
UNIPROT:P11712:T320F
UNIPROT:P11712:K235M
UNIPROT:P11712:T320E
UNIPROT:P11712:T320D
UNIPROT:P11712:T320Q
UNIPROT:P11712:T320N
UNIPROT:P11712:T320M
UNIPROT:P11712:T320L
UNIPROT:P11712:K235Y
UNIPROT:P11712:T320Y
UNIPROT:P11712:T320V
UNIPROT:P11712:S115V
UNIPROT:P11712:S115W
UNIPROT:P11712:S115K
UNIPROT:P11712:S115P
UNIPROT:P11712:S115A
UNIPROT:P11712:S115D
UNIPROT:P11712:P260I
UNIPROT:P11712:P260G
UNIPROT:P11712:P260E
UNIPROT:P11712:P260F
UNIPROT:P11712:P260C
UNIPROT:P11712:P260D
UNIPROT:P11712:D256C
UNIPROT:P11712:D256K
UNIPROT:P11712:K375V
UNIPROT:P11712:K375W
UNIPROT:P11712:D256L
UNIPROT:P11712:D256S
UNIPROT:P11712:L440Y
UNIPROT:P11712:D256R
UNIPROT:P11712:D256T
UNIPROT:P11712:L440S
UNIPROT:P11712:D256P
UNIPROT:P11712:G416T
UNIPROT:P11712:G416M
UNIPROT:P11712:F219A
UNIPROT:P11712:M339A
UNIPROT:P11712:M339G
UNIPROT:P11712:M339H
UNIPROT:P11712:K28S
UNIPROT:P11712:M339C
UNIPROT:P11712:K28Y
UNIPROT:P11712:K28V
UNIPROT:P11712:K28W
UNIPROT:P11712:K28L
UNIPROT:P11712:K28M
UNIPROT:P11712:K28P
UNIPROT:P11712:M339N
UNIPROT:P11712:M339W
UNIPROT:P11712:K28D
UNIPROT:P11712:M339Y
UNIPROT:P11712:K28C
UNIPROT:P11712:M339S
UNIPROT:P11712:K28H
UNIPROT:P11712:K28F
UNIPROT:P11712:K28G
UNIPROT:P11712:L311M
UNIPROT:P11712:L311K
UNIPROT:P11712:K28A
UNIPROT:P11712:N403M
UNIPROT:P11712:N403L
UNIPROT:P11712:L311G
UNIPROT:P11712:L311T
UNIPROT:P11712:N403R
UNIPROT:P11712:N403Q
UNIPROT:P11712:N403P
UNIPROT:P11712:L311S
UNIPROT:P11712:N403V
UNIPROT:P11712:L311Q
UNIPROT:P11712:L311N
UNIPROT:P11712:S254V
UNIPROT:P11712:S254Y
UNIPROT:P11712:N403C
UNIPROT:P11712:L311D
UNIPROT:P11712:S254N
UNIPROT:P11712:L311E
UNIPROT:P11712:S254M
UNIPROT:P11712:L311C
UNIPROT:P11712:N403G
UNIPROT:P11712:S254R
UNIPROT:P11712:N403F
UNIPROT:P11712:L311A
UNIPROT:P11712:E325T
UNIPROT:P11712:S254F
UNIPROT:P11712:S254H
UNIPROT:P11712:S254G
UNIPROT:P11712:E92C
UNIPROT:P11712:E325P
UNIPROT:P11712:S254I
UNIPROT:P11712:E325R
UNIPROT:P11712:E325S
UNIPROT:P11712:E92L
UNIPROT:P11712:E325Y
UNIPROT:P11712:E92I
UNIPROT:P11712:S254D
UNIPROT:P11712:E92H
UNIPROT:P11712:S254C
UNIPROT:P11712:E325F
UNIPROT:P11712:S18V
UNIPROT:P11712:E325L
UNIPROT:P11712:E325M
UNIPROT:P11712:S18R
UNIPROT:P11712:E325I
UNIPROT:P11712:S18K
UNIPROT:P11712:L268N
UNIPROT:P11712:L54W
UNIPROT:P11712:S18G
UNIPROT:P11712:L268K
UNIPROT:P11712:L54T
UNIPROT:P11712:L268I
UNIPROT:P11712:S18D
UNIPROT:P11712:L268G
UNIPROT:P11712:L268H
UNIPROT:P11712:L54Y
UNIPROT:P11712:L54N
UNIPROT:P11712:L268S
UNIPROT:P11712:L268T
UNIPROT:P11712:L54M
UNIPROT:P11712:L54R
UNIPROT:P11712:L54P
UNIPROT:P11712:I284W
UNIPROT:P11712:L54Q
UNIPROT:P11712:L54G
UNIPROT:P11712:L54D
UNIPROT:P11712:L54E
UNIPROT:P11712:L54K
UNIPROT:P11712:L54H
UNIPROT:P11712:L268F
UNIPROT:P11712:L268D
UNIPROT:P11712:L268A
UNIPROT:P11712:L54C
UNIPROT:P11712:L54A
UNIPROT:P11712:F219D
UNIPROT:P11712:R186V
UNIPROT:P11712:I284A
UNIPROT:P11712:R186W
UNIPROT:P11712:R186T
UNIPROT:P11712:I284C
UNIPROT:P11712:F219E
UNIPROT:P11712:F219H
UNIPROT:P11712:G417W
UNIPROT:P11712:F219G
UNIPROT:P11712:K241A
UNIPROT:P11712:R186Y
UNIPROT:P11712:R186N
UNIPROT:P11712:F219N
UNIPROT:P11712:F219M
UNIPROT:P11712:R186M
UNIPROT:P11712:F219P
UNIPROT:P11712:F219R
UNIPROT:P11712:F219Q
UNIPROT:P11712:I284P
UNIPROT:P11712:F219T
UNIPROT:P11712:K241L
UNIPROT:P11712:I284Q
UNIPROT:P11712:K241M
UNIPROT:P11712:I284R
UNIPROT:P11712:E93T
UNIPROT:P11712:L268Y
UNIPROT:P11712:E93S
UNIPROT:P11712:K241P
UNIPROT:P11712:F219W
UNIPROT:P11712:E93R
UNIPROT:P11712:K241C
UNIPROT:P11712:I284D
UNIPROT:P11712:K241G
UNIPROT:P11712:I284E
UNIPROT:P11712:K241H
UNIPROT:P11712:I284G
UNIPROT:P11712:L440I
UNIPROT:P11712:E93F
UNIPROT:P11712:L440H
UNIPROT:P11712:L440G
UNIPROT:P11712:K375A
UNIPROT:P11712:E93C
UNIPROT:P11712:L440E
UNIPROT:P11712:E326R
UNIPROT:P11712:K375C
UNIPROT:P11712:E326S
UNIPROT:P11712:L440C
UNIPROT:P11712:K375D
UNIPROT:P11712:E326T
UNIPROT:P11712:K241S
UNIPROT:P11712:E93M
UNIPROT:P11712:K241V
UNIPROT:P11712:E93L
UNIPROT:P11712:L440N
UNIPROT:P11712:E326Y
UNIPROT:P11712:K241W
UNIPROT:P11712:K241Y
UNIPROT:P11712:E93I
UNIPROT:P11712:E93H
UNIPROT:P11712:R186F
UNIPROT:P11712:E326F
UNIPROT:P11712:R186D
UNIPROT:P11712:K375P
UNIPROT:P11712:E326H
UNIPROT:P11712:R186E
UNIPROT:P11712:E92S
UNIPROT:P11712:K375S
UNIPROT:P11712:E326C
UNIPROT:P11712:R186I
UNIPROT:P11712:E326M
UNIPROT:P11712:L440A
UNIPROT:P11712:K375F
UNIPROT:P11712:E326N
UNIPROT:P11712:K375G
UNIPROT:P11712:K375H
UNIPROT:P11712:E326P
UNIPROT:P11712:E326I
UNIPROT:P11712:K375L
UNIPROT:P11712:E326L
UNIPROT:P11712:R186A
UNIPROT:P11712:L395Y
UNIPROT:P11712:E142Y
UNIPROT:P11712:L395S
UNIPROT:P11712:V490C
UNIPROT:P11712:E142L
UNIPROT:P11712:L131G
UNIPROT:P11712:L131F
UNIPROT:P11712:L131I
UNIPROT:P11712:E142I
UNIPROT:P11712:L131H
UNIPROT:P11712:E142P
UNIPROT:P11712:L131C
UNIPROT:P11712:I47Y
UNIPROT:P11712:E142N
UNIPROT:P11712:L131E
UNIPROT:P11712:F476A
UNIPROT:P11712:E142M
UNIPROT:P11712:L131D
UNIPROT:P11712:E142T
UNIPROT:P11712:F476G
UNIPROT:P11712:E142S
UNIPROT:P11712:L131N
UNIPROT:P11712:F476D
UNIPROT:P11712:E142R
UNIPROT:P11712:I47P
UNIPROT:P11712:F476E
UNIPROT:P11712:L131K
UNIPROT:P11712:I47R
UNIPROT:P11712:F476K
UNIPROT:P11712:I47Q
UNIPROT:P11712:F476N
UNIPROT:P11712:I47E
UNIPROT:P11712:I47H
UNIPROT:P11712:F476M
UNIPROT:P11712:Y347I
UNIPROT:P11712:I47G
UNIPROT:P11712:F476R
UNIPROT:P11712:Y347G
UNIPROT:P11712:F476P
UNIPROT:P11712:F476Q
UNIPROT:P11712:I47K
UNIPROT:P11712:E142C
UNIPROT:P11712:F476T
UNIPROT:P11712:L131A
UNIPROT:P11712:Y347A
UNIPROT:P11712:I47A
UNIPROT:P11712:E142F
UNIPROT:P11712:I47D
UNIPROT:P11712:W120Y
UNIPROT:P11712:L131W
UNIPROT:P11712:W120H
UNIPROT:P11712:L131Y
UNIPROT:P11712:W120I
UNIPROT:P11712:L131S
UNIPROT:P11712:L131T
UNIPROT:P11712:W120N
UNIPROT:P11712:W120P
UNIPROT:P11712:W120V
UNIPROT:P11712:V490H
UNIPROT:P11712:P317G
UNIPROT:P11712:P317F
UNIPROT:P11712:P317E
UNIPROT:P11712:V490K
UNIPROT:P11712:P317C
UNIPROT:P11712:V490E
UNIPROT:P11712:V490P
UNIPROT:P11712:V490Q
UNIPROT:P11712:V490R
UNIPROT:P11712:W120A
UNIPROT:P11712:V490S
UNIPROT:P11712:V490M
UNIPROT:P11712:W120D
UNIPROT:P11712:V490N
UNIPROT:P11712:W120E
UNIPROT:P11712:W120F
UNIPROT:P11712:V490Y
UNIPROT:P11712:P317V
UNIPROT:P11712:V490T
UNIPROT:P11712:V490W
UNIPROT:P11712:P317M
UNIPROT:P11712:P317I
UNIPROT:P11712:E147S
UNIPROT:P11712:E147Y
UNIPROT:P11712:L391T
UNIPROT:P11712:L391S
UNIPROT:P11712:L391N
UNIPROT:P11712:E147I
UNIPROT:P11712:E147F
UNIPROT:P11712:E147M
UNIPROT:P11712:L391Y
UNIPROT:P11712:E147L
UNIPROT:P11712:G109Q
UNIPROT:P11712:G109P
UNIPROT:P11712:G109N
UNIPROT:P11712:G109M
UNIPROT:P11712:G109L
UNIPROT:P11712:G109K
UNIPROT:P11712:G109I
UNIPROT:P11712:G109C
UNIPROT:P11712:G109Y
UNIPROT:P11712:I42Y
UNIPROT:P11712:G109S
UNIPROT:P11712:Y347V
UNIPROT:P11712:Y347W
UNIPROT:P11712:Y347R
UNIPROT:P11712:S12Y
UNIPROT:P11712:Y347P
UNIPROT:P11712:Y347L
UNIPROT:P11712:S12R
UNIPROT:P11712:S12I
UNIPROT:P11712:E148R
UNIPROT:P11712:I45S
UNIPROT:P11712:E148P
UNIPROT:P11712:L395G
UNIPROT:P11712:E148T
UNIPROT:P11712:L395C
UNIPROT:P11712:E148S
UNIPROT:P11712:L395N
UNIPROT:P11712:I45N
UNIPROT:P11712:L395M
UNIPROT:P11712:I45D
UNIPROT:P11712:E148I
UNIPROT:P11712:E148H
UNIPROT:P11712:E148N
UNIPROT:P11712:E148M
UNIPROT:P11712:E148L
UNIPROT:P11712:I45A
UNIPROT:P11712:V462E
UNIPROT:P11712:V462C
UNIPROT:P11712:R329Y
UNIPROT:P11712:V330K
UNIPROT:P11712:R329A
UNIPROT:P11712:V330I
UNIPROT:P11712:V330P
UNIPROT:P11712:V330N
UNIPROT:P11712:R329D
UNIPROT:P11712:P101Y
UNIPROT:P11712:V330T
UNIPROT:P11712:P367Y
UNIPROT:P11712:V330S
UNIPROT:P11712:V330R
UNIPROT:P11712:V330Q
UNIPROT:P11712:P101V
UNIPROT:P11712:P367V
UNIPROT:P11712:V330W
UNIPROT:P11712:N277V
UNIPROT:P11712:V330Y
UNIPROT:P11712:R329V
UNIPROT:P11712:R329T
UNIPROT:P11712:R329I
UNIPROT:P11712:R329N
UNIPROT:P11712:R329M
UNIPROT:P11712:V462M
UNIPROT:P11712:V462N
UNIPROT:P11712:N277F
UNIPROT:P11712:N277C
UNIPROT:P11712:V462P
UNIPROT:P11712:N277G
UNIPROT:P11712:N277M
UNIPROT:P11712:N277L
UNIPROT:P11712:V462Q
UNIPROT:P11712:N277Q
UNIPROT:P11712:V462R
UNIPROT:P11712:N277R
UNIPROT:P11712:V462S
UNIPROT:P11712:V462T
UNIPROT:P11712:N277P
UNIPROT:P11712:V462Y
UNIPROT:P11712:T371G
UNIPROT:P11712:V330D
UNIPROT:P11712:V330C
UNIPROT:P11712:T371E
UNIPROT:P11712:T371D
UNIPROT:P11712:T371C
UNIPROT:P11712:V330H
UNIPROT:P11712:N277A
UNIPROT:P11712:V330F
UNIPROT:P11712:E199N
UNIPROT:P11712:E199M
UNIPROT:P11712:T371M
UNIPROT:P11712:E199L
UNIPROT:P11712:T371L
UNIPROT:P11712:T371K
UNIPROT:P11712:E199R
UNIPROT:P11712:E199P
UNIPROT:P11712:T371H
UNIPROT:P11712:T371W
UNIPROT:P11712:T371V
UNIPROT:P11712:E199T
UNIPROT:P11712:E199S
UNIPROT:P11712:T371R
UNIPROT:P11712:E199Y
UNIPROT:P11712:T371Q
UNIPROT:P11712:E199W
UNIPROT:P11712:T371Y
UNIPROT:P11712:E199F
UNIPROT:P11712:E199C
UNIPROT:P11712:E199I
UNIPROT:P11712:E199H
UNIPROT:P11712:P101N
UNIPROT:P11712:P367N
UNIPROT:P11712:P367M
UNIPROT:P11712:P101I
UNIPROT:P11712:P367K
UNIPROT:P11712:P367I
UNIPROT:P11712:P101H
UNIPROT:P11712:P367G
UNIPROT:P11712:P101F
UNIPROT:P11712:P101C
UNIPROT:P11712:P367E
UNIPROT:P11712:P101D
UNIPROT:P11712:P367D
UNIPROT:P11712:P363Y
UNIPROT:P11712:P363W
UNIPROT:P11712:P363V
UNIPROT:P11712:F263A
UNIPROT:P11712:Q22V
UNIPROT:P11712:Q22W
UNIPROT:P11712:F263E
UNIPROT:P11712:F263D
UNIPROT:P11712:Q22S
UNIPROT:P11712:F263G
UNIPROT:P11712:Q22T
UNIPROT:P11712:Q22N
UNIPROT:P11712:F263H
UNIPROT:P11712:F263K
UNIPROT:P11712:F263M
UNIPROT:P11712:F263N
UNIPROT:P11712:Q22M
UNIPROT:P11712:Q22F
UNIPROT:P11712:F263P
UNIPROT:P11712:Q22G
UNIPROT:P11712:F263R
UNIPROT:P11712:Q22I
UNIPROT:P11712:F263T
UNIPROT:P11712:Q22C
UNIPROT:P11712:Q22D
UNIPROT:P11712:Q22A
UNIPROT:P11712:D349I
UNIPROT:P11712:D349F
UNIPROT:P11712:D349C
UNIPROT:P11712:D349R
UNIPROT:P11712:D349P
UNIPROT:P11712:D349M
UNIPROT:P11712:D349K
UNIPROT:P11712:I374Y
UNIPROT:P11712:D349L
UNIPROT:P11712:C13V
UNIPROT:P11712:D349T
UNIPROT:P11712:C13L
UNIPROT:P11712:I374C
UNIPROT:P11712:I374D
UNIPROT:P11712:I374E
UNIPROT:P11712:C13K
UNIPROT:P11712:C13I
UNIPROT:P11712:I374A
UNIPROT:P11712:C13T
UNIPROT:P11712:C13P
UNIPROT:P11712:I374R
UNIPROT:P11712:P363N
UNIPROT:P11712:P363M
UNIPROT:P11712:P363I
UNIPROT:P11712:I374P
UNIPROT:P11712:I374Q
UNIPROT:P11712:P363G
UNIPROT:P11712:P363F
UNIPROT:P11712:C13E
UNIPROT:P11712:P363D
UNIPROT:P11712:I374G
UNIPROT:P11712:C13A
UNIPROT:P11712:I374H
UNIPROT:P11712:D49L
UNIPROT:P11712:D49T
UNIPROT:P11712:D49S
UNIPROT:P11712:D49I
UNIPROT:P11712:D49C
UNIPROT:P11712:K206D
UNIPROT:P11712:E415W
UNIPROT:P11712:K206F
UNIPROT:P11712:E415Y
UNIPROT:P11712:K206G
UNIPROT:P11712:E415R
UNIPROT:P11712:K206H
UNIPROT:P11712:K206I
UNIPROT:P11712:K206A
UNIPROT:P11712:K206C
UNIPROT:P11712:E415F
UNIPROT:P11712:K206V
UNIPROT:P11712:E415I
UNIPROT:P11712:K206W
UNIPROT:P11712:E415C
UNIPROT:P11712:K206Y
UNIPROT:P11712:K206L
UNIPROT:P11712:E415P
UNIPROT:P11712:K206P
UNIPROT:P11712:E415L
UNIPROT:P11712:A106I
UNIPROT:P11712:E415M
UNIPROT:P11712:K206S
UNIPROT:P11712:C10I
UNIPROT:P11712:M426A
UNIPROT:P11712:C10H
UNIPROT:P11712:K465C
UNIPROT:P11712:K465F
UNIPROT:P11712:C10D
UNIPROT:P11712:M426G
UNIPROT:P11712:C10Q
UNIPROT:P11712:I112Y
UNIPROT:P11712:M426H
UNIPROT:P11712:M426C
UNIPROT:P11712:M426D
UNIPROT:P11712:C10L
UNIPROT:P11712:Q252Y
UNIPROT:P11712:M426N
UNIPROT:P11712:A238N
UNIPROT:P11712:M426P
UNIPROT:P11712:K465S
UNIPROT:P11712:Q252V
UNIPROT:P11712:K465V
UNIPROT:P11712:A238R
UNIPROT:P11712:A238Q
UNIPROT:P11712:K465G
UNIPROT:P11712:M426Y
UNIPROT:P11712:Q252S
UNIPROT:P11712:K465I
UNIPROT:P11712:Q252T
UNIPROT:P11712:M426S
UNIPROT:P11712:K465L
UNIPROT:P11712:A238L
UNIPROT:P11712:Q252M
UNIPROT:P11712:A238K
UNIPROT:P11712:Q252N
UNIPROT:P11712:A238I
UNIPROT:P11712:I112C
UNIPROT:P11712:A238C
UNIPROT:P11712:K465W
UNIPROT:P11712:K465Y
UNIPROT:P11712:I244Y
UNIPROT:P11712:I112R
UNIPROT:P11712:I112Q
UNIPROT:P11712:I112W
UNIPROT:P11712:K200S
UNIPROT:P11712:K200F
UNIPROT:P11712:K200G
UNIPROT:P11712:S478R
UNIPROT:P11712:K200I
UNIPROT:P11712:S478V
UNIPROT:P11712:S478K
UNIPROT:P11712:S478L
UNIPROT:P11712:I244G
UNIPROT:P11712:I244A
UNIPROT:P11712:I244C
UNIPROT:P11712:K200V
UNIPROT:P11712:A103R
UNIPROT:P11712:K200Y
UNIPROT:P11712:S478G
UNIPROT:P11712:S478H
UNIPROT:P11712:A103Y
UNIPROT:P11712:A369Y
UNIPROT:P11712:A103W
UNIPROT:P11712:A103L
UNIPROT:P11712:A369N
UNIPROT:P11712:A103M
UNIPROT:P11712:A369L
UNIPROT:P11712:A103K
UNIPROT:P11712:I244P
UNIPROT:P11712:A369R
UNIPROT:P11712:A103Q
UNIPROT:P11712:A369Q
UNIPROT:P11712:I244R
UNIPROT:P11712:A103E
UNIPROT:P11712:A369D
UNIPROT:P11712:A103C
UNIPROT:P11712:A103H
UNIPROT:P11712:A103I
UNIPROT:P11712:A103F
UNIPROT:P11712:Q252I
UNIPROT:P11712:A369C
UNIPROT:P11712:Q252G
UNIPROT:P11712:Q252A
UNIPROT:P11712:Q252D
UNIPROT:P11712:S343W
UNIPROT:P11712:S343V
UNIPROT:P11712:S343Y
UNIPROT:P11712:C10V
UNIPROT:P11712:S343P
UNIPROT:P11712:Q261G
UNIPROT:P11712:L102F
UNIPROT:P11712:R157M
UNIPROT:P11712:F448D
UNIPROT:P11712:F448G
UNIPROT:P11712:F448E
UNIPROT:P11712:F448P
UNIPROT:P11712:F448M
UNIPROT:P11712:F448N
UNIPROT:P11712:F448T
UNIPROT:P11712:F448R
UNIPROT:P11712:S220V
UNIPROT:P11712:Q261V
UNIPROT:P11712:S220M
UNIPROT:P11712:S220L
UNIPROT:P11712:S220N
UNIPROT:P11712:S220Q
UNIPROT:P11712:Q261N
UNIPROT:P11712:S220R
UNIPROT:P11712:S220G
UNIPROT:P11712:S220I
UNIPROT:P11712:S220H
UNIPROT:P11712:E85Y
UNIPROT:P11712:E85T
UNIPROT:P11712:E85S
UNIPROT:P11712:F446A
UNIPROT:P11712:E85I
UNIPROT:P11712:F446E
UNIPROT:P11712:E85F
UNIPROT:P11712:F446D
UNIPROT:P11712:E85R
UNIPROT:P11712:F446G
UNIPROT:P11712:F446H
UNIPROT:P11712:F446M
UNIPROT:P11712:E85N
UNIPROT:P11712:F446N
UNIPROT:P11712:F446K
UNIPROT:P11712:E85L
UNIPROT:P11712:F446Q
UNIPROT:P11712:F446R
UNIPROT:P11712:F446P
UNIPROT:P11712:F446T
UNIPROT:P11712:F446W
UNIPROT:P11712:D224C
UNIPROT:P11712:D224F
UNIPROT:P11712:L43T
UNIPROT:P11712:L43Y
UNIPROT:P11712:D224L
UNIPROT:P11712:L43N
UNIPROT:P11712:D224M
UNIPROT:P11712:L43S
UNIPROT:P11712:H184G
UNIPROT:P11712:D224I
UNIPROT:P11712:D224T
UNIPROT:P11712:L43F
UNIPROT:P11712:D224S
UNIPROT:P11712:L43G
UNIPROT:P11712:D224P
UNIPROT:P11712:L43K
UNIPROT:P11712:D224R
UNIPROT:P11712:D224Q
UNIPROT:P11712:I39Q
UNIPROT:P11712:I39P
UNIPROT:P11712:N457P
UNIPROT:P11712:I381Y
UNIPROT:P11712:I39R
UNIPROT:P11712:I381R
UNIPROT:P11712:I39H
UNIPROT:P11712:I39A
UNIPROT:P11712:I39C
UNIPROT:P11712:I39E
UNIPROT:P11712:H184T
UNIPROT:P11712:H184V
UNIPROT:P11712:R150T
UNIPROT:P11712:L366K
UNIPROT:P11712:M129A
UNIPROT:P11712:L366H
UNIPROT:P11712:L233G
UNIPROT:P11712:L366I
UNIPROT:P11712:L233H
UNIPROT:P11712:L366F
UNIPROT:P11712:L366G
UNIPROT:P11712:R150V
UNIPROT:P11712:L366T
UNIPROT:P11712:M129F
UNIPROT:P11712:L233T
UNIPROT:P11712:M129G
UNIPROT:P11712:R150I
UNIPROT:P11712:M129H
UNIPROT:P11712:L366S
UNIPROT:P11712:L233R
UNIPROT:P11712:L233P
UNIPROT:P11712:M129C
UNIPROT:P11712:L366N
UNIPROT:P11712:R150M
UNIPROT:P11712:M129D
UNIPROT:P11712:L233N
UNIPROT:P11712:R150N
UNIPROT:P11712:M129E
UNIPROT:P11712:M129N
UNIPROT:P11712:I381P
UNIPROT:P11712:M129P
UNIPROT:P11712:E81T
UNIPROT:P11712:M129Q
UNIPROT:P11712:E81S
UNIPROT:P11712:E81R
UNIPROT:P11712:E81P
UNIPROT:P11712:L233D
UNIPROT:P11712:M129W
UNIPROT:P11712:L233A
UNIPROT:P11712:R150Y
UNIPROT:P11712:L366C
UNIPROT:P11712:M129Y
UNIPROT:P11712:M129S
UNIPROT:P11712:E81Y
UNIPROT:P11712:E81W
UNIPROT:P11712:E81F
UNIPROT:P11712:E81C
UNIPROT:P11712:L234G
UNIPROT:P11712:E81N
UNIPROT:P11712:E81M
UNIPROT:P11712:E81L
UNIPROT:P11712:E81I
UNIPROT:P11712:L234N
UNIPROT:P11712:E81H
UNIPROT:P11712:L233Y
UNIPROT:P11712:R150A
UNIPROT:P11712:L366Y
UNIPROT:P11712:R150F
UNIPROT:P11712:L234E
UNIPROT:P11712:L234A
UNIPROT:P11712:L361G
UNIPROT:P11712:L361C
UNIPROT:P11712:L361D
UNIPROT:P11712:M255A
UNIPROT:P11712:L361M
UNIPROT:P11712:L361N
UNIPROT:P11712:M255C
UNIPROT:P11712:T34V
UNIPROT:P11712:M255H
UNIPROT:P11712:T34R
UNIPROT:P11712:M255D
UNIPROT:P11712:M255E
UNIPROT:P11712:T34Q
UNIPROT:P11712:M255F
UNIPROT:P11712:M255G
UNIPROT:P11712:M255P
UNIPROT:P11712:T34L
UNIPROT:P11712:T34M
UNIPROT:P11712:M255S
UNIPROT:P11712:T34K
UNIPROT:P11712:M255N
UNIPROT:P11712:T34F
UNIPROT:P11712:T34G
UNIPROT:P11712:L362G
UNIPROT:P11712:L362D
UNIPROT:P11712:L362E
UNIPROT:P11712:L362C
UNIPROT:P11712:F134A
UNIPROT:P11712:F134D
UNIPROT:P11712:L362M
UNIPROT:P11712:F134G
UNIPROT:P11712:L362K
UNIPROT:P11712:L361W
UNIPROT:P11712:N455W
UNIPROT:P11712:F134K
UNIPROT:P11712:N455V
UNIPROT:P11712:F134N
UNIPROT:P11712:F267N
UNIPROT:P11712:F134M
UNIPROT:P11712:L361S
UNIPROT:P11712:L361T
UNIPROT:P11712:F134R
UNIPROT:P11712:F134Q
UNIPROT:P11712:F134T
UNIPROT:P11712:F267T
UNIPROT:P11712:V153C
UNIPROT:P11712:L361Y
UNIPROT:P11712:N455G
UNIPROT:P11712:N455F
UNIPROT:P11712:N455L
UNIPROT:P11712:N455P
UNIPROT:P11712:M257C
UNIPROT:P11712:M257D
UNIPROT:P11712:N455M
UNIPROT:P11712:N455R
UNIPROT:P11712:N455Q
UNIPROT:P11712:M257A
UNIPROT:P11712:L362Y
UNIPROT:P11712:L362T
UNIPROT:P11712:M257F
UNIPROT:P11712:M257H
UNIPROT:P11712:L362S
UNIPROT:P11712:M257S
UNIPROT:P11712:N455C
UNIPROT:P11712:C151P
UNIPROT:P11712:V153H
UNIPROT:P11712:C151N
UNIPROT:P11712:V153I
UNIPROT:P11712:C151I
UNIPROT:P11712:V153R
UNIPROT:P11712:V153S
UNIPROT:P11712:C151T
UNIPROT:P11712:C151Q
UNIPROT:P11712:V153Y
UNIPROT:P11712:C151H
UNIPROT:P11712:C151E
UNIPROT:P11712:E246P
UNIPROT:P11712:T34E
UNIPROT:P11712:T34C
UNIPROT:P11712:E246S
UNIPROT:P11712:E246R
UNIPROT:P11712:K160F
UNIPROT:P11712:K160D
UNIPROT:P11712:K160C
UNIPROT:P11712:K160A
UNIPROT:P11712:E246C
UNIPROT:P11712:E246I
UNIPROT:P11712:K160L
UNIPROT:P11712:K160I
UNIPROT:P11712:K160H
UNIPROT:P11712:K160G
UNIPROT:P11712:K160V
UNIPROT:P11712:K160S
UNIPROT:P11712:K160P
UNIPROT:P11712:K160W
UNIPROT:P11712:V473N
UNIPROT:P11712:G46T
UNIPROT:P11712:G46W
UNIPROT:P11712:G46Y
UNIPROT:P11712:G46L
UNIPROT:P11712:G46N
UNIPROT:P11712:V473R
UNIPROT:P11712:G46P
UNIPROT:P11712:V473T
UNIPROT:P11712:G46Q
UNIPROT:P11712:G46E
UNIPROT:P11712:G46F
UNIPROT:P11712:G46H
UNIPROT:P11712:G46I
UNIPROT:P11712:L195G
UNIPROT:P11712:H78S
UNIPROT:P11712:V472N
UNIPROT:P11712:H78T
UNIPROT:P11712:H78V
UNIPROT:P11712:L195C
UNIPROT:P11712:V472T
UNIPROT:P11712:H78M
UNIPROT:P11712:V472P
UNIPROT:P11712:V472S
UNIPROT:P11712:H78C
UNIPROT:P11712:H78F
UNIPROT:P11712:H78G
UNIPROT:P11712:H78I
UNIPROT:P11712:V473E
UNIPROT:P11712:H78A
UNIPROT:P11712:D408M
UNIPROT:P11712:K84S
UNIPROT:P11712:K84P
UNIPROT:P11712:D408L
UNIPROT:P11712:D408I
UNIPROT:P11712:K84V
UNIPROT:P11712:V83Y
UNIPROT:P11712:D408S
UNIPROT:P11712:D408T
UNIPROT:P11712:K84I
UNIPROT:P11712:D408Q
UNIPROT:P11712:D408R
UNIPROT:P11712:V83T
UNIPROT:P11712:K84L
UNIPROT:P11712:V83S
UNIPROT:P11712:D408P
UNIPROT:P11712:V83R
UNIPROT:P11712:N289V
UNIPROT:P11712:K84C
UNIPROT:P11712:V83P
UNIPROT:P11712:L195T
UNIPROT:P11712:K84A
UNIPROT:P11712:V83N
UNIPROT:P11712:K84F
UNIPROT:P11712:L195S
UNIPROT:P11712:K84G
UNIPROT:P11712:K84D
UNIPROT:P11712:L195Q
UNIPROT:P11712:V83I
UNIPROT:P11712:V83H
UNIPROT:P11712:V83F
UNIPROT:P11712:H230V
UNIPROT:P11712:V83C
UNIPROT:P11712:H230W
UNIPROT:P11712:L195Y
UNIPROT:P11712:N289F
UNIPROT:P11712:L197H
UNIPROT:P11712:N289G
UNIPROT:P11712:L197G
UNIPROT:P11712:L197D
UNIPROT:P11712:L197E
UNIPROT:P11712:L197C
UNIPROT:P11712:L197P
UNIPROT:P11712:N289L
UNIPROT:P11712:L197N
UNIPROT:P11712:N289R
UNIPROT:P11712:L197M
UNIPROT:P11712:D408F
UNIPROT:P11712:L197A
UNIPROT:P11712:D408C
UNIPROT:P11712:N289C
UNIPROT:P11712:N289A
UNIPROT:P11712:G475K
UNIPROT:P11712:G475L
UNIPROT:P11712:G475M
UNIPROT:P11712:G475N
UNIPROT:P11712:G475P
UNIPROT:P11712:G475Q
UNIPROT:P11712:G475S
UNIPROT:P11712:G475T
UNIPROT:P11712:G475W
UNIPROT:P11712:G475Y
UNIPROT:P11712:G475C
UNIPROT:P11712:G475D
UNIPROT:P11712:G475F
UNIPROT:P11712:G475H
UNIPROT:P11712:G475I
UNIPROT:P11712:G40T
UNIPROT:P11712:T385H
UNIPROT:P11712:T385G
UNIPROT:P11712:T385F
UNIPROT:P11712:T385E
UNIPROT:P11712:G40Y
UNIPROT:P11712:T385D
UNIPROT:P11712:T385C
UNIPROT:P11712:V479S
UNIPROT:P11712:I434H
UNIPROT:P11712:V479T
UNIPROT:P11712:I434G
UNIPROT:P11712:T385Q
UNIPROT:P11712:I434D
UNIPROT:P11712:T385N
UNIPROT:P11712:H368V
UNIPROT:P11712:V479P
UNIPROT:P11712:I434C
UNIPROT:P11712:T385M
UNIPROT:P11712:V479Q
UNIPROT:P11712:T385L
UNIPROT:P11712:E250L
UNIPROT:P11712:V479R
UNIPROT:P11712:I434E
UNIPROT:P11712:T385Y
UNIPROT:P11712:I434A
UNIPROT:P11712:T385W
UNIPROT:P11712:V479W
UNIPROT:P11712:T385V
UNIPROT:P11712:V479Y
UNIPROT:P11712:E250T
UNIPROT:P11712:E250S
UNIPROT:P11712:T386C
UNIPROT:P11712:I434Y
UNIPROT:P11712:H368G
UNIPROT:P11712:H368E
UNIPROT:P11712:I434P
UNIPROT:P11712:T386K
UNIPROT:P11712:I434R
UNIPROT:P11712:I434Q
UNIPROT:P11712:T386H
UNIPROT:P11712:H368A
UNIPROT:P11712:T386G
UNIPROT:P11712:E250F
UNIPROT:P11712:I434K
UNIPROT:P11712:T386F
UNIPROT:P11712:T386D
UNIPROT:P11712:T386R
UNIPROT:P11712:T386M
UNIPROT:P11712:T386L
UNIPROT:P11712:R335T
UNIPROT:P11712:T386Y
UNIPROT:P11712:R335S
UNIPROT:P11712:R335Y
UNIPROT:P11712:T386V
UNIPROT:P11712:R335V
UNIPROT:P11712:V479D
UNIPROT:P11712:V479H
UNIPROT:P11712:I387E
UNIPROT:P11712:I387F
UNIPROT:P11712:I387G
UNIPROT:P11712:R335A
UNIPROT:P11712:I387A
UNIPROT:P11712:L413I
UNIPROT:P11712:I387C
UNIPROT:P11712:L413T
UNIPROT:P11712:R335M
UNIPROT:P11712:R335K
UNIPROT:P11712:I387W
UNIPROT:P11712:I387P
UNIPROT:P11712:I387S
UNIPROT:P11712:R335N
UNIPROT:P11712:L413H
UNIPROT:P11712:R335E
UNIPROT:P11712:L413G
UNIPROT:P11712:R335D
UNIPROT:P11712:I387N
UNIPROT:P11712:R335C
UNIPROT:P11712:L413D
UNIPROT:P11712:I387H
UNIPROT:P11712:R335I
UNIPROT:P11712:R335H
UNIPROT:P11712:L413A
UNIPROT:P11712:R335F
UNIPROT:P11712:R333Y
UNIPROT:P11712:R333V
UNIPROT:P11712:L413Y
UNIPROT:P11712:G40L
UNIPROT:P11712:G40M
UNIPROT:P11712:G40P
UNIPROT:P11712:G40Q
UNIPROT:P11712:G40S
UNIPROT:P11712:G40D
UNIPROT:P11712:G40F
UNIPROT:P11712:G40H
UNIPROT:P11712:G40I
UNIPROT:P11712:G40K
UNIPROT:P11712:R333L
UNIPROT:P11712:G40C
UNIPROT:P11712:R333C
UNIPROT:P11712:R333F
UNIPROT:P11712:R333D
UNIPROT:P11712:P63V
UNIPROT:P11712:P63Y
UNIPROT:P11712:P63N
UNIPROT:P11712:P63Q
UNIPROT:P11712:P63K
UNIPROT:P11712:P63M
UNIPROT:P11712:P63F
UNIPROT:P11712:P63G
UNIPROT:P11712:P63I
UNIPROT:P11712:P63C
UNIPROT:P11712:P63D
UNIPROT:P11712:P63E
UNIPROT:P11712:G298I
UNIPROT:P11712:H230T
UNIPROT:P11712:G298L
UNIPROT:P11712:H230S
UNIPROT:P11712:G298M
UNIPROT:P11712:G298N
UNIPROT:P11712:G298Q
UNIPROT:P11712:H230M
UNIPROT:P11712:I123Y
UNIPROT:P11712:G298T
UNIPROT:P11712:H230K
UNIPROT:P11712:H230I
UNIPROT:P11712:H230F
UNIPROT:P11712:H230G
UNIPROT:P11712:H230C
UNIPROT:P11712:H230A
UNIPROT:P11712:G298C
UNIPROT:P11712:G298D
UNIPROT:P11712:G298H
UNIPROT:P11712:I123C
UNIPROT:P11712:I389G
UNIPROT:P11712:I389H
UNIPROT:P11712:I123A
UNIPROT:P11712:I123G
UNIPROT:P11712:I389C
UNIPROT:P11712:I389D
UNIPROT:P11712:I123E
UNIPROT:P11712:I123D
UNIPROT:P11712:L29W
UNIPROT:P11712:C338V
UNIPROT:P11712:L29T
UNIPROT:P11712:I389A
UNIPROT:P11712:L29Y
UNIPROT:P11712:C338L
UNIPROT:P11712:L29N
UNIPROT:P11712:C338M
UNIPROT:P11712:I123R
UNIPROT:P11712:C338N
UNIPROT:P11712:I123Q
UNIPROT:P11712:I389Y
UNIPROT:P11712:I123P
UNIPROT:P11712:I389R
UNIPROT:P11712:C338P
UNIPROT:P11712:I123W
UNIPROT:P11712:L29S
UNIPROT:P11712:L29Q
UNIPROT:P11712:C338D
UNIPROT:P11712:I123K
UNIPROT:P11712:L29G
UNIPROT:P11712:I389Q
UNIPROT:P11712:I123H
UNIPROT:P11712:L29E
UNIPROT:P11712:C338H
UNIPROT:P11712:I389K
UNIPROT:P11712:C338I
UNIPROT:P11712:L29K
UNIPROT:P11712:C338K
UNIPROT:P11712:L29C
UNIPROT:P11712:G296M
UNIPROT:P11712:L29A
UNIPROT:P11712:G296P
UNIPROT:P11712:R157P
UNIPROT:P11712:R157V
UNIPROT:P11712:I387Y
UNIPROT:P11712:G296T
UNIPROT:P11712:G296C
UNIPROT:P11712:S365W
UNIPROT:P11712:S365V
UNIPROT:P11712:S365Y
UNIPROT:P11712:S365Q
UNIPROT:P11712:S365F
UNIPROT:P11712:S365H
UNIPROT:P11712:S365M
UNIPROT:P11712:S365L
UNIPROT:P11712:P73N
UNIPROT:P11712:S365D
UNIPROT:P11712:P73I
UNIPROT:P11712:P73D
UNIPROT:P11712:L36S
UNIPROT:P11712:L36Q
UNIPROT:P11712:L36W
UNIPROT:P11712:L36T
UNIPROT:P11712:L36N
UNIPROT:P11712:L36M
UNIPROT:P11712:L36A
UNIPROT:P11712:L36G
UNIPROT:P11712:N204G
UNIPROT:P11712:N204P
UNIPROT:P11712:N204V
UNIPROT:P11712:N204A
UNIPROT:P11712:N204F
UNIPROT:P11712:N204C
UNIPROT:P11712:E300R
UNIPROT:P11712:E300S
UNIPROT:P11712:E300T
UNIPROT:P11712:E300M
UNIPROT:P11712:E300N
UNIPROT:P11712:E300P
UNIPROT:P11712:E300W
UNIPROT:P11712:E300C
UNIPROT:P11712:N202V
UNIPROT:P11712:E300I
UNIPROT:P11712:E300L
UNIPROT:P11712:E300F
UNIPROT:P11712:E300H
UNIPROT:P11712:M443Y
UNIPROT:P11712:L245P
UNIPROT:P11712:V292H
UNIPROT:P11712:M443A
UNIPROT:P11712:V292N
UNIPROT:P11712:V292R
UNIPROT:P11712:V292Q
UNIPROT:P11712:M443F
UNIPROT:P11712:M443E
UNIPROT:P11712:M443G
UNIPROT:P11712:M443S
UNIPROT:P11712:M443P
UNIPROT:P11712:P427G
UNIPROT:P11712:N466G
UNIPROT:P11712:P427F
UNIPROT:P11712:N466F
UNIPROT:P11712:P427E
UNIPROT:P11712:N466L
UNIPROT:P11712:P427C
UNIPROT:P11712:H411V
UNIPROT:P11712:H411S
UNIPROT:P11712:H411T
UNIPROT:P11712:N466P
UNIPROT:P11712:H411M
UNIPROT:P11712:N466R
UNIPROT:P11712:H411K
UNIPROT:P11712:H411I
UNIPROT:P11712:P427W
UNIPROT:P11712:P427V
UNIPROT:P11712:H411G
UNIPROT:P11712:H411C
UNIPROT:P11712:H411A
UNIPROT:P11712:P427K
UNIPROT:P11712:N466C
UNIPROT:P11712:P427I
UNIPROT:P11712:N466A
UNIPROT:P11712:P427Y
UNIPROT:P11712:N202G
UNIPROT:P11712:N202L
UNIPROT:P11712:M136W
UNIPROT:P11712:M136Y
UNIPROT:P11712:N202M
UNIPROT:P11712:N202R
UNIPROT:P11712:N334V
UNIPROT:P11712:N202A
UNIPROT:P11712:E253L
UNIPROT:P11712:H410V
UNIPROT:P11712:N334F
UNIPROT:P11712:D188C
UNIPROT:P11712:N334E
UNIPROT:P11712:H410T
UNIPROT:P11712:E253P
UNIPROT:P11712:H410S
UNIPROT:P11712:N334P
UNIPROT:P11712:D188I
UNIPROT:P11712:M269D
UNIPROT:P11712:E253T
UNIPROT:P11712:M136C
UNIPROT:P11712:E253S
UNIPROT:P11712:D188K
UNIPROT:P11712:M136D
UNIPROT:P11712:N334M
UNIPROT:P11712:M269F
UNIPROT:P11712:E253R
UNIPROT:P11712:M136E
UNIPROT:P11712:E253Y
UNIPROT:P11712:H410M
UNIPROT:P11712:N334R
UNIPROT:P11712:E253W
UNIPROT:P11712:D188F
UNIPROT:P11712:M136A
UNIPROT:P11712:D188Q
UNIPROT:P11712:H410I
UNIPROT:P11712:D188P
UNIPROT:P11712:N466V
UNIPROT:P11712:H410F
UNIPROT:P11712:D188S
UNIPROT:P11712:H410G
UNIPROT:P11712:D188R
UNIPROT:P11712:D188M
UNIPROT:P11712:M136F
UNIPROT:P11712:H410E
UNIPROT:P11712:M269H
UNIPROT:P11712:D188L
UNIPROT:P11712:M136G
UNIPROT:P11712:M136H
UNIPROT:P11712:H410C
UNIPROT:P11712:M269S
UNIPROT:P11712:H410A
UNIPROT:P11712:M136S
UNIPROT:P11712:E253C
UNIPROT:P11712:E253I
UNIPROT:P11712:M136N
UNIPROT:P11712:N334C
UNIPROT:P11712:D188T
UNIPROT:P11712:D188W
UNIPROT:P11712:M136P
UNIPROT:P11712:N334A
UNIPROT:P11712:M136Q
UNIPROT:P11712:L197T
UNIPROT:P11712:L197R
UNIPROT:P11712:E122N
UNIPROT:P11712:E122L
UNIPROT:P11712:E122R
UNIPROT:P11712:E122P
UNIPROT:P11712:F456H
UNIPROT:P11712:D360F
UNIPROT:P11712:E122T
UNIPROT:P11712:F456G
UNIPROT:P11712:E122S
UNIPROT:P11712:D360C
UNIPROT:P11712:E122Y
UNIPROT:P11712:F456P
UNIPROT:P11712:F456N
UNIPROT:P11712:D360L
UNIPROT:P11712:D360M
UNIPROT:P11712:F456T
UNIPROT:P11712:F456R
UNIPROT:P11712:E122F
UNIPROT:P11712:D360T
UNIPROT:P11712:E122C
UNIPROT:P11712:K84Y
UNIPROT:P11712:D360R
UNIPROT:P11712:D360S
UNIPROT:P11712:E122I
UNIPROT:P11712:D360Q
UNIPROT:P11712:C164Q
UNIPROT:P11712:C164K
UNIPROT:P11712:C164V
UNIPROT:P11712:C164A
UNIPROT:P11712:C164I
UNIPROT:P11712:C164H
UNIPROT:P11712:C164E
UNIPROT:P11712:C164D
UNIPROT:P11712:P346C
UNIPROT:P11712:R307A
UNIPROT:P11712:I359E
UNIPROT:P11712:R307F
UNIPROT:P11712:R307E
UNIPROT:P11712:I359G
UNIPROT:P11712:R307D
UNIPROT:P11712:I359H
UNIPROT:P11712:R307C
UNIPROT:P11712:I359C
UNIPROT:P11712:I359D
UNIPROT:P11712:I359Y
UNIPROT:P11712:P346Q
UNIPROT:P11712:R307P
UNIPROT:P11712:R307V
UNIPROT:P11712:P346N
UNIPROT:P11712:P346M
UNIPROT:P11712:P346K
UNIPROT:P11712:I359Q
UNIPROT:P11712:I359R
UNIPROT:P11712:P346I
UNIPROT:P11712:P346G
UNIPROT:P11712:R307N
UNIPROT:P11712:P346F
UNIPROT:P11712:R307M
UNIPROT:P11712:P346E
UNIPROT:P11712:R307L
UNIPROT:P11712:I359P
UNIPROT:P11712:I99R
UNIPROT:P11712:I99W
UNIPROT:P11712:I99Y
UNIPROT:P11712:P346Y
UNIPROT:P11712:P346V
UNIPROT:P11712:I99P
UNIPROT:P11712:I99C
UNIPROT:P11712:I99H
UNIPROT:P11712:K72P
UNIPROT:P11712:Y424V
UNIPROT:P11712:K72V
UNIPROT:P11712:Y424T
UNIPROT:P11712:K72S
UNIPROT:P11712:K72G
UNIPROT:P11712:K72H
UNIPROT:P11712:I223Y
UNIPROT:P11712:K72L
UNIPROT:P11712:K72A
UNIPROT:P11712:K72F
UNIPROT:P11712:K72C
UNIPROT:P11712:I223E
UNIPROT:P11712:L294G
UNIPROT:P11712:I223G
UNIPROT:P11712:I223H
UNIPROT:P11712:I223A
UNIPROT:P11712:L294C
UNIPROT:P11712:I223D
UNIPROT:P11712:I222Y
UNIPROT:P11712:L294H
UNIPROT:P11712:L294I
UNIPROT:P11712:I223Q
UNIPROT:P11712:I223R
UNIPROT:P11712:I223P
UNIPROT:P11712:I223K
UNIPROT:P11712:G137L
UNIPROT:P11712:G137K
UNIPROT:P11712:G137I
UNIPROT:P11712:G137H
UNIPROT:P11712:G137F
UNIPROT:P11712:G137D
UNIPROT:P11712:G137C
UNIPROT:P11712:G137Y
UNIPROT:P11712:G137T
UNIPROT:P11712:G137S
UNIPROT:P11712:G137Q
UNIPROT:P11712:G137P
UNIPROT:P11712:G137N
UNIPROT:P11712:G137M
UNIPROT:P11712:R433Y
UNIPROT:P11712:R433T
UNIPROT:P11712:R433S
UNIPROT:P11712:G32H
UNIPROT:P11712:G32K
UNIPROT:P11712:R433V
UNIPROT:P11712:G32M
UNIPROT:P11712:G135D
UNIPROT:P11712:G135C
UNIPROT:P11712:R433I
UNIPROT:P11712:R433N
UNIPROT:P11712:R433M
UNIPROT:P11712:G135S
UNIPROT:P11712:R433D
UNIPROT:P11712:R433C
UNIPROT:P11712:G135P
UNIPROT:P11712:R433A
UNIPROT:P11712:R433H
UNIPROT:P11712:G135M
UNIPROT:P11712:R433F
UNIPROT:P11712:R433E
UNIPROT:P11712:M406A
UNIPROT:P11712:M406C
UNIPROT:P11712:F419K
UNIPROT:P11712:M406H
UNIPROT:P11712:M406E
UNIPROT:P11712:F419T
UNIPROT:P11712:M406D
UNIPROT:P11712:M406G
UNIPROT:P11712:M406F
UNIPROT:P11712:M406Q
UNIPROT:P11712:P471K
UNIPROT:P11712:M406P
UNIPROT:P11712:M406S
UNIPROT:P11712:P471I
UNIPROT:P11712:L19S
UNIPROT:P11712:P471G
UNIPROT:P11712:L19Q
UNIPROT:P11712:M406N
UNIPROT:P11712:M406Y
UNIPROT:P11712:P471C
UNIPROT:P11712:L19K
UNIPROT:P11712:L208T
UNIPROT:P11712:L208Q
UNIPROT:P11712:L208R
UNIPROT:P11712:L208P
UNIPROT:P11712:P471V
UNIPROT:P11712:L208N
UNIPROT:P11712:L208Y
UNIPROT:P11712:P471N
UNIPROT:P11712:P471M
UNIPROT:P11712:L208C
UNIPROT:P11712:L208D
UNIPROT:P11712:L208A
UNIPROT:P11712:L208K
UNIPROT:P11712:L208I
UNIPROT:P11712:L208G
UNIPROT:P11712:L208H
UNIPROT:P11712:L208E
UNIPROT:P11712:P166N
UNIPROT:P11712:P166M
UNIPROT:P11712:P166K
UNIPROT:P11712:P166I
UNIPROT:P11712:P166F
UNIPROT:P11712:P166G
UNIPROT:P11712:P166D
UNIPROT:P11712:P166E
UNIPROT:P11712:P166C
UNIPROT:P11712:I178C
UNIPROT:P11712:R125Y
UNIPROT:P11712:K315G
UNIPROT:P11712:I178E
UNIPROT:P11712:I178D
UNIPROT:P11712:P166Y
UNIPROT:P11712:P166V
UNIPROT:P11712:P166W
UNIPROT:P11712:R125T
UNIPROT:P11712:P166Q
UNIPROT:P11712:R125V
UNIPROT:P11712:K315S
UNIPROT:P11712:I178R
UNIPROT:P11712:K315W
UNIPROT:P11712:K315Y
UNIPROT:P11712:K315L
UNIPROT:P11712:K315P
UNIPROT:P11712:F419A
UNIPROT:P11712:I488G
UNIPROT:P11712:K138A
UNIPROT:P11712:P163Y
UNIPROT:P11712:I488H
UNIPROT:P11712:R124Y
UNIPROT:P11712:I488C
UNIPROT:P11712:P163W
UNIPROT:P11712:I222A
UNIPROT:P11712:I488E
UNIPROT:P11712:I488D
UNIPROT:P11712:P163V
UNIPROT:P11712:K138I
UNIPROT:P11712:K138H
UNIPROT:P11712:R124S
UNIPROT:P11712:I488A
UNIPROT:P11712:K138G
UNIPROT:P11712:K138F
UNIPROT:P11712:R124V
UNIPROT:P11712:K138D
UNIPROT:P11712:P163M
UNIPROT:P11712:K138C
UNIPROT:P11712:R124T
UNIPROT:P11712:I488W
UNIPROT:P11712:R125K
UNIPROT:P11712:K138P
UNIPROT:P11712:I488Y
UNIPROT:P11712:R125I
UNIPROT:P11712:I222P
UNIPROT:P11712:I488R
UNIPROT:P11712:K138L
UNIPROT:P11712:R125M
UNIPROT:P11712:K138Y
UNIPROT:P11712:I488Q
UNIPROT:P11712:K138W
UNIPROT:P11712:R125A
UNIPROT:P11712:I488P
UNIPROT:P11712:K138V
UNIPROT:P11712:I488K
UNIPROT:P11712:L15G
UNIPROT:P11712:K138S
UNIPROT:P11712:R125F
UNIPROT:P11712:C435A
UNIPROT:P11712:L14P
UNIPROT:P11712:L14T
UNIPROT:P11712:R124H
UNIPROT:P11712:L14H
UNIPROT:P11712:R124I
UNIPROT:P11712:L14I
UNIPROT:P11712:R124N
UNIPROT:P11712:L14N
UNIPROT:P11712:R124M
UNIPROT:P11712:R124C
UNIPROT:P11712:R124A
UNIPROT:P11712:R124F
UNIPROT:P11712:L14G
UNIPROT:P11712:L14D
UNIPROT:P11712:R124E
UNIPROT:P11712:C435T
UNIPROT:P11712:L17S
UNIPROT:P11712:L17T
UNIPROT:P11712:C435V
UNIPROT:P11712:L17Y
UNIPROT:P11712:L17M
UNIPROT:P11712:C435K
UNIPROT:P11712:L17N
UNIPROT:P11712:C435L
UNIPROT:P11712:V319E
UNIPROT:P11712:F194H
UNIPROT:P11712:L17K
UNIPROT:P11712:C435M
UNIPROT:P11712:F194G
UNIPROT:P11712:C435N
UNIPROT:P11712:V319K
UNIPROT:P11712:C435P
UNIPROT:P11712:C435Q
UNIPROT:P11712:V319H
UNIPROT:P11712:F194K
UNIPROT:P11712:F194N
UNIPROT:P11712:L17E
UNIPROT:P11712:V319N
UNIPROT:P11712:C435D
UNIPROT:P11712:V319M
UNIPROT:P11712:F194P
UNIPROT:P11712:L17C
UNIPROT:P11712:C435E
UNIPROT:P11712:L17D
UNIPROT:P11712:V319S
UNIPROT:P11712:F194R
UNIPROT:P11712:V319R
UNIPROT:P11712:C435H
UNIPROT:P11712:F194T
UNIPROT:P11712:L17G
UNIPROT:P11712:C435I
UNIPROT:P11712:V319P
UNIPROT:P11712:L17A
UNIPROT:P11712:A477Y
UNIPROT:P11712:A477R
UNIPROT:P11712:A477N
UNIPROT:P11712:P163I
UNIPROT:P11712:A477Q
UNIPROT:P11712:P163G
UNIPROT:P11712:A477K
UNIPROT:P11712:A477L
UNIPROT:P11712:P163E
UNIPROT:P11712:A477M
UNIPROT:P11712:P163F
UNIPROT:P11712:A477F
UNIPROT:P11712:P163C
UNIPROT:P11712:A477H
UNIPROT:P11712:A477I
UNIPROT:P11712:A477C
UNIPROT:P11712:A477E
UNIPROT:P11712:L16G
UNIPROT:P11712:R132V
UNIPROT:P11712:R132Y
UNIPROT:P11712:R132M
UNIPROT:P11712:R132N
UNIPROT:P11712:R132S
UNIPROT:P11712:R132T
UNIPROT:P11712:T348G
UNIPROT:P11712:T348F
UNIPROT:P11712:T348E
UNIPROT:P11712:T348D
UNIPROT:P11712:T348C
UNIPROT:P11712:T348Q
UNIPROT:P11712:T348N
UNIPROT:P11712:T348M
UNIPROT:P11712:T348L
UNIPROT:P11712:T348Y
UNIPROT:P11712:T348W
UNIPROT:P11712:T348V
UNIPROT:P11712:R132H
UNIPROT:P11712:R132F
UNIPROT:P11712:R132K
UNIPROT:P11712:R132I
UNIPROT:P11712:R132D
UNIPROT:P11712:R132A
UNIPROT:P11712:I182Y
UNIPROT:P11712:I182R
UNIPROT:P11712:I182Q
UNIPROT:P11712:I182W
UNIPROT:P11712:F94W
UNIPROT:P11712:F94T
UNIPROT:P11712:F94R
UNIPROT:P11712:D463C
UNIPROT:P11712:C266T
UNIPROT:P11712:F94H
UNIPROT:P11712:F94G
UNIPROT:P11712:C266Q
UNIPROT:P11712:F94E
UNIPROT:P11712:C266P
UNIPROT:P11712:F94D
UNIPROT:P11712:C266N
UNIPROT:P11712:D463K
UNIPROT:P11712:D463I
UNIPROT:P11712:F94N
UNIPROT:P11712:D463F
UNIPROT:P11712:F94M
UNIPROT:P11712:F94K
UNIPROT:P11712:C266V
UNIPROT:P11712:D463R
UNIPROT:P11712:C266E
UNIPROT:P11712:D463S
UNIPROT:P11712:C266D
UNIPROT:P11712:I182K
UNIPROT:P11712:S460R
UNIPROT:P11712:D463P
UNIPROT:P11712:C266A
UNIPROT:P11712:I182P
UNIPROT:P11712:S460V
UNIPROT:P11712:D463L
UNIPROT:P11712:D463M
UNIPROT:P11712:S460L
UNIPROT:P11712:C266M
UNIPROT:P11712:F94A
UNIPROT:P11712:S460M
UNIPROT:P11712:C266L
UNIPROT:P11712:I182C
UNIPROT:P11712:C266K
UNIPROT:P11712:I182A
UNIPROT:P11712:C266I
UNIPROT:P11712:S460Q
UNIPROT:P11712:D463W
UNIPROT:P11712:C266H
UNIPROT:P11712:I182G
UNIPROT:P11712:S460N
UNIPROT:P11712:D463T
UNIPROT:P11712:S460E
UNIPROT:P11712:S460H
UNIPROT:P11712:S460I
UNIPROT:P11712:S460G
UNIPROT:P11712:F428H
UNIPROT:P11712:F428P
UNIPROT:P11712:Y379I
UNIPROT:P11712:Y379G
UNIPROT:P11712:Y379E
UNIPROT:P11712:Y379A
UNIPROT:P11712:E400R
UNIPROT:P11712:E400S
UNIPROT:P11712:E400T
UNIPROT:P11712:F425A
UNIPROT:P11712:F425G
UNIPROT:P11712:F425D
UNIPROT:P11712:E400P
UNIPROT:P11712:F425E
UNIPROT:P11712:F425H
UNIPROT:P11712:D468M
UNIPROT:P11712:F425N
UNIPROT:P11712:Q193Y
UNIPROT:P11712:D468L
UNIPROT:P11712:D468I
UNIPROT:P11712:F425M
UNIPROT:P11712:E400Y
UNIPROT:P11712:W20V
UNIPROT:P11712:F425R
UNIPROT:P11712:E400C
UNIPROT:P11712:Q193V
UNIPROT:P11712:W20T
UNIPROT:P11712:F425P
UNIPROT:P11712:Q193W
UNIPROT:P11712:D468T
UNIPROT:P11712:F425T
UNIPROT:P11712:Q193S
UNIPROT:P11712:D468R
UNIPROT:P11712:Q193T
UNIPROT:P11712:W20N
UNIPROT:P11712:Q193M
UNIPROT:P11712:W20M
UNIPROT:P11712:E400L
UNIPROT:P11712:E400M
UNIPROT:P11712:E400F
UNIPROT:P11712:Q193I
UNIPROT:P11712:W20I
UNIPROT:P11712:E400H
UNIPROT:P11712:W20F
UNIPROT:P11712:Y243T
UNIPROT:P11712:Y243V
UNIPROT:P11712:Y243P
UNIPROT:P11712:W20A
UNIPROT:P11712:Y243G
UNIPROT:P11712:S286W
UNIPROT:P11712:S286V
UNIPROT:P11712:S286Y
UNIPROT:P11712:S286M
UNIPROT:P11712:S286L
UNIPROT:P11712:S286Q
UNIPROT:P11712:K270W
UNIPROT:P11712:Q192D
UNIPROT:P11712:K270Y
UNIPROT:P11712:Q192F
UNIPROT:P11712:S286F
UNIPROT:P11712:Q192G
UNIPROT:P11712:S286H
UNIPROT:P11712:Q192A
UNIPROT:P11712:Q192C
UNIPROT:P11712:K270P
UNIPROT:P11712:K270S
UNIPROT:P11712:S286A
UNIPROT:P11712:K270V
UNIPROT:P11712:Q193F
UNIPROT:P11712:N259G
UNIPROT:P11712:Q193G
UNIPROT:P11712:N259M
UNIPROT:P11712:Q193C
UNIPROT:P11712:N259L
UNIPROT:P11712:N259R
UNIPROT:P11712:N259P
UNIPROT:P11712:V76Y
UNIPROT:P11712:N259V
UNIPROT:P11712:Q192Y
UNIPROT:P11712:Q192T
UNIPROT:P11712:V76T
UNIPROT:P11712:N258V
UNIPROT:P11712:Q192V
UNIPROT:P11712:V76S
UNIPROT:P11712:N258W
UNIPROT:P11712:Q192W
UNIPROT:P11712:V76R
UNIPROT:P11712:V76P
UNIPROT:P11712:Q192S
UNIPROT:P11712:V76N
UNIPROT:P11712:N259A
UNIPROT:P11712:Q192M
UNIPROT:P11712:Q192N
UNIPROT:P11712:V76K
UNIPROT:P11712:N259F
UNIPROT:P11712:Q192I
UNIPROT:P11712:N259C
UNIPROT:P11712:V76F
UNIPROT:P11712:V394H
UNIPROT:P11712:F376A
UNIPROT:P11712:Y379V
UNIPROT:P11712:Y379T
UNIPROT:P11712:K273A
UNIPROT:P11712:V394R
UNIPROT:P11712:Y379R
UNIPROT:P11712:V394P
UNIPROT:P11712:F110D
UNIPROT:P11712:Y379P
UNIPROT:P11712:F376D
UNIPROT:P11712:Y379M
UNIPROT:P11712:F110E
UNIPROT:P11712:V394T
UNIPROT:P11712:Y379K
UNIPROT:P11712:F376G
UNIPROT:P11712:F110H
UNIPROT:P11712:V394S
UNIPROT:P11712:Y379L
UNIPROT:P11712:F376H
UNIPROT:P11712:F110G
UNIPROT:P11712:F376M
UNIPROT:P11712:V394Y
UNIPROT:P11712:F376N
UNIPROT:P11712:F376K
UNIPROT:P11712:K273L
UNIPROT:P11712:F110K
UNIPROT:P11712:F376Q
UNIPROT:P11712:F110N
UNIPROT:P11712:F376R
UNIPROT:P11712:F110M
UNIPROT:P11712:K273P
UNIPROT:P11712:F110P
UNIPROT:P11712:F376P
UNIPROT:P11712:F110R
UNIPROT:P11712:K273C
UNIPROT:P11712:F110Q
UNIPROT:P11712:K273D
UNIPROT:P11712:F110T
UNIPROT:P11712:F376T
UNIPROT:P11712:K273F
UNIPROT:P11712:K273G
UNIPROT:P11712:K273H
UNIPROT:P11712:K273I
UNIPROT:P11712:G442K
UNIPROT:P11712:G442L
UNIPROT:P11712:Y80E
UNIPROT:P11712:Y80G
UNIPROT:P11712:G442P
UNIPROT:P11712:K273S
UNIPROT:P11712:Y80K
UNIPROT:P11712:K273V
UNIPROT:P11712:K273W
UNIPROT:P11712:G442Y
UNIPROT:P11712:K273Y
UNIPROT:P11712:Y80R
UNIPROT:P11712:Y80V
UNIPROT:P11712:G442H
UNIPROT:P11712:G442I
UNIPROT:P11712:V394C
UNIPROT:P11712:A173Y
UNIPROT:P11712:A173N
UNIPROT:P11712:A173M
UNIPROT:P11712:A173L
UNIPROT:P11712:A173R
UNIPROT:P11712:A173Q
UNIPROT:P11712:L294T
UNIPROT:P11712:A173C
UNIPROT:P11712:L294R
UNIPROT:P11712:L294P
UNIPROT:P11712:A173H
UNIPROT:P11712:L294Y
UNIPROT:P11712:S280V
UNIPROT:P11712:S280Q
UNIPROT:P11712:S280R
UNIPROT:P11712:S280G
UNIPROT:P11712:K72Y
UNIPROT:P11712:S280H
UNIPROT:P11712:S280M
UNIPROT:P11712:S280L
UNIPROT:P11712:V76D
UNIPROT:P11712:N258F
UNIPROT:P11712:V76C
UNIPROT:P11712:N258G
UNIPROT:P11712:N258L
UNIPROT:P11712:N258M
UNIPROT:P11712:N258P
UNIPROT:P11712:N258Q
UNIPROT:P11712:V75Y
UNIPROT:P11712:N258R
UNIPROT:P11712:V75S
UNIPROT:P11712:V75R
UNIPROT:P11712:V75P
UNIPROT:P11712:N258A
UNIPROT:P11712:V75K
UNIPROT:P11712:V75I
UNIPROT:P11712:V75H
UNIPROT:P11712:N258E
UNIPROT:P11712:V75F
UNIPROT:P11712:N258C
UNIPROT:P11712:E354P
UNIPROT:P11712:E354R
UNIPROT:P11712:E354S
UNIPROT:P11712:E354L
UNIPROT:P11712:E354M
UNIPROT:P11712:E354N
UNIPROT:P11712:E354Y
UNIPROT:P11712:R307Y
UNIPROT:P11712:E354T
UNIPROT:P11712:E354W
UNIPROT:P11712:K270G
UNIPROT:P11712:K270H
UNIPROT:P11712:E354C
UNIPROT:P11712:K270L
UNIPROT:P11712:K270M
UNIPROT:P11712:E354H
UNIPROT:P11712:E354I
UNIPROT:P11712:K270A
UNIPROT:P11712:K270C
UNIPROT:P11712:K270D
UNIPROT:P11712:E354F
UNIPROT:P11712:M198S
UNIPROT:P11712:L170K
UNIPROT:P11712:R21V
UNIPROT:P11712:W212F
UNIPROT:P11712:L170I
UNIPROT:P11712:R21Y
UNIPROT:P11712:W212H
UNIPROT:P11712:L170G
UNIPROT:P11712:L170H
UNIPROT:P11712:W212I
UNIPROT:P11712:R21N
UNIPROT:P11712:R21P
UNIPROT:P11712:I88G
UNIPROT:P11712:R21M
UNIPROT:P11712:R21L
UNIPROT:P11712:L90W
UNIPROT:P11712:R21F
UNIPROT:P11712:L90T
UNIPROT:P11712:R21H
UNIPROT:P11712:R21C
UNIPROT:P11712:R21E
UNIPROT:P11712:L90Y
UNIPROT:P11712:R21D
UNIPROT:P11712:L90N
UNIPROT:P11712:R21A
UNIPROT:P11712:L90M
UNIPROT:P11712:L90S
UNIPROT:P11712:L90Q
UNIPROT:P11712:L90G
UNIPROT:P11712:S53V
UNIPROT:P11712:L90D
UNIPROT:P11712:L90E
UNIPROT:P11712:V145Y
UNIPROT:P11712:L90K
UNIPROT:P11712:S53R
UNIPROT:P11712:L170S
UNIPROT:P11712:L170T
UNIPROT:P11712:S53N
UNIPROT:P11712:S53Q
UNIPROT:P11712:S53K
UNIPROT:P11712:L90C
UNIPROT:P11712:S53M
UNIPROT:P11712:L170N
UNIPROT:P11712:M198E
UNIPROT:P11712:L90A
UNIPROT:P11712:S53L
UNIPROT:P11712:S53G
UNIPROT:P11712:L170Y
UNIPROT:P11712:S53I
UNIPROT:P11712:S53H
UNIPROT:P11712:L170W
UNIPROT:P11712:S53E
UNIPROT:P11712:S53D
UNIPROT:P11712:P489C
UNIPROT:P11712:N133E
UNIPROT:P11712:N133C
UNIPROT:P11712:N133F
UNIPROT:P11712:N133G
UNIPROT:P11712:N133L
UNIPROT:P11712:N133M
UNIPROT:P11712:N133P
UNIPROT:P11712:N133Q
UNIPROT:P11712:N398V
UNIPROT:P11712:P489Q
UNIPROT:P11712:P489N
UNIPROT:P11712:P489M
UNIPROT:P11712:P489K
UNIPROT:P11712:P489I
UNIPROT:P11712:P489G
UNIPROT:P11712:P489F
UNIPROT:P11712:N133A
UNIPROT:P11712:P489E
UNIPROT:P11712:P489D
UNIPROT:P11712:N398F
UNIPROT:P11712:N398E
UNIPROT:P11712:N398C
UNIPROT:P11712:N398G
UNIPROT:P11712:N398M
UNIPROT:P11712:P489Y
UNIPROT:P11712:N398L
UNIPROT:P11712:N398R
UNIPROT:P11712:P489V
UNIPROT:P11712:N398P
UNIPROT:P11712:W212N
UNIPROT:P11712:W212M
UNIPROT:P11712:W212T
UNIPROT:P11712:W212V
UNIPROT:P11712:N398A
UNIPROT:P11712:P221N
UNIPROT:P11712:P221M
UNIPROT:P11712:P221I
UNIPROT:P11712:P221F
UNIPROT:P11712:P221G
UNIPROT:P11712:S209Y
UNIPROT:P11712:P221C
UNIPROT:P11712:S209Q
UNIPROT:P11712:S209V
UNIPROT:P11712:P221Y
UNIPROT:P11712:S209H
UNIPROT:P11712:P221V
UNIPROT:P11712:A350N
UNIPROT:P11712:A350M
UNIPROT:P11712:A350L
UNIPROT:P11712:S209L
UNIPROT:P11712:A350R
UNIPROT:P11712:S209K
UNIPROT:P11712:A350Q
UNIPROT:P11712:P221Q
UNIPROT:P11712:A350F
UNIPROT:P11712:A350E
UNIPROT:P11712:S209A
UNIPROT:P11712:A350I
UNIPROT:P11712:S209F
UNIPROT:P11712:A350H
UNIPROT:P11712:S209E
UNIPROT:P11712:A350C
UNIPROT:P11712:H344V
UNIPROT:P11712:H344T
UNIPROT:P11712:H344S
UNIPROT:P11712:H344M
UNIPROT:P11712:H344I
UNIPROT:P11712:Y308P
UNIPROT:P11712:H344F
UNIPROT:P11712:Y308M
UNIPROT:P11712:H344G
UNIPROT:P11712:H344E
UNIPROT:P11712:V323C
UNIPROT:P11712:Y308L
UNIPROT:P11712:Y308I
UNIPROT:P11712:H344C
UNIPROT:P11712:V323H
UNIPROT:P11712:Y308G
UNIPROT:P11712:H344A
UNIPROT:P11712:V323E
UNIPROT:P11712:V323K
UNIPROT:P11712:S51Y
UNIPROT:P11712:D293C
UNIPROT:P11712:D293F
UNIPROT:P11712:S51V
UNIPROT:P11712:S51P
UNIPROT:P11712:Y308Q
UNIPROT:P11712:Y308R
UNIPROT:P11712:D293L
UNIPROT:P11712:S51M
UNIPROT:P11712:S51L
UNIPROT:P11712:D293M
UNIPROT:P11712:S51H
UNIPROT:P11712:D293I
UNIPROT:P11712:D293T
UNIPROT:P11712:S51E
UNIPROT:P11712:D293S
UNIPROT:P11712:S51D
UNIPROT:P11712:S51F
UNIPROT:P11712:S51A
UNIPROT:P11712:D293R
UNIPROT:P11712:T364C
UNIPROT:P11712:T364H
UNIPROT:P11712:T364G
UNIPROT:P11712:T364F
UNIPROT:P11712:T364D
UNIPROT:P11712:V323N
UNIPROT:P11712:V323M
UNIPROT:P11712:V323T
UNIPROT:P11712:V323S
UNIPROT:P11712:T364M
UNIPROT:P11712:V323R
UNIPROT:P11712:V323Q
UNIPROT:P11712:R139V
UNIPROT:P11712:V323W
UNIPROT:P11712:T364Y
UNIPROT:P11712:T364V
UNIPROT:P11712:V323Y
UNIPROT:P11712:R139Y
UNIPROT:P11712:K459D
UNIPROT:P11712:K459G
UNIPROT:P11712:K459F
UNIPROT:P11712:P480V
UNIPROT:P11712:K459H
UNIPROT:P11712:R139C
UNIPROT:P11712:K459A
UNIPROT:P11712:K459C
UNIPROT:P11712:P481I
UNIPROT:P11712:R139L
UNIPROT:P11712:K459V
UNIPROT:P11712:K459Y
UNIPROT:P11712:P481F
UNIPROT:P11712:K459M
UNIPROT:P11712:R139F
UNIPROT:P11712:K459L
UNIPROT:P11712:R139E
UNIPROT:P11712:S336W
UNIPROT:P11712:S336V
UNIPROT:P11712:K459S
UNIPROT:P11712:S336Y
UNIPROT:P11712:R139H
UNIPROT:P11712:R139I
UNIPROT:P11712:S336K
UNIPROT:P11712:S336M
UNIPROT:P11712:S336L
UNIPROT:P11712:S336P
UNIPROT:P11712:S336E
UNIPROT:P11712:S336D
UNIPROT:P11712:P481N
UNIPROT:P11712:S336F
UNIPROT:P11712:S336H
UNIPROT:P11712:S336A
UNIPROT:P11712:E405Y
UNIPROT:P11712:P480H
UNIPROT:P11712:P480G
UNIPROT:P11712:S3M
UNIPROT:P11712:S3N
UNIPROT:P11712:Y68G
UNIPROT:P11712:S3L
UNIPROT:P11712:S3I
UNIPROT:P11712:K322M
UNIPROT:P11712:S3G
UNIPROT:P11712:S3H
UNIPROT:P11712:Y68L
UNIPROT:P11712:S3V
UNIPROT:P11712:S3Q
UNIPROT:P11712:S3R
UNIPROT:P11712:Y68R
UNIPROT:P11712:Y68T
UNIPROT:P11712:P174Q
UNIPROT:P11712:Y68V
UNIPROT:P11712:S343F
UNIPROT:P11712:R144Y
UNIPROT:P11712:R144V
UNIPROT:P11712:S343H
UNIPROT:P11712:S343K
UNIPROT:P11712:S343M
UNIPROT:P11712:L11Y
UNIPROT:P11712:S343L
UNIPROT:P11712:D341I
UNIPROT:P11712:K158G
UNIPROT:P11712:K158F
UNIPROT:P11712:S343A
UNIPROT:P11712:R144N
UNIPROT:P11712:L11M
UNIPROT:P11712:K158D
UNIPROT:P11712:L11N
UNIPROT:P11712:K158C
UNIPROT:P11712:R144T
UNIPROT:P11712:L11S
UNIPROT:P11712:L11T
UNIPROT:P11712:S343E
UNIPROT:P11712:K158A
UNIPROT:P11712:L11Q
UNIPROT:P11712:S343D
UNIPROT:P11712:D341Q
UNIPROT:P11712:L11G
UNIPROT:P11712:D341R
UNIPROT:P11712:K158M
UNIPROT:P11712:K158L
UNIPROT:P11712:D341M
UNIPROT:P11712:D341L
UNIPROT:P11712:K158H
UNIPROT:P11712:K158V
UNIPROT:P11712:K158S
UNIPROT:P11712:L11C
UNIPROT:P11712:L11D
UNIPROT:P11712:D341S
UNIPROT:P11712:L11A
UNIPROT:P11712:D341T
UNIPROT:P11712:K158P
UNIPROT:P11712:V319W
UNIPROT:P11712:V319T
UNIPROT:P11712:V319Y
UNIPROT:P11712:K158Y
UNIPROT:P11712:R144I
UNIPROT:P11712:R144F
UNIPROT:P11712:R144M
UNIPROT:P11712:R144K
UNIPROT:P11712:R144A
UNIPROT:P11712:R144D
UNIPROT:P11712:R144E
UNIPROT:P11712:P409K
UNIPROT:P11712:P409I
UNIPROT:P11712:P409G
UNIPROT:P11712:P409F
UNIPROT:P11712:P409E
UNIPROT:P11712:P409D
UNIPROT:P11712:P409C
UNIPROT:P11712:T229C
UNIPROT:P11712:T229K
UNIPROT:P11712:P409Y
UNIPROT:P11712:T229H
UNIPROT:P11712:P409V
UNIPROT:P11712:T229F
UNIPROT:P11712:T229D
UNIPROT:P11712:T229R
UNIPROT:P11712:P409Q
UNIPROT:P11712:P409N
UNIPROT:P11712:P409M
UNIPROT:P11712:T229L
UNIPROT:P11712:E104R
UNIPROT:P11712:T229Y
UNIPROT:P11712:E104P
UNIPROT:P11712:T229V
UNIPROT:P11712:E104T
UNIPROT:P11712:E104S
UNIPROT:P11712:E104Y
UNIPROT:P11712:E104F
UNIPROT:P11712:E104I
UNIPROT:P11712:E104H
UNIPROT:P11712:E104N
UNIPROT:P11712:E104M
UNIPROT:P11712:E104L
UNIPROT:P11712:L485K
UNIPROT:P11712:L485I
UNIPROT:P11712:L485H
UNIPROT:P11712:L485G
UNIPROT:P11712:L485F
UNIPROT:P11712:L485E
UNIPROT:P11712:L485D
UNIPROT:P11712:L485S
UNIPROT:P11712:L485N
UNIPROT:P11712:L485C
UNIPROT:P11712:L485A
UNIPROT:P11712:L485Y
UNIPROT:P11712:L485W
UNIPROT:P11712:L485T
UNIPROT:P11712:P402Y
UNIPROT:P11712:P402W
UNIPROT:P11712:P402V
UNIPROT:P11712:P404F
UNIPROT:P11712:P404E
UNIPROT:P11712:P404D
UNIPROT:P11712:V64T
UNIPROT:P11712:V64S
UNIPROT:P11712:V64P
UNIPROT:P11712:V64K
UNIPROT:P11712:P404I
UNIPROT:P11712:P404G
UNIPROT:P11712:S162Y
UNIPROT:P11712:D165I
UNIPROT:P11712:D165C
UNIPROT:P11712:D165F
UNIPROT:P11712:D165P
UNIPROT:P11712:S162R
UNIPROT:P11712:D165R
UNIPROT:P11712:D165Q
UNIPROT:P11712:D165L
UNIPROT:P11712:D165K
UNIPROT:P11712:S162V
UNIPROT:P11712:S162W
UNIPROT:P11712:D165M
UNIPROT:P11712:D165W
UNIPROT:P11712:S162K
UNIPROT:P11712:D165T
UNIPROT:P11712:S162M
UNIPROT:P11712:D165S
UNIPROT:P11712:P402D
UNIPROT:P11712:P402C
UNIPROT:P11712:S162C
UNIPROT:P11712:S162D
UNIPROT:P11712:S162E
UNIPROT:P11712:S162F
UNIPROT:P11712:S162G
UNIPROT:P11712:S162H
UNIPROT:P11712:P402Q
UNIPROT:P11712:P402N
UNIPROT:P11712:P402M
UNIPROT:P11712:P402K
UNIPROT:P11712:P402I
UNIPROT:P11712:P402G
UNIPROT:P11712:P402F
UNIPROT:P11712:P402E
UNIPROT:P11712:R26D
UNIPROT:P11712:R26C
UNIPROT:P11712:R26F
UNIPROT:P11712:R26E
UNIPROT:P11712:R26A
UNIPROT:P11712:S58Y
UNIPROT:P11712:M240D
UNIPROT:P11712:S58V
UNIPROT:P11712:S58R
UNIPROT:P11712:S58N
UNIPROT:P11712:S58M
UNIPROT:P11712:M240H
UNIPROT:P11712:S58G
UNIPROT:P11712:S58I
UNIPROT:P11712:S58D
UNIPROT:P11712:G25S
UNIPROT:P11712:S58C
UNIPROT:P11712:S58F
UNIPROT:P11712:S58E
UNIPROT:P11712:G25Y
UNIPROT:P11712:V60Y
UNIPROT:P11712:G25L
UNIPROT:P11712:V60S
UNIPROT:P11712:V60R
UNIPROT:P11712:V60P
UNIPROT:P11712:G25D
UNIPROT:P11712:N133R
UNIPROT:P11712:V60M
UNIPROT:P11712:V60K
UNIPROT:P11712:N133V
UNIPROT:P11712:N133W
UNIPROT:P11712:V60H
UNIPROT:P11712:V60C
UNIPROT:P11712:P227D
UNIPROT:P11712:P227E
UNIPROT:P11712:V64C
UNIPROT:P11712:F126A
UNIPROT:P11712:P227C
UNIPROT:P11712:F126E
UNIPROT:P11712:F126D
UNIPROT:P11712:F126G
UNIPROT:P11712:F126H
UNIPROT:P11712:F126K
UNIPROT:P11712:F126M
UNIPROT:P11712:F126N
UNIPROT:P11712:F126Q
UNIPROT:P11712:F126P
UNIPROT:P11712:F126R
UNIPROT:P11712:P227N
UNIPROT:P11712:F126T
UNIPROT:P11712:F126W
UNIPROT:P11712:P227I
UNIPROT:P11712:P227F
UNIPROT:P11712:P227G
UNIPROT:P11712:G27Y
UNIPROT:P11712:G27M
UNIPROT:P11712:G27P
UNIPROT:P11712:P227Y
UNIPROT:P11712:P227V
UNIPROT:P11712:G27S
UNIPROT:P11712:G27T
UNIPROT:P11712:R26Y
UNIPROT:P11712:G27F
UNIPROT:P11712:R26V
UNIPROT:P11712:G27H
UNIPROT:P11712:G27I
UNIPROT:P11712:G27K
UNIPROT:P11712:G27L
UNIPROT:P11712:R26Q
UNIPROT:P11712:R26L
UNIPROT:P11712:R26N
UNIPROT:P11712:R26M
UNIPROT:P11712:R26H
UNIPROT:P11712:G27C
Total 4098 SNP(s) are not found.
