UNIPROT:P11712:E281W
UNIPROT:P11712:Q214Y
UNIPROT:P11712:Q214S
UNIPROT:P11712:Q214T
UNIPROT:P11712:Q214V
UNIPROT:P11712:E281F
UNIPROT:P11712:E281L
UNIPROT:P11712:E281P
UNIPROT:P11712:E281N
UNIPROT:P11712:E281T
UNIPROT:P11712:E281S
UNIPROT:P11712:E281R
UNIPROT:P11712:E281C
UNIPROT:P11712:F69P
UNIPROT:P11712:F482W
UNIPROT:P11712:F69N
UNIPROT:P11712:F69M
UNIPROT:P11712:P35W
UNIPROT:P11712:P35Y
UNIPROT:P11712:F69R
UNIPROT:P11712:P35V
UNIPROT:P11712:V248D
UNIPROT:P11712:P35M
UNIPROT:P11712:P35G
UNIPROT:P11712:F69G
UNIPROT:P11712:P35I
UNIPROT:P11712:F69E
UNIPROT:P11712:P35C
UNIPROT:P11712:V248M
UNIPROT:P11712:F69D
UNIPROT:P11712:P35D
UNIPROT:P11712:V248K
UNIPROT:P11712:P35F
UNIPROT:P11712:I205E
UNIPROT:P11712:V113R
UNIPROT:P11712:V113S
UNIPROT:P11712:Q214M
UNIPROT:P11712:I205G
UNIPROT:P11712:V113P
UNIPROT:P11712:I205H
UNIPROT:P11712:V113Q
UNIPROT:P11712:Q214G
UNIPROT:P11712:Q214I
UNIPROT:P11712:I205C
UNIPROT:P11712:V113T
UNIPROT:P11712:I205D
UNIPROT:P11712:Q214C
UNIPROT:P11712:Q214D
UNIPROT:P11712:Q214F
UNIPROT:P11712:V113Y
UNIPROT:P11712:I205Y
UNIPROT:P11712:Q214A
UNIPROT:P11712:I205W
UNIPROT:P11712:I205Q
UNIPROT:P11712:I205R
UNIPROT:P11712:I205P
UNIPROT:P11712:P37Y
UNIPROT:P11712:P37V
UNIPROT:P11712:P37W
UNIPROT:P11712:E285Y
UNIPROT:P11712:P37M
UNIPROT:P11712:P279N
UNIPROT:P11712:P37N
UNIPROT:P11712:P279I
UNIPROT:P11712:P37I
UNIPROT:P11712:P279G
UNIPROT:P11712:P37E
UNIPROT:P11712:P37F
UNIPROT:P11712:P37G
UNIPROT:P11712:P279D
UNIPROT:P11712:P37H
UNIPROT:P11712:E285L
UNIPROT:P11712:V248R
UNIPROT:P11712:P37C
UNIPROT:P11712:P37D
UNIPROT:P11712:E285P
UNIPROT:P11712:E285M
UNIPROT:P11712:V248S
UNIPROT:P11712:F482A
UNIPROT:P11712:E285T
UNIPROT:P11712:E285S
UNIPROT:P11712:P279W
UNIPROT:P11712:E285R
UNIPROT:P11712:F482E
UNIPROT:P11712:E285W
UNIPROT:P11712:P279V
UNIPROT:P11712:F482D
UNIPROT:P11712:F482G
UNIPROT:P11712:F482H
UNIPROT:P11712:F482M
UNIPROT:P11712:F482N
UNIPROT:P11712:F482K
UNIPROT:P11712:F482Q
UNIPROT:P11712:F482R
UNIPROT:P11712:E285C
UNIPROT:P11712:F482P
UNIPROT:P11712:E285H
UNIPROT:P11712:E285F
UNIPROT:P11712:F482T
UNIPROT:P11712:K118C
UNIPROT:P11712:F65M
UNIPROT:P11712:G98P
UNIPROT:P11712:K118A
UNIPROT:P11712:F65K
UNIPROT:P11712:G98Q
UNIPROT:P11712:L449N
UNIPROT:P11712:G98T
UNIPROT:P11712:F65G
UNIPROT:P11712:R97V
UNIPROT:P11712:F65T
UNIPROT:P11712:G98H
UNIPROT:P11712:L449Y
UNIPROT:P11712:K118I
UNIPROT:P11712:K118H
UNIPROT:P11712:F65R
UNIPROT:P11712:L449W
UNIPROT:P11712:K118G
UNIPROT:P11712:G98K
UNIPROT:P11712:K118F
UNIPROT:P11712:F65P
UNIPROT:P11712:G98L
UNIPROT:P11712:G98M
UNIPROT:P11712:L449T
UNIPROT:P11712:K118D
UNIPROT:P11712:G98N
UNIPROT:P11712:L449C
UNIPROT:P11712:K118S
UNIPROT:P11712:R97M
UNIPROT:P11712:L449A
UNIPROT:P11712:R97P
UNIPROT:P11712:K118P
UNIPROT:P11712:G98E
UNIPROT:P11712:R97L
UNIPROT:P11712:K118L
UNIPROT:P11712:G98F
UNIPROT:P11712:L449K
UNIPROT:P11712:F65E
UNIPROT:P11712:R97F
UNIPROT:P11712:P31C
UNIPROT:P11712:F65D
UNIPROT:P11712:K118Y
UNIPROT:P11712:R97H
UNIPROT:P11712:L449G
UNIPROT:P11712:K118W
UNIPROT:P11712:F65A
UNIPROT:P11712:K118V
UNIPROT:P11712:R97A
UNIPROT:P11712:L449E
UNIPROT:P11712:R97D
UNIPROT:P11712:L449D
UNIPROT:P11712:K119D
UNIPROT:P11712:K119A
UNIPROT:P11712:P30V
UNIPROT:P11712:P30Y
UNIPROT:P11712:K119L
UNIPROT:P11712:K119G
UNIPROT:P11712:P30Q
UNIPROT:P11712:K119S
UNIPROT:P11712:K119P
UNIPROT:P11712:P30G
UNIPROT:P11712:K119M
UNIPROT:P11712:P30I
UNIPROT:P11712:G96W
UNIPROT:P11712:P30D
UNIPROT:P11712:K119Y
UNIPROT:P11712:K119V
UNIPROT:P11712:Q340I
UNIPROT:P11712:P33Y
UNIPROT:P11712:Q340G
UNIPROT:P11712:P33V
UNIPROT:P11712:Q340D
UNIPROT:P11712:P33W
UNIPROT:P11712:P33Q
UNIPROT:P11712:P33M
UNIPROT:P11712:P33N
UNIPROT:P11712:P33F
UNIPROT:P11712:P33G
UNIPROT:P11712:P33C
UNIPROT:P11712:P33D
UNIPROT:P11712:Q340Y
UNIPROT:P11712:Q340V
UNIPROT:P11712:F65W
UNIPROT:P11712:G98W
UNIPROT:P11712:G98Y
UNIPROT:P11712:Q340N
UNIPROT:P11712:K247A
UNIPROT:P11712:L445N
UNIPROT:P11712:K247C
UNIPROT:P11712:K247D
UNIPROT:P11712:L445K
UNIPROT:P11712:L445I
UNIPROT:P11712:L312G
UNIPROT:P11712:K247G
UNIPROT:P11712:L445H
UNIPROT:P11712:K247H
UNIPROT:P11712:L312S
UNIPROT:P11712:L445T
UNIPROT:P11712:L445S
UNIPROT:P11712:L312Q
UNIPROT:P11712:K247S
UNIPROT:P11712:L311Y
UNIPROT:P11712:K247V
UNIPROT:P11712:I331Q
UNIPROT:P11712:K247W
UNIPROT:P11712:I331R
UNIPROT:P11712:L445G
UNIPROT:P11712:L445F
UNIPROT:P11712:L445E
UNIPROT:P11712:K247L
UNIPROT:P11712:I331G
UNIPROT:P11712:L312A
UNIPROT:P11712:K247M
UNIPROT:P11712:L445A
UNIPROT:P11712:K247P
UNIPROT:P11712:L313N
UNIPROT:P11712:L313H
UNIPROT:P11712:L313I
UNIPROT:P11712:K247Y
UNIPROT:P11712:L313T
UNIPROT:P11712:L313S
UNIPROT:P11712:L312Y
UNIPROT:P11712:S127R
UNIPROT:P11712:L313G
UNIPROT:P11712:L313D
UNIPROT:P11712:L313E
UNIPROT:P11712:S127V
UNIPROT:P11712:L313A
UNIPROT:P11712:L447Q
UNIPROT:P11712:K249C
UNIPROT:P11712:H396V
UNIPROT:P11712:L447P
UNIPROT:P11712:K249D
UNIPROT:P11712:S127K
UNIPROT:P11712:G96N
UNIPROT:P11712:H396S
UNIPROT:P11712:A321Y
UNIPROT:P11712:S127L
UNIPROT:P11712:L447N
UNIPROT:P11712:L314N
UNIPROT:P11712:S127M
UNIPROT:P11712:L447M
UNIPROT:P11712:L314K
UNIPROT:P11712:K249G
UNIPROT:P11712:K249H
UNIPROT:P11712:L447K
UNIPROT:P11712:L314I
UNIPROT:P11712:G96S
UNIPROT:P11712:G96T
UNIPROT:P11712:L447Y
UNIPROT:P11712:H396M
UNIPROT:P11712:L314W
UNIPROT:P11712:A321R
UNIPROT:P11712:H396K
UNIPROT:P11712:A321Q
UNIPROT:P11712:S127D
UNIPROT:P11712:S127E
UNIPROT:P11712:G96H
UNIPROT:P11712:A321W
UNIPROT:P11712:L314S
UNIPROT:P11712:L447T
UNIPROT:P11712:L314T
UNIPROT:P11712:S127G
UNIPROT:P11712:H396G
UNIPROT:P11712:L447R
UNIPROT:P11712:S127I
UNIPROT:P11712:G96L
UNIPROT:P11712:L447A
UNIPROT:P11712:H396E
UNIPROT:P11712:K249S
UNIPROT:P11712:H396F
UNIPROT:P11712:H396C
UNIPROT:P11712:A321I
UNIPROT:P11712:A321H
UNIPROT:P11712:K249V
UNIPROT:P11712:K249W
UNIPROT:P11712:A321N
UNIPROT:P11712:A321M
UNIPROT:P11712:A321L
UNIPROT:P11712:L313Y
UNIPROT:P11712:A321C
UNIPROT:P11712:L314G
UNIPROT:P11712:L447H
UNIPROT:P11712:L314H
UNIPROT:P11712:K249L
UNIPROT:P11712:L447G
UNIPROT:P11712:L314E
UNIPROT:P11712:L314F
UNIPROT:P11712:L447E
UNIPROT:P11712:L314C
UNIPROT:P11712:L447D
UNIPROT:P11712:A321F
UNIPROT:P11712:L314D
UNIPROT:P11712:K249P
UNIPROT:P11712:L447C
UNIPROT:P11712:A321E
UNIPROT:P11712:L314A
UNIPROT:P11712:L314Y
UNIPROT:P11712:L453K
UNIPROT:P11712:C372V
UNIPROT:P11712:L453G
UNIPROT:P11712:K121V
UNIPROT:P11712:L453E
UNIPROT:P11712:L453T
UNIPROT:P11712:C372K
UNIPROT:P11712:C372L
UNIPROT:P11712:L453R
UNIPROT:P11712:L453Q
UNIPROT:P11712:L453P
UNIPROT:P11712:C372P
UNIPROT:P11712:L453N
UNIPROT:P11712:C372Q
UNIPROT:P11712:C372E
UNIPROT:P11712:C372H
UNIPROT:P11712:L453D
UNIPROT:P11712:L453C
UNIPROT:P11712:L453A
UNIPROT:P11712:C372A
UNIPROT:P11712:Y483T
UNIPROT:P11712:Y483Q
UNIPROT:P11712:Y483R
UNIPROT:P11712:Y483P
UNIPROT:P11712:Y483K
UNIPROT:P11712:Y483L
UNIPROT:P11712:Y483G
UNIPROT:P11712:L453Y
UNIPROT:P11712:Y483V
UNIPROT:P11712:N107L
UNIPROT:P11712:N107P
UNIPROT:P11712:N107M
UNIPROT:P11712:K383S
UNIPROT:P11712:N107Q
UNIPROT:P11712:N107R
UNIPROT:P11712:K383V
UNIPROT:P11712:K383W
UNIPROT:P11712:K383Y
UNIPROT:P11712:N107V
UNIPROT:P11712:N107A
UNIPROT:P11712:N107G
UNIPROT:P11712:K59Y
UNIPROT:P11712:K121C
UNIPROT:P11712:K59S
UNIPROT:P11712:K121A
UNIPROT:P11712:K59V
UNIPROT:P11712:K121I
UNIPROT:P11712:K121H
UNIPROT:P11712:K121G
UNIPROT:P11712:K121D
UNIPROT:P11712:K121S
UNIPROT:P11712:K121P
UNIPROT:P11712:K59G
UNIPROT:P11712:K59D
UNIPROT:P11712:K121L
UNIPROT:P11712:E155N
UNIPROT:P11712:E288N
UNIPROT:P11712:E155M
UNIPROT:P11712:L87W
UNIPROT:P11712:E288M
UNIPROT:P11712:E155L
UNIPROT:P11712:L87T
UNIPROT:P11712:E288L
UNIPROT:P11712:N236G
UNIPROT:P11712:E288S
UNIPROT:P11712:E155R
UNIPROT:P11712:E288R
UNIPROT:P11712:N236M
UNIPROT:P11712:E155P
UNIPROT:P11712:F487A
UNIPROT:P11712:E288P
UNIPROT:P11712:L87Y
UNIPROT:P11712:L87N
UNIPROT:P11712:F487G
UNIPROT:P11712:E155T
UNIPROT:P11712:F487E
UNIPROT:P11712:E288T
UNIPROT:P11712:E155S
UNIPROT:P11712:F487K
UNIPROT:P11712:L87S
UNIPROT:P11712:E288Y
UNIPROT:P11712:N236R
UNIPROT:P11712:Y225G
UNIPROT:P11712:L87G
UNIPROT:P11712:F487R
UNIPROT:P11712:Y358G
UNIPROT:P11712:L87K
UNIPROT:P11712:F487P
UNIPROT:P11712:L87H
UNIPROT:P11712:F487Q
UNIPROT:P11712:Y358E
UNIPROT:P11712:F487W
UNIPROT:P11712:N236A
UNIPROT:P11712:F487T
UNIPROT:P11712:Y358A
UNIPROT:P11712:Y225A
UNIPROT:P11712:E155C
UNIPROT:P11712:E155I
UNIPROT:P11712:L87C
UNIPROT:P11712:E288H
UNIPROT:P11712:L87A
UNIPROT:P11712:E154M
UNIPROT:P11712:Y225W
UNIPROT:P11712:E154L
UNIPROT:P11712:Y358V
UNIPROT:P11712:E154P
UNIPROT:P11712:Y358T
UNIPROT:P11712:E154N
UNIPROT:P11712:E154T
UNIPROT:P11712:Y225R
UNIPROT:P11712:E154S
UNIPROT:P11712:Y225Q
UNIPROT:P11712:E154R
UNIPROT:P11712:Y225L
UNIPROT:P11712:E154Y
UNIPROT:P11712:Y225K
UNIPROT:P11712:Y358L
UNIPROT:P11712:E154W
UNIPROT:P11712:A86R
UNIPROT:P11712:E154C
UNIPROT:P11712:K52Y
UNIPROT:P11712:E154H
UNIPROT:P11712:E154F
UNIPROT:P11712:V370H
UNIPROT:P11712:V370K
UNIPROT:P11712:V370I
UNIPROT:P11712:V370P
UNIPROT:P11712:V370N
UNIPROT:P11712:V370T
UNIPROT:P11712:V370S
UNIPROT:P11712:V370R
UNIPROT:P11712:V370Q
UNIPROT:P11712:V370Y
UNIPROT:P11712:I207K
UNIPROT:P11712:I207G
UNIPROT:P11712:K383A
UNIPROT:P11712:I207C
UNIPROT:P11712:I207D
UNIPROT:P11712:I207E
UNIPROT:P11712:I207A
UNIPROT:P11712:K383L
UNIPROT:P11712:I207W
UNIPROT:P11712:I207Y
UNIPROT:P11712:K383C
UNIPROT:P11712:K383D
UNIPROT:P11712:K383F
UNIPROT:P11712:V370D
UNIPROT:P11712:K383G
UNIPROT:P11712:V370C
UNIPROT:P11712:K383H
UNIPROT:P11712:I207Q
UNIPROT:P11712:K383I
UNIPROT:P11712:I207R
UNIPROT:P11712:S390V
UNIPROT:P11712:S390Q
UNIPROT:P11712:N231Q
UNIPROT:P11712:N231R
UNIPROT:P11712:N231W
UNIPROT:P11712:S390R
UNIPROT:P11712:N231V
UNIPROT:P11712:S390K
UNIPROT:P11712:N231C
UNIPROT:P11712:N231A
UNIPROT:P11712:F226A
UNIPROT:P11712:N231G
UNIPROT:P11712:F226D
UNIPROT:P11712:S390E
UNIPROT:P11712:N231E
UNIPROT:P11712:N231F
UNIPROT:P11712:F226E
UNIPROT:P11712:F226H
UNIPROT:P11712:N231L
UNIPROT:P11712:F226G
UNIPROT:P11712:N231P
UNIPROT:P11712:F226K
UNIPROT:P11712:F226N
UNIPROT:P11712:F226M
UNIPROT:P11712:F226P
UNIPROT:P11712:F226R
UNIPROT:P11712:F226Q
UNIPROT:P11712:A82R
UNIPROT:P11712:F226T
UNIPROT:P11712:A82M
UNIPROT:P11712:F226W
UNIPROT:P11712:K52S
UNIPROT:P11712:K52W
UNIPROT:P11712:A86C
UNIPROT:P11712:K52V
UNIPROT:P11712:A86L
UNIPROT:P11712:K52L
UNIPROT:P11712:K52P
UNIPROT:P11712:A86K
UNIPROT:P11712:K52M
UNIPROT:P11712:K52C
UNIPROT:P11712:K52D
UNIPROT:P11712:K52A
UNIPROT:P11712:K52G
UNIPROT:P11712:K52F
UNIPROT:P11712:I213G
UNIPROT:P11712:I213H
UNIPROT:P11712:I213C
UNIPROT:P11712:I213E
UNIPROT:P11712:I213A
UNIPROT:P11712:I213W
UNIPROT:P11712:I213Y
UNIPROT:P11712:I213R
UNIPROT:P11712:I213Q
UNIPROT:P11712:T470E
UNIPROT:P11712:T470G
UNIPROT:P11712:T470Q
UNIPROT:P11712:Q356N
UNIPROT:P11712:T470R
UNIPROT:P11712:T470V
UNIPROT:P11712:Q356M
UNIPROT:P11712:Q356G
UNIPROT:P11712:Q356F
UNIPROT:P11712:Q356I
UNIPROT:P11712:T470L
UNIPROT:P11712:Q356C
UNIPROT:P11712:T470M
UNIPROT:P11712:Q356D
UNIPROT:P11712:Q356A
UNIPROT:P11712:T470Y
UNIPROT:P11712:I215K
UNIPROT:P11712:I215E
UNIPROT:P11712:I215G
UNIPROT:P11712:I215A
UNIPROT:P11712:I215C
UNIPROT:P11712:I215W
UNIPROT:P11712:Q356W
UNIPROT:P11712:I215P
UNIPROT:P11712:Q356V
UNIPROT:P11712:I215Q
UNIPROT:P11712:Q356Y
UNIPROT:P11712:I215R
UNIPROT:P11712:Q356S
UNIPROT:P11712:Q356T
UNIPROT:P11712:Q484W
UNIPROT:P11712:Q484V
UNIPROT:P11712:Q484Y
UNIPROT:P11712:Q484S
UNIPROT:P11712:Q484T
UNIPROT:P11712:Q484N
UNIPROT:P11712:Q484M
UNIPROT:P11712:L458N
UNIPROT:P11712:Q484G
UNIPROT:P11712:Q484I
UNIPROT:P11712:Q484C
UNIPROT:P11712:L458Y
UNIPROT:P11712:L458T
UNIPROT:P11712:Q484A
UNIPROT:P11712:L458S
UNIPROT:P11712:L458A
UNIPROT:P11712:L458I
UNIPROT:P11712:L458H
UNIPROT:P11712:L458D
UNIPROT:P11712:L458C
UNIPROT:P11712:H276V
UNIPROT:P11712:H276W
UNIPROT:P11712:H276T
UNIPROT:P11712:H276S
UNIPROT:P11712:H276M
UNIPROT:P11712:H276K
UNIPROT:P11712:H276F
UNIPROT:P11712:H276G
UNIPROT:P11712:H276E
UNIPROT:P11712:H276C
UNIPROT:P11712:H276A
UNIPROT:P11712:L7A
UNIPROT:P11712:K399W
UNIPROT:P11712:L7G
UNIPROT:P11712:L7D
UNIPROT:P11712:L7C
UNIPROT:P11712:T469K
UNIPROT:P11712:T469L
UNIPROT:P11712:L7M
UNIPROT:P11712:T469C
UNIPROT:P11712:T469E
UNIPROT:P11712:T469F
UNIPROT:P11712:L7T
UNIPROT:P11712:T469G
UNIPROT:P11712:L7S
UNIPROT:P11712:T469R
UNIPROT:P11712:T469V
UNIPROT:P11712:T469W
UNIPROT:P11712:G437P
UNIPROT:P11712:G437Q
UNIPROT:P11712:F239A
UNIPROT:P11712:L9C
UNIPROT:P11712:G437S
UNIPROT:P11712:L9A
UNIPROT:P11712:G437T
UNIPROT:P11712:L467K
UNIPROT:P11712:F239E
UNIPROT:P11712:F239G
UNIPROT:P11712:L201G
UNIPROT:P11712:G437Y
UNIPROT:P11712:L9K
UNIPROT:P11712:L201R
UNIPROT:P11712:L467T
UNIPROT:P11712:F239K
UNIPROT:P11712:L467S
UNIPROT:P11712:L9G
UNIPROT:P11712:L467Q
UNIPROT:P11712:F239P
UNIPROT:P11712:L9D
UNIPROT:P11712:L9E
UNIPROT:P11712:F239R
UNIPROT:P11712:G91Y
UNIPROT:P11712:L9S
UNIPROT:P11712:F239T
UNIPROT:P11712:L9Q
UNIPROT:P11712:G437D
UNIPROT:P11712:L9N
UNIPROT:P11712:G437F
UNIPROT:P11712:F239W
UNIPROT:P11712:L9M
UNIPROT:P11712:G437H
UNIPROT:P11712:L467G
UNIPROT:P11712:G91P
UNIPROT:P11712:L467E
UNIPROT:P11712:L467D
UNIPROT:P11712:G91S
UNIPROT:P11712:L9Y
UNIPROT:P11712:G437L
UNIPROT:P11712:G91T
UNIPROT:P11712:G437M
UNIPROT:P11712:L201A
UNIPROT:P11712:L9W
UNIPROT:P11712:L467A
UNIPROT:P11712:L9T
UNIPROT:P11712:G91W
UNIPROT:P11712:G91H
UNIPROT:P11712:G91I
UNIPROT:P11712:G91K
UNIPROT:P11712:G91L
UNIPROT:P11712:G91M
UNIPROT:P11712:G91N
UNIPROT:P11712:G91C
UNIPROT:P11712:G91D
UNIPROT:P11712:G91F
UNIPROT:P11712:L467Y
UNIPROT:P11712:L461I
UNIPROT:P11712:L461H
UNIPROT:P11712:L461G
UNIPROT:P11712:L461E
UNIPROT:P11712:L461K
UNIPROT:P11712:L461T
UNIPROT:P11712:K48S
UNIPROT:P11712:K48P
UNIPROT:P11712:K48V
UNIPROT:P11712:K48H
UNIPROT:P11712:K48L
UNIPROT:P11712:K48A
UNIPROT:P11712:K48G
UNIPROT:P11712:K399A
UNIPROT:P11712:K399C
UNIPROT:P11712:K399P
UNIPROT:P11712:K399S
UNIPROT:P11712:K399V
UNIPROT:P11712:K399G
UNIPROT:P11712:K399L
UNIPROT:P11712:K399M
UNIPROT:P11712:G431K
UNIPROT:P11712:G431L
UNIPROT:P11712:G431M
UNIPROT:P11712:G431N
UNIPROT:P11712:G431P
UNIPROT:P11712:G431Q
UNIPROT:P11712:G431S
UNIPROT:P11712:G431T
UNIPROT:P11712:F100G
UNIPROT:P11712:G431W
UNIPROT:P11712:G431Y
UNIPROT:P11712:F100K
UNIPROT:P11712:F100M
UNIPROT:P11712:S140V
UNIPROT:P11712:F100P
UNIPROT:P11712:G431C
UNIPROT:P11712:F100R
UNIPROT:P11712:G431D
UNIPROT:P11712:S140K
UNIPROT:P11712:S140L
UNIPROT:P11712:F100T
UNIPROT:P11712:G431I
UNIPROT:P11712:S140P
UNIPROT:P11712:S140A
UNIPROT:P11712:S140D
UNIPROT:P11712:S140F
UNIPROT:P11712:L77W
UNIPROT:P11712:L77Y
UNIPROT:P11712:L77N
UNIPROT:P11712:L77S
UNIPROT:P11712:L77G
UNIPROT:P11712:L77E
UNIPROT:P11712:L77F
UNIPROT:P11712:L77K
UNIPROT:P11712:L77C
UNIPROT:P11712:L77D
UNIPROT:P11712:L77A
UNIPROT:P11712:N116G
UNIPROT:P11712:N116L
UNIPROT:P11712:N116R
UNIPROT:P11712:N116P
UNIPROT:P11712:N116V
UNIPROT:P11712:N116E
UNIPROT:P11712:L71S
UNIPROT:P11712:L71T
UNIPROT:P11712:L71I
UNIPROT:P11712:L71G
UNIPROT:P11712:L71H
UNIPROT:P11712:L71N
UNIPROT:P11712:L71K
UNIPROT:P11712:L71A
UNIPROT:P11712:L71E
UNIPROT:P11712:L71F
UNIPROT:P11712:L71C
UNIPROT:P11712:L71D
UNIPROT:P11712:L4G
UNIPROT:P11712:L4S
UNIPROT:P11712:N378V
UNIPROT:P11712:N378G
UNIPROT:P11712:N378E
UNIPROT:P11712:N378L
UNIPROT:P11712:N378P
UNIPROT:P11712:N378M
UNIPROT:P11712:N378R
UNIPROT:P11712:N378Q
UNIPROT:P11712:L71Y
UNIPROT:P11712:L71W
UNIPROT:P11712:N378C
UNIPROT:P11712:N378A
UNIPROT:P11712:V352K
UNIPROT:P11712:M271S
UNIPROT:P11712:V352P
UNIPROT:P11712:M271P
UNIPROT:P11712:V352S
UNIPROT:P11712:V352R
UNIPROT:P11712:D191C
UNIPROT:P11712:V352Q
UNIPROT:P11712:V352W
UNIPROT:P11712:M271Y
UNIPROT:P11712:D191I
UNIPROT:P11712:D191K
UNIPROT:P11712:V352Y
UNIPROT:P11712:D191F
UNIPROT:P11712:D191Q
UNIPROT:P11712:D191P
UNIPROT:P11712:D191S
UNIPROT:P11712:D191R
UNIPROT:P11712:D191M
UNIPROT:P11712:D191L
UNIPROT:P11712:V351N
UNIPROT:P11712:V351S
UNIPROT:P11712:V351R
UNIPROT:P11712:V351Q
UNIPROT:P11712:V351P
UNIPROT:P11712:V351Y
UNIPROT:P11712:M271D
UNIPROT:P11712:M271E
UNIPROT:P11712:M271A
UNIPROT:P11712:V352D
UNIPROT:P11712:V352H
UNIPROT:P11712:M271G
UNIPROT:P11712:M271H
UNIPROT:P11712:Q324G
UNIPROT:P11712:Q324D
UNIPROT:P11712:Q324C
UNIPROT:P11712:Q324A
UNIPROT:P11712:V355C
UNIPROT:P11712:V355E
UNIPROT:P11712:V355K
UNIPROT:P11712:D191T
UNIPROT:P11712:D191W
UNIPROT:P11712:Q324T
UNIPROT:P11712:Q324S
UNIPROT:P11712:Q324V
UNIPROT:P11712:Q44V
UNIPROT:P11712:Q454V
UNIPROT:P11712:Q44G
UNIPROT:P11712:Q454W
UNIPROT:P11712:Q454T
UNIPROT:P11712:V355N
UNIPROT:P11712:V355M
UNIPROT:P11712:Q44A
UNIPROT:P11712:V355S
UNIPROT:P11712:V355R
UNIPROT:P11712:V355Q
UNIPROT:P11712:V355P
UNIPROT:P11712:V355T
UNIPROT:P11712:V355Y
UNIPROT:P11712:G79S
UNIPROT:P11712:G79T
UNIPROT:P11712:G79L
UNIPROT:P11712:Q454G
UNIPROT:P11712:G79M
UNIPROT:P11712:G79P
UNIPROT:P11712:G79D
UNIPROT:P11712:G171Y
UNIPROT:P11712:G171T
UNIPROT:P11712:G171Q
UNIPROT:P11712:G171P
UNIPROT:P11712:G171M
UNIPROT:P11712:G171L
UNIPROT:P11712:G171K
UNIPROT:P11712:G171H
UNIPROT:P11712:G171F
UNIPROT:P11712:G171E
UNIPROT:P11712:G70I
UNIPROT:P11712:D414I
UNIPROT:P11712:G70K
UNIPROT:P11712:G70L
UNIPROT:P11712:G70M
UNIPROT:P11712:G70N
UNIPROT:P11712:G70P
UNIPROT:P11712:D414P
UNIPROT:P11712:D414Q
UNIPROT:P11712:C216A
UNIPROT:P11712:D414L
UNIPROT:P11712:G70E
UNIPROT:P11712:G70F
UNIPROT:P11712:D414K
UNIPROT:P11712:G70H
UNIPROT:P11712:P382I
UNIPROT:P11712:P382G
UNIPROT:P11712:D414R
UNIPROT:P11712:D414S
UNIPROT:P11712:C216V
UNIPROT:P11712:P382V
UNIPROT:P11712:C216T
UNIPROT:P11712:P382N
UNIPROT:P11712:C216E
UNIPROT:P11712:C216D
UNIPROT:P11712:C216Q
UNIPROT:P11712:C216L
UNIPROT:P11712:C216K
UNIPROT:P11712:A430L
UNIPROT:P11712:G70Y
UNIPROT:P11712:G70Q
UNIPROT:P11712:G70T
UNIPROT:P11712:G70W
UNIPROT:P11712:V38K
UNIPROT:P11712:V38F
UNIPROT:P11712:K232C
UNIPROT:P11712:K232D
UNIPROT:P11712:T301E
UNIPROT:P11712:T301D
UNIPROT:P11712:T301C
UNIPROT:P11712:K232P
UNIPROT:P11712:T301N
UNIPROT:P11712:T301L
UNIPROT:P11712:K232G
UNIPROT:P11712:T301I
UNIPROT:P11712:T301H
UNIPROT:P11712:T301G
UNIPROT:P11712:K232L
UNIPROT:P11712:T301V
UNIPROT:P11712:T301Q
UNIPROT:P11712:K232V
UNIPROT:P11712:T301Y
UNIPROT:P11712:T302G
UNIPROT:P11712:T302E
UNIPROT:P11712:A309R
UNIPROT:P11712:T302D
UNIPROT:P11712:A309L
UNIPROT:P11712:T302M
UNIPROT:P11712:T302L
UNIPROT:P11712:A309Q
UNIPROT:P11712:A309E
UNIPROT:P11712:T302W
UNIPROT:P11712:T302V
UNIPROT:P11712:S242V
UNIPROT:P11712:S242Y
UNIPROT:P11712:S242M
UNIPROT:P11712:S242L
UNIPROT:P11712:V38P
UNIPROT:P11712:S242P
UNIPROT:P11712:V38N
UNIPROT:P11712:S242E
UNIPROT:P11712:L67W
UNIPROT:P11712:S242K
UNIPROT:P11712:L67N
UNIPROT:P11712:S242A
UNIPROT:P11712:L67T
UNIPROT:P11712:L67S
UNIPROT:P11712:L67H
UNIPROT:P11712:L67I
UNIPROT:P11712:T304G
UNIPROT:P11712:L67F
UNIPROT:P11712:L67G
UNIPROT:P11712:T304E
UNIPROT:P11712:L67K
UNIPROT:P11712:T304Q
UNIPROT:P11712:L67A
UNIPROT:P11712:T304M
UNIPROT:P11712:L67D
UNIPROT:P11712:T304L
UNIPROT:P11712:L67E
UNIPROT:P11712:L67C
UNIPROT:P11712:C486V
UNIPROT:P11712:T304Y
UNIPROT:P11712:T304W
UNIPROT:P11712:T304V
UNIPROT:P11712:C486P
UNIPROT:P11712:C486T
UNIPROT:P11712:C486H
UNIPROT:P11712:T305H
UNIPROT:P11712:T305G
UNIPROT:P11712:C486K
UNIPROT:P11712:T305E
UNIPROT:P11712:C486L
UNIPROT:P11712:A439R
UNIPROT:P11712:T305D
UNIPROT:P11712:T305C
UNIPROT:P11712:A439L
UNIPROT:P11712:T305R
UNIPROT:P11712:A439M
UNIPROT:P11712:A439N
UNIPROT:P11712:C486A
UNIPROT:P11712:A439H
UNIPROT:P11712:T305M
UNIPROT:P11712:T305L
UNIPROT:P11712:C486E
UNIPROT:P11712:T305K
UNIPROT:P11712:N218L
UNIPROT:P11712:A439E
UNIPROT:P11712:T305Y
UNIPROT:P11712:N218M
UNIPROT:P11712:T305W
UNIPROT:P11712:T305V
UNIPROT:P11712:N218P
UNIPROT:P11712:N218Q
UNIPROT:P11712:N218R
UNIPROT:P11712:N218V
UNIPROT:P11712:N218W
UNIPROT:P11712:N218A
UNIPROT:P11712:N218E
UNIPROT:P11712:N218C
UNIPROT:P11712:N218F
UNIPROT:P11712:N218G
UNIPROT:P11712:N217L
UNIPROT:P11712:N217P
UNIPROT:P11712:N217M
UNIPROT:P11712:N217Q
UNIPROT:P11712:N217R
UNIPROT:P11712:N217W
UNIPROT:P11712:N217V
UNIPROT:P11712:N217C
UNIPROT:P11712:N217A
UNIPROT:P11712:N217G
UNIPROT:P11712:N217E
UNIPROT:P11712:N217F
UNIPROT:P11712:N474E
UNIPROT:P11712:N474C
UNIPROT:P11712:N474G
UNIPROT:P11712:N474L
UNIPROT:P11712:N474Q
UNIPROT:P11712:N474P
UNIPROT:P11712:N474A
UNIPROT:P11712:V351F
UNIPROT:P11712:V351D
UNIPROT:P11712:N474R
UNIPROT:P11712:N474V
UNIPROT:P11712:I327K
UNIPROT:P11712:E272I
UNIPROT:P11712:E272H
UNIPROT:P11712:I327G
UNIPROT:P11712:I327H
UNIPROT:P11712:E272L
UNIPROT:P11712:E272R
UNIPROT:P11712:I327C
UNIPROT:P11712:I327D
UNIPROT:P11712:E272P
UNIPROT:P11712:I327E
UNIPROT:P11712:E272T
UNIPROT:P11712:I327A
UNIPROT:P11712:E272S
UNIPROT:P11712:I327W
UNIPROT:P11712:I327Y
UNIPROT:P11712:I327R
UNIPROT:P11712:I327P
UNIPROT:P11712:I327Q
UNIPROT:P11712:E272C
UNIPROT:P11712:E274L
UNIPROT:P11712:V237R
UNIPROT:P11712:V237Q
UNIPROT:P11712:V237P
UNIPROT:P11712:E274P
UNIPROT:P11712:E274N
UNIPROT:P11712:V237T
UNIPROT:P11712:E274M
UNIPROT:P11712:V237S
UNIPROT:P11712:E274T
UNIPROT:P11712:E274S
UNIPROT:P11712:E274R
UNIPROT:P11712:E274W
UNIPROT:P11712:E274C
UNIPROT:P11712:E274H
UNIPROT:P11712:E272Y
UNIPROT:P11712:V237E
UNIPROT:P11712:V237M
UNIPROT:P11712:G62L
UNIPROT:P11712:G62M
UNIPROT:P11712:G62P
UNIPROT:P11712:G62E
UNIPROT:P11712:G62F
UNIPROT:P11712:G62I
UNIPROT:P11712:G62K
UNIPROT:P11712:T450C
UNIPROT:P11712:T450D
UNIPROT:P11712:T450E
UNIPROT:P11712:T450F
UNIPROT:P11712:T450G
UNIPROT:P11712:T450R
UNIPROT:P11712:L306S
UNIPROT:P11712:T450V
UNIPROT:P11712:L306N
UNIPROT:P11712:T450W
UNIPROT:P11712:T450K
UNIPROT:P11712:T450L
UNIPROT:P11712:T450M
UNIPROT:P11712:L306Y
UNIPROT:P11712:L306W
UNIPROT:P11712:L306T
UNIPROT:P11712:T450Q
UNIPROT:P11712:L306C
UNIPROT:P11712:L306A
UNIPROT:P11712:L306K
UNIPROT:P11712:L306H
UNIPROT:P11712:L306I
UNIPROT:P11712:L306F
UNIPROT:P11712:L306G
UNIPROT:P11712:L306D
UNIPROT:P11712:S95V
UNIPROT:P11712:S95R
UNIPROT:P11712:S95E
UNIPROT:P11712:G62T
UNIPROT:P11712:S95D
UNIPROT:P11712:S95G
UNIPROT:P11712:G62W
UNIPROT:P11712:G62Y
UNIPROT:P11712:P260Y
UNIPROT:P11712:K235A
UNIPROT:P11712:P260W
UNIPROT:P11712:I452E
UNIPROT:P11712:K235C
UNIPROT:P11712:K235D
UNIPROT:P11712:P260V
UNIPROT:P11712:K235F
UNIPROT:P11712:I452A
UNIPROT:P11712:K235G
UNIPROT:P11712:P260N
UNIPROT:P11712:K235P
UNIPROT:P11712:K235S
UNIPROT:P11712:I452P
UNIPROT:P11712:I452R
UNIPROT:P11712:K235V
UNIPROT:P11712:K235H
UNIPROT:P11712:T320G
UNIPROT:P11712:K235L
UNIPROT:P11712:I452G
UNIPROT:P11712:K235M
UNIPROT:P11712:T320N
UNIPROT:P11712:T320L
UNIPROT:P11712:K235Y
UNIPROT:P11712:T320V
UNIPROT:P11712:S115Y
UNIPROT:P11712:S115Q
UNIPROT:P11712:S115V
UNIPROT:P11712:S115W
UNIPROT:P11712:H251S
UNIPROT:P11712:H251T
UNIPROT:P11712:S115K
UNIPROT:P11712:S115L
UNIPROT:P11712:S115M
UNIPROT:P11712:H251M
UNIPROT:P11712:S115P
UNIPROT:P11712:H251K
UNIPROT:P11712:S115A
UNIPROT:P11712:S115D
UNIPROT:P11712:H251G
UNIPROT:P11712:S115F
UNIPROT:P11712:H251E
UNIPROT:P11712:H251F
UNIPROT:P11712:S115H
UNIPROT:P11712:H251C
UNIPROT:P11712:H251A
UNIPROT:P11712:A441W
UNIPROT:P11712:A441R
UNIPROT:P11712:A441K
UNIPROT:P11712:A441M
UNIPROT:P11712:P260G
UNIPROT:P11712:P260C
UNIPROT:P11712:P260D
UNIPROT:P11712:A441E
UNIPROT:P11712:H251W
UNIPROT:P11712:H251V
UNIPROT:P11712:K375V
UNIPROT:P11712:L440Y
UNIPROT:P11712:L440T
UNIPROT:P11712:L440S
UNIPROT:P11712:G416Q
UNIPROT:P11712:G416T
UNIPROT:P11712:G416Y
UNIPROT:P11712:G416E
UNIPROT:P11712:G416I
UNIPROT:P11712:G416K
UNIPROT:P11712:G416L
UNIPROT:P11712:G416M
UNIPROT:P11712:G416N
UNIPROT:P11712:G416P
UNIPROT:P11712:F219A
UNIPROT:P11712:L310G
UNIPROT:P11712:L310E
UNIPROT:P11712:L310S
UNIPROT:P11712:L310T
UNIPROT:P11712:K28S
UNIPROT:P11712:K28Y
UNIPROT:P11712:K28V
UNIPROT:P11712:L310N
UNIPROT:P11712:K28L
UNIPROT:P11712:K28M
UNIPROT:P11712:K28P
UNIPROT:P11712:K28D
UNIPROT:P11712:K28F
UNIPROT:P11712:K28G
UNIPROT:P11712:L311M
UNIPROT:P11712:L311K
UNIPROT:P11712:K28A
UNIPROT:P11712:L311G
UNIPROT:P11712:L311S
UNIPROT:P11712:L311Q
UNIPROT:P11712:S254V
UNIPROT:P11712:S254W
UNIPROT:P11712:S254Y
UNIPROT:P11712:L311D
UNIPROT:P11712:S254N
UNIPROT:P11712:S254M
UNIPROT:P11712:S254R
UNIPROT:P11712:L311A
UNIPROT:P11712:S254Q
UNIPROT:P11712:S254E
UNIPROT:P11712:S254G
UNIPROT:P11712:S254I
UNIPROT:P11712:S254K
UNIPROT:P11712:S254D
UNIPROT:P11712:S254C
UNIPROT:P11712:L54T
UNIPROT:P11712:L54Y
UNIPROT:P11712:L54N
UNIPROT:P11712:L54M
UNIPROT:P11712:L54R
UNIPROT:P11712:L54P
UNIPROT:P11712:L54Q
UNIPROT:P11712:L54G
UNIPROT:P11712:L54D
UNIPROT:P11712:L54E
UNIPROT:P11712:L54K
UNIPROT:P11712:L54C
UNIPROT:P11712:L54A
UNIPROT:P11712:R186V
UNIPROT:P11712:F219D
UNIPROT:P11712:R186W
UNIPROT:P11712:G417T
UNIPROT:P11712:R186T
UNIPROT:P11712:F219E
UNIPROT:P11712:F219H
UNIPROT:P11712:F219G
UNIPROT:P11712:K241A
UNIPROT:P11712:G417Y
UNIPROT:P11712:L57Q
UNIPROT:P11712:F219K
UNIPROT:P11712:R186M
UNIPROT:P11712:F219P
UNIPROT:P11712:F219R
UNIPROT:P11712:L57S
UNIPROT:P11712:F219Q
UNIPROT:P11712:R186Q
UNIPROT:P11712:F219T
UNIPROT:P11712:K241L
UNIPROT:P11712:K241M
UNIPROT:P11712:L57G
UNIPROT:P11712:G417F
UNIPROT:P11712:K241P
UNIPROT:P11712:F219W
UNIPROT:P11712:G417H
UNIPROT:P11712:K241C
UNIPROT:P11712:G417L
UNIPROT:P11712:G417M
UNIPROT:P11712:G417N
UNIPROT:P11712:K241G
UNIPROT:P11712:G417P
UNIPROT:P11712:L57C
UNIPROT:P11712:G417Q
UNIPROT:P11712:L57D
UNIPROT:P11712:L440I
UNIPROT:P11712:L440H
UNIPROT:P11712:L440G
UNIPROT:P11712:L440E
UNIPROT:P11712:L440D
UNIPROT:P11712:K375C
UNIPROT:P11712:L440C
UNIPROT:P11712:K241S
UNIPROT:P11712:K241V
UNIPROT:P11712:L440N
UNIPROT:P11712:K241W
UNIPROT:P11712:L440K
UNIPROT:P11712:R186D
UNIPROT:P11712:R186E
UNIPROT:P11712:K375S
UNIPROT:P11712:L440A
UNIPROT:P11712:K375G
UNIPROT:P11712:K375L
UNIPROT:P11712:R186A
UNIPROT:P11712:E142Y
UNIPROT:P11712:E142L
UNIPROT:P11712:E142P
UNIPROT:P11712:E142M
UNIPROT:P11712:F476G
UNIPROT:P11712:E142S
UNIPROT:P11712:F476D
UNIPROT:P11712:E142R
UNIPROT:P11712:E274Y
UNIPROT:P11712:Y347E
UNIPROT:P11712:F476T
UNIPROT:P11712:Y347A
UNIPROT:P11712:V490H
UNIPROT:P11712:V490E
UNIPROT:P11712:V490P
UNIPROT:P11712:V490R
UNIPROT:P11712:V490S
UNIPROT:P11712:V490N
UNIPROT:P11712:V490W
UNIPROT:P11712:Y347V
UNIPROT:P11712:Y347W
UNIPROT:P11712:Y347T
UNIPROT:P11712:Y347R
UNIPROT:P11712:Y347P
UNIPROT:P11712:Y347Q
UNIPROT:P11712:Y347L
UNIPROT:P11712:Y347M
UNIPROT:P11712:E148R
UNIPROT:P11712:E148Y
UNIPROT:P11712:E148W
UNIPROT:P11712:E148L
UNIPROT:P11712:V462E
UNIPROT:P11712:V462H
UNIPROT:P11712:V462C
UNIPROT:P11712:V330K
UNIPROT:P11712:V330I
UNIPROT:P11712:V330P
UNIPROT:P11712:V330N
UNIPROT:P11712:V330T
UNIPROT:P11712:P367Y
UNIPROT:P11712:V330S
UNIPROT:P11712:V330R
UNIPROT:P11712:V330Q
UNIPROT:P11712:P101V
UNIPROT:P11712:V330W
UNIPROT:P11712:V330Y
UNIPROT:P11712:V462M
UNIPROT:P11712:H353V
UNIPROT:P11712:V462N
UNIPROT:P11712:H353W
UNIPROT:P11712:H353T
UNIPROT:P11712:V462P
UNIPROT:P11712:H353S
UNIPROT:P11712:V462K
UNIPROT:P11712:V462W
UNIPROT:P11712:H353M
UNIPROT:P11712:V462Q
UNIPROT:P11712:V462R
UNIPROT:P11712:H353K
UNIPROT:P11712:V462S
UNIPROT:P11712:V462T
UNIPROT:P11712:H353G
UNIPROT:P11712:V462Y
UNIPROT:P11712:H353C
UNIPROT:P11712:H353A
UNIPROT:P11712:V330D
UNIPROT:P11712:V330C
UNIPROT:P11712:V330H
UNIPROT:P11712:V330F
UNIPROT:P11712:P367N
UNIPROT:P11712:P101K
UNIPROT:P11712:P101G
UNIPROT:P11712:P101H
UNIPROT:P11712:P367G
UNIPROT:P11712:P367D
UNIPROT:P11712:P363Y
UNIPROT:P11712:P363V
UNIPROT:P11712:Q22V
UNIPROT:P11712:Q22W
UNIPROT:P11712:Q22Y
UNIPROT:P11712:P363Q
UNIPROT:P11712:Q22S
UNIPROT:P11712:Q22T
UNIPROT:P11712:Q22N
UNIPROT:P11712:Q22M
UNIPROT:P11712:Q22F
UNIPROT:P11712:Q22G
UNIPROT:P11712:Q22I
UNIPROT:P11712:Q22C
UNIPROT:P11712:Q22D
UNIPROT:P11712:Q22A
UNIPROT:P11712:P363M
UNIPROT:P11712:P363K
UNIPROT:P11712:P363G
UNIPROT:P11712:P363E
UNIPROT:P11712:P363C
UNIPROT:P11712:K206D
UNIPROT:P11712:K206F
UNIPROT:P11712:K206G
UNIPROT:P11712:K206H
UNIPROT:P11712:K206A
UNIPROT:P11712:K206C
UNIPROT:P11712:K206V
UNIPROT:P11712:K206W
UNIPROT:P11712:K206Y
UNIPROT:P11712:K206L
UNIPROT:P11712:K206P
UNIPROT:P11712:K206S
UNIPROT:P11712:K200A
UNIPROT:P11712:K200C
UNIPROT:P11712:K200P
UNIPROT:P11712:K200S
UNIPROT:P11712:K200G
UNIPROT:P11712:S478Q
UNIPROT:P11712:K200H
UNIPROT:P11712:S478R
UNIPROT:P11712:S478W
UNIPROT:P11712:K200L
UNIPROT:P11712:S478V
UNIPROT:P11712:S478K
UNIPROT:P11712:S478L
UNIPROT:P11712:S478I
UNIPROT:P11712:S478M
UNIPROT:P11712:S478N
UNIPROT:P11712:K200V
UNIPROT:P11712:S478D
UNIPROT:P11712:S478G
UNIPROT:P11712:S478H
UNIPROT:P11712:S478E
UNIPROT:P11712:S343W
UNIPROT:P11712:S210V
UNIPROT:P11712:S343V
UNIPROT:P11712:S343Y
UNIPROT:P11712:S210Y
UNIPROT:P11712:S343Q
UNIPROT:P11712:S343P
UNIPROT:P11712:R157L
UNIPROT:P11712:R157M
UNIPROT:P11712:R157C
UNIPROT:P11712:R157D
UNIPROT:P11712:R157E
UNIPROT:P11712:F448D
UNIPROT:P11712:F448A
UNIPROT:P11712:F448G
UNIPROT:P11712:F448E
UNIPROT:P11712:F448P
UNIPROT:P11712:F448M
UNIPROT:P11712:F448T
UNIPROT:P11712:S220W
UNIPROT:P11712:F448R
UNIPROT:P11712:S220V
UNIPROT:P11712:S220M
UNIPROT:P11712:S220L
UNIPROT:P11712:S220Q
UNIPROT:P11712:S220R
UNIPROT:P11712:S220E
UNIPROT:P11712:S220G
UNIPROT:P11712:S220H
UNIPROT:P11712:S220K
UNIPROT:P11712:F446A
UNIPROT:P11712:F446G
UNIPROT:P11712:F446Q
UNIPROT:P11712:F446P
UNIPROT:P11712:F446T
UNIPROT:P11712:L43W
UNIPROT:P11712:L43T
UNIPROT:P11712:L43Y
UNIPROT:P11712:L43N
UNIPROT:P11712:L43M
UNIPROT:P11712:L43S
UNIPROT:P11712:L43F
UNIPROT:P11712:L43G
UNIPROT:P11712:L43D
UNIPROT:P11712:L43E
UNIPROT:P11712:L43K
UNIPROT:P11712:L43C
UNIPROT:P11712:L43A
UNIPROT:P11712:N457G
UNIPROT:P11712:N457V
UNIPROT:P11712:N457A
UNIPROT:P11712:N457F
UNIPROT:P11712:R150T
UNIPROT:P11712:R150Q
UNIPROT:P11712:M129A
UNIPROT:P11712:R150V
UNIPROT:P11712:R150K
UNIPROT:P11712:M129F
UNIPROT:P11712:M129G
UNIPROT:P11712:R150I
UNIPROT:P11712:M129H
UNIPROT:P11712:R150M
UNIPROT:P11712:M129D
UNIPROT:P11712:R150N
UNIPROT:P11712:M129N
UNIPROT:P11712:M129P
UNIPROT:P11712:M129Q
UNIPROT:P11712:R150Y
UNIPROT:P11712:M129Y
UNIPROT:P11712:R150A
UNIPROT:P11712:R150E
UNIPROT:P11712:R150F
UNIPROT:P11712:M255A
UNIPROT:P11712:M255C
UNIPROT:P11712:M255E
UNIPROT:P11712:M255F
UNIPROT:P11712:M255G
UNIPROT:P11712:M255P
UNIPROT:P11712:M255S
UNIPROT:P11712:M257W
UNIPROT:P11712:N455V
UNIPROT:P11712:N455G
UNIPROT:P11712:N455F
UNIPROT:P11712:N455E
UNIPROT:P11712:N455L
UNIPROT:P11712:N455P
UNIPROT:P11712:M257C
UNIPROT:P11712:N455M
UNIPROT:P11712:M257E
UNIPROT:P11712:N455R
UNIPROT:P11712:M257A
UNIPROT:P11712:M257G
UNIPROT:P11712:M257S
UNIPROT:P11712:M257N
UNIPROT:P11712:N455A
UNIPROT:P11712:E246P
UNIPROT:P11712:E246R
UNIPROT:P11712:E246M
UNIPROT:P11712:E246L
UNIPROT:P11712:V473M
UNIPROT:P11712:V473P
UNIPROT:P11712:V473W
UNIPROT:P11712:G46L
UNIPROT:P11712:V473Q
UNIPROT:P11712:V473R
UNIPROT:P11712:V473S
UNIPROT:P11712:V473T
UNIPROT:P11712:V472M
UNIPROT:P11712:L195G
UNIPROT:P11712:L195D
UNIPROT:P11712:H78T
UNIPROT:P11712:L195E
UNIPROT:P11712:V472H
UNIPROT:P11712:H78V
UNIPROT:P11712:L195C
UNIPROT:P11712:V472K
UNIPROT:P11712:L195A
UNIPROT:P11712:V472T
UNIPROT:P11712:L195M
UNIPROT:P11712:V472P
UNIPROT:P11712:V472Q
UNIPROT:P11712:L195K
UNIPROT:P11712:V472R
UNIPROT:P11712:V472S
UNIPROT:P11712:H78C
UNIPROT:P11712:H78E
UNIPROT:P11712:V472Y
UNIPROT:P11712:H78G
UNIPROT:P11712:V473E
UNIPROT:P11712:V473H
UNIPROT:P11712:H78A
UNIPROT:P11712:D408M
UNIPROT:P11712:D408L
UNIPROT:P11712:D408T
UNIPROT:P11712:D408R
UNIPROT:P11712:D408P
UNIPROT:P11712:L195W
UNIPROT:P11712:L195T
UNIPROT:P11712:L195S
UNIPROT:P11712:D408W
UNIPROT:P11712:L195Q
UNIPROT:P11712:H230V
UNIPROT:P11712:L195Y
UNIPROT:P11712:L197H
UNIPROT:P11712:L197G
UNIPROT:P11712:L197D
UNIPROT:P11712:L197E
UNIPROT:P11712:L197C
UNIPROT:P11712:L197P
UNIPROT:P11712:L197Q
UNIPROT:P11712:L197N
UNIPROT:P11712:D408F
UNIPROT:P11712:L197A
UNIPROT:P11712:D408C
UNIPROT:P11712:G40W
UNIPROT:P11712:V479S
UNIPROT:P11712:I434H
UNIPROT:P11712:V479T
UNIPROT:P11712:I434G
UNIPROT:P11712:I434D
UNIPROT:P11712:H368V
UNIPROT:P11712:V479P
UNIPROT:P11712:H368W
UNIPROT:P11712:E250M
UNIPROT:P11712:V479Q
UNIPROT:P11712:H368T
UNIPROT:P11712:E250L
UNIPROT:P11712:V479R
UNIPROT:P11712:I434E
UNIPROT:P11712:E250R
UNIPROT:P11712:H368S
UNIPROT:P11712:E250P
UNIPROT:P11712:I434A
UNIPROT:P11712:E250T
UNIPROT:P11712:H368M
UNIPROT:P11712:E250S
UNIPROT:P11712:H368K
UNIPROT:P11712:I434Y
UNIPROT:P11712:H368I
UNIPROT:P11712:H368F
UNIPROT:P11712:H368G
UNIPROT:P11712:H368E
UNIPROT:P11712:I434P
UNIPROT:P11712:H368C
UNIPROT:P11712:H368A
UNIPROT:P11712:E250F
UNIPROT:P11712:I434K
UNIPROT:P11712:V479F
UNIPROT:P11712:V479K
UNIPROT:P11712:L413N
UNIPROT:P11712:L413T
UNIPROT:P11712:L413G
UNIPROT:P11712:L413E
UNIPROT:P11712:L413A
UNIPROT:P11712:G40L
UNIPROT:P11712:G40P
UNIPROT:P11712:G40Q
UNIPROT:P11712:G40S
UNIPROT:P11712:G40F
UNIPROT:P11712:G296W
UNIPROT:P11712:G296Y
UNIPROT:P11712:G298I
UNIPROT:P11712:H230T
UNIPROT:P11712:G298L
UNIPROT:P11712:H230S
UNIPROT:P11712:C338A
UNIPROT:P11712:G298P
UNIPROT:P11712:H230M
UNIPROT:P11712:G298S
UNIPROT:P11712:H230K
UNIPROT:P11712:H230I
UNIPROT:P11712:H230G
UNIPROT:P11712:H230E
UNIPROT:P11712:H230C
UNIPROT:P11712:H230A
UNIPROT:P11712:G298C
UNIPROT:P11712:G298F
UNIPROT:P11712:G298H
UNIPROT:P11712:C338T
UNIPROT:P11712:C338V
UNIPROT:P11712:L29T
UNIPROT:P11712:C338L
UNIPROT:P11712:C338N
UNIPROT:P11712:L29M
UNIPROT:P11712:L29S
UNIPROT:P11712:C338D
UNIPROT:P11712:L29G
UNIPROT:P11712:L29D
UNIPROT:P11712:L29E
UNIPROT:P11712:C338H
UNIPROT:P11712:C338K
UNIPROT:P11712:G296H
UNIPROT:P11712:G296I
UNIPROT:P11712:G296K
UNIPROT:P11712:G296L
UNIPROT:P11712:L29C
UNIPROT:P11712:G296M
UNIPROT:P11712:G296N
UNIPROT:P11712:L29A
UNIPROT:P11712:G296P
UNIPROT:P11712:G296Q
UNIPROT:P11712:R157P
UNIPROT:P11712:R157Q
UNIPROT:P11712:G296S
UNIPROT:P11712:R157V
UNIPROT:P11712:G296T
UNIPROT:P11712:G296C
UNIPROT:P11712:G296D
UNIPROT:P11712:G296F
UNIPROT:P11712:S365W
UNIPROT:P11712:S365V
UNIPROT:P11712:S365Y
UNIPROT:P11712:S365Q
UNIPROT:P11712:S365P
UNIPROT:P11712:S365F
UNIPROT:P11712:S365H
UNIPROT:P11712:S365K
UNIPROT:P11712:S365M
UNIPROT:P11712:S365L
UNIPROT:P11712:S365A
UNIPROT:P11712:S365E
UNIPROT:P11712:S365D
UNIPROT:P11712:L36Y
UNIPROT:P11712:L36T
UNIPROT:P11712:L36N
UNIPROT:P11712:L36M
UNIPROT:P11712:L36C
UNIPROT:P11712:L36G
UNIPROT:P11712:L36E
UNIPROT:P11712:N204G
UNIPROT:P11712:N204M
UNIPROT:P11712:N204L
UNIPROT:P11712:N204Q
UNIPROT:P11712:N204R
UNIPROT:P11712:N204P
UNIPROT:P11712:N204V
UNIPROT:P11712:N204A
UNIPROT:P11712:N204E
UNIPROT:P11712:N204F
UNIPROT:P11712:N204C
UNIPROT:P11712:N202W
UNIPROT:P11712:N202V
UNIPROT:P11712:N204W
UNIPROT:P11712:N466G
UNIPROT:P11712:N466E
UNIPROT:P11712:N466P
UNIPROT:P11712:N466M
UNIPROT:P11712:N466R
UNIPROT:P11712:N466Q
UNIPROT:P11712:N466A
UNIPROT:P11712:E250W
UNIPROT:P11712:N202G
UNIPROT:P11712:N202E
UNIPROT:P11712:N202L
UNIPROT:P11712:M136W
UNIPROT:P11712:M269Y
UNIPROT:P11712:M136Y
UNIPROT:P11712:N202P
UNIPROT:P11712:N202M
UNIPROT:P11712:N202Q
UNIPROT:P11712:N202R
UNIPROT:P11712:N334V
UNIPROT:P11712:N202C
UNIPROT:P11712:N202A
UNIPROT:P11712:N334G
UNIPROT:P11712:D188C
UNIPROT:P11712:N334L
UNIPROT:P11712:M269C
UNIPROT:P11712:E253T
UNIPROT:P11712:M269D
UNIPROT:P11712:M136C
UNIPROT:P11712:M269E
UNIPROT:P11712:M136D
UNIPROT:P11712:N334M
UNIPROT:P11712:M269F
UNIPROT:P11712:M136E
UNIPROT:P11712:M269A
UNIPROT:P11712:N334Q
UNIPROT:P11712:D188F
UNIPROT:P11712:M136A
UNIPROT:P11712:D188Q
UNIPROT:P11712:D188P
UNIPROT:P11712:N466V
UNIPROT:P11712:D188S
UNIPROT:P11712:D188R
UNIPROT:P11712:M269G
UNIPROT:P11712:M269H
UNIPROT:P11712:D188L
UNIPROT:P11712:M136G
UNIPROT:P11712:M136H
UNIPROT:P11712:M269S
UNIPROT:P11712:M136S
UNIPROT:P11712:M136N
UNIPROT:P11712:M269P
UNIPROT:P11712:D188T
UNIPROT:P11712:M269Q
UNIPROT:P11712:M136P
UNIPROT:P11712:M136Q
UNIPROT:P11712:L197Y
UNIPROT:P11712:L197W
UNIPROT:P11712:L197T
UNIPROT:P11712:L197R
UNIPROT:P11712:E122N
UNIPROT:P11712:F456A
UNIPROT:P11712:E122M
UNIPROT:P11712:E122L
UNIPROT:P11712:E122R
UNIPROT:P11712:F456E
UNIPROT:P11712:E122P
UNIPROT:P11712:F456H
UNIPROT:P11712:E122T
UNIPROT:P11712:F456G
UNIPROT:P11712:E122S
UNIPROT:P11712:F456M
UNIPROT:P11712:E122Y
UNIPROT:P11712:F456P
UNIPROT:P11712:F456R
UNIPROT:P11712:E122F
UNIPROT:P11712:E122C
UNIPROT:P11712:E122I
UNIPROT:P11712:E122H
UNIPROT:P11712:V472E
UNIPROT:P11712:V472C
UNIPROT:P11712:P346N
UNIPROT:P11712:P346I
UNIPROT:P11712:P346G
UNIPROT:P11712:I99R
UNIPROT:P11712:I99W
UNIPROT:P11712:I99Y
UNIPROT:P11712:I99K
UNIPROT:P11712:P346Y
UNIPROT:P11712:P346V
UNIPROT:P11712:I99Q
UNIPROT:P11712:I99P
UNIPROT:P11712:I99C
UNIPROT:P11712:I99E
UNIPROT:P11712:I99D
UNIPROT:P11712:I99G
UNIPROT:P11712:G32Y
UNIPROT:P11712:I99A
UNIPROT:P11712:Y424V
UNIPROT:P11712:Y424T
UNIPROT:P11712:Y424R
UNIPROT:P11712:Y424P
UNIPROT:P11712:Y424Q
UNIPROT:P11712:Y424L
UNIPROT:P11712:Y424M
UNIPROT:P11712:P211K
UNIPROT:P11712:P211G
UNIPROT:P11712:P211E
UNIPROT:P11712:P211F
UNIPROT:P11712:P211C
UNIPROT:P11712:P211D
UNIPROT:P11712:L294G
UNIPROT:P11712:L294D
UNIPROT:P11712:L294E
UNIPROT:P11712:L294C
UNIPROT:P11712:L294A
UNIPROT:P11712:L294N
UNIPROT:P11712:P211W
UNIPROT:P11712:P211V
UNIPROT:P11712:L294K
UNIPROT:P11712:P211Q
UNIPROT:P11712:L294I
UNIPROT:P11712:G137L
UNIPROT:P11712:G137K
UNIPROT:P11712:G137I
UNIPROT:P11712:G137H
UNIPROT:P11712:G137F
UNIPROT:P11712:G137D
UNIPROT:P11712:G137C
UNIPROT:P11712:G137Y
UNIPROT:P11712:G137S
UNIPROT:P11712:G137P
UNIPROT:P11712:G137M
UNIPROT:P11712:G32P
UNIPROT:P11712:G32T
UNIPROT:P11712:G32L
UNIPROT:P11712:G32E
UNIPROT:P11712:G135I
UNIPROT:P11712:G135H
UNIPROT:P11712:G135F
UNIPROT:P11712:G135C
UNIPROT:P11712:G135S
UNIPROT:P11712:G135P
UNIPROT:P11712:G135M
UNIPROT:P11712:G135L
UNIPROT:P11712:F419G
UNIPROT:P11712:F419H
UNIPROT:P11712:F419E
UNIPROT:P11712:F419P
UNIPROT:P11712:F419T
UNIPROT:P11712:F419Q
UNIPROT:P11712:F419R
UNIPROT:P11712:F419W
UNIPROT:P11712:P471K
UNIPROT:P11712:P471I
UNIPROT:P11712:L19S
UNIPROT:P11712:P471G
UNIPROT:P11712:P471D
UNIPROT:P11712:L19G
UNIPROT:P11712:P471C
UNIPROT:P11712:L19E
UNIPROT:P11712:L19K
UNIPROT:P11712:L19D
UNIPROT:P11712:P471V
UNIPROT:P11712:K315C
UNIPROT:P11712:K315D
UNIPROT:P11712:I178A
UNIPROT:P11712:R125Y
UNIPROT:P11712:K315F
UNIPROT:P11712:K315G
UNIPROT:P11712:I178G
UNIPROT:P11712:K315I
UNIPROT:P11712:I178E
UNIPROT:P11712:R125T
UNIPROT:P11712:R125Q
UNIPROT:P11712:K315A
UNIPROT:P11712:R125V
UNIPROT:P11712:K315S
UNIPROT:P11712:I178R
UNIPROT:P11712:I178Q
UNIPROT:P11712:K315V
UNIPROT:P11712:I178P
UNIPROT:P11712:I178W
UNIPROT:P11712:K315L
UNIPROT:P11712:F419D
UNIPROT:P11712:K315P
UNIPROT:P11712:F419A
UNIPROT:P11712:L15Y
UNIPROT:P11712:L15S
UNIPROT:P11712:R124S
UNIPROT:P11712:L15T
UNIPROT:P11712:R124V
UNIPROT:P11712:L15W
UNIPROT:P11712:R125K
UNIPROT:P11712:L15K
UNIPROT:P11712:R125I
UNIPROT:P11712:R125M
UNIPROT:P11712:R125N
UNIPROT:P11712:L15N
UNIPROT:P11712:L15C
UNIPROT:P11712:R125D
UNIPROT:P11712:R125A
UNIPROT:P11712:L15A
UNIPROT:P11712:L15G
UNIPROT:P11712:R125E
UNIPROT:P11712:R125F
UNIPROT:P11712:C435A
UNIPROT:P11712:L14R
UNIPROT:P11712:L14P
UNIPROT:P11712:L14Q
UNIPROT:P11712:L14T
UNIPROT:P11712:R124K
UNIPROT:P11712:L14K
UNIPROT:P11712:L14H
UNIPROT:P11712:R124N
UNIPROT:P11712:R124M
UNIPROT:P11712:L14C
UNIPROT:P11712:R124A
UNIPROT:P11712:L14A
UNIPROT:P11712:R124F
UNIPROT:P11712:L14G
UNIPROT:P11712:R124D
UNIPROT:P11712:R124E
UNIPROT:P11712:L14E
UNIPROT:P11712:C435T
UNIPROT:P11712:L17S
UNIPROT:P11712:C435V
UNIPROT:P11712:L17Y
UNIPROT:P11712:F194A
UNIPROT:P11712:L17M
UNIPROT:P11712:F194E
UNIPROT:P11712:C435L
UNIPROT:P11712:F194H
UNIPROT:P11712:F194G
UNIPROT:P11712:V319K
UNIPROT:P11712:V319H
UNIPROT:P11712:F194K
UNIPROT:P11712:V319N
UNIPROT:P11712:F194M
UNIPROT:P11712:C435D
UNIPROT:P11712:V319M
UNIPROT:P11712:F194P
UNIPROT:P11712:C435E
UNIPROT:P11712:V319S
UNIPROT:P11712:F194R
UNIPROT:P11712:V319R
UNIPROT:P11712:F194Q
UNIPROT:P11712:C435H
UNIPROT:P11712:F194T
UNIPROT:P11712:L17G
UNIPROT:P11712:V319P
UNIPROT:P11712:L17A
UNIPROT:P11712:L16M
UNIPROT:P11712:L16Q
UNIPROT:P11712:L16N
UNIPROT:P11712:R132V
UNIPROT:P11712:R132M
UNIPROT:P11712:R132N
UNIPROT:P11712:R132S
UNIPROT:P11712:R132T
UNIPROT:P11712:R132H
UNIPROT:P11712:R132E
UNIPROT:P11712:R132F
UNIPROT:P11712:R132I
UNIPROT:P11712:R132C
UNIPROT:P11712:R132D
UNIPROT:P11712:R132A
UNIPROT:P11712:I182Y
UNIPROT:P11712:I182R
UNIPROT:P11712:I182Q
UNIPROT:P11712:I181Y
UNIPROT:P11712:I181R
UNIPROT:P11712:I181Q
UNIPROT:P11712:I181P
UNIPROT:P11712:I181W
UNIPROT:P11712:I182P
UNIPROT:P11712:S460V
UNIPROT:P11712:S460L
UNIPROT:P11712:I182D
UNIPROT:P11712:S460M
UNIPROT:P11712:I182C
UNIPROT:P11712:I182A
UNIPROT:P11712:I182G
UNIPROT:P11712:I182E
UNIPROT:P11712:S460G
UNIPROT:P11712:F428A
UNIPROT:P11712:F428E
UNIPROT:P11712:F428D
UNIPROT:P11712:F428G
UNIPROT:P11712:F428H
UNIPROT:P11712:F428K
UNIPROT:P11712:F428Q
UNIPROT:P11712:F428R
UNIPROT:P11712:F428P
UNIPROT:P11712:F428T
UNIPROT:P11712:F428W
UNIPROT:P11712:F425A
UNIPROT:P11712:F425G
UNIPROT:P11712:F425D
UNIPROT:P11712:F425E
UNIPROT:P11712:Q193Y
UNIPROT:P11712:F425M
UNIPROT:P11712:W20V
UNIPROT:P11712:F425R
UNIPROT:P11712:Q193V
UNIPROT:P11712:W20T
UNIPROT:P11712:F425P
UNIPROT:P11712:F425T
UNIPROT:P11712:Q193T
UNIPROT:P11712:Q193M
UNIPROT:P11712:Q193N
UNIPROT:P11712:W20H
UNIPROT:P11712:W20F
UNIPROT:P11712:W20D
UNIPROT:P11712:W20A
UNIPROT:P11712:Q192D
UNIPROT:P11712:Q192F
UNIPROT:P11712:Q192G
UNIPROT:P11712:Q193G
UNIPROT:P11712:Q193A
UNIPROT:P11712:Q193C
UNIPROT:P11712:Q193D
UNIPROT:P11712:Q192T
UNIPROT:P11712:Q192V
UNIPROT:P11712:Q192S
UNIPROT:P11712:Q192M
UNIPROT:P11712:Q192N
UNIPROT:P11712:Q192I
UNIPROT:P11712:Y80A
UNIPROT:P11712:Y80E
UNIPROT:P11712:Y80G
UNIPROT:P11712:Y80K
UNIPROT:P11712:Y80P
UNIPROT:P11712:Y80Q
UNIPROT:P11712:Y80V
UNIPROT:P11712:A173M
UNIPROT:P11712:A173L
UNIPROT:P11712:A173R
UNIPROT:P11712:A173Q
UNIPROT:P11712:I181K
UNIPROT:P11712:A173F
UNIPROT:P11712:L294T
UNIPROT:P11712:I181H
UNIPROT:P11712:L294R
UNIPROT:P11712:L294P
UNIPROT:P11712:A173H
UNIPROT:P11712:L294Q
UNIPROT:P11712:I181C
UNIPROT:P11712:I181A
UNIPROT:P11712:I181G
UNIPROT:P11712:I181E
UNIPROT:P11712:L294Y
UNIPROT:P11712:I181D
UNIPROT:P11712:Y424K
UNIPROT:P11712:Y424I
UNIPROT:P11712:Y424G
UNIPROT:P11712:Y424E
UNIPROT:P11712:Y424A
UNIPROT:P11712:E354P
UNIPROT:P11712:E354R
UNIPROT:P11712:E354S
UNIPROT:P11712:E354L
UNIPROT:P11712:E354M
UNIPROT:P11712:E354N
UNIPROT:P11712:E354T
UNIPROT:P11712:E354C
UNIPROT:P11712:E354H
UNIPROT:P11712:E354I
UNIPROT:P11712:E354F
UNIPROT:P11712:L170D
UNIPROT:P11712:I88R
UNIPROT:P11712:L170A
UNIPROT:P11712:L170K
UNIPROT:P11712:I88K
UNIPROT:P11712:R21W
UNIPROT:P11712:R21V
UNIPROT:P11712:R21Y
UNIPROT:P11712:L170G
UNIPROT:P11712:L170H
UNIPROT:P11712:L170E
UNIPROT:P11712:I88Q
UNIPROT:P11712:I88P
UNIPROT:P11712:R21N
UNIPROT:P11712:R21Q
UNIPROT:P11712:I88D
UNIPROT:P11712:R21P
UNIPROT:P11712:I88G
UNIPROT:P11712:R21M
UNIPROT:P11712:R21L
UNIPROT:P11712:R21F
UNIPROT:P11712:R21H
UNIPROT:P11712:R21C
UNIPROT:P11712:I88A
UNIPROT:P11712:R21E
UNIPROT:P11712:R21D
UNIPROT:P11712:R21A
UNIPROT:P11712:S53W
UNIPROT:P11712:S53V
UNIPROT:P11712:S53R
UNIPROT:P11712:L170T
UNIPROT:P11712:S53N
UNIPROT:P11712:S53K
UNIPROT:P11712:L170N
UNIPROT:P11712:S53L
UNIPROT:P11712:S53G
UNIPROT:P11712:S53H
UNIPROT:P11712:S53E
UNIPROT:P11712:S53D
UNIPROT:P11712:P489Q
UNIPROT:P11712:P489M
UNIPROT:P11712:P489G
UNIPROT:P11712:P489F
UNIPROT:P11712:P489V
UNIPROT:P11712:P221M
UNIPROT:P11712:P221K
UNIPROT:P11712:P221F
UNIPROT:P11712:P221G
UNIPROT:P11712:S209W
UNIPROT:P11712:P221D
UNIPROT:P11712:P221E
UNIPROT:P11712:P221C
UNIPROT:P11712:S209P
UNIPROT:P11712:S209V
UNIPROT:P11712:P221V
UNIPROT:P11712:S209H
UNIPROT:P11712:P221W
UNIPROT:P11712:S209L
UNIPROT:P11712:S209K
UNIPROT:P11712:P221Q
UNIPROT:P11712:S209M
UNIPROT:P11712:S209A
UNIPROT:P11712:S209D
UNIPROT:P11712:S209E
UNIPROT:P11712:H344V
UNIPROT:P11712:H344W
UNIPROT:P11712:H344T
UNIPROT:P11712:H344M
UNIPROT:P11712:Y308P
UNIPROT:P11712:H344F
UNIPROT:P11712:H344G
UNIPROT:P11712:Y308K
UNIPROT:P11712:Y308L
UNIPROT:P11712:Y308I
UNIPROT:P11712:H344C
UNIPROT:P11712:Y308G
UNIPROT:P11712:H344A
UNIPROT:P11712:Y308E
UNIPROT:P11712:V323E
UNIPROT:P11712:V323K
UNIPROT:P11712:Y308A
UNIPROT:P11712:S51W
UNIPROT:P11712:Y308V
UNIPROT:P11712:S51V
UNIPROT:P11712:Y308T
UNIPROT:P11712:Y308Q
UNIPROT:P11712:Y308R
UNIPROT:P11712:S51L
UNIPROT:P11712:S51K
UNIPROT:P11712:S51E
UNIPROT:P11712:S51D
UNIPROT:P11712:S51F
UNIPROT:P11712:S51A
UNIPROT:P11712:V323P
UNIPROT:P11712:V323N
UNIPROT:P11712:V323M
UNIPROT:P11712:V323T
UNIPROT:P11712:V323S
UNIPROT:P11712:V323R
UNIPROT:P11712:V323Q
UNIPROT:P11712:R139V
UNIPROT:P11712:V323Y
UNIPROT:P11712:R139Y
UNIPROT:P11712:K459G
UNIPROT:P11712:P480V
UNIPROT:P11712:R139C
UNIPROT:P11712:R139A
UNIPROT:P11712:K459A
UNIPROT:P11712:R139N
UNIPROT:P11712:P481I
UNIPROT:P11712:R139L
UNIPROT:P11712:K459V
UNIPROT:P11712:P481G
UNIPROT:P11712:P481E
UNIPROT:P11712:R139P
UNIPROT:P11712:P481D
UNIPROT:P11712:R139Q
UNIPROT:P11712:P481C
UNIPROT:P11712:K459M
UNIPROT:P11712:R139F
UNIPROT:P11712:K459L
UNIPROT:P11712:R139D
UNIPROT:P11712:R139E
UNIPROT:P11712:S336W
UNIPROT:P11712:K459P
UNIPROT:P11712:S336V
UNIPROT:P11712:K459S
UNIPROT:P11712:R139H
UNIPROT:P11712:R139I
UNIPROT:P11712:S336M
UNIPROT:P11712:S336L
UNIPROT:P11712:P481V
UNIPROT:P11712:S336Q
UNIPROT:P11712:S336E
UNIPROT:P11712:P480H
UNIPROT:P11712:P480G
UNIPROT:P11712:P480E
UNIPROT:P11712:P480C
UNIPROT:P11712:K322A
UNIPROT:P11712:K322D
UNIPROT:P11712:S3E
UNIPROT:P11712:S3D
UNIPROT:P11712:K322S
UNIPROT:P11712:Y68A
UNIPROT:P11712:K322V
UNIPROT:P11712:K322G
UNIPROT:P11712:S3M
UNIPROT:P11712:Y68E
UNIPROT:P11712:S3N
UNIPROT:P11712:S3K
UNIPROT:P11712:Y68G
UNIPROT:P11712:S3L
UNIPROT:P11712:S3I
UNIPROT:P11712:K322L
UNIPROT:P11712:Y68I
UNIPROT:P11712:S3G
UNIPROT:P11712:Y68K
UNIPROT:P11712:S3H
UNIPROT:P11712:Y68L
UNIPROT:P11712:Y68M
UNIPROT:P11712:S3V
UNIPROT:P11712:Y68P
UNIPROT:P11712:S3Q
UNIPROT:P11712:Y68Q
UNIPROT:P11712:S3R
UNIPROT:P11712:Y68R
UNIPROT:P11712:Y68T
UNIPROT:P11712:Y68V
UNIPROT:P11712:L11W
UNIPROT:P11712:S343F
UNIPROT:P11712:S210E
UNIPROT:P11712:R144Y
UNIPROT:P11712:R144V
UNIPROT:P11712:S343H
UNIPROT:P11712:R144W
UNIPROT:P11712:S343K
UNIPROT:P11712:S343M
UNIPROT:P11712:S210L
UNIPROT:P11712:L11Y
UNIPROT:P11712:S343L
UNIPROT:P11712:R144Q
UNIPROT:P11712:S343A
UNIPROT:P11712:R144N
UNIPROT:P11712:L11M
UNIPROT:P11712:L11N
UNIPROT:P11712:R144T
UNIPROT:P11712:L11S
UNIPROT:P11712:S210A
UNIPROT:P11712:L11T
UNIPROT:P11712:S343E
UNIPROT:P11712:L11Q
UNIPROT:P11712:S343D
UNIPROT:P11712:L11G
UNIPROT:P11712:L11E
UNIPROT:P11712:L11K
UNIPROT:P11712:L11C
UNIPROT:P11712:L11D
UNIPROT:P11712:L11A
UNIPROT:P11712:V319T
UNIPROT:P11712:V319Y
UNIPROT:P11712:R144I
UNIPROT:P11712:R144F
UNIPROT:P11712:R144M
UNIPROT:P11712:R144K
UNIPROT:P11712:R144A
UNIPROT:P11712:R144D
UNIPROT:P11712:R144E
UNIPROT:P11712:E104R
UNIPROT:P11712:E104P
UNIPROT:P11712:E104T
UNIPROT:P11712:E104S
UNIPROT:P11712:E104Y
UNIPROT:P11712:E104W
UNIPROT:P11712:E104F
UNIPROT:P11712:E104C
UNIPROT:P11712:E104L
UNIPROT:P11712:D165I
UNIPROT:P11712:D165F
UNIPROT:P11712:D165R
UNIPROT:P11712:D165Q
UNIPROT:P11712:D165L
UNIPROT:P11712:D165M
UNIPROT:P11712:D165W
UNIPROT:P11712:D165T
UNIPROT:P11712:D165S
UNIPROT:P11712:R26D
UNIPROT:P11712:R26C
UNIPROT:P11712:R26F
UNIPROT:P11712:R26E
UNIPROT:P11712:R26A
UNIPROT:P11712:M240E
UNIPROT:P11712:S58V
UNIPROT:P11712:M240G
UNIPROT:P11712:M240A
UNIPROT:P11712:S58R
UNIPROT:P11712:S58Q
UNIPROT:P11712:S58K
UNIPROT:P11712:M240N
UNIPROT:P11712:S58N
UNIPROT:P11712:S58M
UNIPROT:P11712:S58G
UNIPROT:P11712:S58I
UNIPROT:P11712:G25S
UNIPROT:P11712:S58C
UNIPROT:P11712:S58F
UNIPROT:P11712:S58E
UNIPROT:P11712:G25L
UNIPROT:P11712:G25P
UNIPROT:P11712:G25C
UNIPROT:P11712:G25D
UNIPROT:P11712:P227C
UNIPROT:P11712:P227M
UNIPROT:P11712:P227I
UNIPROT:P11712:P227F
UNIPROT:P11712:P227G
UNIPROT:P11712:G27W
UNIPROT:P11712:M240P
UNIPROT:P11712:G27Y
UNIPROT:P11712:M240S
UNIPROT:P11712:G27M
UNIPROT:P11712:G27N
UNIPROT:P11712:G27P
UNIPROT:P11712:M240Y
UNIPROT:P11712:P227Y
UNIPROT:P11712:P227V
UNIPROT:P11712:G27S
UNIPROT:P11712:G27T
UNIPROT:P11712:R26Y
UNIPROT:P11712:G27F
UNIPROT:P11712:R26V
UNIPROT:P11712:G27I
UNIPROT:P11712:R26P
UNIPROT:P11712:G27K
UNIPROT:P11712:G27L
UNIPROT:P11712:R26Q
UNIPROT:P11712:R26L
UNIPROT:P11712:R26N
UNIPROT:P11712:G27C
UNIPROT:P11712:G27D
UNIPROT:P11712:A149N
UNIPROT:P11712:A149L
UNIPROT:P11712:A149R
UNIPROT:P11712:T283G
UNIPROT:P11712:T283F
UNIPROT:P11712:T283D
UNIPROT:P11712:A149E
UNIPROT:P11712:T283C
UNIPROT:P11712:A149K
UNIPROT:P11712:A149H
UNIPROT:P11712:A149I
UNIPROT:P11712:T283L
UNIPROT:P11712:A149C
UNIPROT:P11712:T283H
UNIPROT:P11712:T283W
UNIPROT:P11712:T283V
UNIPROT:P11712:T283R
UNIPROT:P11712:T283Y
UNIPROT:P11712:I74W
UNIPROT:P11712:I74Y
UNIPROT:P11712:R108Y
UNIPROT:P11712:R108V
UNIPROT:P11712:G111Y
UNIPROT:P11712:R108A
UNIPROT:P11712:R108E
UNIPROT:P11712:R108P
UNIPROT:P11712:R108N
UNIPROT:P11712:R108H
UNIPROT:P11712:R108F
UNIPROT:P11712:R108L
UNIPROT:P11712:R108M
UNIPROT:P11712:I74P
UNIPROT:P11712:I74Q
UNIPROT:P11712:I74S
UNIPROT:P11712:I74G
UNIPROT:P11712:I74A
UNIPROT:P11712:I74D
UNIPROT:P11712:I74C
UNIPROT:P11712:I74E
UNIPROT:P11712:G111H
UNIPROT:P11712:G111F
UNIPROT:P11712:G111D
UNIPROT:P11712:G111C
UNIPROT:P11712:R105V
UNIPROT:P11712:G111W
UNIPROT:P11712:G111T
UNIPROT:P11712:G111S
UNIPROT:P11712:G111Q
UNIPROT:P11712:G111P
UNIPROT:P11712:G111N
UNIPROT:P11712:G111M
UNIPROT:P11712:G111L
UNIPROT:P11712:S303V
UNIPROT:P11712:G111K
UNIPROT:P11712:G111I
UNIPROT:P11712:K421A
UNIPROT:P11712:S303L
UNIPROT:P11712:K421D
UNIPROT:P11712:R105A
UNIPROT:P11712:S303Q
UNIPROT:P11712:S303P
UNIPROT:P11712:K420V
UNIPROT:P11712:S303E
UNIPROT:P11712:R105L
UNIPROT:P11712:K421S
UNIPROT:P11712:K421V
UNIPROT:P11712:S303A
UNIPROT:P11712:K421H
UNIPROT:P11712:K421G
UNIPROT:P11712:K421L
UNIPROT:P11712:K421M
UNIPROT:P11712:E328W
UNIPROT:P11712:E328Y
UNIPROT:P11712:E328S
UNIPROT:P11712:E328T
UNIPROT:P11712:K421Y
UNIPROT:P11712:E328H
UNIPROT:P11712:T159G
UNIPROT:P11712:E328I
UNIPROT:P11712:T159D
UNIPROT:P11712:T159E
UNIPROT:P11712:E328C
UNIPROT:P11712:E328P
UNIPROT:P11712:T159L
UNIPROT:P11712:E328R
UNIPROT:P11712:E328L
UNIPROT:P11712:T159K
UNIPROT:P11712:E328M
UNIPROT:P11712:E328N
UNIPROT:P11712:T159V
UNIPROT:P11712:K423A
UNIPROT:P11712:K423D
UNIPROT:P11712:K423C
UNIPROT:P11712:K423F
UNIPROT:P11712:T159R
UNIPROT:P11712:K423H
UNIPROT:P11712:K423G
UNIPROT:P11712:K423S
UNIPROT:P11712:K423V
UNIPROT:P11712:K423W
UNIPROT:P11712:K423L
UNIPROT:P11712:K423P
UNIPROT:P11712:N56P
UNIPROT:P11712:N56V
UNIPROT:P11712:Y189E
UNIPROT:P11712:Y189G
UNIPROT:P11712:Y189A
UNIPROT:P11712:N56M
UNIPROT:P11712:D89W
UNIPROT:P11712:N56L
UNIPROT:P11712:N56C
UNIPROT:P11712:N56A
UNIPROT:P11712:N56G
UNIPROT:P11712:N56F
UNIPROT:P11712:K420P
UNIPROT:P11712:K420S
UNIPROT:P11712:K420G
UNIPROT:P11712:K420F
UNIPROT:P11712:K420L
UNIPROT:P11712:Y61E
UNIPROT:P11712:Y61G
UNIPROT:P11712:Y61I
UNIPROT:P11712:Y61K
UNIPROT:P11712:Y61L
UNIPROT:P11712:Y61M
UNIPROT:P11712:M345C
UNIPROT:P11712:M345D
UNIPROT:P11712:M345E
UNIPROT:P11712:Y61P
UNIPROT:P11712:Y61Q
UNIPROT:P11712:Y61R
UNIPROT:P11712:M345A
UNIPROT:P11712:Y61T
UNIPROT:P11712:Y61V
UNIPROT:P11712:Y61W
UNIPROT:P11712:M345F
UNIPROT:P11712:M345G
UNIPROT:P11712:M345S
UNIPROT:P11712:M345N
UNIPROT:P11712:M345P
UNIPROT:P11712:M345Q
UNIPROT:P11712:E203R
UNIPROT:P11712:E203P
UNIPROT:P11712:E203T
UNIPROT:P11712:E203S
UNIPROT:P11712:E203F
UNIPROT:P11712:E203C
UNIPROT:P11712:E203I
UNIPROT:P11712:E203H
UNIPROT:P11712:E203M
UNIPROT:P11712:E203L
UNIPROT:P11712:F401A
UNIPROT:P11712:F401D
UNIPROT:P11712:F401E
UNIPROT:P11712:F401H
UNIPROT:P11712:F401G
UNIPROT:P11712:F401M
UNIPROT:P11712:F401K
UNIPROT:P11712:F401P
UNIPROT:P11712:F401Q
UNIPROT:P11712:F401T
UNIPROT:P11712:F401R
UNIPROT:P11712:F401W
UNIPROT:P11712:M345W
UNIPROT:P11712:Y61A
UNIPROT:P11712:G117N
UNIPROT:P11712:G117L
UNIPROT:P11712:G117K
UNIPROT:P11712:G117I
UNIPROT:P11712:G117H
UNIPROT:P11712:G117F
UNIPROT:P11712:G117D
UNIPROT:P11712:G117C
UNIPROT:P11712:G117Y
UNIPROT:P11712:G117W
UNIPROT:P11712:G117S
UNIPROT:P11712:G117Q
UNIPROT:P11712:G117P
UNIPROT:P11712:D262F
UNIPROT:P11712:D262C
UNIPROT:P11712:D262M
UNIPROT:P11712:D262P
UNIPROT:P11712:D262I
UNIPROT:P11712:D262L
UNIPROT:P11712:D262K
UNIPROT:P11712:D262R
UNIPROT:P11712:D262T
UNIPROT:P11712:D262S
UNIPROT:P11712:D397R
UNIPROT:P11712:D397S
UNIPROT:P11712:D397Q
UNIPROT:P11712:D397L
UNIPROT:P11712:D397M
UNIPROT:P11712:D397T
UNIPROT:P11712:H316W
UNIPROT:P11712:H316V
UNIPROT:P11712:H316S
UNIPROT:P11712:H316T
UNIPROT:P11712:H316M
UNIPROT:P11712:H316K
UNIPROT:P11712:H316I
UNIPROT:P11712:H316G
UNIPROT:P11712:H316E
UNIPROT:P11712:H316F
UNIPROT:P11712:H316C
UNIPROT:P11712:H316A
UNIPROT:P11712:D265P
UNIPROT:P11712:D265S
UNIPROT:P11712:D265R
UNIPROT:P11712:D265M
UNIPROT:P11712:D265L
UNIPROT:P11712:D265T
UNIPROT:P11712:D265W
UNIPROT:P11712:T66C
UNIPROT:P11712:G384K
UNIPROT:P11712:G384L
UNIPROT:P11712:G384M
UNIPROT:P11712:P464Y
UNIPROT:P11712:G384P
UNIPROT:P11712:G384Q
UNIPROT:P11712:P464V
UNIPROT:P11712:G384T
UNIPROT:P11712:G384E
UNIPROT:P11712:F187A
UNIPROT:P11712:F187D
UNIPROT:P11712:F187E
UNIPROT:P11712:F187H
UNIPROT:P11712:F187G
UNIPROT:P11712:F187M
UNIPROT:P11712:F187P
UNIPROT:P11712:F187R
UNIPROT:P11712:F187Q
UNIPROT:P11712:F187T
UNIPROT:P11712:F187W
UNIPROT:P11712:T299D
UNIPROT:P11712:T299L
UNIPROT:P11712:T299G
UNIPROT:P11712:T299V
UNIPROT:P11712:T167C
UNIPROT:P11712:T167D
UNIPROT:P11712:P464N
UNIPROT:P11712:P464M
UNIPROT:P11712:P464K
UNIPROT:P11712:P464I
UNIPROT:P11712:P464H
UNIPROT:P11712:T167K
UNIPROT:P11712:P464G
UNIPROT:P11712:T167L
UNIPROT:P11712:P464F
UNIPROT:P11712:P464E
UNIPROT:P11712:P464D
UNIPROT:P11712:T167G
UNIPROT:P11712:T167H
UNIPROT:P11712:T167E
UNIPROT:P11712:T167F
UNIPROT:P11712:T167R
UNIPROT:P11712:T167M
UNIPROT:P11712:T167V
UNIPROT:P11712:I169E
UNIPROT:P11712:F407G
UNIPROT:P11712:I169D
UNIPROT:P11712:F407D
UNIPROT:P11712:F407E
UNIPROT:P11712:I169G
UNIPROT:P11712:K432Y
UNIPROT:P11712:F407M
UNIPROT:P11712:F407R
UNIPROT:P11712:I169A
UNIPROT:P11712:F407P
UNIPROT:P11712:F407Q
UNIPROT:P11712:F407T
UNIPROT:P11712:I169R
UNIPROT:P11712:I169Y
UNIPROT:P11712:I169K
UNIPROT:P11712:I169P
UNIPROT:P11712:N196Q
UNIPROT:P11712:N196R
UNIPROT:P11712:N196P
UNIPROT:P11712:N196V
UNIPROT:P11712:N196A
UNIPROT:P11712:D2C
UNIPROT:P11712:N196G
UNIPROT:P11712:D2L
UNIPROT:P11712:D2K
UNIPROT:P11712:N196M
UNIPROT:P11712:D2R
UNIPROT:P11712:D2Q
UNIPROT:P11712:D2T
UNIPROT:P11712:D2S
UNIPROT:P11712:D2M
UNIPROT:P11712:D2P
UNIPROT:P11712:D2W
UNIPROT:P11712:N418L
UNIPROT:P11712:N418R
UNIPROT:P11712:N418Q
UNIPROT:P11712:N418V
UNIPROT:P11712:N418C
UNIPROT:P11712:N418A
UNIPROT:P11712:N418G
UNIPROT:P11712:N418E
UNIPROT:P11712:V436T
UNIPROT:P11712:R377Y
UNIPROT:P11712:V436P
UNIPROT:P11712:V436R
UNIPROT:P11712:V436S
UNIPROT:P11712:R377Q
UNIPROT:P11712:R377P
UNIPROT:P11712:V436Y
UNIPROT:P11712:R377V
UNIPROT:P11712:R377M
UNIPROT:P11712:R377L
UNIPROT:P11712:R377A
UNIPROT:P11712:R377E
UNIPROT:P11712:R377D
UNIPROT:P11712:K432F
UNIPROT:P11712:F183A
UNIPROT:P11712:F183G
UNIPROT:P11712:K432S
UNIPROT:P11712:K432V
UNIPROT:P11712:K432H
UNIPROT:P11712:K432G
UNIPROT:P11712:F183M
UNIPROT:P11712:F183P
UNIPROT:P11712:K432L
UNIPROT:P11712:F183R
UNIPROT:P11712:F183T
UNIPROT:P11712:K432M
UNIPROT:P11712:S451V
UNIPROT:P11712:S451L
UNIPROT:P11712:S451N
UNIPROT:P11712:S451R
UNIPROT:P11712:S451E
UNIPROT:P11712:F412A
UNIPROT:P11712:S451G
UNIPROT:P11712:F412D
UNIPROT:P11712:F412E
UNIPROT:P11712:S451K
UNIPROT:P11712:F412H
UNIPROT:P11712:F412G
UNIPROT:P11712:F412M
UNIPROT:P11712:F412K
UNIPROT:P11712:F412P
UNIPROT:P11712:F412Q
UNIPROT:P11712:F412T
UNIPROT:P11712:F412R
UNIPROT:P11712:F412W
UNIPROT:P11712:D89L
UNIPROT:P11712:Y189T
UNIPROT:P11712:Y189V
UNIPROT:P11712:D89K
UNIPROT:P11712:Y189Q
UNIPROT:P11712:Y189P
UNIPROT:P11712:Y189R
UNIPROT:P11712:Y189M
UNIPROT:P11712:D89T
UNIPROT:P11712:Y189L
UNIPROT:P11712:D89R
UNIPROT:P11712:D89P
UNIPROT:P11712:Y189K
UNIPROT:P11712:D89C
UNIPROT:P11712:L287K
UNIPROT:P11712:L287G
UNIPROT:P11712:L287A
UNIPROT:P11712:A297Q
UNIPROT:P11712:A297R
UNIPROT:P11712:A297M
UNIPROT:P11712:A297L
UNIPROT:P11712:L156I
UNIPROT:P11712:L156K
UNIPROT:P11712:L156H
UNIPROT:P11712:L156G
UNIPROT:P11712:L156R
UNIPROT:P11712:L156Q
UNIPROT:P11712:L156T
UNIPROT:P11712:L156N
UNIPROT:P11712:L156A
UNIPROT:P11712:L156D
UNIPROT:P11712:L156C
UNIPROT:P11712:L156Y
UNIPROT:P11712:A161R
UNIPROT:P11712:T290E
UNIPROT:P11712:A161L
UNIPROT:P11712:T290R
UNIPROT:P11712:A161M
UNIPROT:P11712:T290Q
UNIPROT:P11712:D143I
UNIPROT:P11712:P337Y
UNIPROT:P11712:A161Q
UNIPROT:P11712:D143C
UNIPROT:P11712:P337W
UNIPROT:P11712:T290M
UNIPROT:P11712:A161N
UNIPROT:P11712:D143F
UNIPROT:P11712:P337V
UNIPROT:P11712:T290L
UNIPROT:P11712:D143P
UNIPROT:P11712:A161E
UNIPROT:P11712:T290Y
UNIPROT:P11712:D143R
UNIPROT:P11712:A161C
UNIPROT:P11712:D143Q
UNIPROT:P11712:D143L
UNIPROT:P11712:T290V
UNIPROT:P11712:A161I
UNIPROT:P11712:D143K
UNIPROT:P11712:A161F
UNIPROT:P11712:D143M
UNIPROT:P11712:D143W
UNIPROT:P11712:D143T
UNIPROT:P11712:D143S
UNIPROT:P11712:T66V
UNIPROT:P11712:T66R
UNIPROT:P11712:T66L
UNIPROT:P11712:T66G
UNIPROT:P11712:T66E
UNIPROT:P11712:T66F
UNIPROT:P11712:P337D
UNIPROT:P11712:A291R
UNIPROT:P11712:A291Q
UNIPROT:P11712:A291N
UNIPROT:P11712:A291L
UNIPROT:P11712:L152T
UNIPROT:P11712:A291D
UNIPROT:P11712:P337M
UNIPROT:P11712:P337K
UNIPROT:P11712:P337I
UNIPROT:P11712:P337G
UNIPROT:P11712:T392F
UNIPROT:P11712:T392E
UNIPROT:P11712:T392D
UNIPROT:P11712:T392C
UNIPROT:P11712:T392M
UNIPROT:P11712:T392L
UNIPROT:P11712:T392K
UNIPROT:P11712:T392H
UNIPROT:P11712:T392G
UNIPROT:P11712:T392V
UNIPROT:P11712:T392R
UNIPROT:P11712:T392Q
UNIPROT:P11712:T392Y
UNIPROT:P11712:T392W
UNIPROT:P11712:I50W
UNIPROT:P11712:I50Y
UNIPROT:P11712:T130G
UNIPROT:P11712:T130H
UNIPROT:P11712:T130E
UNIPROT:P11712:T130D
UNIPROT:P11712:T130L
UNIPROT:P11712:T130I
UNIPROT:P11712:T130V
UNIPROT:P11712:T130Q
UNIPROT:P11712:I50P
UNIPROT:P11712:I50R
UNIPROT:P11712:I50Q
UNIPROT:P11712:I50E
UNIPROT:P11712:I50H
UNIPROT:P11712:I50G
UNIPROT:P11712:I50K
UNIPROT:P11712:I50A
UNIPROT:P11712:I50D
UNIPROT:P11712:I50C
UNIPROT:P11712:E438Y
UNIPROT:P11712:E438S
UNIPROT:P11712:E438T
UNIPROT:P11712:E438H
UNIPROT:P11712:E438I
UNIPROT:P11712:E438C
UNIPROT:P11712:E438F
UNIPROT:P11712:E438P
UNIPROT:P11712:E438R
UNIPROT:P11712:E438L
UNIPROT:P11712:E438M
UNIPROT:P11712:I264Y
UNIPROT:P11712:Q146M
UNIPROT:P11712:I264C
UNIPROT:P11712:Q146N
UNIPROT:P11712:I264D
UNIPROT:P11712:I264E
UNIPROT:P11712:I264A
UNIPROT:P11712:Q146G
UNIPROT:P11712:Q146A
UNIPROT:P11712:Q146D
UNIPROT:P11712:I264R
UNIPROT:P11712:V5D
UNIPROT:P11712:V5C
UNIPROT:P11712:I264P
UNIPROT:P11712:I264Q
UNIPROT:P11712:Q278V
UNIPROT:P11712:I264K
UNIPROT:P11712:Q278W
UNIPROT:P11712:V5K
UNIPROT:P11712:I264G
UNIPROT:P11712:V5I
UNIPROT:P11712:Q278S
UNIPROT:P11712:I264H
UNIPROT:P11712:V5F
UNIPROT:P11712:Q278T
UNIPROT:P11712:V5T
UNIPROT:P11712:V5R
UNIPROT:P11712:V5S
UNIPROT:P11712:V5Q
UNIPROT:P11712:V5N
UNIPROT:P11712:V5Y
UNIPROT:P11712:V5W
UNIPROT:P11712:V6E
UNIPROT:P11712:V6C
UNIPROT:P11712:V6M
UNIPROT:P11712:Q146V
UNIPROT:P11712:V6N
UNIPROT:P11712:Q146W
UNIPROT:P11712:V6K
UNIPROT:P11712:Q146S
UNIPROT:P11712:Q146T
UNIPROT:P11712:V6H
UNIPROT:P11712:V6S
UNIPROT:P11712:R342V
UNIPROT:P11712:V6T
UNIPROT:P11712:V6Q
UNIPROT:P11712:V6R
UNIPROT:P11712:V6P
UNIPROT:P11712:R342Q
UNIPROT:P11712:R342N
UNIPROT:P11712:Q278M
UNIPROT:P11712:Q278G
UNIPROT:P11712:Q278A
UNIPROT:P11712:F282A
UNIPROT:P11712:R342I
UNIPROT:P11712:R342H
UNIPROT:P11712:R342F
UNIPROT:P11712:F282G
UNIPROT:P11712:V8C
UNIPROT:P11712:R342L
UNIPROT:P11712:F282K
UNIPROT:P11712:R342A
UNIPROT:P11712:F282N
UNIPROT:P11712:F282M
UNIPROT:P11712:F282P
UNIPROT:P11712:V8N
UNIPROT:P11712:R342E
UNIPROT:P11712:F282R
UNIPROT:P11712:V8K
UNIPROT:P11712:R342D
UNIPROT:P11712:R342C
UNIPROT:P11712:F282T
UNIPROT:P11712:V8S
UNIPROT:P11712:V8R
UNIPROT:P11712:N41V
UNIPROT:P11712:N41M
UNIPROT:P11712:N41L
UNIPROT:P11712:N41R
UNIPROT:P11712:N41P
UNIPROT:P11712:N41G
UNIPROT:P11712:N41F
UNIPROT:P11712:N41E
UNIPROT:P11712:N41C
UNIPROT:P11712:N41A
UNIPROT:P11712:C179Q
UNIPROT:P11712:C179P
UNIPROT:P11712:C179L
UNIPROT:P11712:E444S
UNIPROT:P11712:E444T
UNIPROT:P11712:L128Y
UNIPROT:P11712:L128S
UNIPROT:P11712:E444W
UNIPROT:P11712:E444Y
UNIPROT:P11712:L128T
UNIPROT:P11712:E444C
UNIPROT:P11712:L128A
UNIPROT:P11712:L128G
UNIPROT:P11712:E444M
UNIPROT:P11712:E444F
UNIPROT:P11712:L128C
UNIPROT:P11712:L128E
UNIPROT:P11712:E444I
UNIPROT:P11712:L388M
UNIPROT:P11712:I141C
UNIPROT:P11712:I141A
UNIPROT:P11712:L388G
UNIPROT:P11712:L388T
UNIPROT:P11712:L388R
UNIPROT:P11712:L388P
UNIPROT:P11712:L388Q
UNIPROT:P11712:I141R
UNIPROT:P11712:I141Q
UNIPROT:P11712:I141P
UNIPROT:P11712:I141G
UNIPROT:P11712:I141E
UNIPROT:P11712:L388C
UNIPROT:P11712:I141K
UNIPROT:P11712:L388A
UNIPROT:P11712:I141H
UNIPROT:P11712:L388W
UNIPROT:P11712:K185W
UNIPROT:P11712:K185V
UNIPROT:P11712:C172M
UNIPROT:P11712:C172L
UNIPROT:P11712:C172K
UNIPROT:P11712:C172I
UNIPROT:P11712:C172V
UNIPROT:P11712:C172T
UNIPROT:P11712:C172Q
UNIPROT:P11712:C172P
UNIPROT:P11712:V177D
UNIPROT:P11712:C172E
UNIPROT:P11712:V177C
UNIPROT:P11712:V177H
UNIPROT:P11712:V177I
UNIPROT:P11712:V177F
UNIPROT:P11712:C172A
UNIPROT:P11712:L380D
UNIPROT:P11712:S23A
UNIPROT:P11712:S23D
UNIPROT:P11712:L380C
UNIPROT:P11712:L380A
UNIPROT:P11712:L380M
UNIPROT:P11712:L380G
UNIPROT:P11712:D373C
UNIPROT:P11712:T55V
UNIPROT:P11712:D373P
UNIPROT:P11712:D373Q
UNIPROT:P11712:D373L
UNIPROT:P11712:D373M
UNIPROT:P11712:D373K
UNIPROT:P11712:T55L
UNIPROT:P11712:D373T
UNIPROT:P11712:T55G
UNIPROT:P11712:D373R
UNIPROT:P11712:D373S
UNIPROT:P11712:C175Q
UNIPROT:P11712:T55D
UNIPROT:P11712:C175P
UNIPROT:P11712:V177K
UNIPROT:P11712:V177P
UNIPROT:P11712:V177Q
UNIPROT:P11712:C175M
UNIPROT:P11712:V177N
UNIPROT:P11712:C175L
UNIPROT:P11712:V177T
UNIPROT:P11712:V177R
UNIPROT:P11712:V177S
UNIPROT:P11712:C175V
UNIPROT:P11712:V177Y
UNIPROT:P11712:C175T
UNIPROT:P11712:V177W
UNIPROT:P11712:C175A
UNIPROT:P11712:L380S
UNIPROT:P11712:C175E
UNIPROT:P11712:C175D
UNIPROT:P11712:S24R
UNIPROT:P11712:S24N
UNIPROT:P11712:S24L
UNIPROT:P11712:S24G
UNIPROT:P11712:G228N
UNIPROT:P11712:G228L
UNIPROT:P11712:G228I
UNIPROT:P11712:G228H
UNIPROT:P11712:K185A
UNIPROT:P11712:S23Y
UNIPROT:P11712:G228D
UNIPROT:P11712:S23V
UNIPROT:P11712:S23W
UNIPROT:P11712:S23Q
UNIPROT:P11712:K185G
UNIPROT:P11712:K185D
UNIPROT:P11712:S23M
UNIPROT:P11712:G228Y
UNIPROT:P11712:S23P
UNIPROT:P11712:G228W
UNIPROT:P11712:K185P
UNIPROT:P11712:S23L
UNIPROT:P11712:G228T
UNIPROT:P11712:G228S
UNIPROT:P11712:K185M
UNIPROT:P11712:K185L
UNIPROT:P11712:S23E
UNIPROT:P11712:G228Q
UNIPROT:P11712:K190C
UNIPROT:P11712:K190A
UNIPROT:P11712:K190G
UNIPROT:P11712:K190S
UNIPROT:P11712:K190P
UNIPROT:P11712:K190M
UNIPROT:P11712:K190L
UNIPROT:P11712:K190V
UNIPROT:P11712:I42P
UNIPROT:P11712:I42R
UNIPROT:P11712:I42W
UNIPROT:P11712:F295A
UNIPROT:P11712:F295D
UNIPROT:P11712:F295E
UNIPROT:P11712:F295H
UNIPROT:P11712:F295G
UNIPROT:P11712:F295K
UNIPROT:P11712:F295N
UNIPROT:P11712:I42G
UNIPROT:P11712:F295M
UNIPROT:P11712:F295P
UNIPROT:P11712:S429W
UNIPROT:P11712:F295R
UNIPROT:P11712:F295Q
UNIPROT:P11712:F295T
UNIPROT:P11712:L391D
UNIPROT:P11712:L391E
UNIPROT:P11712:F295W
UNIPROT:P11712:S429R
UNIPROT:P11712:L391A
UNIPROT:P11712:S429V
UNIPROT:P11712:S429H
UNIPROT:P11712:S429G
UNIPROT:P11712:S429I
UNIPROT:P11712:L391K
UNIPROT:P11712:S429K
UNIPROT:P11712:L391I
UNIPROT:P11712:S429N
UNIPROT:P11712:L391F
UNIPROT:P11712:S429M
UNIPROT:P11712:L391G
UNIPROT:P11712:S429D
UNIPROT:P11712:S429E
UNIPROT:P11712:F168A
UNIPROT:P11712:F168E
UNIPROT:P11712:F168K
UNIPROT:P11712:F168Q
UNIPROT:P11712:F168P
UNIPROT:P11712:F168T
UNIPROT:P11712:N176Q
UNIPROT:P11712:N176R
UNIPROT:P11712:N176V
UNIPROT:P11712:N176A
UNIPROT:P11712:N176G
UNIPROT:P11712:N176L
UNIPROT:P11712:N176P
UNIPROT:P11712:N176M
UNIPROT:P11712:R357Y
UNIPROT:P11712:R357V
UNIPROT:P11712:S422Y
UNIPROT:P11712:S422Q
UNIPROT:P11712:S422P
UNIPROT:P11712:S422W
UNIPROT:P11712:S422V
UNIPROT:P11712:S422H
UNIPROT:P11712:S422K
UNIPROT:P11712:S422M
UNIPROT:P11712:R357A
UNIPROT:P11712:S422L
UNIPROT:P11712:S422A
UNIPROT:P11712:S422E
UNIPROT:P11712:S422D
UNIPROT:P11712:S422F
UNIPROT:P11712:R357M
UNIPROT:P11712:R357L
UNIPROT:P11712:R357Q
UNIPROT:P11712:R357P
UNIPROT:P11712:R357N
UNIPROT:P11712:R357E
UNIPROT:P11712:R357D
UNIPROT:P11712:R357F
UNIPROT:P11712:D256C
UNIPROT:P11712:D256K
UNIPROT:P11712:D256F
UNIPROT:P11712:D256I
UNIPROT:P11712:D256S
UNIPROT:P11712:D256R
UNIPROT:P11712:D256T
UNIPROT:P11712:D256P
UNIPROT:P11712:M339A
UNIPROT:P11712:M339G
UNIPROT:P11712:M339H
UNIPROT:P11712:M339C
UNIPROT:P11712:M339D
UNIPROT:P11712:M339E
UNIPROT:P11712:M339F
UNIPROT:P11712:M339P
UNIPROT:P11712:M339Q
UNIPROT:P11712:M339N
UNIPROT:P11712:M339W
UNIPROT:P11712:M339Y
UNIPROT:P11712:M339S
UNIPROT:P11712:N403R
UNIPROT:P11712:N403Q
UNIPROT:P11712:N403V
UNIPROT:P11712:N403C
UNIPROT:P11712:N403A
UNIPROT:P11712:N403G
UNIPROT:P11712:N403E
UNIPROT:P11712:E92F
UNIPROT:P11712:E92C
UNIPROT:P11712:E325R
UNIPROT:P11712:E92N
UNIPROT:P11712:E92M
UNIPROT:P11712:E92L
UNIPROT:P11712:E92I
UNIPROT:P11712:E92H
UNIPROT:P11712:E325L
UNIPROT:P11712:S18G
UNIPROT:P11712:L268I
UNIPROT:P11712:L268G
UNIPROT:P11712:L268H
UNIPROT:P11712:L268S
UNIPROT:P11712:L268T
UNIPROT:P11712:L268E
UNIPROT:P11712:L268F
UNIPROT:P11712:L268C
UNIPROT:P11712:L268D
UNIPROT:P11712:L268A
UNIPROT:P11712:I284A
UNIPROT:P11712:E93W
UNIPROT:P11712:I284R
UNIPROT:P11712:E93T
UNIPROT:P11712:L268Y
UNIPROT:P11712:E93S
UNIPROT:P11712:E93R
UNIPROT:P11712:L268W
UNIPROT:P11712:I284D
UNIPROT:P11712:E93Y
UNIPROT:P11712:E93C
UNIPROT:P11712:E326R
UNIPROT:P11712:E326S
UNIPROT:P11712:E326T
UNIPROT:P11712:E93N
UNIPROT:P11712:E93M
UNIPROT:P11712:E326Y
UNIPROT:P11712:E93I
UNIPROT:P11712:E93H
UNIPROT:P11712:E326F
UNIPROT:P11712:E92T
UNIPROT:P11712:E92S
UNIPROT:P11712:E92R
UNIPROT:P11712:E326C
UNIPROT:P11712:E92P
UNIPROT:P11712:E326N
UNIPROT:P11712:E326P
UNIPROT:P11712:E326I
UNIPROT:P11712:E92Y
UNIPROT:P11712:E326L
UNIPROT:P11712:E92W
UNIPROT:P11712:P317Y
UNIPROT:P11712:L395W
UNIPROT:P11712:L395T
UNIPROT:P11712:L395S
UNIPROT:P11712:L131G
UNIPROT:P11712:L131F
UNIPROT:P11712:L131I
UNIPROT:P11712:I47W
UNIPROT:P11712:L131C
UNIPROT:P11712:L131E
UNIPROT:P11712:L131D
UNIPROT:P11712:L131N
UNIPROT:P11712:I47P
UNIPROT:P11712:I47R
UNIPROT:P11712:I47H
UNIPROT:P11712:I47G
UNIPROT:P11712:L131A
UNIPROT:P11712:I47A
UNIPROT:P11712:I47C
UNIPROT:P11712:L131W
UNIPROT:P11712:L131Y
UNIPROT:P11712:W120I
UNIPROT:P11712:L131S
UNIPROT:P11712:W120M
UNIPROT:P11712:L131T
UNIPROT:P11712:W120V
UNIPROT:P11712:P317G
UNIPROT:P11712:P317F
UNIPROT:P11712:P317E
UNIPROT:P11712:P317D
UNIPROT:P11712:P317C
UNIPROT:P11712:W120A
UNIPROT:P11712:W120E
UNIPROT:P11712:P317V
UNIPROT:P11712:P317H
UNIPROT:P11712:L391T
UNIPROT:P11712:L391S
UNIPROT:P11712:G109Q
UNIPROT:P11712:G109P
UNIPROT:P11712:G109N
UNIPROT:P11712:G109M
UNIPROT:P11712:G109L
UNIPROT:P11712:G109I
UNIPROT:P11712:G109C
UNIPROT:P11712:G109T
UNIPROT:P11712:G109S
UNIPROT:P11712:S12V
UNIPROT:P11712:S12R
UNIPROT:P11712:S12Q
UNIPROT:P11712:S12K
UNIPROT:P11712:S12F
UNIPROT:P11712:S12E
UNIPROT:P11712:S12G
UNIPROT:P11712:L395H
UNIPROT:P11712:I45S
UNIPROT:P11712:L395F
UNIPROT:P11712:L395G
UNIPROT:P11712:L395D
UNIPROT:P11712:L395E
UNIPROT:P11712:L395C
UNIPROT:P11712:I45N
UNIPROT:P11712:L395M
UNIPROT:P11712:I45D
UNIPROT:P11712:I45E
UNIPROT:P11712:I45G
UNIPROT:P11712:L395A
UNIPROT:P11712:I45A
UNIPROT:P11712:R329Y
UNIPROT:P11712:R329W
UNIPROT:P11712:R329A
UNIPROT:P11712:R329F
UNIPROT:P11712:R329E
UNIPROT:P11712:R329D
UNIPROT:P11712:R329Q
UNIPROT:P11712:N277V
UNIPROT:P11712:R329V
UNIPROT:P11712:R329T
UNIPROT:P11712:N277W
UNIPROT:P11712:R329I
UNIPROT:P11712:R329N
UNIPROT:P11712:R329M
UNIPROT:P11712:R329K
UNIPROT:P11712:N277E
UNIPROT:P11712:N277F
UNIPROT:P11712:N277C
UNIPROT:P11712:N277G
UNIPROT:P11712:N277M
UNIPROT:P11712:N277L
UNIPROT:P11712:N277Q
UNIPROT:P11712:N277R
UNIPROT:P11712:N277P
UNIPROT:P11712:T371G
UNIPROT:P11712:T371F
UNIPROT:P11712:T371E
UNIPROT:P11712:T371D
UNIPROT:P11712:T371C
UNIPROT:P11712:N277A
UNIPROT:P11712:E199M
UNIPROT:P11712:T371M
UNIPROT:P11712:E199L
UNIPROT:P11712:T371L
UNIPROT:P11712:T371K
UNIPROT:P11712:E199R
UNIPROT:P11712:E199P
UNIPROT:P11712:T371H
UNIPROT:P11712:T371W
UNIPROT:P11712:T371V
UNIPROT:P11712:E199T
UNIPROT:P11712:E199S
UNIPROT:P11712:T371R
UNIPROT:P11712:E199Y
UNIPROT:P11712:T371Q
UNIPROT:P11712:E199W
UNIPROT:P11712:T371Y
UNIPROT:P11712:E199F
UNIPROT:P11712:E199I
UNIPROT:P11712:F263A
UNIPROT:P11712:F263E
UNIPROT:P11712:F263D
UNIPROT:P11712:F263G
UNIPROT:P11712:F263K
UNIPROT:P11712:F263M
UNIPROT:P11712:F263N
UNIPROT:P11712:F263P
UNIPROT:P11712:F263R
UNIPROT:P11712:F263T
UNIPROT:P11712:F263W
UNIPROT:P11712:I374W
UNIPROT:P11712:I374Y
UNIPROT:P11712:D349S
UNIPROT:P11712:C13V
UNIPROT:P11712:C13L
UNIPROT:P11712:I374C
UNIPROT:P11712:C13M
UNIPROT:P11712:I374D
UNIPROT:P11712:I374E
UNIPROT:P11712:C13K
UNIPROT:P11712:I374A
UNIPROT:P11712:C13T
UNIPROT:P11712:C13Q
UNIPROT:P11712:C13N
UNIPROT:P11712:I374R
UNIPROT:P11712:I374P
UNIPROT:P11712:I374Q
UNIPROT:P11712:C13D
UNIPROT:P11712:C13E
UNIPROT:P11712:I374G
UNIPROT:P11712:C13A
UNIPROT:P11712:I374H
UNIPROT:P11712:D49P
UNIPROT:P11712:D49Q
UNIPROT:P11712:D49L
UNIPROT:P11712:D49M
UNIPROT:P11712:D49K
UNIPROT:P11712:D49W
UNIPROT:P11712:D49T
UNIPROT:P11712:D49R
UNIPROT:P11712:D49S
UNIPROT:P11712:D49I
UNIPROT:P11712:D49F
UNIPROT:P11712:D49C
UNIPROT:P11712:E415W
UNIPROT:P11712:E415R
UNIPROT:P11712:E415S
UNIPROT:P11712:E415T
UNIPROT:P11712:A106W
UNIPROT:P11712:A106Y
UNIPROT:P11712:A106M
UNIPROT:P11712:E415I
UNIPROT:P11712:A106N
UNIPROT:P11712:E415C
UNIPROT:P11712:A106Q
UNIPROT:P11712:A106R
UNIPROT:P11712:A106H
UNIPROT:P11712:A106E
UNIPROT:P11712:A106F
UNIPROT:P11712:A106K
UNIPROT:P11712:A106L
UNIPROT:P11712:E415L
UNIPROT:P11712:A106I
UNIPROT:P11712:C10I
UNIPROT:P11712:M426A
UNIPROT:P11712:C10H
UNIPROT:P11712:A106C
UNIPROT:P11712:C10E
UNIPROT:P11712:C10D
UNIPROT:P11712:M426G
UNIPROT:P11712:C10Q
UNIPROT:P11712:M426F
UNIPROT:P11712:C10P
UNIPROT:P11712:M426C
UNIPROT:P11712:C10M
UNIPROT:P11712:C10N
UNIPROT:P11712:M426E
UNIPROT:P11712:C10K
UNIPROT:P11712:M426D
UNIPROT:P11712:C10L
UNIPROT:P11712:Q252Y
UNIPROT:P11712:M426N
UNIPROT:P11712:M426Q
UNIPROT:P11712:Q252V
UNIPROT:P11712:Q252W
UNIPROT:P11712:A238R
UNIPROT:P11712:M426W
UNIPROT:P11712:C10A
UNIPROT:P11712:M426Y
UNIPROT:P11712:Q252S
UNIPROT:P11712:Q252T
UNIPROT:P11712:M426S
UNIPROT:P11712:Q252M
UNIPROT:P11712:A238L
UNIPROT:P11712:I112A
UNIPROT:P11712:I112G
UNIPROT:P11712:I112E
UNIPROT:P11712:I112D
UNIPROT:P11712:I112R
UNIPROT:P11712:I112Q
UNIPROT:P11712:I112K
UNIPROT:P11712:I244E
UNIPROT:P11712:I244G
UNIPROT:P11712:I244A
UNIPROT:P11712:I244C
UNIPROT:P11712:A103R
UNIPROT:P11712:A103Y
UNIPROT:P11712:A103L
UNIPROT:P11712:I244P
UNIPROT:P11712:A369R
UNIPROT:P11712:I244Q
UNIPROT:P11712:A103Q
UNIPROT:P11712:I244R
UNIPROT:P11712:A369F
UNIPROT:P11712:A103H
UNIPROT:P11712:Q252G
UNIPROT:P11712:Q252C
UNIPROT:P11712:Q252D
UNIPROT:P11712:C10V
UNIPROT:P11712:C10T
UNIPROT:P11712:Q261G
UNIPROT:P11712:L102K
UNIPROT:P11712:Q261I
UNIPROT:P11712:L102G
UNIPROT:P11712:L102F
UNIPROT:P11712:L102I
UNIPROT:P11712:Q261F
UNIPROT:P11712:L102S
UNIPROT:P11712:Q261A
UNIPROT:P11712:L102N
UNIPROT:P11712:L234Y
UNIPROT:P11712:L234W
UNIPROT:P11712:L102D
UNIPROT:P11712:L102A
UNIPROT:P11712:Q261S
UNIPROT:P11712:L102W
UNIPROT:P11712:Q261T
UNIPROT:P11712:L102Y
UNIPROT:P11712:Q261V
UNIPROT:P11712:Q261M
UNIPROT:P11712:Q261N
UNIPROT:P11712:E85Y
UNIPROT:P11712:E85T
UNIPROT:P11712:E85S
UNIPROT:P11712:E85I
UNIPROT:P11712:E85C
UNIPROT:P11712:E85R
UNIPROT:P11712:E85P
UNIPROT:P11712:E85M
UNIPROT:P11712:E85L
UNIPROT:P11712:D224F
UNIPROT:P11712:D224L
UNIPROT:P11712:H184K
UNIPROT:P11712:H184E
UNIPROT:P11712:H184G
UNIPROT:P11712:D224T
UNIPROT:P11712:I39Q
UNIPROT:P11712:I39P
UNIPROT:P11712:I39R
UNIPROT:P11712:I39H
UNIPROT:P11712:I39K
UNIPROT:P11712:I39A
UNIPROT:P11712:I39E
UNIPROT:P11712:I39D
UNIPROT:P11712:H184W
UNIPROT:P11712:I39G
UNIPROT:P11712:H184V
UNIPROT:P11712:L366K
UNIPROT:P11712:L366H
UNIPROT:P11712:L233G
UNIPROT:P11712:L366F
UNIPROT:P11712:L366G
UNIPROT:P11712:L366T
UNIPROT:P11712:L366S
UNIPROT:P11712:L233R
UNIPROT:P11712:L366N
UNIPROT:P11712:E81T
UNIPROT:P11712:E81S
UNIPROT:P11712:E81R
UNIPROT:P11712:E81P
UNIPROT:P11712:I381G
UNIPROT:P11712:L233A
UNIPROT:P11712:L366A
UNIPROT:P11712:L234M
UNIPROT:P11712:L234G
UNIPROT:P11712:L234T
UNIPROT:P11712:E81M
UNIPROT:P11712:E81L
UNIPROT:P11712:L234S
UNIPROT:P11712:L234Q
UNIPROT:P11712:E81I
UNIPROT:P11712:L234N
UNIPROT:P11712:L366W
UNIPROT:P11712:L234C
UNIPROT:P11712:L234A
UNIPROT:P11712:L361G
UNIPROT:P11712:L361E
UNIPROT:P11712:L361D
UNIPROT:P11712:L361A
UNIPROT:P11712:L361M
UNIPROT:P11712:L361K
UNIPROT:P11712:T34V
UNIPROT:P11712:T34W
UNIPROT:P11712:T34R
UNIPROT:P11712:T34Q
UNIPROT:P11712:T34L
UNIPROT:P11712:T34M
UNIPROT:P11712:T34F
UNIPROT:P11712:T34G
UNIPROT:P11712:G332L
UNIPROT:P11712:L362G
UNIPROT:P11712:G332M
UNIPROT:P11712:L362D
UNIPROT:P11712:F267A
UNIPROT:P11712:G332P
UNIPROT:P11712:L362C
UNIPROT:P11712:G332Q
UNIPROT:P11712:F134A
UNIPROT:P11712:F267E
UNIPROT:P11712:F134D
UNIPROT:P11712:F267D
UNIPROT:P11712:L362N
UNIPROT:P11712:G332T
UNIPROT:P11712:F267G
UNIPROT:P11712:F134E
UNIPROT:P11712:F134H
UNIPROT:P11712:G332W
UNIPROT:P11712:F134G
UNIPROT:P11712:F267K
UNIPROT:P11712:L362K
UNIPROT:P11712:L361W
UNIPROT:P11712:F134K
UNIPROT:P11712:F267N
UNIPROT:P11712:L361S
UNIPROT:P11712:F267Q
UNIPROT:P11712:F134P
UNIPROT:P11712:L361T
UNIPROT:P11712:F267P
UNIPROT:P11712:L361Q
UNIPROT:P11712:F134R
UNIPROT:P11712:F267R
UNIPROT:P11712:F134T
UNIPROT:P11712:F267T
UNIPROT:P11712:V153C
UNIPROT:P11712:G332E
UNIPROT:P11712:G332F
UNIPROT:P11712:G332I
UNIPROT:P11712:L362S
UNIPROT:P11712:C151P
UNIPROT:P11712:V153K
UNIPROT:P11712:V153H
UNIPROT:P11712:C151N
UNIPROT:P11712:C151L
UNIPROT:P11712:C151K
UNIPROT:P11712:C151I
UNIPROT:P11712:V153R
UNIPROT:P11712:V153S
UNIPROT:P11712:C151V
UNIPROT:P11712:V153P
UNIPROT:P11712:C151T
UNIPROT:P11712:V153T
UNIPROT:P11712:C151H
UNIPROT:P11712:C151D
UNIPROT:P11712:C151A
UNIPROT:P11712:T34D
UNIPROT:P11712:T34E
UNIPROT:P11712:K160D
UNIPROT:P11712:K160C
UNIPROT:P11712:K160L
UNIPROT:P11712:K160H
UNIPROT:P11712:K160G
UNIPROT:P11712:K160V
UNIPROT:P11712:K160S
UNIPROT:P11712:K160P
UNIPROT:P11712:K160Y
UNIPROT:P11712:K160W
UNIPROT:P11712:S180V
UNIPROT:P11712:S180M
UNIPROT:P11712:S180R
UNIPROT:P11712:S180E
UNIPROT:P11712:S180G
UNIPROT:P11712:S180L
UNIPROT:P11712:K84S
UNIPROT:P11712:K84P
UNIPROT:P11712:K84V
UNIPROT:P11712:V83Y
UNIPROT:P11712:K84H
UNIPROT:P11712:V83T
UNIPROT:P11712:K84L
UNIPROT:P11712:V83S
UNIPROT:P11712:V83R
UNIPROT:P11712:N289V
UNIPROT:P11712:V83Q
UNIPROT:P11712:N289W
UNIPROT:P11712:K84C
UNIPROT:P11712:V83P
UNIPROT:P11712:K84F
UNIPROT:P11712:K84G
UNIPROT:P11712:K84D
UNIPROT:P11712:V83K
UNIPROT:P11712:V83I
UNIPROT:P11712:V83D
UNIPROT:P11712:V83C
UNIPROT:P11712:N289F
UNIPROT:P11712:N289G
UNIPROT:P11712:N289E
UNIPROT:P11712:N289L
UNIPROT:P11712:N289M
UNIPROT:P11712:N289R
UNIPROT:P11712:N289P
UNIPROT:P11712:N289C
UNIPROT:P11712:N289A
UNIPROT:P11712:G475K
UNIPROT:P11712:G475L
UNIPROT:P11712:G475M
UNIPROT:P11712:G475N
UNIPROT:P11712:G475P
UNIPROT:P11712:G475S
UNIPROT:P11712:G475T
UNIPROT:P11712:G475W
UNIPROT:P11712:G475Y
UNIPROT:P11712:G475D
UNIPROT:P11712:G475F
UNIPROT:P11712:T385H
UNIPROT:P11712:T385G
UNIPROT:P11712:T385D
UNIPROT:P11712:T385C
UNIPROT:P11712:T385M
UNIPROT:P11712:T385L
UNIPROT:P11712:T385V
UNIPROT:P11712:T386C
UNIPROT:P11712:T386H
UNIPROT:P11712:T386G
UNIPROT:P11712:T386F
UNIPROT:P11712:T386E
UNIPROT:P11712:T386D
UNIPROT:P11712:T386R
UNIPROT:P11712:T386Q
UNIPROT:P11712:T386M
UNIPROT:P11712:T386L
UNIPROT:P11712:R335T
UNIPROT:P11712:T386Y
UNIPROT:P11712:R335S
UNIPROT:P11712:T386W
UNIPROT:P11712:T386V
UNIPROT:P11712:R335V
UNIPROT:P11712:I387D
UNIPROT:P11712:I387E
UNIPROT:P11712:I387F
UNIPROT:P11712:I387G
UNIPROT:P11712:R335A
UNIPROT:P11712:I387A
UNIPROT:P11712:I387C
UNIPROT:P11712:I387P
UNIPROT:P11712:I387Q
UNIPROT:P11712:I387S
UNIPROT:P11712:R335C
UNIPROT:P11712:R335I
UNIPROT:P11712:R335F
UNIPROT:P11712:R333V
UNIPROT:P11712:R333N
UNIPROT:P11712:R333M
UNIPROT:P11712:R333L
UNIPROT:P11712:R333C
UNIPROT:P11712:R333A
UNIPROT:P11712:P63V
UNIPROT:P11712:P63Y
UNIPROT:P11712:P63Q
UNIPROT:P11712:P63K
UNIPROT:P11712:P63M
UNIPROT:P11712:P63G
UNIPROT:P11712:P63I
UNIPROT:P11712:P63C
UNIPROT:P11712:P63D
UNIPROT:P11712:P63E
UNIPROT:P11712:I123Y
UNIPROT:P11712:I123C
UNIPROT:P11712:I389G
UNIPROT:P11712:I389H
UNIPROT:P11712:I123A
UNIPROT:P11712:I123G
UNIPROT:P11712:I389C
UNIPROT:P11712:I389D
UNIPROT:P11712:I123E
UNIPROT:P11712:I389E
UNIPROT:P11712:I123D
UNIPROT:P11712:I389A
UNIPROT:P11712:I389W
UNIPROT:P11712:I123R
UNIPROT:P11712:I123Q
UNIPROT:P11712:I389Y
UNIPROT:P11712:I123P
UNIPROT:P11712:I389R
UNIPROT:P11712:I123K
UNIPROT:P11712:I389P
UNIPROT:P11712:I123H
UNIPROT:P11712:I389K
UNIPROT:P11712:P73V
UNIPROT:P11712:P73N
UNIPROT:P11712:V292C
UNIPROT:P11712:E300R
UNIPROT:P11712:E300S
UNIPROT:P11712:E300T
UNIPROT:P11712:E300M
UNIPROT:P11712:E300N
UNIPROT:P11712:E300P
UNIPROT:P11712:E300W
UNIPROT:P11712:E300C
UNIPROT:P11712:E300I
UNIPROT:P11712:E300L
UNIPROT:P11712:E300F
UNIPROT:P11712:E300H
UNIPROT:P11712:L245G
UNIPROT:P11712:L245Q
UNIPROT:P11712:V292E
UNIPROT:P11712:V292K
UNIPROT:P11712:V292H
UNIPROT:P11712:V292N
UNIPROT:P11712:M443D
UNIPROT:P11712:V292M
UNIPROT:P11712:V292S
UNIPROT:P11712:V292R
UNIPROT:P11712:V292Q
UNIPROT:P11712:V292P
UNIPROT:P11712:V292W
UNIPROT:P11712:V292T
UNIPROT:P11712:M443E
UNIPROT:P11712:V292Y
UNIPROT:P11712:M443G
UNIPROT:P11712:M443Q
UNIPROT:P11712:M443S
UNIPROT:P11712:M443N
UNIPROT:P11712:P427G
UNIPROT:P11712:P427E
UNIPROT:P11712:P427D
UNIPROT:P11712:P427C
UNIPROT:P11712:H411V
UNIPROT:P11712:H411K
UNIPROT:P11712:P427W
UNIPROT:P11712:P427V
UNIPROT:P11712:H411G
UNIPROT:P11712:H411E
UNIPROT:P11712:H411F
UNIPROT:P11712:P427Q
UNIPROT:P11712:P427N
UNIPROT:P11712:P427M
UNIPROT:P11712:P427I
UNIPROT:P11712:P427Y
UNIPROT:P11712:H410V
UNIPROT:P11712:H410W
UNIPROT:P11712:H410T
UNIPROT:P11712:H410K
UNIPROT:P11712:H410G
UNIPROT:P11712:H410E
UNIPROT:P11712:H410C
UNIPROT:P11712:H410A
UNIPROT:P11712:D360R
UNIPROT:P11712:D360S
UNIPROT:P11712:D360P
UNIPROT:P11712:C164L
UNIPROT:P11712:C164V
UNIPROT:P11712:C164T
UNIPROT:P11712:C164A
UNIPROT:P11712:C164H
UNIPROT:P11712:C164D
UNIPROT:P11712:R307A
UNIPROT:P11712:I359E
UNIPROT:P11712:R307F
UNIPROT:P11712:R307E
UNIPROT:P11712:I359G
UNIPROT:P11712:I359H
UNIPROT:P11712:R307C
UNIPROT:P11712:I359A
UNIPROT:P11712:I359C
UNIPROT:P11712:I359D
UNIPROT:P11712:R307Q
UNIPROT:P11712:R307P
UNIPROT:P11712:R307V
UNIPROT:P11712:I359Q
UNIPROT:P11712:I359R
UNIPROT:P11712:R307M
UNIPROT:P11712:R307L
UNIPROT:P11712:I359P
UNIPROT:P11712:K72P
UNIPROT:P11712:K72V
UNIPROT:P11712:K72S
UNIPROT:P11712:K72G
UNIPROT:P11712:K72H
UNIPROT:P11712:K72M
UNIPROT:P11712:K72L
UNIPROT:P11712:K72A
UNIPROT:P11712:K72F
UNIPROT:P11712:K72C
UNIPROT:P11712:I223E
UNIPROT:P11712:I223G
UNIPROT:P11712:I223A
UNIPROT:P11712:I223C
UNIPROT:P11712:I223R
UNIPROT:P11712:I223P
UNIPROT:P11712:R433Y
UNIPROT:P11712:R433D
UNIPROT:P11712:R433A
UNIPROT:P11712:R433H
UNIPROT:P11712:M406A
UNIPROT:P11712:M406C
UNIPROT:P11712:M406H
UNIPROT:P11712:M406E
UNIPROT:P11712:M406D
UNIPROT:P11712:M406G
UNIPROT:P11712:M406F
UNIPROT:P11712:M406Q
UNIPROT:P11712:M406P
UNIPROT:P11712:M406S
UNIPROT:P11712:M406N
UNIPROT:P11712:M406Y
UNIPROT:P11712:M406W
UNIPROT:P11712:L208T
UNIPROT:P11712:L208Q
UNIPROT:P11712:L208R
UNIPROT:P11712:L208P
UNIPROT:P11712:L208Y
UNIPROT:P11712:L208D
UNIPROT:P11712:L208A
UNIPROT:P11712:L208K
UNIPROT:P11712:L208G
UNIPROT:P11712:L208E
UNIPROT:P11712:P166N
UNIPROT:P11712:P166M
UNIPROT:P11712:P166F
UNIPROT:P11712:P166G
UNIPROT:P11712:P166D
UNIPROT:P11712:P166Q
UNIPROT:P11712:I488G
UNIPROT:P11712:I222D
UNIPROT:P11712:K138A
UNIPROT:P11712:I222E
UNIPROT:P11712:P163Y
UNIPROT:P11712:I222G
UNIPROT:P11712:I222A
UNIPROT:P11712:I488E
UNIPROT:P11712:I488D
UNIPROT:P11712:K138I
UNIPROT:P11712:K138H
UNIPROT:P11712:I488A
UNIPROT:P11712:P163Q
UNIPROT:P11712:K138G
UNIPROT:P11712:K138F
UNIPROT:P11712:K138D
UNIPROT:P11712:K138C
UNIPROT:P11712:K138P
UNIPROT:P11712:I488Y
UNIPROT:P11712:I222W
UNIPROT:P11712:I222P
UNIPROT:P11712:I488R
UNIPROT:P11712:I222Q
UNIPROT:P11712:K138L
UNIPROT:P11712:I222R
UNIPROT:P11712:K138Y
UNIPROT:P11712:I488Q
UNIPROT:P11712:K138W
UNIPROT:P11712:I488P
UNIPROT:P11712:K138V
UNIPROT:P11712:I222H
UNIPROT:P11712:K138S
UNIPROT:P11712:I222K
UNIPROT:P11712:A477R
UNIPROT:P11712:A477N
UNIPROT:P11712:P163I
UNIPROT:P11712:P163G
UNIPROT:P11712:P163E
UNIPROT:P11712:A477M
UNIPROT:P11712:T348G
UNIPROT:P11712:T348E
UNIPROT:P11712:T348N
UNIPROT:P11712:T348L
UNIPROT:P11712:T348Y
UNIPROT:P11712:T348W
UNIPROT:P11712:T348V
UNIPROT:P11712:F94W
UNIPROT:P11712:F94T
UNIPROT:P11712:F94R
UNIPROT:P11712:D463C
UNIPROT:P11712:F94H
UNIPROT:P11712:F94G
UNIPROT:P11712:F94E
UNIPROT:P11712:C266P
UNIPROT:P11712:F94D
UNIPROT:P11712:F94Q
UNIPROT:P11712:D463K
UNIPROT:P11712:F94N
UNIPROT:P11712:D463F
UNIPROT:P11712:F94M
UNIPROT:P11712:C266V
UNIPROT:P11712:D463R
UNIPROT:P11712:C266E
UNIPROT:P11712:D463S
UNIPROT:P11712:C266D
UNIPROT:P11712:D463P
UNIPROT:P11712:D463Q
UNIPROT:P11712:C266A
UNIPROT:P11712:D463L
UNIPROT:P11712:D463M
UNIPROT:P11712:F94A
UNIPROT:P11712:C266L
UNIPROT:P11712:C266K
UNIPROT:P11712:C266I
UNIPROT:P11712:D463T
UNIPROT:P11712:K275A
UNIPROT:P11712:K275C
UNIPROT:P11712:K275L
UNIPROT:P11712:K275P
UNIPROT:P11712:K275S
UNIPROT:P11712:K275G
UNIPROT:P11712:K275H
UNIPROT:P11712:K275I
UNIPROT:P11712:K275V
UNIPROT:P11712:Y379G
UNIPROT:P11712:Y379E
UNIPROT:P11712:Y379A
UNIPROT:P11712:E400R
UNIPROT:P11712:E400S
UNIPROT:P11712:D468F
UNIPROT:P11712:D468C
UNIPROT:P11712:D468P
UNIPROT:P11712:D468M
UNIPROT:P11712:D468L
UNIPROT:P11712:D468W
UNIPROT:P11712:Y243E
UNIPROT:P11712:D468S
UNIPROT:P11712:D468T
UNIPROT:P11712:D468Q
UNIPROT:P11712:D468R
UNIPROT:P11712:Y243A
UNIPROT:P11712:E400I
UNIPROT:P11712:Y243T
UNIPROT:P11712:Y243V
UNIPROT:P11712:Y243P
UNIPROT:P11712:Y243R
UNIPROT:P11712:Y243Q
UNIPROT:P11712:Y243L
UNIPROT:P11712:Y243K
UNIPROT:P11712:Y243M
UNIPROT:P11712:Y243G
UNIPROT:P11712:Y243I
UNIPROT:P11712:S286W
UNIPROT:P11712:S286V
UNIPROT:P11712:S286Y
UNIPROT:P11712:S286M
UNIPROT:P11712:S286L
UNIPROT:P11712:S286Q
UNIPROT:P11712:S286P
UNIPROT:P11712:Y243W
UNIPROT:P11712:S286E
UNIPROT:P11712:S286D
UNIPROT:P11712:S286F
UNIPROT:P11712:S286H
UNIPROT:P11712:S286K
UNIPROT:P11712:K270P
UNIPROT:P11712:S286A
UNIPROT:P11712:K270S
UNIPROT:P11712:K270V
UNIPROT:P11712:N259W
UNIPROT:P11712:N259G
UNIPROT:P11712:N259M
UNIPROT:P11712:N259L
UNIPROT:P11712:N259Q
UNIPROT:P11712:N259R
UNIPROT:P11712:N259P
UNIPROT:P11712:V76Y
UNIPROT:P11712:N259V
UNIPROT:P11712:V76W
UNIPROT:P11712:V76T
UNIPROT:P11712:N258V
UNIPROT:P11712:V76S
UNIPROT:P11712:N258W
UNIPROT:P11712:V76R
UNIPROT:P11712:V76Q
UNIPROT:P11712:V76P
UNIPROT:P11712:V76N
UNIPROT:P11712:N259A
UNIPROT:P11712:V76K
UNIPROT:P11712:N259E
UNIPROT:P11712:V76I
UNIPROT:P11712:N259F
UNIPROT:P11712:V76H
UNIPROT:P11712:N259C
UNIPROT:P11712:V76F
UNIPROT:P11712:Y379W
UNIPROT:P11712:F376A
UNIPROT:P11712:Y379V
UNIPROT:P11712:Y379T
UNIPROT:P11712:V394R
UNIPROT:P11712:Y379Q
UNIPROT:P11712:F376E
UNIPROT:P11712:V394Q
UNIPROT:P11712:Y379R
UNIPROT:P11712:F110A
UNIPROT:P11712:V394P
UNIPROT:P11712:Y379P
UNIPROT:P11712:Y379M
UNIPROT:P11712:F110E
UNIPROT:P11712:V394T
UNIPROT:P11712:F376G
UNIPROT:P11712:V394S
UNIPROT:P11712:Y379L
UNIPROT:P11712:F110G
UNIPROT:P11712:F376M
UNIPROT:P11712:V394Y
UNIPROT:P11712:F376K
UNIPROT:P11712:K273L
UNIPROT:P11712:F110N
UNIPROT:P11712:F376R
UNIPROT:P11712:F110M
UNIPROT:P11712:K273P
UNIPROT:P11712:F376P
UNIPROT:P11712:F110R
UNIPROT:P11712:F110Q
UNIPROT:P11712:F110T
UNIPROT:P11712:F376T
UNIPROT:P11712:K273G
UNIPROT:P11712:F376W
UNIPROT:P11712:G442K
UNIPROT:P11712:G442L
UNIPROT:P11712:G442M
UNIPROT:P11712:G442N
UNIPROT:P11712:G442P
UNIPROT:P11712:G442Q
UNIPROT:P11712:K273S
UNIPROT:P11712:G442T
UNIPROT:P11712:K273V
UNIPROT:P11712:G442W
UNIPROT:P11712:K273W
UNIPROT:P11712:G442Y
UNIPROT:P11712:G442E
UNIPROT:P11712:G442F
UNIPROT:P11712:V394F
UNIPROT:P11712:G442H
UNIPROT:P11712:S280V
UNIPROT:P11712:S280Q
UNIPROT:P11712:S280R
UNIPROT:P11712:S280G
UNIPROT:P11712:K72Y
UNIPROT:P11712:K72W
UNIPROT:P11712:S280K
UNIPROT:P11712:S280M
UNIPROT:P11712:S280L
UNIPROT:P11712:V76D
UNIPROT:P11712:V76C
UNIPROT:P11712:N258G
UNIPROT:P11712:N258L
UNIPROT:P11712:N258M
UNIPROT:P11712:S280E
UNIPROT:P11712:F114D
UNIPROT:P11712:S280D
UNIPROT:P11712:N258P
UNIPROT:P11712:N258Q
UNIPROT:P11712:F114E
UNIPROT:P11712:F114H
UNIPROT:P11712:F114G
UNIPROT:P11712:V75Y
UNIPROT:P11712:N258R
UNIPROT:P11712:F114K
UNIPROT:P11712:F114P
UNIPROT:P11712:V75R
UNIPROT:P11712:F114R
UNIPROT:P11712:F114Q
UNIPROT:P11712:F114T
UNIPROT:P11712:V75N
UNIPROT:P11712:N258A
UNIPROT:P11712:F114W
UNIPROT:P11712:V75H
UNIPROT:P11712:N258E
UNIPROT:P11712:N258C
UNIPROT:P11712:V75D
UNIPROT:P11712:R307W
UNIPROT:P11712:K270G
UNIPROT:P11712:K270L
UNIPROT:P11712:K270A
UNIPROT:P11712:K270D
UNIPROT:P11712:K270F
UNIPROT:P11712:M198W
UNIPROT:P11712:M198Y
UNIPROT:P11712:M198S
UNIPROT:P11712:W212A
UNIPROT:P11712:W212D
UNIPROT:P11712:W212F
UNIPROT:P11712:W212E
UNIPROT:P11712:L90W
UNIPROT:P11712:L90T
UNIPROT:P11712:L90Y
UNIPROT:P11712:V145M
UNIPROT:P11712:V145N
UNIPROT:P11712:V145K
UNIPROT:P11712:V145Q
UNIPROT:P11712:V145R
UNIPROT:P11712:L90S
UNIPROT:P11712:V145P
UNIPROT:P11712:L90Q
UNIPROT:P11712:L90G
UNIPROT:P11712:V145S
UNIPROT:P11712:M198A
UNIPROT:P11712:V145T
UNIPROT:P11712:L90E
UNIPROT:P11712:V145Y
UNIPROT:P11712:V145W
UNIPROT:P11712:M198F
UNIPROT:P11712:M198G
UNIPROT:P11712:M198H
UNIPROT:P11712:M198C
UNIPROT:P11712:M198E
UNIPROT:P11712:M198N
UNIPROT:P11712:M198P
UNIPROT:P11712:M198Q
UNIPROT:P11712:N133E
UNIPROT:P11712:N133C
UNIPROT:P11712:N133F
UNIPROT:P11712:N133G
UNIPROT:P11712:N133L
UNIPROT:P11712:N133M
UNIPROT:P11712:N133P
UNIPROT:P11712:N133Q
UNIPROT:P11712:N398V
UNIPROT:P11712:N398W
UNIPROT:P11712:N133A
UNIPROT:P11712:N398F
UNIPROT:P11712:N398E
UNIPROT:P11712:N398C
UNIPROT:P11712:N398G
UNIPROT:P11712:N398M
UNIPROT:P11712:N398L
UNIPROT:P11712:N398R
UNIPROT:P11712:N398Q
UNIPROT:P11712:N398P
UNIPROT:P11712:W212K
UNIPROT:P11712:W212M
UNIPROT:P11712:W212P
UNIPROT:P11712:W212Q
UNIPROT:P11712:W212T
UNIPROT:P11712:W212V
UNIPROT:P11712:N398A
UNIPROT:P11712:A350Y
UNIPROT:P11712:A350N
UNIPROT:P11712:A350M
UNIPROT:P11712:A350L
UNIPROT:P11712:A350R
UNIPROT:P11712:A350Q
UNIPROT:P11712:A350F
UNIPROT:P11712:A350E
UNIPROT:P11712:A350K
UNIPROT:P11712:A350H
UNIPROT:P11712:A350C
UNIPROT:P11712:T364C
UNIPROT:P11712:T364K
UNIPROT:P11712:T364G
UNIPROT:P11712:T364F
UNIPROT:P11712:T364E
UNIPROT:P11712:T364D
UNIPROT:P11712:T364R
UNIPROT:P11712:T364Q
UNIPROT:P11712:T364M
UNIPROT:P11712:T364L
UNIPROT:P11712:T364W
UNIPROT:P11712:T364V
UNIPROT:P11712:P174G
UNIPROT:P11712:P174E
UNIPROT:P11712:P174F
UNIPROT:P11712:P174D
UNIPROT:P11712:P174W
UNIPROT:P11712:P174V
UNIPROT:P11712:P174Q
UNIPROT:P11712:P174M
UNIPROT:P11712:P174N
UNIPROT:P11712:K158G
UNIPROT:P11712:K158C
UNIPROT:P11712:D341C
UNIPROT:P11712:D341Q
UNIPROT:P11712:D341R
UNIPROT:P11712:K158L
UNIPROT:P11712:D341M
UNIPROT:P11712:D341K
UNIPROT:P11712:D341L
UNIPROT:P11712:K158W
UNIPROT:P11712:K158V
UNIPROT:P11712:K158S
UNIPROT:P11712:D341S
UNIPROT:P11712:D341T
UNIPROT:P11712:P409G
UNIPROT:P11712:P409F
UNIPROT:P11712:P409E
UNIPROT:P11712:P409D
UNIPROT:P11712:T229K
UNIPROT:P11712:T229G
UNIPROT:P11712:P409V
UNIPROT:P11712:T229F
UNIPROT:P11712:T229E
UNIPROT:P11712:T229D
UNIPROT:P11712:T229R
UNIPROT:P11712:T229Q
UNIPROT:P11712:P409N
UNIPROT:P11712:T229M
UNIPROT:P11712:T229L
UNIPROT:P11712:T229W
UNIPROT:P11712:T229V
UNIPROT:P11712:L485K
UNIPROT:P11712:L485I
UNIPROT:P11712:L485H
UNIPROT:P11712:L485G
UNIPROT:P11712:L485F
UNIPROT:P11712:L485E
UNIPROT:P11712:L485D
UNIPROT:P11712:L485S
UNIPROT:P11712:L485C
UNIPROT:P11712:L485A
UNIPROT:P11712:L485Y
UNIPROT:P11712:L485T
UNIPROT:P11712:P404Y
UNIPROT:P11712:P402Y
UNIPROT:P11712:P402V
UNIPROT:P11712:P404F
UNIPROT:P11712:P404E
UNIPROT:P11712:P404D
UNIPROT:P11712:P404V
UNIPROT:P11712:V64S
UNIPROT:P11712:V64R
UNIPROT:P11712:P404N
UNIPROT:P11712:P404K
UNIPROT:P11712:V64I
UNIPROT:P11712:P404H
UNIPROT:P11712:V64F
UNIPROT:P11712:P404G
UNIPROT:P11712:S162Y
UNIPROT:P11712:S162Q
UNIPROT:P11712:S162R
UNIPROT:P11712:S162V
UNIPROT:P11712:S162W
UNIPROT:P11712:S162I
UNIPROT:P11712:S162K
UNIPROT:P11712:S162M
UNIPROT:P11712:S162N
UNIPROT:P11712:P402C
UNIPROT:P11712:S162D
UNIPROT:P11712:S162E
UNIPROT:P11712:S162G
UNIPROT:P11712:P402Q
UNIPROT:P11712:P402K
UNIPROT:P11712:P402I
UNIPROT:P11712:P402G
UNIPROT:P11712:P402F
UNIPROT:P11712:P402E
UNIPROT:P11712:V60Y
UNIPROT:P11712:V60S
UNIPROT:P11712:V60R
UNIPROT:P11712:V60P
UNIPROT:P11712:N133R
UNIPROT:P11712:V60K
UNIPROT:P11712:N133V
UNIPROT:P11712:V60H
UNIPROT:P11712:V60E
UNIPROT:P11712:F126A
UNIPROT:P11712:F126E
UNIPROT:P11712:F126G
UNIPROT:P11712:F126H
UNIPROT:P11712:F126K
UNIPROT:P11712:F126M
UNIPROT:P11712:F126N
UNIPROT:P11712:F126Q
UNIPROT:P11712:F126P
UNIPROT:P11712:F126R
UNIPROT:P11712:F126T
UNIPROT:P11712:V145E
UNIPROT:P11712:F126W
UNIPROT:P11712:V145C
UNIPROT:P11712:V145H
Total 4196 SNP(s) are not found.
