UNIPROT:Q9BQB6:F150M
UNIPROT:Q9BQB6:S3L
UNIPROT:Q9BQB6:S3S
UNIPROT:Q9BQB6:F150N
UNIPROT:Q9BQB6:S74W
UNIPROT:Q9BQB6:F150P
UNIPROT:Q9BQB6:S74V
UNIPROT:Q9BQB6:S3P
UNIPROT:Q9BQB6:S3W
UNIPROT:Q9BQB6:S3V
UNIPROT:Q9BQB6:F150F
UNIPROT:Q9BQB6:W101M
UNIPROT:Q9BQB6:R53I
UNIPROT:Q9BQB6:S50F
UNIPROT:Q9BQB6:N142F
UNIPROT:Q9BQB6:N142L
UNIPROT:Q9BQB6:S74D
UNIPROT:Q9BQB6:S74Q
UNIPROT:Q9BQB6:S74S
UNIPROT:Q9BQB6:R53M
UNIPROT:Q9BQB6:R40V
UNIPROT:Q9BQB6:R40W
UNIPROT:Q9BQB6:R40T
UNIPROT:Q9BQB6:S50A
UNIPROT:Q9BQB6:R40I
UNIPROT:Q9BQB6:W101D
UNIPROT:Q9BQB6:W101E
UNIPROT:Q9BQB6:R40D
UNIPROT:Q9BQB6:W101F
UNIPROT:Q9BQB6:I82G
UNIPROT:Q9BQB6:C16I
UNIPROT:Q9BQB6:I82H
UNIPROT:Q9BQB6:I82I
UNIPROT:Q9BQB6:F55G
UNIPROT:Q9BQB6:Y39G
UNIPROT:Q9BQB6:Y39E
UNIPROT:Q9BQB6:Q78Y
UNIPROT:Q9BQB6:Y39R
UNIPROT:Q9BQB6:Y39Q
UNIPROT:Q9BQB6:W147K
UNIPROT:Q9BQB6:A102E
UNIPROT:Q9BQB6:F55T
UNIPROT:Q9BQB6:Q78G
UNIPROT:Q9BQB6:W147Y
UNIPROT:Q9BQB6:A102I
UNIPROT:Q9BQB6:C16P
UNIPROT:Q9BQB6:Q78S
UNIPROT:Q9BQB6:A102F
UNIPROT:Q9BQB6:Q78T
UNIPROT:Q9BQB6:A102L
UNIPROT:Q9BQB6:I82C
UNIPROT:Q9BQB6:G64L
UNIPROT:Q9BQB6:C16M
UNIPROT:Q9BQB6:A102M
UNIPROT:Q9BQB6:A102K
UNIPROT:Q9BQB6:W122P
UNIPROT:Q9BQB6:R98V
UNIPROT:Q9BQB6:G158G
UNIPROT:Q9BQB6:G158F
UNIPROT:Q9BQB6:V143V
UNIPROT:Q9BQB6:W122H
UNIPROT:Q9BQB6:W122M
UNIPROT:Q9BQB6:V143P
UNIPROT:Q9BQB6:S7A
UNIPROT:Q9BQB6:G158L
UNIPROT:Q9BQB6:R98E
UNIPROT:Q9BQB6:G158K
UNIPROT:Q9BQB6:W147F
UNIPROT:Q9BQB6:V143R
UNIPROT:Q9BQB6:W147H
UNIPROT:Q9BQB6:V143S
UNIPROT:Q9BQB6:W122V
UNIPROT:Q9BQB6:D36Q
UNIPROT:Q9BQB6:R98S
UNIPROT:Q9BQB6:R98T
UNIPROT:Q9BQB6:G158T
UNIPROT:Q9BQB6:R98N
UNIPROT:Q9BQB6:S7L
UNIPROT:Q9BQB6:S7S
UNIPROT:Q9BQB6:I136A
UNIPROT:Q9BQB6:S7Y
UNIPROT:Q9BQB6:S79G
UNIPROT:Q9BQB6:R58D
UNIPROT:Q9BQB6:I136I
UNIPROT:Q9BQB6:I136G
UNIPROT:Q9BQB6:T99N
UNIPROT:Q9BQB6:I136K
UNIPROT:Q9BQB6:T99T
UNIPROT:Q9BQB6:Y119E
UNIPROT:Q9BQB6:Y119G
UNIPROT:Q9BQB6:A115R
UNIPROT:Q9BQB6:I75K
UNIPROT:Q9BQB6:L90G
UNIPROT:Q9BQB6:Y119R
UNIPROT:Q9BQB6:A115W
UNIPROT:Q9BQB6:I75P
UNIPROT:Q9BQB6:I75W
UNIPROT:Q9BQB6:L90T
UNIPROT:Q9BQB6:A115F
UNIPROT:Q9BQB6:I123K
UNIPROT:Q9BQB6:A115E
UNIPROT:Q9BQB6:L90A
UNIPROT:Q9BQB6:A115K
UNIPROT:Q9BQB6:I75G
UNIPROT:Q9BQB6:I123R
UNIPROT:Q9BQB6:A115L
UNIPROT:Q9BQB6:L90D
UNIPROT:Q9BQB6:I86R
UNIPROT:Q9BQB6:V134R
UNIPROT:Q9BQB6:S52I
UNIPROT:Q9BQB6:V134S
UNIPROT:Q9BQB6:V134P
UNIPROT:Q9BQB6:S52K
UNIPROT:Q9BQB6:S52D
UNIPROT:Q9BQB6:S52F
UNIPROT:Q9BQB6:V134K
UNIPROT:Q9BQB6:I86I
UNIPROT:Q9BQB6:F150R
UNIPROT:Q9BQB6:H163G
UNIPROT:Q9BQB6:A140M
UNIPROT:Q9BQB6:A140R
UNIPROT:Q9BQB6:V104V
UNIPROT:Q9BQB6:V104Y
UNIPROT:Q9BQB6:V104N
UNIPROT:Q9BQB6:A140A
UNIPROT:Q9BQB6:R37Y
UNIPROT:Q9BQB6:R37T
UNIPROT:Q9BQB6:A140E
UNIPROT:Q9BQB6:V118K
UNIPROT:Q9BQB6:L94P
UNIPROT:Q9BQB6:R12M
UNIPROT:Q9BQB6:S57L
UNIPROT:Q9BQB6:S57V
UNIPROT:Q9BQB6:L70A
UNIPROT:Q9BQB6:S57Q
UNIPROT:Q9BQB6:V127F
UNIPROT:Q9BQB6:L107D
UNIPROT:Q9BQB6:L107A
UNIPROT:Q9BQB6:C135E
UNIPROT:Q9BQB6:R12D
UNIPROT:Q9BQB6:C135A
UNIPROT:Q9BQB6:P8C
UNIPROT:Q9BQB6:R12A
UNIPROT:Q9BQB6:S56L
UNIPROT:Q9BQB6:P8K
UNIPROT:Q9BQB6:C135V
UNIPROT:Q9BQB6:T89L
UNIPROT:Q9BQB6:P8N
UNIPROT:Q9BQB6:C135N
UNIPROT:Q9BQB6:L107H
UNIPROT:Q9BQB6:S56S
UNIPROT:Q9BQB6:C135L
UNIPROT:Q9BQB6:H68S
UNIPROT:Q9BQB6:H68T
UNIPROT:Q9BQB6:T89G
UNIPROT:Q9BQB6:R58I
UNIPROT:Q9BQB6:R58L
UNIPROT:Q9BQB6:H68G
UNIPROT:Q9BQB6:L92A
UNIPROT:Q9BQB6:L92G
UNIPROT:Q9BQB6:I133R
UNIPROT:Q9BQB6:L108I
UNIPROT:Q9BQB6:H68K
UNIPROT:Q9BQB6:L108L
UNIPROT:Q9BQB6:L108K
UNIPROT:Q9BQB6:L92F
UNIPROT:Q9BQB6:S79S
UNIPROT:Q9BQB6:R151R
UNIPROT:Q9BQB6:V66D
UNIPROT:Q9BQB6:R151T
UNIPROT:Q9BQB6:T47Q
UNIPROT:Q9BQB6:L105G
UNIPROT:Q9BQB6:L105I
UNIPROT:Q9BQB6:K159V
UNIPROT:Q9BQB6:R162I
UNIPROT:Q9BQB6:N80M
UNIPROT:Q9BQB6:N80L
UNIPROT:Q9BQB6:N80P
UNIPROT:Q9BQB6:K159L
UNIPROT:Q9BQB6:N80R
UNIPROT:Q9BQB6:K159I
UNIPROT:Q9BQB6:T47C
UNIPROT:Q9BQB6:K159G
UNIPROT:Q9BQB6:L105Y
UNIPROT:Q9BQB6:N80W
UNIPROT:Q9BQB6:T47F
UNIPROT:Q9BQB6:K159F
UNIPROT:Q9BQB6:K159C
UNIPROT:Q9BQB6:N80E
UNIPROT:Q9BQB6:N80G
UNIPROT:Q9BQB6:R151D
UNIPROT:Q9BQB6:T138L
UNIPROT:Q9BQB6:I141R
UNIPROT:Q9BQB6:T138F
UNIPROT:Q9BQB6:I141Y
UNIPROT:Q9BQB6:S110H
UNIPROT:Q9BQB6:L97A
UNIPROT:Q9BQB6:L97D
UNIPROT:Q9BQB6:T137R
UNIPROT:Q9BQB6:V118T
UNIPROT:Q9BQB6:L97L
UNIPROT:Q9BQB6:V118R
UNIPROT:Q9BQB6:A121M
UNIPROT:Q9BQB6:T137L
UNIPROT:Q9BQB6:A121Y
UNIPROT:Q9BQB6:I141D
UNIPROT:Q9BQB6:L128T
UNIPROT:Q9BQB6:S144L
UNIPROT:Q9BQB6:I141H
UNIPROT:Q9BQB6:A121E
UNIPROT:Q9BQB6:I141I
UNIPROT:Q9BQB6:I141P
UNIPROT:Q9BQB6:A121I
UNIPROT:Q9BQB6:V21Y
UNIPROT:Q9BQB6:L148Y
UNIPROT:Q9BQB6:C85V
UNIPROT:Q9BQB6:L124S
UNIPROT:Q9BQB6:C85T
UNIPROT:Q9BQB6:V21I
UNIPROT:Q9BQB6:V45V
UNIPROT:Q9BQB6:V45S
UNIPROT:Q9BQB6:V69C
UNIPROT:Q9BQB6:L42S
UNIPROT:Q9BQB6:V69I
UNIPROT:Q9BQB6:M106F
UNIPROT:Q9BQB6:C96V
UNIPROT:Q9BQB6:V69F
UNIPROT:Q9BQB6:M106A
UNIPROT:Q9BQB6:L42A
UNIPROT:Q9BQB6:A31Q
UNIPROT:Q9BQB6:L114M
UNIPROT:Q9BQB6:L114L
UNIPROT:Q9BQB6:S110N
UNIPROT:Q9BQB6:T138V
UNIPROT:Q9BQB6:M106C
UNIPROT:Q9BQB6:C85L
UNIPROT:Q9BQB6:C85M
UNIPROT:Q9BQB6:T138T
UNIPROT:Q9BQB6:S110R
UNIPROT:Q9BQB6:C85K
UNIPROT:Q9BQB6:T138R
UNIPROT:Q9BQB6:L114G
UNIPROT:Q9BQB6:C85D
UNIPROT:Q9BQB6:L65S
UNIPROT:Q9BQB6:L65T
UNIPROT:Q9BQB6:S149P
UNIPROT:Q9BQB6:C96P
UNIPROT:Q9BQB6:L111K
UNIPROT:Q9BQB6:L111E
UNIPROT:Q9BQB6:L111A
UNIPROT:Q9BQB6:L65N
UNIPROT:Q9BQB6:L111D
UNIPROT:Q9BQB6:L111C
UNIPROT:Q9BQB6:L76Q
UNIPROT:Q9BQB6:L148D
UNIPROT:Q9BQB6:L111Y
UNIPROT:Q9BQB6:V54Y
UNIPROT:Q9BQB6:L76T
UNIPROT:Q9BQB6:L76Y
UNIPROT:Q9BQB6:Q154C
UNIPROT:Q9BQB6:S149K
UNIPROT:Q9BQB6:L111T
UNIPROT:Q9BQB6:Q154F
UNIPROT:Q9BQB6:L111S
UNIPROT:Q9BQB6:L148S
UNIPROT:Q9BQB6:L124L
UNIPROT:Q9BQB6:I49H
UNIPROT:Q9BQB6:A41L
UNIPROT:Q9BQB6:L76D
UNIPROT:Q9BQB6:L124H
UNIPROT:Q9BQB6:V54W
UNIPROT:Q9BQB6:L124G
UNIPROT:Q9BQB6:L148L
UNIPROT:Q9BQB6:L76G
UNIPROT:Q9BQB6:L148E
UNIPROT:Q9BQB6:L76K
UNIPROT:Q9BQB6:V54R
UNIPROT:Q9BQB6:L76L
UNIPROT:Q9BQB6:A160H
UNIPROT:Q9BQB6:L145A
UNIPROT:Q9BQB6:A160L
UNIPROT:Q9BQB6:W59A
UNIPROT:Q9BQB6:A48A
UNIPROT:Q9BQB6:N77V
UNIPROT:Q9BQB6:K152G
UNIPROT:Q9BQB6:A160Q
UNIPROT:Q9BQB6:L120S
UNIPROT:Q9BQB6:W59I
UNIPROT:Q9BQB6:A160R
UNIPROT:Q9BQB6:Y88W
UNIPROT:Q9BQB6:L145K
UNIPROT:Q9BQB6:R100A
UNIPROT:Q9BQB6:A48R
UNIPROT:Q9BQB6:W10M
UNIPROT:Q9BQB6:L145G
UNIPROT:Q9BQB6:N77L
UNIPROT:Q9BQB6:Q154Y
UNIPROT:Q9BQB6:W10V
UNIPROT:Q9BQB6:Y88P
UNIPROT:Q9BQB6:Q154S
UNIPROT:Q9BQB6:Y88G
UNIPROT:Q9BQB6:L145S
UNIPROT:Q9BQB6:Y88A
UNIPROT:Q9BQB6:N77A
UNIPROT:Q9BQB6:D73T
UNIPROT:Q9BQB6:L145T
UNIPROT:Q9BQB6:L22G
UNIPROT:Q9BQB6:L22L
UNIPROT:Q9BQB6:T18L
UNIPROT:Q9BQB6:C51V
UNIPROT:Q9BQB6:T18I
UNIPROT:Q9BQB6:S117R
UNIPROT:Q9BQB6:D73P
UNIPROT:Q9BQB6:D73M
UNIPROT:Q9BQB6:A34L
UNIPROT:Q9BQB6:M146Y
UNIPROT:Q9BQB6:V11T
UNIPROT:Q9BQB6:V11R
UNIPROT:Q9BQB6:D73D
UNIPROT:Q9BQB6:C132H
UNIPROT:Q9BQB6:R100N
UNIPROT:Q9BQB6:L20R
UNIPROT:Q9BQB6:C132A
UNIPROT:Q9BQB6:R100V
UNIPROT:Q9BQB6:S117K
UNIPROT:Q9BQB6:R100T
UNIPROT:Q9BQB6:S117L
UNIPROT:Q9BQB6:L120L
UNIPROT:Q9BQB6:Q157T
UNIPROT:Q9BQB6:L120N
UNIPROT:Q9BQB6:A160W
UNIPROT:Q9BQB6:C51Q
UNIPROT:Q9BQB6:C132T
UNIPROT:Q9BQB6:L120H
UNIPROT:Q9BQB6:K152Y
UNIPROT:Q9BQB6:L120G
UNIPROT:Q9BQB6:C51M
UNIPROT:Q9BQB6:C132P
UNIPROT:Q9BQB6:L20G
UNIPROT:Q9BQB6:Q157V
UNIPROT:Q9BQB6:C132L
UNIPROT:Q9BQB6:C51E
UNIPROT:Q9BQB6:Q72V
UNIPROT:Q9BQB6:L27E
UNIPROT:Q9BQB6:L15G
UNIPROT:Q9BQB6:V29V
UNIPROT:Q9BQB6:Q72G
UNIPROT:Q9BQB6:V29Q
UNIPROT:Q9BQB6:L15K
UNIPROT:Q9BQB6:V29R
UNIPROT:Q9BQB6:L15N
UNIPROT:Q9BQB6:Y139E
UNIPROT:Q9BQB6:V29H
UNIPROT:Q9BQB6:V29F
UNIPROT:Q9BQB6:V29C
UNIPROT:Q9BQB6:Y139L
UNIPROT:Q9BQB6:M146D
UNIPROT:Q9BQB6:Y139V
UNIPROT:Q9BQB6:G116I
UNIPROT:Q9BQB6:Y139R
UNIPROT:Q9BQB6:M146G
UNIPROT:Q9BQB6:G116L
UNIPROT:Q9BQB6:G116W
UNIPROT:Q9BQB6:W5I
UNIPROT:Q9BQB6:W5H
UNIPROT:Q9BQB6:L13S
UNIPROT:Q9BQB6:W5Q
UNIPROT:Q9BQB6:A26A
UNIPROT:Q9BQB6:W5P
UNIPROT:Q9BQB6:P156N
UNIPROT:Q9BQB6:G6C
UNIPROT:Q9BQB6:G6I
UNIPROT:Q9BQB6:W5V
UNIPROT:Q9BQB6:L13C
UNIPROT:Q9BQB6:F83R
UNIPROT:Q9BQB6:G6L
UNIPROT:Q9BQB6:Y129A
UNIPROT:Q9BQB6:A26R
UNIPROT:Q9BQB6:K161S
UNIPROT:Q9BQB6:Y129G
UNIPROT:Q9BQB6:A14M
UNIPROT:Q9BQB6:F131W
UNIPROT:Q9BQB6:L13L
UNIPROT:Q9BQB6:G6S
UNIPROT:Q9BQB6:A14I
UNIPROT:Q9BQB6:L13N
UNIPROT:Q9BQB6:G6Y
UNIPROT:Q9BQB6:A26K
UNIPROT:Q9BQB6:K161L
UNIPROT:Q9BQB6:L24T
UNIPROT:Q9BQB6:F131M
UNIPROT:Q9BQB6:Y129L
UNIPROT:Q9BQB6:F131Q
UNIPROT:Q9BQB6:S109K
UNIPROT:Q9BQB6:F131E
UNIPROT:Q9BQB6:F131H
UNIPROT:Q9BQB6:F131G
UNIPROT:Q9BQB6:S109P
UNIPROT:Q9BQB6:Y129V
UNIPROT:Q9BQB6:W59V
UNIPROT:Q9BQB6:L24E
UNIPROT:Q9BQB6:W59T
UNIPROT:Q9BQB6:W59Q
UNIPROT:Q9BQB6:F131A
UNIPROT:Q9BQB6:C43I
UNIPROT:Q9BQB6:L24N
UNIPROT:Q9BQB6:G62F
UNIPROT:Q9BQB6:R61R
UNIPROT:Q9BQB6:G158Y
UNIPROT:Q9BQB6:F126N
UNIPROT:Q9BQB6:F126P
UNIPROT:Q9BQB6:F126R
UNIPROT:Q9BQB6:G62Q
UNIPROT:Q9BQB6:R61N
UNIPROT:Q9BQB6:G62L
UNIPROT:Q9BQB6:R61P
UNIPROT:Q9BQB6:R61I
UNIPROT:Q9BQB6:E67H
UNIPROT:Q9BQB6:D130S
UNIPROT:Q9BQB6:D130R
UNIPROT:Q9BQB6:D130T
UNIPROT:Q9BQB6:S81Q
UNIPROT:Q9BQB6:E67C
UNIPROT:Q9BQB6:D130P
UNIPROT:Q9BQB6:D130K
UNIPROT:Q9BQB6:V153V
UNIPROT:Q9BQB6:G60Y
UNIPROT:Q9BQB6:D130L
UNIPROT:Q9BQB6:G60W
UNIPROT:Q9BQB6:D130F
UNIPROT:Q9BQB6:F125N
UNIPROT:Q9BQB6:G9L
UNIPROT:Q9BQB6:D130I
UNIPROT:Q9BQB6:G9P
UNIPROT:Q9BQB6:E67Y
UNIPROT:Q9BQB6:F125E
UNIPROT:Q9BQB6:F125D
UNIPROT:Q9BQB6:F125G
UNIPROT:Q9BQB6:V153T
UNIPROT:Q9BQB6:G9T
UNIPROT:Q9BQB6:E67R
UNIPROT:Q9BQB6:V153R
UNIPROT:Q9BQB6:G84F
UNIPROT:Q9BQB6:F87G
UNIPROT:Q9BQB6:G84E
UNIPROT:Q9BQB6:F87D
UNIPROT:Q9BQB6:G60T
UNIPROT:Q9BQB6:G84T
UNIPROT:Q9BQB6:G84Q
UNIPROT:Q9BQB6:F87R
UNIPROT:Q9BQB6:G84P
UNIPROT:Q9BQB6:F63P
UNIPROT:Q9BQB6:G60N
UNIPROT:Q9BQB6:G60M
UNIPROT:Q9BQB6:F87P
UNIPROT:Q9BQB6:G84N
UNIPROT:Q9BQB6:F63N
UNIPROT:Q9BQB6:G60L
UNIPROT:Q9BQB6:F63M
UNIPROT:Q9BQB6:G60K
UNIPROT:Q9BQB6:G84L
UNIPROT:Q9BQB6:G84K
UNIPROT:Q9BQB6:F87K
UNIPROT:Q9BQB6:L17T
UNIPROT:Q9BQB6:G71D
UNIPROT:Q9BQB6:E155E
UNIPROT:Q9BQB6:N142P
UNIPROT:Q9BQB6:L17A
UNIPROT:Q9BQB6:D44R
UNIPROT:Q9BQB6:G71P
UNIPROT:Q9BQB6:D44P
UNIPROT:Q9BQB6:G71M
UNIPROT:Q9BQB6:S3E
UNIPROT:Q9BQB6:S3D
UNIPROT:Q9BQB6:D44K
UNIPROT:Q9BQB6:G71G
UNIPROT:Q9BQB6:D44I
UNIPROT:Q9BQB6:S3H
Total 478 SNP(s) are not found.
